#
# There is insufficient memory for the Java Runtime Environment to continue.
# Native memory allocation (malloc) failed to allocate 517232 bytes for Chunk::new
# Possible reasons:
#   The system is out of physical RAM or swap space
#   The process is running with CompressedOops enabled, and the Java Heap may be blocking the growth of the native heap
# Possible solutions:
#   Reduce memory load on the system
#   Increase physical memory or swap space
#   Check if swap backing store is full
#   Decrease Java heap size (-Xmx/-Xms)
#   Decrease number of Java threads
#   Decrease Java thread stack sizes (-Xss)
#   Set larger code cache with -XX:ReservedCodeCacheSize=
#   JVM is running with Unscaled Compressed Oops mode in which the Java heap is
#     placed in the first 4GB address space. The Java Heap base address is the
#     maximum limit for the native heap growth. Please use -XX:HeapBaseMinAddress
#     to set the Java Heap base and to place the Java Heap above 4GB virtual address.
# This output file may be truncated or incomplete.
#
#  Out of Memory Error (allocation.cpp:389), pid=12156, tid=0x0000000000003b14
#
# JRE version: Java(TM) SE Runtime Environment (8.0_251-b08) (build 1.8.0_251-b08)
# Java VM: Java HotSpot(TM) 64-Bit Server VM (25.251-b08 mixed mode windows-amd64 compressed oops)
# Failed to write core dump. Minidumps are not enabled by default on client versions of Windows
#

---------------  T H R E A D  ---------------

Current thread (0x00000000170f3000):  JavaThread "C2 CompilerThread1" daemon [_thread_in_native, id=15124, stack(0x0000000018840000,0x0000000018940000)]

Stack: [0x0000000018840000,0x0000000018940000]
[error occurred during error reporting (printing stack bounds), id 0xc0000005]

Native frames: (J=compiled Java code, j=interpreted, Vv=VM code, C=native code)


Current CompileTask:
C2:  17100 3604       4       org.objectweb.asm.SymbolTable::addConstantMemberReference (147 bytes)


---------------  P R O C E S S  ---------------

Java Threads: ( => current thread )
  0x000000001ab02000 JavaThread "jar transforms Thread 30" [_thread_blocked, id=13444, stack(0x0000000022fd0000,0x00000000230d0000)]
  0x000000001ab09000 JavaThread "jar transforms Thread 29" [_thread_blocked, id=13296, stack(0x0000000022ed0000,0x0000000022fd0000)]
  0x000000001ab01800 JavaThread "jar transforms Thread 28" [_thread_blocked, id=13356, stack(0x0000000022dd0000,0x0000000022ed0000)]
  0x000000001ab06000 JavaThread "jar transforms Thread 27" [_thread_blocked, id=17844, stack(0x0000000022cd0000,0x0000000022dd0000)]
  0x000000001ab08000 JavaThread "jar transforms Thread 26" [_thread_blocked, id=19040, stack(0x0000000022bd0000,0x0000000022cd0000)]
  0x000000001ab04800 JavaThread "jar transforms Thread 25" [_thread_blocked, id=6712, stack(0x0000000022ad0000,0x0000000022bd0000)]
  0x000000001ab03800 JavaThread "jar transforms Thread 24" [_thread_blocked, id=14668, stack(0x00000000229d0000,0x0000000022ad0000)]
  0x000000001ab07800 JavaThread "jar transforms Thread 23" [_thread_blocked, id=4804, stack(0x00000000228d0000,0x00000000229d0000)]
  0x000000001ab05000 JavaThread "jar transforms Thread 22" [_thread_blocked, id=12548, stack(0x00000000227d0000,0x00000000228d0000)]
  0x000000001ab00800 JavaThread "jar transforms Thread 21" [_thread_blocked, id=17112, stack(0x00000000226d0000,0x00000000227d0000)]
  0x000000001ab06800 JavaThread "jar transforms Thread 20" [_thread_blocked, id=11488, stack(0x00000000225d0000,0x00000000226d0000)]
  0x000000001ab03000 JavaThread "jar transforms Thread 19" [_thread_blocked, id=9672, stack(0x00000000224d0000,0x00000000225d0000)]
  0x000000001ab00000 JavaThread "jar transforms Thread 18" [_thread_blocked, id=16276, stack(0x00000000223d0000,0x00000000224d0000)]
  0x000000001dc09000 JavaThread "jar transforms Thread 17" [_thread_blocked, id=8704, stack(0x00000000222d0000,0x00000000223d0000)]
  0x000000001dc07800 JavaThread "jar transforms Thread 16" [_thread_blocked, id=10452, stack(0x00000000221d0000,0x00000000222d0000)]
  0x000000001dc08000 JavaThread "jar transforms Thread 15" [_thread_blocked, id=9324, stack(0x00000000220d0000,0x00000000221d0000)]
  0x000000001dc06800 JavaThread "jar transforms Thread 14" [_thread_blocked, id=20176, stack(0x0000000021fd0000,0x00000000220d0000)]
  0x000000001dc0a800 JavaThread "jar transforms Thread 13" [_thread_blocked, id=8232, stack(0x0000000021ed0000,0x0000000021fd0000)]
  0x000000001dc06000 JavaThread "jar transforms Thread 12" [_thread_blocked, id=18036, stack(0x0000000021dd0000,0x0000000021ed0000)]
  0x000000001dc09800 JavaThread "jar transforms Thread 11" [_thread_blocked, id=14404, stack(0x0000000021cd0000,0x0000000021dd0000)]
  0x000000001dc0b000 JavaThread "jar transforms Thread 10" [_thread_blocked, id=6668, stack(0x0000000021bd0000,0x0000000021cd0000)]
  0x000000001dc0c000 JavaThread "jar transforms Thread 9" [_thread_blocked, id=18384, stack(0x00000000219d0000,0x0000000021ad0000)]
  0x000000001dc03000 JavaThread "jar transforms Thread 8" [_thread_blocked, id=1264, stack(0x00000000218d0000,0x00000000219d0000)]
  0x000000001dbfe800 JavaThread "jar transforms Thread 7" [_thread_blocked, id=11576, stack(0x00000000217d0000,0x00000000218d0000)]
  0x000000001dc05000 JavaThread "jar transforms Thread 6" [_thread_blocked, id=20072, stack(0x00000000216d0000,0x00000000217d0000)]
  0x000000001dc01800 JavaThread "jar transforms Thread 5" [_thread_blocked, id=16164, stack(0x00000000215d0000,0x00000000216d0000)]
  0x000000001dc02000 JavaThread "jar transforms Thread 4" [_thread_blocked, id=13524, stack(0x00000000214d0000,0x00000000215d0000)]
  0x000000001dbfd800 JavaThread "jar transforms Thread 3" [_thread_blocked, id=10384, stack(0x00000000213d0000,0x00000000214d0000)]
  0x000000001dc04800 JavaThread "jar transforms Thread 2" [_thread_blocked, id=19168, stack(0x00000000212d0000,0x00000000213d0000)]
  0x000000001dc03800 JavaThread "Build operations Thread 4" [_thread_blocked, id=14444, stack(0x0000000020fd0000,0x00000000210d0000)]
  0x000000001dbfd000 JavaThread "Build operations Thread 3" [_thread_blocked, id=14612, stack(0x0000000020ed0000,0x0000000020fd0000)]
  0x000000001dc00800 JavaThread "Build operations Thread 2" [_thread_blocked, id=18604, stack(0x0000000020dd0000,0x0000000020ed0000)]
  0x000000001dc00000 JavaThread "Build operations" [_thread_blocked, id=20132, stack(0x0000000020cd0000,0x0000000020dd0000)]
  0x000000001dbff000 JavaThread "Cache worker for Build Output Cleanup Cache (E:\Android_Stadio_Rep\Kotlin\Movotlin\buildSrc\.gradle\buildOutputCleanup)" [_thread_blocked, id=756, stack(0x0000000020660000,0x0000000020760000)]
  0x0000000019fb8000 JavaThread "Cache worker for file content cache (C:\Users\Omid\.gradle\caches\6.5\fileContent)" [_thread_blocked, id=17808, stack(0x00000000207d0000,0x00000000208d0000)]
  0x0000000019fb7000 JavaThread "jar transforms" [_thread_blocked, id=3328, stack(0x0000000020360000,0x0000000020460000)]
  0x0000000019fb6800 JavaThread "Cache worker for execution history cache (C:\Users\Omid\.gradle\caches\6.5\executionHistory)" [_thread_blocked, id=2948, stack(0x000000001fc60000,0x000000001fd60000)]
  0x0000000019fb4000 JavaThread "Cache worker for cache directory md-rule (C:\Users\Omid\.gradle\caches\6.5\md-rule)" [_thread_blocked, id=12132, stack(0x000000001fb60000,0x000000001fc60000)]
  0x0000000019fb3800 JavaThread "Cache worker for cache directory md-supplier (C:\Users\Omid\.gradle\caches\6.5\md-supplier)" [_thread_blocked, id=5416, stack(0x000000001e7b0000,0x000000001e8b0000)]
  0x0000000019fb5800 JavaThread "Cache worker for checksums cache (E:\Android_Stadio_Rep\Kotlin\Movotlin\.gradle\checksums)" [_thread_blocked, id=21136, stack(0x000000001e430000,0x000000001e530000)]
  0x0000000019fba000 JavaThread "Cache worker for file hash cache (E:\Android_Stadio_Rep\Kotlin\Movotlin\.gradle\6.5\fileHashes)" [_thread_blocked, id=18680, stack(0x000000001e130000,0x000000001e230000)]
  0x0000000019fb9800 JavaThread "Cache worker for file hash cache (C:\Users\Omid\.gradle\caches\6.5\fileHashes)" [_thread_blocked, id=10832, stack(0x000000001d060000,0x000000001d160000)]
  0x0000000019fb5000 JavaThread "File lock request listener" [_thread_in_native, id=9740, stack(0x000000001cf60000,0x000000001d060000)]
  0x0000000019fb8800 JavaThread "Cache worker for journal cache (C:\Users\Omid\.gradle\caches\journal-1)" [_thread_blocked, id=16812, stack(0x000000001ce60000,0x000000001cf60000)]
  0x0000000018c0d000 JavaThread "Thread-9" [_thread_blocked, id=12424, stack(0x000000001cb60000,0x000000001cc60000)]
  0x0000000018c08000 JavaThread "Stdin handler" [_thread_blocked, id=14124, stack(0x000000001ca60000,0x000000001cb60000)]
  0x000000001a9f2800 JavaThread "Asynchronous log dispatcher for DefaultDaemonConnection: socket connection from /127.0.0.1:11199 to /127.0.0.1:11200" [_thread_blocked, id=1856, stack(0x000000001c960000,0x000000001ca60000)]
  0x000000001a9ef800 JavaThread "Daemon worker" [_thread_in_Java, id=19904, stack(0x000000001c860000,0x000000001c960000)]
  0x000000001985e800 JavaThread "Cancel handler" [_thread_blocked, id=5544, stack(0x000000001c760000,0x000000001c860000)]
  0x0000000019fc1000 JavaThread "Handler for socket connection from /127.0.0.1:11199 to /127.0.0.1:11200" [_thread_in_native, id=20660, stack(0x000000001c660000,0x000000001c760000)]
  0x0000000019fbe000 JavaThread "Daemon" [_thread_blocked, id=9640, stack(0x000000001c560000,0x000000001c660000)]
  0x0000000019fbb800 JavaThread "Daemon periodic checks" [_thread_blocked, id=15468, stack(0x000000001c260000,0x000000001c360000)]
  0x000000001964d800 JavaThread "Incoming local TCP Connector on port 11199" [_thread_in_native, id=9800, stack(0x000000001c020000,0x000000001c120000)]
  0x000000001a80d800 JavaThread "Daemon health stats" [_thread_blocked, id=12844, stack(0x000000001b7e0000,0x000000001b8e0000)]
  0x0000000018a60800 JavaThread "Service Thread" daemon [_thread_blocked, id=17820, stack(0x0000000018e40000,0x0000000018f40000)]
  0x00000000170fc800 JavaThread "C1 CompilerThread2" daemon [_thread_blocked, id=14316, stack(0x0000000018940000,0x0000000018a40000)]
=>0x00000000170f3000 JavaThread "C2 CompilerThread1" daemon [_thread_in_native, id=15124, stack(0x0000000018840000,0x0000000018940000)]
  0x00000000170ec800 JavaThread "C2 CompilerThread0" daemon [_thread_blocked, id=18228, stack(0x0000000018740000,0x0000000018840000)]
  0x00000000170fa000 JavaThread "Attach Listener" daemon [_thread_blocked, id=5896, stack(0x0000000018640000,0x0000000018740000)]
  0x00000000170f7000 JavaThread "Signal Dispatcher" daemon [_thread_blocked, id=13696, stack(0x0000000018540000,0x0000000018640000)]
  0x00000000024cc800 JavaThread "Finalizer" daemon [_thread_blocked, id=9240, stack(0x0000000018340000,0x0000000018440000)]
  0x00000000170da000 JavaThread "Reference Handler" daemon [_thread_blocked, id=9764, stack(0x0000000018240000,0x0000000018340000)]
  0x000000000062e000 JavaThread "main" [_thread_blocked, id=14884, stack(0x00000000022d0000,0x00000000023d0000)]

Other Threads:
  0x00000000170b7000 VMThread [stack: 0x0000000018140000,0x0000000018240000] [id=18676]
  0x0000000017130800 WatcherThread [stack: 0x0000000018f40000,0x0000000019040000] [id=12508]

VM state:not at safepoint (normal execution)

VM Mutex/Monitor currently owned by a thread: None

heap address: 0x0000000080000000, size: 2048 MB, Compressed Oops mode: 32-bit
Narrow klass base: 0x0000000000000000, Narrow klass shift: 3
Compressed class space size: 1073741824 Address: 0x0000000100000000

Heap:
 PSYoungGen      total 123904K, used 14182K [0x00000000d5580000, 0x00000000e0f00000, 0x0000000100000000)
  eden space 113664K, 3% used [0x00000000d5580000,0x00000000d599dff8,0x00000000dc480000)
  from space 10240K, 97% used [0x00000000dc480000,0x00000000dce3b860,0x00000000dce80000)
  to   space 11264K, 0% used [0x00000000e0400000,0x00000000e0400000,0x00000000e0f00000)
 ParOldGen       total 48640K, used 13029K [0x0000000080000000, 0x0000000082f80000, 0x00000000d5580000)
  object space 48640K, 26% used [0x0000000080000000,0x0000000080cb9528,0x0000000082f80000)
 Metaspace       used 40918K, capacity 42556K, committed 42752K, reserved 1085440K
  class space    used 5908K, capacity 6294K, committed 6400K, reserved 1048576K

Card table byte_map: [0x0000000011890000,0x0000000011ca0000] byte_map_base: 0x0000000011490000

Marking Bits: (ParMarkBitMap*) 0x000000005c88af90
 Begin Bits: [0x0000000012350000, 0x0000000014350000)
 End Bits:   [0x0000000014350000, 0x0000000016350000)

Polling page: 0x00000000005d0000

CodeCache: size=245760Kb used=10665Kb max_used=10677Kb free=235094Kb
 bounds [0x00000000024d0000, 0x0000000002f60000, 0x00000000114d0000]
 total_blobs=3805 nmethods=3299 adapters=418
 compilation: enabled

Compilation events (10 events):
Event: 16.894 Thread 0x00000000170ec800 3605       4       org.objectweb.asm.Type::getArgumentsAndReturnSizes (140 bytes)
Event: 16.906 Thread 0x00000000170ec800 nmethod 3605 0x00000000028bd010 code [0x00000000028bd180, 0x00000000028bd678]
Event: 16.967 Thread 0x00000000170fc800 3606       3       org.gradle.internal.service.DefaultServiceRegistry::isSatisfiedBy (61 bytes)
Event: 16.968 Thread 0x00000000170fc800 nmethod 3606 0x0000000002be0a90 code [0x0000000002be0c60, 0x0000000002be1738]
Event: 17.038 Thread 0x00000000170fc800 3607       3       java.util.HashMap::comparableClassFor (105 bytes)
Event: 17.039 Thread 0x00000000170fc800 nmethod 3607 0x0000000002b28a50 code [0x0000000002b28c60, 0x0000000002b29848]
Event: 17.042 Thread 0x00000000170ec800 3608       4       java.util.TreeMap$PrivateEntryIterator::hasNext (13 bytes)
Event: 17.042 Thread 0x00000000170ec800 nmethod 3608 0x0000000002f01510 code [0x0000000002f01640, 0x0000000002f016b8]
Event: 17.043 Thread 0x00000000170fc800 3609       3       org.gradle.internal.instantiation.generator.AbstractClassGenerator$PropertyMetadata::field (6 bytes)
Event: 17.043 Thread 0x00000000170fc800 nmethod 3609 0x0000000002b286d0 code [0x0000000002b28820, 0x0000000002b28990]

GC Heap History (10 events):
Event: 10.193 GC heap before
{Heap before GC invocations=11 (full 1):
 PSYoungGen      total 55296K, used 47104K [0x00000000d5580000, 0x00000000daf80000, 0x0000000100000000)
  eden space 47104K, 100% used [0x00000000d5580000,0x00000000d8380000,0x00000000d8380000)
  from space 8192K, 0% used [0x00000000d8380000,0x00000000d8380000,0x00000000d8b80000)
  to   space 8192K, 0% used [0x00000000da780000,0x00000000da780000,0x00000000daf80000)
 ParOldGen       total 35840K, used 6595K [0x0000000080000000, 0x0000000082300000, 0x00000000d5580000)
  object space 35840K, 18% used [0x0000000080000000,0x0000000080670c90,0x0000000082300000)
 Metaspace       used 23997K, capacity 24786K, committed 24960K, reserved 1071104K
  class space    used 3493K, capacity 3711K, committed 3712K, reserved 1048576K
Event: 10.199 GC heap after
Heap after GC invocations=11 (full 1):
 PSYoungGen      total 79872K, used 4153K [0x00000000d5580000, 0x00000000dad80000, 0x0000000100000000)
  eden space 73728K, 0% used [0x00000000d5580000,0x00000000d5580000,0x00000000d9d80000)
  from space 6144K, 67% used [0x00000000da780000,0x00000000dab8e500,0x00000000dad80000)
  to   space 8192K, 0% used [0x00000000d9d80000,0x00000000d9d80000,0x00000000da580000)
 ParOldGen       total 35840K, used 6603K [0x0000000080000000, 0x0000000082300000, 0x00000000d5580000)
  object space 35840K, 18% used [0x0000000080000000,0x0000000080672c90,0x0000000082300000)
 Metaspace       used 23997K, capacity 24786K, committed 24960K, reserved 1071104K
  class space    used 3493K, capacity 3711K, committed 3712K, reserved 1048576K
}
Event: 12.901 GC heap before
{Heap before GC invocations=12 (full 1):
 PSYoungGen      total 79872K, used 77881K [0x00000000d5580000, 0x00000000dad80000, 0x0000000100000000)
  eden space 73728K, 100% used [0x00000000d5580000,0x00000000d9d80000,0x00000000d9d80000)
  from space 6144K, 67% used [0x00000000da780000,0x00000000dab8e500,0x00000000dad80000)
  to   space 8192K, 0% used [0x00000000d9d80000,0x00000000d9d80000,0x00000000da580000)
 ParOldGen       total 35840K, used 6603K [0x0000000080000000, 0x0000000082300000, 0x00000000d5580000)
  object space 35840K, 18% used [0x0000000080000000,0x0000000080672c90,0x0000000082300000)
 Metaspace       used 32770K, capacity 33854K, committed 33920K, reserved 1079296K
  class space    used 4711K, capacity 4974K, committed 4992K, reserved 1048576K
Event: 12.924 GC heap after
Heap after GC invocations=12 (full 1):
 PSYoungGen      total 81920K, used 8164K [0x00000000d5580000, 0x00000000dd880000, 0x0000000100000000)
  eden space 73728K, 0% used [0x00000000d5580000,0x00000000d5580000,0x00000000d9d80000)
  from space 8192K, 99% used [0x00000000d9d80000,0x00000000da579038,0x00000000da580000)
  to   space 9728K, 0% used [0x00000000dcf00000,0x00000000dcf00000,0x00000000dd880000)
 ParOldGen       total 35840K, used 8955K [0x0000000080000000, 0x0000000082300000, 0x00000000d5580000)
  object space 35840K, 24% used [0x0000000080000000,0x00000000808befe8,0x0000000082300000)
 Metaspace       used 32770K, capacity 33854K, committed 33920K, reserved 1079296K
  class space    used 4711K, capacity 4974K, committed 4992K, reserved 1048576K
}
Event: 13.320 GC heap before
{Heap before GC invocations=13 (full 1):
 PSYoungGen      total 81920K, used 31684K [0x00000000d5580000, 0x00000000dd880000, 0x0000000100000000)
  eden space 73728K, 31% used [0x00000000d5580000,0x00000000d6c78318,0x00000000d9d80000)
  from space 8192K, 99% used [0x00000000d9d80000,0x00000000da579038,0x00000000da580000)
  to   space 9728K, 0% used [0x00000000dcf00000,0x00000000dcf00000,0x00000000dd880000)
 ParOldGen       total 35840K, used 8955K [0x0000000080000000, 0x0000000082300000, 0x00000000d5580000)
  object space 35840K, 24% used [0x0000000080000000,0x00000000808befe8,0x0000000082300000)
 Metaspace       used 34259K, capacity 35446K, committed 35456K, reserved 1079296K
  class space    used 4954K, capacity 5240K, committed 5248K, reserved 1048576K
Event: 13.333 GC heap after
Heap after GC invocations=13 (full 1):
 PSYoungGen      total 123392K, used 1736K [0x00000000d5580000, 0x00000000dd880000, 0x0000000100000000)
  eden space 113664K, 0% used [0x00000000d5580000,0x00000000d5580000,0x00000000dc480000)
  from space 9728K, 17% used [0x00000000dcf00000,0x00000000dd0b2110,0x00000000dd880000)
  to   space 10240K, 0% used [0x00000000dc480000,0x00000000dc480000,0x00000000dce80000)
 ParOldGen       total 35840K, used 12907K [0x0000000080000000, 0x0000000082300000, 0x00000000d5580000)
  object space 35840K, 36% used [0x0000000080000000,0x0000000080c9adb8,0x0000000082300000)
 Metaspace       used 34259K, capacity 35446K, committed 35456K, reserved 1079296K
  class space    used 4954K, capacity 5240K, committed 5248K, reserved 1048576K
}
Event: 13.333 GC heap before
{Heap before GC invocations=14 (full 2):
 PSYoungGen      total 123392K, used 1736K [0x00000000d5580000, 0x00000000dd880000, 0x0000000100000000)
  eden space 113664K, 0% used [0x00000000d5580000,0x00000000d5580000,0x00000000dc480000)
  from space 9728K, 17% used [0x00000000dcf00000,0x00000000dd0b2110,0x00000000dd880000)
  to   space 10240K, 0% used [0x00000000dc480000,0x00000000dc480000,0x00000000dce80000)
 ParOldGen       total 35840K, used 12907K [0x0000000080000000, 0x0000000082300000, 0x00000000d5580000)
  object space 35840K, 36% used [0x0000000080000000,0x0000000080c9adb8,0x0000000082300000)
 Metaspace       used 34259K, capacity 35446K, committed 35456K, reserved 1079296K
  class space    used 4954K, capacity 5240K, committed 5248K, reserved 1048576K
Event: 13.411 GC heap after
Heap after GC invocations=14 (full 2):
 PSYoungGen      total 123392K, used 0K [0x00000000d5580000, 0x00000000dd880000, 0x0000000100000000)
  eden space 113664K, 0% used [0x00000000d5580000,0x00000000d5580000,0x00000000dc480000)
  from space 9728K, 0% used [0x00000000dcf00000,0x00000000dcf00000,0x00000000dd880000)
  to   space 10240K, 0% used [0x00000000dc480000,0x00000000dc480000,0x00000000dce80000)
 ParOldGen       total 48640K, used 13021K [0x0000000080000000, 0x0000000082f80000, 0x00000000d5580000)
  object space 48640K, 26% used [0x0000000080000000,0x0000000080cb7528,0x0000000082f80000)
 Metaspace       used 34259K, capacity 35446K, committed 35456K, reserved 1079296K
  class space    used 4954K, capacity 5240K, committed 5248K, reserved 1048576K
}
Event: 16.639 GC heap before
{Heap before GC invocations=15 (full 2):
 PSYoungGen      total 123392K, used 113664K [0x00000000d5580000, 0x00000000dd880000, 0x0000000100000000)
  eden space 113664K, 100% used [0x00000000d5580000,0x00000000dc480000,0x00000000dc480000)
  from space 9728K, 0% used [0x00000000dcf00000,0x00000000dcf00000,0x00000000dd880000)
  to   space 10240K, 0% used [0x00000000dc480000,0x00000000dc480000,0x00000000dce80000)
 ParOldGen       total 48640K, used 13021K [0x0000000080000000, 0x0000000082f80000, 0x00000000d5580000)
  object space 48640K, 26% used [0x0000000080000000,0x0000000080cb7528,0x0000000082f80000)
 Metaspace       used 40585K, capacity 42218K, committed 42368K, reserved 1085440K
  class space    used 5859K, capacity 6227K, committed 6272K, reserved 1048576K
Event: 16.654 GC heap after
Heap after GC invocations=15 (full 2):
 PSYoungGen      total 123904K, used 9966K [0x00000000d5580000, 0x00000000e0f00000, 0x0000000100000000)
  eden space 113664K, 0% used [0x00000000d5580000,0x00000000d5580000,0x00000000dc480000)
  from space 10240K, 97% used [0x00000000dc480000,0x00000000dce3b860,0x00000000dce80000)
  to   space 11264K, 0% used [0x00000000e0400000,0x00000000e0400000,0x00000000e0f00000)
 ParOldGen       total 48640K, used 13029K [0x0000000080000000, 0x0000000082f80000, 0x00000000d5580000)
  object space 48640K, 26% used [0x0000000080000000,0x0000000080cb9528,0x0000000082f80000)
 Metaspace       used 40585K, capacity 42218K, committed 42368K, reserved 1085440K
  class space    used 5859K, capacity 6227K, committed 6272K, reserved 1048576K
}

Deoptimization events (10 events):
Event: 16.045 Thread 0x000000001a9ef800 Uncommon trap: reason=unstable_if action=reinterpret pc=0x00000000028791d0 method=java.util.regex.Pattern.has(I)Z @ 6
Event: 16.355 Thread 0x000000001a9ef800 Uncommon trap: reason=unstable_if action=reinterpret pc=0x00000000027b3e9c method=org.objectweb.asm.ByteVector.putUTF8(Ljava/lang/String;)Lorg/objectweb/asm/ByteVector; @ 93
Event: 16.361 Thread 0x000000001a9ef800 Uncommon trap: reason=unstable_if action=reinterpret pc=0x0000000002b6dbf0 method=org.objectweb.asm.ByteVector.putUTF8(Ljava/lang/String;)Lorg/objectweb/asm/ByteVector; @ 93
Event: 16.439 Thread 0x000000001a9ef800 Uncommon trap: reason=null_check action=make_not_entrant pc=0x0000000002f0b028 method=java.lang.ThreadLocal$ThreadLocalMap.getEntryAfterMiss(Ljava/lang/ThreadLocal;ILjava/lang/ThreadLocal$ThreadLocalMap$Entry;)Ljava/lang/ThreadLocal$ThreadLocalMap$Entry; 
Event: 16.468 Thread 0x000000001a9ef800 Uncommon trap: reason=unstable_if action=reinterpret pc=0x0000000002a6c828 method=java.util.concurrent.ConcurrentHashMap.putVal(Ljava/lang/Object;Ljava/lang/Object;Z)Ljava/lang/Object; @ 195
Event: 16.783 Thread 0x000000001a9ef800 Uncommon trap: reason=unstable_if action=reinterpret pc=0x0000000002d82af4 method=java.util.HashMap.getNode(ILjava/lang/Object;)Ljava/util/HashMap$Node; @ 84
Event: 16.783 Thread 0x000000001a9ef800 Uncommon trap: reason=unstable_if action=reinterpret pc=0x00000000027b83a8 method=java.util.HashMap.putVal(ILjava/lang/Object;Ljava/lang/Object;ZZ)Ljava/lang/Object; @ 109
Event: 16.784 Thread 0x000000001a9ef800 Uncommon trap: reason=unstable_if action=reinterpret pc=0x0000000002821dd4 method=java.util.HashMap.getNode(ILjava/lang/Object;)Ljava/util/HashMap$Node; @ 84
Event: 16.784 Thread 0x000000001a9ef800 Uncommon trap: reason=unstable_if action=reinterpret pc=0x00000000027b7740 method=java.util.HashMap.putVal(ILjava/lang/Object;Ljava/lang/Object;ZZ)Ljava/lang/Object; @ 109
Event: 16.784 Thread 0x000000001a9ef800 Uncommon trap: reason=unstable_if action=reinterpret pc=0x00000000027ff93c method=java.util.HashMap.resize()[Ljava/util/HashMap$Node; @ 206

Classes redefined (0 events):
No events

Internal exceptions (10 events):
Event: 15.383 Thread 0x000000001a9ef800 Exception <a 'java/lang/ClassNotFoundException': org/gradle/api/internal/project/ant/BasicAntBuilderBeanInfo> (0x00000000db371908) thrown at [C:\jenkins\workspace\8-2-build-windows-amd64-cygwin\jdk8u251\737\hotspot\src\share\vm\classfile\systemDictionary.
Event: 15.388 Thread 0x000000001a9ef800 Exception <a 'java/lang/ClassNotFoundException': org/gradle/api/AntBuilderBeanInfo> (0x00000000db39d170) thrown at [C:\jenkins\workspace\8-2-build-windows-amd64-cygwin\jdk8u251\737\hotspot\src\share\vm\classfile\systemDictionary.cpp, line 210]
Event: 15.391 Thread 0x000000001a9ef800 Exception <a 'java/lang/ClassNotFoundException': groovy/util/AntBuilderBeanInfo> (0x00000000db3c74b0) thrown at [C:\jenkins\workspace\8-2-build-windows-amd64-cygwin\jdk8u251\737\hotspot\src\share\vm\classfile\systemDictionary.cpp, line 210]
Event: 15.393 Thread 0x000000001a9ef800 Exception <a 'java/lang/ClassNotFoundException': groovy/util/BuilderSupportBeanInfo> (0x00000000db3f3688) thrown at [C:\jenkins\workspace\8-2-build-windows-amd64-cygwin\jdk8u251\737\hotspot\src\share\vm\classfile\systemDictionary.cpp, line 210]
Event: 15.395 Thread 0x000000001a9ef800 Exception <a 'java/lang/ClassNotFoundException': groovy/util/BuilderSupportCustomizer> (0x00000000db421c60) thrown at [C:\jenkins\workspace\8-2-build-windows-amd64-cygwin\jdk8u251\737\hotspot\src\share\vm\classfile\systemDictionary.cpp, line 210]
Event: 15.397 Thread 0x000000001a9ef800 Exception <a 'java/lang/ClassNotFoundException': groovy/util/AntBuilderCustomizer> (0x00000000db4502a8) thrown at [C:\jenkins\workspace\8-2-build-windows-amd64-cygwin\jdk8u251\737\hotspot\src\share\vm\classfile\systemDictionary.cpp, line 210]
Event: 15.399 Thread 0x000000001a9ef800 Exception <a 'java/lang/ClassNotFoundException': org/gradle/api/AntBuilderCustomizer> (0x00000000db4839c0) thrown at [C:\jenkins\workspace\8-2-build-windows-amd64-cygwin\jdk8u251\737\hotspot\src\share\vm\classfile\systemDictionary.cpp, line 210]
Event: 15.403 Thread 0x000000001a9ef800 Exception <a 'java/lang/ClassNotFoundException': org/gradle/api/internal/project/ant/BasicAntBuilderCustomizer> (0x00000000db4cc5b0) thrown at [C:\jenkins\workspace\8-2-build-windows-amd64-cygwin\jdk8u251\737\hotspot\src\share\vm\classfile\systemDictionar
Event: 15.411 Thread 0x000000001a9ef800 Exception <a 'java/lang/ClassNotFoundException': org/gradle/api/internal/project/DefaultAntBuilderCustomizer> (0x00000000db51bc10) thrown at [C:\jenkins\workspace\8-2-build-windows-amd64-cygwin\jdk8u251\737\hotspot\src\share\vm\classfile\systemDictionary.
Event: 16.439 Thread 0x000000001a9ef800 Implicit null exception at 0x0000000002f0af40 to 0x0000000002f0b005

Events (10 events):
Event: 16.784 Thread 0x000000001a9ef800 DEOPT UNPACKING pc=0x000000000251583b sp=0x000000001c956790 mode 2
Event: 16.784 Thread 0x000000001a9ef800 Uncommon trap: trap_request=0xffffff65 fr.pc=0x00000000027ff93c
Event: 16.784 Thread 0x000000001a9ef800 DEOPT PACKING pc=0x00000000027ff93c sp=0x000000001c956760
Event: 16.784 Thread 0x000000001a9ef800 DEOPT UNPACKING pc=0x000000000251583b sp=0x000000001c9566d0 mode 2
Event: 16.994 loading class org/gradle/api/internal/file/copy/DefaultCopySpec
Event: 16.994 loading class org/gradle/api/internal/file/copy/DefaultCopySpec done
Event: 17.022 loading class org/gradle/api/internal/file/copy/CopySpecInternal$CopySpecVisitor
Event: 17.022 loading class org/gradle/api/internal/file/copy/CopySpecInternal$CopySpecVisitor done
Event: 17.028 loading class org/gradle/api/internal/file/copy/CopySpecInternal$CopySpecListener
Event: 17.028 loading class org/gradle/api/internal/file/copy/CopySpecInternal$CopySpecListener done


Dynamic libraries:
0x00007ff77a560000 - 0x00007ff77a597000 	C:\Program Files\Java\jdk1.8.0_251\bin\java.exe
0x00007ff89f560000 - 0x00007ff89f750000 	C:\Windows\SYSTEM32\ntdll.dll
0x00007ff89efd0000 - 0x00007ff89f082000 	C:\Windows\System32\KERNEL32.DLL
0x00007ff89c890000 - 0x00007ff89cb34000 	C:\Windows\System32\KERNELBASE.dll
0x00007ff89f1b0000 - 0x00007ff89f253000 	C:\Windows\System32\ADVAPI32.dll
0x00007ff89f420000 - 0x00007ff89f4be000 	C:\Windows\System32\msvcrt.dll
0x00007ff89de10000 - 0x00007ff89dea7000 	C:\Windows\System32\sechost.dll
0x00007ff89eeb0000 - 0x00007ff89efd0000 	C:\Windows\System32\RPCRT4.dll
0x00007ff89dc60000 - 0x00007ff89ddf4000 	C:\Windows\System32\USER32.dll
0x00007ff89d5e0000 - 0x00007ff89d601000 	C:\Windows\System32\win32u.dll
0x00007ff89f170000 - 0x00007ff89f196000 	C:\Windows\System32\GDI32.dll
0x00007ff89d2f0000 - 0x00007ff89d485000 	C:\Windows\System32\gdi32full.dll
0x00007ff89c7f0000 - 0x00007ff89c88e000 	C:\Windows\System32\msvcp_win.dll
0x00007ff89c4f0000 - 0x00007ff89c5ea000 	C:\Windows\System32\ucrtbase.dll
0x00007ff888950000 - 0x00007ff888bd4000 	C:\Windows\WinSxS\amd64_microsoft.windows.common-controls_6595b64144ccf1df_6.0.18362.900_none_e6beb9d913147d17\COMCTL32.dll
0x00007ff89e000000 - 0x00007ff89e335000 	C:\Windows\System32\combase.dll
0x00007ff89c770000 - 0x00007ff89c7f0000 	C:\Windows\System32\bcryptPrimitives.dll
0x00007ff89e340000 - 0x00007ff89e36e000 	C:\Windows\System32\IMM32.DLL
0x000000005d4f0000 - 0x000000005d5c2000 	C:\Program Files\Java\jdk1.8.0_251\jre\bin\msvcr100.dll
0x000000005c060000 - 0x000000005c90b000 	C:\Program Files\Java\jdk1.8.0_251\jre\bin\server\jvm.dll
0x00007ff89f100000 - 0x00007ff89f108000 	C:\Windows\System32\PSAPI.DLL
0x00007ff89a200000 - 0x00007ff89a224000 	C:\Windows\SYSTEM32\WINMM.dll
0x00007ff897790000 - 0x00007ff897799000 	C:\Windows\SYSTEM32\WSOCK32.dll
0x00007ff88e000000 - 0x00007ff88e00a000 	C:\Windows\SYSTEM32\VERSION.dll
0x00007ff89f090000 - 0x00007ff89f0ff000 	C:\Windows\System32\WS2_32.dll
0x00007ff89a1d0000 - 0x00007ff89a1fd000 	C:\Windows\SYSTEM32\WINMMBASE.dll
0x00007ff89c6c0000 - 0x00007ff89c70a000 	C:\Windows\System32\cfgmgr32.dll
0x00007ff892a00000 - 0x00007ff892a0f000 	C:\Program Files\Java\jdk1.8.0_251\jre\bin\verify.dll
0x00007ff889250000 - 0x00007ff889279000 	C:\Program Files\Java\jdk1.8.0_251\jre\bin\java.dll
0x00007ff887020000 - 0x00007ff887036000 	C:\Program Files\Java\jdk1.8.0_251\jre\bin\zip.dll
0x00007ff89e4b0000 - 0x00007ff89eb96000 	C:\Windows\System32\SHELL32.dll
0x00007ff89f260000 - 0x00007ff89f309000 	C:\Windows\System32\shcore.dll
0x00007ff89cb40000 - 0x00007ff89d2c0000 	C:\Windows\System32\windows.storage.dll
0x00007ff89c4c0000 - 0x00007ff89c4e3000 	C:\Windows\System32\profapi.dll
0x00007ff89c450000 - 0x00007ff89c49a000 	C:\Windows\System32\powrprof.dll
0x00007ff89c420000 - 0x00007ff89c430000 	C:\Windows\System32\UMPDC.dll
0x00007ff89f4c0000 - 0x00007ff89f512000 	C:\Windows\System32\shlwapi.dll
0x00007ff89c430000 - 0x00007ff89c441000 	C:\Windows\System32\kernel.appcore.dll
0x00007ff89c5f0000 - 0x00007ff89c607000 	C:\Windows\System32\cryptsp.dll
0x00007ff8810b0000 - 0x00007ff8810ca000 	C:\Program Files\Java\jdk1.8.0_251\jre\bin\net.dll
0x00007ff89bbe0000 - 0x00007ff89bc47000 	C:\Windows\system32\mswsock.dll
0x00007ff880e00000 - 0x00007ff880e12000 	C:\Program Files\Java\jdk1.8.0_251\jre\bin\nio.dll
0x00007ff882930000 - 0x00007ff882957000 	C:\Users\Omid\.gradle\native\f6784746aeab05261644944871eae4fe03e0ef1612fff0a4a95f87b438bc6780\windows-amd64\native-platform.dll
0x00007ff88ca20000 - 0x00007ff88ca2d000 	C:\Program Files\Java\jdk1.8.0_251\jre\bin\management.dll
0x00007ff89b760000 - 0x00007ff89b793000 	C:\Windows\system32\rsaenh.dll
0x00007ff89d2c0000 - 0x00007ff89d2e6000 	C:\Windows\System32\bcrypt.dll
0x00007ff89c340000 - 0x00007ff89c365000 	C:\Windows\SYSTEM32\USERENV.dll
0x00007ff89bd60000 - 0x00007ff89bd6c000 	C:\Windows\SYSTEM32\CRYPTBASE.dll
0x00007ff89b900000 - 0x00007ff89b93a000 	C:\Windows\SYSTEM32\IPHLPAPI.DLL
0x00007ff89f1a0000 - 0x00007ff89f1a8000 	C:\Windows\System32\NSI.dll
0x00007ff8951b0000 - 0x00007ff8951c6000 	C:\Windows\SYSTEM32\dhcpcsvc6.DLL
0x00007ff895020000 - 0x00007ff89503c000 	C:\Windows\SYSTEM32\dhcpcsvc.DLL
0x00007ff89b940000 - 0x00007ff89ba0b000 	C:\Windows\SYSTEM32\DNSAPI.dll
0x00007ff896540000 - 0x00007ff89654b000 	C:\Windows\SYSTEM32\WINNSI.DLL

VM Arguments:
jvm_args: -Xmx2048m -Dfile.encoding=windows-1252 -Duser.country=US -Duser.language=en -Duser.variant 
java_command: org.gradle.launcher.daemon.bootstrap.GradleDaemon 6.5
java_class_path (initial): C:\Users\Omid\.gradle\wrapper\dists\gradle-6.5-all\2oz4ud9k3tuxjg84bbf55q0tn\gradle-6.5\lib\gradle-launcher-6.5.jar
Launcher Type: SUN_STANDARD

Environment Variables:
JAVA_HOME=C:\Program Files\Java\jdk-14.0.1
PATH=C:\Program Files (x86)\Common Files\Oracle\Java\javapath;C:\Windows\system32;C:\Windows;C:\Windows\System32\Wbem;C:\Windows\System32\WindowsPowerShell\v1.0\;C:\Windows\System32\OpenSSH\;C:\Program Files\Java\jdk-14.0.1\bin;F:\Android\android-sdk\platform-tools;F:\Android\android-sdk\tools;C:\Program Files\Git\cmd;D:\FlutterSdk\flutter\bin;C:\Program Files\SourceGear\Common\DiffMerge\;C:\Program Files\Docker\Docker\resources\bin;C:\ProgramData\DockerDesktop\version-bin;C:\Users\Omid\AppData\Local\Microsoft\WindowsApps;
USERNAME=Omid
OS=Windows_NT
PROCESSOR_IDENTIFIER=Intel64 Family 6 Model 58 Stepping 9, GenuineIntel



---------------  S Y S T E M  ---------------

OS: Windows 10.0 , 64 bit Build 18362 (10.0.18362.900)

CPU:total 4 (initial active 4) (2 cores per cpu, 2 threads per core) family 6 model 58 stepping 9, cmov, cx8, fxsr, mmx, sse, sse2, sse3, ssse3, sse4.1, sse4.2, popcnt, avx, aes, clmul, erms, ht, tsc, tscinvbit, tscinv

Memory: 4k page, physical 6174296k(348240k free), swap 25048664k(628k free)

vm_info: Java HotSpot(TM) 64-Bit Server VM (25.251-b08) for windows-amd64 JRE (1.8.0_251-b08), built on Mar 12 2020 06:31:49 by "" with MS VC++ 10.0 (VS2010)

time: Sun Aug 23 20:45:44 2020
timezone: Iran Daylight Time
elapsed time: 17 seconds (0d 0h 0m 17s)

