#
# There is insufficient memory for the Java Runtime Environment to continue.
# Native memory allocation (mmap) failed to map 68157440 bytes for Failed to commit area from 0x000000008f200000 to 0x0000000093300000 of length 68157440.
# Possible reasons:
#   The system is out of physical RAM or swap space
#   The process is running with CompressedOops enabled, and the Java Heap may be blocking the growth of the native heap
# Possible solutions:
#   Reduce memory load on the system
#   Increase physical memory or swap space
#   Check if swap backing store is full
#   Decrease Java heap size (-Xmx/-Xms)
#   Decrease number of Java threads
#   Decrease Java thread stack sizes (-Xss)
#   Set larger code cache with -XX:ReservedCodeCacheSize=
#   JVM is running with Unscaled Compressed Oops mode in which the Java heap is
#     placed in the first 4GB address space. The Java Heap base address is the
#     maximum limit for the native heap growth. Please use -XX:HeapBaseMinAddress
#     to set the Java Heap base and to place the Java Heap above 4GB virtual address.
# This output file may be truncated or incomplete.
#
#  Out of Memory Error (./open/src/hotspot/os/windows/os_windows.cpp:3315), pid=15264, tid=5268
#
# JRE version: Java(TM) SE Runtime Environment (14.0.1+7) (build 14.0.1+7)
# Java VM: Java HotSpot(TM) 64-Bit Server VM (14.0.1+7, mixed mode, sharing, tiered, compressed oops, g1 gc, windows-amd64)
# No core dump will be written. Minidumps are not enabled by default on client versions of Windows
#

---------------  S U M M A R Y ------------

Command Line: --add-opens=java.base/java.util=ALL-UNNAMED --add-opens=java.base/java.lang=ALL-UNNAMED --add-opens=java.base/java.lang.invoke=ALL-UNNAMED --add-opens=java.prefs/java.util.prefs=ALL-UNNAMED -Xmx2048m -Dfile.encoding=windows-1252 -Duser.country=US -Duser.language=en -Duser.variant org.gradle.launcher.daemon.bootstrap.GradleDaemon 6.5

Host: Intel(R) Core(TM) i5-3337U CPU @ 1.80GHz, 4 cores, 5G,  Windows 10 , 64 bit Build 18362 (10.0.18362.900)
Time: Tue Jun 16 11:29:23 2020 Iran Daylight Time elapsed time: 159 seconds (0d 0h 2m 39s)

---------------  T H R E A D  ---------------

Current thread (0x0000020fbcd58800):  VMThread "VM Thread" [stack: 0x0000005b9bd00000,0x0000005b9be00000] [id=5268]

Stack: [0x0000005b9bd00000,0x0000005b9be00000]
[error occurred during error reporting (printing stack bounds), id 0xc0000005, EXCEPTION_ACCESS_VIOLATION (0xc0000005) at pc=0x0000020fa6ca10ad]

Native frames: (J=compiled Java code, j=interpreted, Vv=VM code, C=native code)
V  [jvm.dll+0x5f840a]
V  [jvm.dll+0x741e4a]
V  [jvm.dll+0x7435ff]
V  [jvm.dll+0x743ba5]
V  [jvm.dll+0x743b5b]
V  [jvm.dll+0x5f793f]
V  [jvm.dll+0x5f80a8]
C  [ntdll.dll+0xa11cf]
C  [ntdll.dll+0x6a209]
C  [ntdll.dll+0x9fe3e]
C  0x0000020fa6ca10ad

VM_Operation (0x0000005b9b9ff9d0): G1Concurrent, mode: safepoint, requested by thread 0x0000020f9e553000


---------------  P R O C E S S  ---------------

Threads class SMR info:
_java_thread_list=0x0000020fc292fad0, length=60, elements={
0x0000020f9e4fe000, 0x0000020fbcd5a000, 0x0000020fbcd5b800, 0x0000020fbcd76000,
0x0000020fbcd79000, 0x0000020fbcd7a800, 0x0000020fbcd7b800, 0x0000020fbcd80000,
0x0000020fbcd91800, 0x0000020fbd7cf000, 0x0000020fbd7da800, 0x0000020fbe780800,
0x0000020fbe7fa000, 0x0000020fbf318000, 0x0000020fbedc5800, 0x0000020fbf169000,
0x0000020fbf304800, 0x0000020fbf16a800, 0x0000020fbed85800, 0x0000020fbf032000,
0x0000020fbf036000, 0x0000020fbf034800, 0x0000020fbf037000, 0x0000020fbf034000,
0x0000020fbf038000, 0x0000020fbf038800, 0x0000020fbf035800, 0x0000020fbf033000,
0x0000020fbef65800, 0x0000020fbef60800, 0x0000020fbef63800, 0x0000020fbef67000,
0x0000020fbef61800, 0x0000020fbef68000, 0x0000020fbf235000, 0x0000020fbfba1000,
0x0000020fbfba3800, 0x0000020fbfb9e000, 0x0000020fbfba9000, 0x0000020fbfba4800,
0x0000020fbfba6800, 0x0000020fbfba8800, 0x0000020fbfba5000, 0x0000020fbfba7800,
0x0000020fc5080800, 0x0000020fc5084800, 0x0000020fc5082800, 0x0000020fc5085000,
0x0000020fc5086000, 0x0000020fc5081000, 0x0000020fc5087000, 0x0000020fc5087800,
0x0000020fbf68d800, 0x0000020fbf690000, 0x0000020fbf68f000, 0x0000020fbf694000,
0x0000020fbf68e800, 0x0000020fbf691000, 0x0000020fbf695000, 0x0000020fbf695800
}

Java Threads: ( => current thread )
  0x0000020f9e4fe000 JavaThread "main" [_thread_blocked, id=12944, stack(0x0000005b9b700000,0x0000005b9b800000)]
  0x0000020fbcd5a000 JavaThread "Reference Handler" daemon [_thread_blocked, id=10380, stack(0x0000005b9be00000,0x0000005b9bf00000)]
  0x0000020fbcd5b800 JavaThread "Finalizer" daemon [_thread_blocked, id=9952, stack(0x0000005b9bf00000,0x0000005b9c000000)]
  0x0000020fbcd76000 JavaThread "Signal Dispatcher" daemon [_thread_blocked, id=5956, stack(0x0000005b9c000000,0x0000005b9c100000)]
  0x0000020fbcd79000 JavaThread "Attach Listener" daemon [_thread_blocked, id=8968, stack(0x0000005b9c100000,0x0000005b9c200000)]
  0x0000020fbcd7a800 JavaThread "Service Thread" daemon [_thread_blocked, id=7092, stack(0x0000005b9c200000,0x0000005b9c300000)]
  0x0000020fbcd7b800 JavaThread "C2 CompilerThread0" daemon [_thread_blocked, id=8432, stack(0x0000005b9c300000,0x0000005b9c400000)]
  0x0000020fbcd80000 JavaThread "C1 CompilerThread0" daemon [_thread_blocked, id=2320, stack(0x0000005b9c400000,0x0000005b9c500000)]
  0x0000020fbcd91800 JavaThread "Sweeper thread" daemon [_thread_blocked, id=9396, stack(0x0000005b9c500000,0x0000005b9c600000)]
  0x0000020fbd7cf000 JavaThread "Common-Cleaner" daemon [_thread_blocked, id=11188, stack(0x0000005b9c600000,0x0000005b9c700000)]
  0x0000020fbd7da800 JavaThread "Notification Thread" daemon [_thread_blocked, id=9424, stack(0x0000005b9c700000,0x0000005b9c800000)]
  0x0000020fbe780800 JavaThread "Daemon health stats" [_thread_blocked, id=12532, stack(0x0000005b9c900000,0x0000005b9ca00000)]
  0x0000020fbe7fa000 JavaThread "Incoming local TCP Connector on port 6380" [_thread_in_native, id=11836, stack(0x0000005b9cd00000,0x0000005b9ce00000)]
  0x0000020fbf318000 JavaThread "Daemon periodic checks" [_thread_blocked, id=14780, stack(0x0000005b9ce00000,0x0000005b9cf00000)]
  0x0000020fbedc5800 JavaThread "Daemon" [_thread_blocked, id=14576, stack(0x0000005b9cf00000,0x0000005b9d000000)]
  0x0000020fbf169000 JavaThread "Handler for socket connection from /127.0.0.1:6380 to /127.0.0.1:6381" [_thread_in_native, id=11488, stack(0x0000005b9d000000,0x0000005b9d100000)]
  0x0000020fbf304800 JavaThread "Cancel handler" [_thread_blocked, id=13200, stack(0x0000005b9d100000,0x0000005b9d200000)]
  0x0000020fbf16a800 JavaThread "Daemon worker" [_thread_blocked, id=13112, stack(0x0000005b9d200000,0x0000005b9d300000)]
  0x0000020fbed85800 JavaThread "Asynchronous log dispatcher for DefaultDaemonConnection: socket connection from /127.0.0.1:6380 to /127.0.0.1:6381" [_thread_blocked, id=6536, stack(0x0000005b9d300000,0x0000005b9d400000)]
  0x0000020fbf032000 JavaThread "Stdin handler" [_thread_blocked, id=9164, stack(0x0000005b9d400000,0x0000005b9d500000)]
  0x0000020fbf036000 JavaThread "Thread-8" [_thread_blocked, id=15192, stack(0x0000005b9d500000,0x0000005b9d600000)]
  0x0000020fbf034800 JavaThread "Cache worker for journal cache (C:\Users\Omid\.gradle\caches\journal-1)" [_thread_blocked, id=10200, stack(0x0000005b9d600000,0x0000005b9d700000)]
  0x0000020fbf037000 JavaThread "File lock request listener" [_thread_in_native, id=8368, stack(0x0000005b9d700000,0x0000005b9d800000)]
  0x0000020fbf034000 JavaThread "Cache worker for file hash cache (C:\Users\Omid\.gradle\caches\6.5\fileHashes)" [_thread_blocked, id=13576, stack(0x0000005b9d800000,0x0000005b9d900000)]
  0x0000020fbf038000 JavaThread "Cache worker for file hash cache (E:\Android_Stadio_Rep\Kotlin\Movotlin\.gradle\6.5\fileHashes)" [_thread_blocked, id=10020, stack(0x0000005b9db00000,0x0000005b9dc00000)]
  0x0000020fbf038800 JavaThread "Cache worker for checksums cache (E:\Android_Stadio_Rep\Kotlin\Movotlin\.gradle\checksums)" [_thread_blocked, id=4548, stack(0x0000005b9dc00000,0x0000005b9dd00000)]
  0x0000020fbf035800 JavaThread "Cache worker for cache directory md-supplier (C:\Users\Omid\.gradle\caches\6.5\md-supplier)" [_thread_blocked, id=2180, stack(0x0000005b9dd00000,0x0000005b9de00000)]
  0x0000020fbf033000 JavaThread "Cache worker for cache directory md-rule (C:\Users\Omid\.gradle\caches\6.5\md-rule)" [_thread_blocked, id=1576, stack(0x0000005b9de00000,0x0000005b9df00000)]
  0x0000020fbef65800 JavaThread "Cache worker for execution history cache (C:\Users\Omid\.gradle\caches\6.5\executionHistory)" [_thread_blocked, id=1572, stack(0x0000005b9e000000,0x0000005b9e100000)]
  0x0000020fbef60800 JavaThread "Cache worker for file content cache (C:\Users\Omid\.gradle\caches\6.5\fileContent)" [_thread_blocked, id=10540, stack(0x0000005b9e200000,0x0000005b9e300000)]
  0x0000020fbef63800 JavaThread "Build operations" [_thread_blocked, id=2460, stack(0x0000005b9e100000,0x0000005b9e200000)]
  0x0000020fbef67000 JavaThread "Build operations Thread 2" [_thread_blocked, id=14932, stack(0x0000005b9e400000,0x0000005b9e500000)]
  0x0000020fbef61800 JavaThread "Build operations Thread 3" [_thread_blocked, id=5264, stack(0x0000005b9e500000,0x0000005b9e600000)]
  0x0000020fbef68000 JavaThread "Build operations Thread 4" [_thread_blocked, id=8204, stack(0x0000005b9e600000,0x0000005b9e700000)]
  0x0000020fbf235000 JavaThread "Memory manager" [_thread_blocked, id=8340, stack(0x0000005ba0500000,0x0000005ba0600000)]
  0x0000020fbfba1000 JavaThread "Cache worker for Build Output Cleanup Cache (E:\Android_Stadio_Rep\Kotlin\Movotlin\.gradle\buildOutputCleanup)" [_thread_blocked, id=7280, stack(0x0000005ba5600000,0x0000005ba5700000)]
  0x0000020fbfba3800 JavaThread "Cache worker for file content cache (E:\Android_Stadio_Rep\Kotlin\Movotlin\.gradle\6.5\fileContent)" [_thread_blocked, id=7660, stack(0x0000005ba5800000,0x0000005ba5900000)]
  0x0000020fbfb9e000 JavaThread "Execution worker for ':'" [_thread_blocked, id=7860, stack(0x0000005ba5900000,0x0000005ba5a00000)]
  0x0000020fbfba9000 JavaThread "Execution worker for ':' Thread 2" [_thread_blocked, id=14948, stack(0x0000005ba5a00000,0x0000005ba5b00000)]
  0x0000020fbfba4800 JavaThread "Execution worker for ':' Thread 3" [_thread_blocked, id=8420, stack(0x0000005ba5b00000,0x0000005ba5c00000)]
  0x0000020fbfba6800 JavaThread "Cache worker for execution history cache (E:\Android_Stadio_Rep\Kotlin\Movotlin\.gradle\6.5\executionHistory)" [_thread_blocked, id=13940, stack(0x0000005ba5c00000,0x0000005ba5d00000)]
  0x0000020fbfba8800 JavaThread "WorkerExecutor Queue" [_thread_blocked, id=12528, stack(0x0000005ba5d00000,0x0000005ba5e00000)]
  0x0000020fbfba5000 JavaThread "WorkerExecutor Queue Thread 2" [_thread_blocked, id=9672, stack(0x0000005ba5e00000,0x0000005ba5f00000)]
  0x0000020fbfba7800 JavaThread "WorkerExecutor Queue Thread 4" [_thread_blocked, id=12144, stack(0x0000005ba6000000,0x0000005ba6100000)]
  0x0000020fc5080800 JavaThread "pool-2-thread-1" [_thread_blocked, id=7680, stack(0x0000005ba6100000,0x0000005ba6200000)]
  0x0000020fc5084800 JavaThread "stderr" [_thread_in_native, id=12284, stack(0x0000005ba6200000,0x0000005ba6300000)]
  0x0000020fc5082800 JavaThread "stdout" [_thread_in_native, id=9968, stack(0x0000005ba6300000,0x0000005ba6400000)]
  0x0000020fc5085000 JavaThread "stderr" [_thread_in_native, id=11788, stack(0x0000005ba6400000,0x0000005ba6500000)]
  0x0000020fc5086000 JavaThread "stdout" [_thread_in_native, id=8556, stack(0x0000005ba6500000,0x0000005ba6600000)]
  0x0000020fc5081000 JavaThread "stderr" [_thread_in_native, id=8816, stack(0x0000005ba6600000,0x0000005ba6700000)]
  0x0000020fc5087000 JavaThread "stdout" [_thread_in_native, id=11976, stack(0x0000005ba6700000,0x0000005ba6800000)]
  0x0000020fc5087800 JavaThread "WorkerExecutor Queue Thread 5" [_thread_blocked, id=13892, stack(0x0000005ba5700000,0x0000005ba5800000)]
  0x0000020fbf68d800 JavaThread "RMI Scheduler(0)" daemon [_thread_blocked, id=12996, stack(0x0000005b9cb00000,0x0000005b9cc00000)]
  0x0000020fbf690000 JavaThread "RMI GC Daemon" daemon [_thread_blocked, id=14264, stack(0x0000005b9df00000,0x0000005b9e000000)]
  0x0000020fbf68f000 JavaThread "RMI TCP Accept-0" daemon [_thread_in_native, id=9084, stack(0x0000005b9e300000,0x0000005b9e400000)]
  0x0000020fbf694000 JavaThread "RMI Reaper" [_thread_blocked, id=5388, stack(0x0000005b9e700000,0x0000005b9e800000)]
  0x0000020fbf68e800 JavaThread "RMI TCP Connection(1)-127.0.0.1" daemon [_thread_in_native, id=14964, stack(0x0000005b9e900000,0x0000005b9ea00000)]
  0x0000020fbf691000 JavaThread "ForkJoinPool.commonPool-worker-3" daemon [_thread_blocked, id=2552, stack(0x0000005b9cc00000,0x0000005b9cd00000)]
  0x0000020fbf695000 JavaThread "ForkJoinPool.commonPool-worker-5" daemon [_thread_blocked, id=15340, stack(0x0000005b9e800000,0x0000005b9e900000)]
  0x0000020fbf695800 JavaThread "ForkJoinPool.commonPool-worker-7" daemon [_thread_blocked, id=11320, stack(0x0000005b9ea00000,0x0000005b9eb00000)]

Other Threads:
=>0x0000020fbcd58800 VMThread "VM Thread" [stack: 0x0000005b9bd00000,0x0000005b9be00000] [id=5268]
  0x0000020fbd7dc000 WatcherThread [stack: 0x0000005b9c800000,0x0000005b9c900000] [id=11760]
  0x0000020f9e540800 GCTaskThread "GC Thread#0" [stack: 0x0000005b9b800000,0x0000005b9b900000] [id=13332]
  0x0000020fbdcea800 GCTaskThread "GC Thread#1" [stack: 0x0000005b9ca00000,0x0000005b9cb00000] [id=10796]
  0x0000020fbf58e000 GCTaskThread "GC Thread#2" [stack: 0x0000005b9d900000,0x0000005b9da00000] [id=12252]
  0x0000020fbf58e800 GCTaskThread "GC Thread#3" [stack: 0x0000005b9da00000,0x0000005b9db00000] [id=5088]
  0x0000020f9e553000 ConcurrentGCThread "G1 Main Marker" [stack: 0x0000005b9b900000,0x0000005b9ba00000] [id=5272]
  0x0000020f9e554800 ConcurrentGCThread "G1 Conc#0" [stack: 0x0000005b9ba00000,0x0000005b9bb00000] [id=14744]
  0x0000020f9e5c8000 ConcurrentGCThread "G1 Refine#0" [stack: 0x0000005b9bb00000,0x0000005b9bc00000] [id=12372]
  0x0000020fbf308000 ConcurrentGCThread "G1 Refine#1" [stack: 0x0000005b9b400000,0x0000005b9b500000] [id=3124]
  0x0000020fbf309000 ConcurrentGCThread "G1 Refine#2" [stack: 0x0000005b9b500000,0x0000005b9b600000] [id=7632]
  0x0000020fbf310000 ConcurrentGCThread "G1 Refine#3" [stack: 0x0000005b9b600000,0x0000005b9b700000] [id=5016]
  0x0000020f9e5c9000 ConcurrentGCThread "G1 Young RemSet Sampling" [stack: 0x0000005b9bc00000,0x0000005b9bd00000] [id=3520]

Threads with active compile tasks:
C2 CompilerThread0   159291 17435       4       com.android.tools.r8.B.a.a.f::a (1070 bytes)
C1 CompilerThread0   159297 17441       3       com.android.tools.r8.ir.conversion.K::a (951 bytes)

VM state:at safepoint (normal execution)

VM Mutex/Monitor currently owned by a thread:  ([mutex/lock_event])
[0x0000020f9c3ab900] Threads_lock - owner thread: 0x0000020fbcd58800
[0x0000020f9c3ab1b0] Heap_lock - owner thread: 0x0000020f9e553000

Heap address: 0x0000000080000000, size: 2048 MB, Compressed Oops mode: 32-bit
Narrow klass base: 0x0000000800000000, Narrow klass shift: 3
Compressed class space size: 1073741824 Address: 0x0000000800b30000

Heap:
 garbage-first heap   total 314368K, used 186732K [0x0000000080000000, 0x0000000100000000)
  region size 1024K, 49 young (50176K), 6 survivors (6144K)
 Metaspace       used 106610K, capacity 110784K, committed 110976K, reserved 1144832K
  class space    used 14050K, capacity 15679K, committed 15744K, reserved 1048576K
Heap Regions: E=young(eden), S=young(survivor), O=old, HS=humongous(starts), HC=humongous(continues), CS=collection set, F=free, OA=open archive, CA=closed archive, TAMS=top-at-mark-start (previous, next)
|   0|0x0000000080000000, 0x0000000080100000, 0x0000000080100000|100%| O|  |TAMS 0x0000000080100000, 0x0000000080000000| Updating 
|   1|0x0000000080100000, 0x0000000080200000, 0x0000000080200000|100%| O|  |TAMS 0x0000000080200000, 0x0000000080100000| Updating 
|   2|0x0000000080200000, 0x0000000080300000, 0x0000000080300000|100%| O|  |TAMS 0x0000000080300000, 0x0000000080200000| Updating 
|   3|0x0000000080300000, 0x0000000080400000, 0x0000000080400000|100%|HS|  |TAMS 0x0000000080400000, 0x0000000080300000| Complete 
|   4|0x0000000080400000, 0x0000000080500000, 0x0000000080500000|100%|HC|  |TAMS 0x0000000080500000, 0x0000000080400000| Complete 
|   5|0x0000000080500000, 0x0000000080600000, 0x0000000080600000|100%|HC|  |TAMS 0x0000000080600000, 0x0000000080500000| Complete 
|   6|0x0000000080600000, 0x0000000080700000, 0x0000000080700000|100%| O|  |TAMS 0x0000000080700000, 0x0000000080600000| Updating 
|   7|0x0000000080700000, 0x0000000080800000, 0x0000000080800000|100%| O|  |TAMS 0x0000000080800000, 0x0000000080700000| Updating 
|   8|0x0000000080800000, 0x0000000080900000, 0x0000000080900000|100%| O|  |TAMS 0x0000000080900000, 0x0000000080800000| Updating 
|   9|0x0000000080900000, 0x0000000080a00000, 0x0000000080a00000|100%| O|  |TAMS 0x0000000080a00000, 0x0000000080900000| Updating 
|  10|0x0000000080a00000, 0x0000000080b00000, 0x0000000080b00000|100%| O|  |TAMS 0x0000000080b00000, 0x0000000080a00000| Updating 
|  11|0x0000000080b00000, 0x0000000080c00000, 0x0000000080c00000|100%| O|  |TAMS 0x0000000080c00000, 0x0000000080b00000| Updating 
|  12|0x0000000080c00000, 0x0000000080d00000, 0x0000000080d00000|100%| O|  |TAMS 0x0000000080d00000, 0x0000000080c00000| Updating 
|  13|0x0000000080d00000, 0x0000000080e00000, 0x0000000080e00000|100%| O|  |TAMS 0x0000000080e00000, 0x0000000080d00000| Updating 
|  14|0x0000000080e00000, 0x0000000080f00000, 0x0000000080f00000|100%| O|  |TAMS 0x0000000080f00000, 0x0000000080e00000| Updating 
|  15|0x0000000080f00000, 0x0000000080f00000, 0x0000000081000000|  0%| F|  |TAMS 0x0000000080f00000, 0x0000000080f00000| Untracked 
|  16|0x0000000081000000, 0x0000000081000000, 0x0000000081100000|  0%| F|  |TAMS 0x0000000081000000, 0x0000000081000000| Untracked 
|  17|0x0000000081100000, 0x0000000081200000, 0x0000000081200000|100%| O|  |TAMS 0x0000000081200000, 0x0000000081100000| Updating 
|  18|0x0000000081200000, 0x0000000081300000, 0x0000000081300000|100%| O|  |TAMS 0x0000000081300000, 0x0000000081200000| Updating 
|  19|0x0000000081300000, 0x0000000081400000, 0x0000000081400000|100%| O|  |TAMS 0x0000000081400000, 0x0000000081300000| Updating 
|  20|0x0000000081400000, 0x0000000081500000, 0x0000000081500000|100%| O|  |TAMS 0x0000000081500000, 0x0000000081400000| Updating 
|  21|0x0000000081500000, 0x0000000081500000, 0x0000000081600000|  0%| F|  |TAMS 0x0000000081500000, 0x0000000081500000| Untracked 
|  22|0x0000000081600000, 0x0000000081700000, 0x0000000081700000|100%|HS|  |TAMS 0x0000000081700000, 0x0000000081600000| Complete 
|  23|0x0000000081700000, 0x0000000081800000, 0x0000000081800000|100%|HC|  |TAMS 0x0000000081800000, 0x0000000081700000| Complete 
|  24|0x0000000081800000, 0x0000000081900000, 0x0000000081900000|100%|HC|  |TAMS 0x0000000081900000, 0x0000000081800000| Complete 
|  25|0x0000000081900000, 0x0000000081a00000, 0x0000000081a00000|100%| O|  |TAMS 0x0000000081a00000, 0x0000000081900000| Updating 
|  26|0x0000000081a00000, 0x0000000081b00000, 0x0000000081b00000|100%| O|  |TAMS 0x0000000081b00000, 0x0000000081a00000| Updating 
|  27|0x0000000081b00000, 0x0000000081c00000, 0x0000000081c00000|100%| O|  |TAMS 0x0000000081c00000, 0x0000000081b00000| Updating 
|  28|0x0000000081c00000, 0x0000000081d00000, 0x0000000081d00000|100%| O|  |TAMS 0x0000000081d00000, 0x0000000081c00000| Updating 
|  29|0x0000000081d00000, 0x0000000081e00000, 0x0000000081e00000|100%| O|  |TAMS 0x0000000081e00000, 0x0000000081d00000| Updating 
|  30|0x0000000081e00000, 0x0000000081f00000, 0x0000000081f00000|100%| O|  |TAMS 0x0000000081f00000, 0x0000000081e00000| Updating 
|  31|0x0000000081f00000, 0x0000000082000000, 0x0000000082000000|100%| O|  |TAMS 0x0000000082000000, 0x0000000081f00000| Updating 
|  32|0x0000000082000000, 0x0000000082100000, 0x0000000082100000|100%| O|  |TAMS 0x0000000082100000, 0x0000000082000000| Updating 
|  33|0x0000000082100000, 0x0000000082200000, 0x0000000082200000|100%| O|  |TAMS 0x0000000082200000, 0x0000000082100000| Updating 
|  34|0x0000000082200000, 0x0000000082300000, 0x0000000082300000|100%| O|  |TAMS 0x0000000082300000, 0x0000000082200000| Updating 
|  35|0x0000000082300000, 0x0000000082400000, 0x0000000082400000|100%| O|  |TAMS 0x0000000082400000, 0x0000000082300000| Updating 
|  36|0x0000000082400000, 0x0000000082400000, 0x0000000082500000|  0%| F|  |TAMS 0x0000000082400000, 0x0000000082400000| Untracked 
|  37|0x0000000082500000, 0x0000000082600000, 0x0000000082600000|100%| O|  |TAMS 0x0000000082600000, 0x0000000082500000| Updating 
|  38|0x0000000082600000, 0x0000000082700000, 0x0000000082700000|100%| O|  |TAMS 0x0000000082700000, 0x0000000082600000| Updating 
|  39|0x0000000082700000, 0x0000000082800000, 0x0000000082800000|100%| O|  |TAMS 0x0000000082800000, 0x0000000082700000| Updating 
|  40|0x0000000082800000, 0x0000000082900000, 0x0000000082900000|100%| O|  |TAMS 0x0000000082900000, 0x0000000082800000| Updating 
|  41|0x0000000082900000, 0x0000000082a00000, 0x0000000082a00000|100%| O|  |TAMS 0x0000000082a00000, 0x0000000082900000| Updating 
|  42|0x0000000082a00000, 0x0000000082b00000, 0x0000000082b00000|100%| O|  |TAMS 0x0000000082b00000, 0x0000000082a00000| Updating 
|  43|0x0000000082b00000, 0x0000000082b00000, 0x0000000082c00000|  0%| F|  |TAMS 0x0000000082b00000, 0x0000000082b00000| Untracked 
|  44|0x0000000082c00000, 0x0000000082d00000, 0x0000000082d00000|100%|HS|  |TAMS 0x0000000082d00000, 0x0000000082c00000| Complete 
|  45|0x0000000082d00000, 0x0000000082e00000, 0x0000000082e00000|100%|HC|  |TAMS 0x0000000082e00000, 0x0000000082d00000| Complete 
|  46|0x0000000082e00000, 0x0000000082f00000, 0x0000000082f00000|100%|HC|  |TAMS 0x0000000082f00000, 0x0000000082e00000| Complete 
|  47|0x0000000082f00000, 0x0000000083000000, 0x0000000083000000|100%| O|  |TAMS 0x0000000083000000, 0x0000000082f00000| Updating 
|  48|0x0000000083000000, 0x0000000083000000, 0x0000000083100000|  0%| F|  |TAMS 0x0000000083000000, 0x0000000083000000| Untracked 
|  49|0x0000000083100000, 0x0000000083100000, 0x0000000083200000|  0%| F|  |TAMS 0x0000000083100000, 0x0000000083100000| Untracked 
|  50|0x0000000083200000, 0x0000000083300000, 0x0000000083300000|100%|HS|  |TAMS 0x0000000083300000, 0x0000000083200000| Complete 
|  51|0x0000000083300000, 0x0000000083400000, 0x0000000083400000|100%|HC|  |TAMS 0x0000000083400000, 0x0000000083300000| Complete 
|  52|0x0000000083400000, 0x0000000083500000, 0x0000000083500000|100%| O|  |TAMS 0x0000000083500000, 0x0000000083400000| Updating 
|  53|0x0000000083500000, 0x0000000083600000, 0x0000000083600000|100%| O|  |TAMS 0x0000000083600000, 0x0000000083500000| Updating 
|  54|0x0000000083600000, 0x0000000083700000, 0x0000000083700000|100%| O|  |TAMS 0x0000000083700000, 0x0000000083600000| Updating 
|  55|0x0000000083700000, 0x0000000083800000, 0x0000000083800000|100%| O|  |TAMS 0x0000000083800000, 0x0000000083700000| Updating 
|  56|0x0000000083800000, 0x0000000083900000, 0x0000000083900000|100%| O|  |TAMS 0x0000000083900000, 0x0000000083800000| Updating 
|  57|0x0000000083900000, 0x0000000083a00000, 0x0000000083a00000|100%| O|  |TAMS 0x0000000083a00000, 0x0000000083900000| Updating 
|  58|0x0000000083a00000, 0x0000000083b00000, 0x0000000083b00000|100%| O|  |TAMS 0x0000000083b00000, 0x0000000083a00000| Updating 
|  59|0x0000000083b00000, 0x0000000083c00000, 0x0000000083c00000|100%| O|  |TAMS 0x0000000083c00000, 0x0000000083b00000| Updating 
|  60|0x0000000083c00000, 0x0000000083d00000, 0x0000000083d00000|100%| O|  |TAMS 0x0000000083d00000, 0x0000000083c00000| Updating 
|  61|0x0000000083d00000, 0x0000000083e00000, 0x0000000083e00000|100%| O|  |TAMS 0x0000000083e00000, 0x0000000083d00000| Updating 
|  62|0x0000000083e00000, 0x0000000083f00000, 0x0000000083f00000|100%| O|  |TAMS 0x0000000083f00000, 0x0000000083e00000| Updating 
|  63|0x0000000083f00000, 0x0000000084000000, 0x0000000084000000|100%| O|  |TAMS 0x0000000084000000, 0x0000000083f00000| Updating 
|  64|0x0000000084000000, 0x0000000084100000, 0x0000000084100000|100%| O|  |TAMS 0x0000000084100000, 0x0000000084000000| Updating 
|  65|0x0000000084100000, 0x0000000084200000, 0x0000000084200000|100%| O|  |TAMS 0x0000000084200000, 0x0000000084100000| Updating 
|  66|0x0000000084200000, 0x0000000084300000, 0x0000000084300000|100%| O|  |TAMS 0x0000000084300000, 0x0000000084200000| Updating 
|  67|0x0000000084300000, 0x0000000084400000, 0x0000000084400000|100%| O|  |TAMS 0x0000000084400000, 0x0000000084300000| Updating 
|  68|0x0000000084400000, 0x0000000084500000, 0x0000000084500000|100%| O|  |TAMS 0x0000000084500000, 0x0000000084400000| Updating 
|  69|0x0000000084500000, 0x0000000084600000, 0x0000000084600000|100%| O|  |TAMS 0x0000000084600000, 0x0000000084500000| Updating 
|  70|0x0000000084600000, 0x0000000084700000, 0x0000000084700000|100%| O|  |TAMS 0x0000000084700000, 0x0000000084600000| Updating 
|  71|0x0000000084700000, 0x0000000084800000, 0x0000000084800000|100%| O|  |TAMS 0x0000000084800000, 0x0000000084700000| Updating 
|  72|0x0000000084800000, 0x0000000084900000, 0x0000000084900000|100%| O|  |TAMS 0x0000000084900000, 0x0000000084800000| Updating 
|  73|0x0000000084900000, 0x0000000084a00000, 0x0000000084a00000|100%| O|  |TAMS 0x0000000084a00000, 0x0000000084900000| Updating 
|  74|0x0000000084a00000, 0x0000000084b00000, 0x0000000084b00000|100%| O|  |TAMS 0x0000000084b00000, 0x0000000084a00000| Updating 
|  75|0x0000000084b00000, 0x0000000084c00000, 0x0000000084c00000|100%| O|  |TAMS 0x0000000084c00000, 0x0000000084b00000| Updating 
|  76|0x0000000084c00000, 0x0000000084d00000, 0x0000000084d00000|100%| O|  |TAMS 0x0000000084d00000, 0x0000000084c00000| Updating 
|  77|0x0000000084d00000, 0x0000000084e00000, 0x0000000084e00000|100%| O|  |TAMS 0x0000000084e00000, 0x0000000084d00000| Updating 
|  78|0x0000000084e00000, 0x0000000084f00000, 0x0000000084f00000|100%| O|  |TAMS 0x0000000084f00000, 0x0000000084e00000| Updating 
|  79|0x0000000084f00000, 0x0000000085000000, 0x0000000085000000|100%| O|  |TAMS 0x0000000085000000, 0x0000000084f00000| Updating 
|  80|0x0000000085000000, 0x0000000085100000, 0x0000000085100000|100%| O|  |TAMS 0x0000000085100000, 0x0000000085000000| Updating 
|  81|0x0000000085100000, 0x0000000085200000, 0x0000000085200000|100%| O|  |TAMS 0x0000000085200000, 0x0000000085100000| Updating 
|  82|0x0000000085200000, 0x0000000085300000, 0x0000000085300000|100%| O|  |TAMS 0x0000000085300000, 0x0000000085200000| Updating 
|  83|0x0000000085300000, 0x0000000085400000, 0x0000000085400000|100%| O|  |TAMS 0x0000000085400000, 0x0000000085300000| Updating 
|  84|0x0000000085400000, 0x0000000085500000, 0x0000000085500000|100%| O|  |TAMS 0x0000000085500000, 0x0000000085400000| Updating 
|  85|0x0000000085500000, 0x0000000085600000, 0x0000000085600000|100%| O|  |TAMS 0x0000000085600000, 0x0000000085500000| Updating 
|  86|0x0000000085600000, 0x0000000085700000, 0x0000000085700000|100%| O|  |TAMS 0x0000000085700000, 0x0000000085600000| Updating 
|  87|0x0000000085700000, 0x0000000085800000, 0x0000000085800000|100%| O|  |TAMS 0x0000000085800000, 0x0000000085700000| Updating 
|  88|0x0000000085800000, 0x0000000085900000, 0x0000000085900000|100%| O|  |TAMS 0x0000000085900000, 0x0000000085800000| Updating 
|  89|0x0000000085900000, 0x0000000085a00000, 0x0000000085a00000|100%| O|  |TAMS 0x0000000085a00000, 0x0000000085900000| Updating 
|  90|0x0000000085a00000, 0x0000000085b00000, 0x0000000085b00000|100%| O|  |TAMS 0x0000000085b00000, 0x0000000085a00000| Updating 
|  91|0x0000000085b00000, 0x0000000085c00000, 0x0000000085c00000|100%| O|  |TAMS 0x0000000085c00000, 0x0000000085b00000| Updating 
|  92|0x0000000085c00000, 0x0000000085d00000, 0x0000000085d00000|100%| O|  |TAMS 0x0000000085d00000, 0x0000000085c00000| Updating 
|  93|0x0000000085d00000, 0x0000000085d00000, 0x0000000085e00000|  0%| F|  |TAMS 0x0000000085d00000, 0x0000000085d00000| Untracked 
|  94|0x0000000085e00000, 0x0000000085e00000, 0x0000000085f00000|  0%| F|  |TAMS 0x0000000085e00000, 0x0000000085e00000| Untracked 
|  95|0x0000000085f00000, 0x0000000085f00000, 0x0000000086000000|  0%| F|  |TAMS 0x0000000085f00000, 0x0000000085f00000| Untracked 
|  96|0x0000000086000000, 0x0000000086100000, 0x0000000086100000|100%| O|  |TAMS 0x0000000086100000, 0x0000000086000000| Updating 
|  97|0x0000000086100000, 0x0000000086200000, 0x0000000086200000|100%| O|  |TAMS 0x0000000086200000, 0x0000000086100000| Updating 
|  98|0x0000000086200000, 0x0000000086300000, 0x0000000086300000|100%| O|  |TAMS 0x0000000086300000, 0x0000000086200000| Updating 
|  99|0x0000000086300000, 0x0000000086400000, 0x0000000086400000|100%| O|  |TAMS 0x0000000086400000, 0x0000000086300000| Updating 
| 100|0x0000000086400000, 0x0000000086500000, 0x0000000086500000|100%| O|  |TAMS 0x0000000086500000, 0x0000000086400000| Updating 
| 101|0x0000000086500000, 0x0000000086600000, 0x0000000086600000|100%| O|  |TAMS 0x0000000086600000, 0x0000000086500000| Updating 
| 102|0x0000000086600000, 0x0000000086700000, 0x0000000086700000|100%| O|  |TAMS 0x0000000086700000, 0x0000000086600000| Updating 
| 103|0x0000000086700000, 0x0000000086800000, 0x0000000086800000|100%|HS|  |TAMS 0x0000000086800000, 0x0000000086700000| Complete 
| 104|0x0000000086800000, 0x0000000086900000, 0x0000000086900000|100%|HC|  |TAMS 0x0000000086900000, 0x0000000086800000| Complete 
| 105|0x0000000086900000, 0x0000000086900000, 0x0000000086a00000|  0%| F|  |TAMS 0x0000000086900000, 0x0000000086900000| Untracked 
| 106|0x0000000086a00000, 0x0000000086b00000, 0x0000000086b00000|100%| O|  |TAMS 0x0000000086b00000, 0x0000000086a00000| Updating 
| 107|0x0000000086b00000, 0x0000000086c00000, 0x0000000086c00000|100%| O|  |TAMS 0x0000000086c00000, 0x0000000086b00000| Updating 
| 108|0x0000000086c00000, 0x0000000086d00000, 0x0000000086d00000|100%| O|  |TAMS 0x0000000086d00000, 0x0000000086c00000| Updating 
| 109|0x0000000086d00000, 0x0000000086d00000, 0x0000000086e00000|  0%| F|  |TAMS 0x0000000086d00000, 0x0000000086d00000| Untracked 
| 110|0x0000000086e00000, 0x0000000086e00000, 0x0000000086f00000|  0%| F|  |TAMS 0x0000000086e00000, 0x0000000086e00000| Untracked 
| 111|0x0000000086f00000, 0x0000000087000000, 0x0000000087000000|100%| O|  |TAMS 0x0000000087000000, 0x0000000086f00000| Updating 
| 112|0x0000000087000000, 0x0000000087100000, 0x0000000087100000|100%| O|  |TAMS 0x0000000087100000, 0x0000000087000000| Updating 
| 113|0x0000000087100000, 0x0000000087100000, 0x0000000087200000|  0%| F|  |TAMS 0x0000000087100000, 0x0000000087100000| Untracked 
| 114|0x0000000087200000, 0x0000000087300000, 0x0000000087300000|100%| O|  |TAMS 0x0000000087300000, 0x0000000087200000| Updating 
| 115|0x0000000087300000, 0x0000000087300000, 0x0000000087400000|  0%| F|  |TAMS 0x0000000087300000, 0x0000000087300000| Untracked 
| 116|0x0000000087400000, 0x0000000087500000, 0x0000000087500000|100%| O|  |TAMS 0x0000000087500000, 0x0000000087400000| Updating 
| 117|0x0000000087500000, 0x0000000087600000, 0x0000000087600000|100%| O|  |TAMS 0x0000000087600000, 0x0000000087500000| Updating 
| 118|0x0000000087600000, 0x0000000087700000, 0x0000000087700000|100%| O|  |TAMS 0x0000000087700000, 0x0000000087600000| Updating 
| 119|0x0000000087700000, 0x0000000087800000, 0x0000000087800000|100%| O|  |TAMS 0x0000000087800000, 0x0000000087700000| Updating 
| 120|0x0000000087800000, 0x0000000087900000, 0x0000000087900000|100%| O|  |TAMS 0x0000000087900000, 0x0000000087800000| Updating 
| 121|0x0000000087900000, 0x0000000087a00000, 0x0000000087a00000|100%| O|  |TAMS 0x0000000087a00000, 0x0000000087900000| Updating 
| 122|0x0000000087a00000, 0x0000000087b00000, 0x0000000087b00000|100%| O|  |TAMS 0x0000000087b00000, 0x0000000087a00000| Updating 
| 123|0x0000000087b00000, 0x0000000087c00000, 0x0000000087c00000|100%| O|  |TAMS 0x0000000087c00000, 0x0000000087b00000| Updating 
| 124|0x0000000087c00000, 0x0000000087d00000, 0x0000000087d00000|100%| O|  |TAMS 0x0000000087d00000, 0x0000000087c00000| Updating 
| 125|0x0000000087d00000, 0x0000000087e00000, 0x0000000087e00000|100%| O|  |TAMS 0x0000000087e00000, 0x0000000087d00000| Updating 
| 126|0x0000000087e00000, 0x0000000087f00000, 0x0000000087f00000|100%| O|  |TAMS 0x0000000087f00000, 0x0000000087e00000| Updating 
| 127|0x0000000087f00000, 0x0000000088000000, 0x0000000088000000|100%| O|  |TAMS 0x0000000088000000, 0x0000000087f00000| Updating 
| 128|0x0000000088000000, 0x0000000088100000, 0x0000000088100000|100%| O|  |TAMS 0x0000000088100000, 0x0000000088000000| Updating 
| 129|0x0000000088100000, 0x0000000088100000, 0x0000000088200000|  0%| F|  |TAMS 0x0000000088100000, 0x0000000088100000| Untracked 
| 130|0x0000000088200000, 0x0000000088300000, 0x0000000088300000|100%| O|  |TAMS 0x0000000088300000, 0x0000000088200000| Updating 
| 131|0x0000000088300000, 0x0000000088400000, 0x0000000088400000|100%| O|  |TAMS 0x0000000088400000, 0x0000000088300000| Updating 
| 132|0x0000000088400000, 0x0000000088500000, 0x0000000088500000|100%| O|  |TAMS 0x0000000088500000, 0x0000000088400000| Updating 
| 133|0x0000000088500000, 0x0000000088500000, 0x0000000088600000|  0%| F|  |TAMS 0x0000000088500000, 0x0000000088500000| Untracked 
| 134|0x0000000088600000, 0x0000000088700000, 0x0000000088700000|100%| O|  |TAMS 0x0000000088700000, 0x0000000088600000| Updating 
| 135|0x0000000088700000, 0x0000000088800000, 0x0000000088800000|100%| O|  |TAMS 0x0000000088800000, 0x0000000088700000| Updating 
| 136|0x0000000088800000, 0x0000000088900000, 0x0000000088900000|100%| O|  |TAMS 0x0000000088900000, 0x0000000088800000| Updating 
| 137|0x0000000088900000, 0x0000000088a00000, 0x0000000088a00000|100%| O|  |TAMS 0x0000000088a00000, 0x0000000088900000| Updating 
| 138|0x0000000088a00000, 0x0000000088b00000, 0x0000000088b00000|100%| O|  |TAMS 0x0000000088b00000, 0x0000000088a00000| Updating 
| 139|0x0000000088b00000, 0x0000000088c00000, 0x0000000088c00000|100%| O|  |TAMS 0x0000000088c00000, 0x0000000088b00000| Updating 
| 140|0x0000000088c00000, 0x0000000088d00000, 0x0000000088d00000|100%| O|  |TAMS 0x0000000088d00000, 0x0000000088c00000| Updating 
| 141|0x0000000088d00000, 0x0000000088d00000, 0x0000000088e00000|  0%| F|  |TAMS 0x0000000088d00000, 0x0000000088d00000| Untracked 
| 142|0x0000000088e00000, 0x0000000088f00000, 0x0000000088f00000|100%| O|  |TAMS 0x0000000088f00000, 0x0000000088e00000| Updating 
| 143|0x0000000088f00000, 0x0000000088f00000, 0x0000000089000000|  0%| F|  |TAMS 0x0000000088f00000, 0x0000000088f00000| Untracked 
| 144|0x0000000089000000, 0x0000000089000000, 0x0000000089100000|  0%| F|  |TAMS 0x0000000089000000, 0x0000000089000000| Untracked 
| 145|0x0000000089100000, 0x0000000089100000, 0x0000000089200000|  0%| F|  |TAMS 0x0000000089100000, 0x0000000089100000| Untracked 
| 146|0x0000000089200000, 0x0000000089200000, 0x0000000089300000|  0%| F|  |TAMS 0x0000000089200000, 0x0000000089200000| Untracked 
| 147|0x0000000089300000, 0x0000000089400000, 0x0000000089400000|100%| O|  |TAMS 0x0000000089400000, 0x0000000089300000| Updating 
| 148|0x0000000089400000, 0x0000000089400000, 0x0000000089500000|  0%| F|  |TAMS 0x0000000089400000, 0x0000000089400000| Untracked 
| 149|0x0000000089500000, 0x0000000089500000, 0x0000000089600000|  0%| F|  |TAMS 0x0000000089500000, 0x0000000089500000| Untracked 
| 150|0x0000000089600000, 0x0000000089600000, 0x0000000089700000|  0%| F|  |TAMS 0x0000000089600000, 0x0000000089600000| Untracked 
| 151|0x0000000089700000, 0x0000000089800000, 0x0000000089800000|100%| O|  |TAMS 0x0000000089800000, 0x0000000089700000| Updating 
| 152|0x0000000089800000, 0x0000000089900000, 0x0000000089900000|100%| O|  |TAMS 0x0000000089900000, 0x0000000089800000| Updating 
| 153|0x0000000089900000, 0x0000000089a00000, 0x0000000089a00000|100%| O|  |TAMS 0x0000000089a00000, 0x0000000089900000| Updating 
| 154|0x0000000089a00000, 0x0000000089b00000, 0x0000000089b00000|100%| O|  |TAMS 0x0000000089b00000, 0x0000000089a00000| Updating 
| 155|0x0000000089b00000, 0x0000000089c00000, 0x0000000089c00000|100%| O|  |TAMS 0x0000000089c00000, 0x0000000089b00000| Updating 
| 156|0x0000000089c00000, 0x0000000089d00000, 0x0000000089d00000|100%| O|  |TAMS 0x0000000089d00000, 0x0000000089c00000| Updating 
| 157|0x0000000089d00000, 0x0000000089e00000, 0x0000000089e00000|100%| O|  |TAMS 0x0000000089e00000, 0x0000000089d00000| Updating 
| 158|0x0000000089e00000, 0x0000000089f00000, 0x0000000089f00000|100%| O|  |TAMS 0x0000000089f00000, 0x0000000089e00000| Updating 
| 159|0x0000000089f00000, 0x0000000089fa5200, 0x000000008a000000| 64%| O|  |TAMS 0x0000000089fa5200, 0x0000000089f00000| Updating 
| 160|0x000000008a000000, 0x000000008a000000, 0x000000008a100000|  0%| F|  |TAMS 0x000000008a000000, 0x000000008a000000| Untracked 
| 161|0x000000008a100000, 0x000000008a100000, 0x000000008a200000|  0%| F|  |TAMS 0x000000008a100000, 0x000000008a100000| Untracked 
| 162|0x000000008a200000, 0x000000008a200000, 0x000000008a300000|  0%| F|  |TAMS 0x000000008a200000, 0x000000008a200000| Untracked 
| 163|0x000000008a300000, 0x000000008a300000, 0x000000008a400000|  0%| F|  |TAMS 0x000000008a300000, 0x000000008a300000| Untracked 
| 164|0x000000008a400000, 0x000000008a400000, 0x000000008a500000|  0%| F|  |TAMS 0x000000008a400000, 0x000000008a400000| Untracked 
| 165|0x000000008a500000, 0x000000008a500000, 0x000000008a600000|  0%| F|  |TAMS 0x000000008a500000, 0x000000008a500000| Untracked 
| 166|0x000000008a600000, 0x000000008a600000, 0x000000008a700000|  0%| F|  |TAMS 0x000000008a600000, 0x000000008a600000| Untracked 
| 167|0x000000008a700000, 0x000000008a700000, 0x000000008a800000|  0%| F|  |TAMS 0x000000008a700000, 0x000000008a700000| Untracked 
| 168|0x000000008a800000, 0x000000008a800000, 0x000000008a900000|  0%| F|  |TAMS 0x000000008a800000, 0x000000008a800000| Untracked 
| 169|0x000000008a900000, 0x000000008a900000, 0x000000008aa00000|  0%| F|  |TAMS 0x000000008a900000, 0x000000008a900000| Untracked 
| 170|0x000000008aa00000, 0x000000008aa00000, 0x000000008ab00000|  0%| F|  |TAMS 0x000000008aa00000, 0x000000008aa00000| Untracked 
| 171|0x000000008ab00000, 0x000000008ab00000, 0x000000008ac00000|  0%| F|  |TAMS 0x000000008ab00000, 0x000000008ab00000| Untracked 
| 172|0x000000008ac00000, 0x000000008ac00000, 0x000000008ad00000|  0%| F|  |TAMS 0x000000008ac00000, 0x000000008ac00000| Untracked 
| 173|0x000000008ad00000, 0x000000008ad00000, 0x000000008ae00000|  0%| F|  |TAMS 0x000000008ad00000, 0x000000008ad00000| Untracked 
| 174|0x000000008ae00000, 0x000000008ae00000, 0x000000008af00000|  0%| F|  |TAMS 0x000000008ae00000, 0x000000008ae00000| Untracked 
| 175|0x000000008af00000, 0x000000008af00000, 0x000000008b000000|  0%| F|  |TAMS 0x000000008af00000, 0x000000008af00000| Untracked 
| 176|0x000000008b000000, 0x000000008b0b60c0, 0x000000008b100000| 71%| S|CS|TAMS 0x000000008b000000, 0x000000008b000000| Complete 
| 177|0x000000008b100000, 0x000000008b200000, 0x000000008b200000|100%| S|CS|TAMS 0x000000008b100000, 0x000000008b100000| Complete 
| 178|0x000000008b200000, 0x000000008b300000, 0x000000008b300000|100%| S|CS|TAMS 0x000000008b200000, 0x000000008b200000| Complete 
| 179|0x000000008b300000, 0x000000008b400000, 0x000000008b400000|100%| S|CS|TAMS 0x000000008b300000, 0x000000008b300000| Complete 
| 180|0x000000008b400000, 0x000000008b500000, 0x000000008b500000|100%| S|CS|TAMS 0x000000008b400000, 0x000000008b400000| Complete 
| 181|0x000000008b500000, 0x000000008b600000, 0x000000008b600000|100%| S|CS|TAMS 0x000000008b500000, 0x000000008b500000| Complete 
| 182|0x000000008b600000, 0x000000008b600000, 0x000000008b700000|  0%| F|  |TAMS 0x000000008b600000, 0x000000008b600000| Untracked 
| 183|0x000000008b700000, 0x000000008b700000, 0x000000008b800000|  0%| F|  |TAMS 0x000000008b700000, 0x000000008b700000| Untracked 
| 184|0x000000008b800000, 0x000000008b800000, 0x000000008b900000|  0%| F|  |TAMS 0x000000008b800000, 0x000000008b800000| Untracked 
| 185|0x000000008b900000, 0x000000008b900000, 0x000000008ba00000|  0%| F|  |TAMS 0x000000008b900000, 0x000000008b900000| Untracked 
| 186|0x000000008ba00000, 0x000000008ba00000, 0x000000008bb00000|  0%| F|  |TAMS 0x000000008ba00000, 0x000000008ba00000| Untracked 
| 187|0x000000008bb00000, 0x000000008bb00000, 0x000000008bc00000|  0%| F|  |TAMS 0x000000008bb00000, 0x000000008bb00000| Untracked 
| 188|0x000000008bc00000, 0x000000008bc00000, 0x000000008bd00000|  0%| F|  |TAMS 0x000000008bc00000, 0x000000008bc00000| Untracked 
| 189|0x000000008bd00000, 0x000000008bd00000, 0x000000008be00000|  0%| F|  |TAMS 0x000000008bd00000, 0x000000008bd00000| Untracked 
| 190|0x000000008be00000, 0x000000008be00000, 0x000000008bf00000|  0%| F|  |TAMS 0x000000008be00000, 0x000000008be00000| Untracked 
| 191|0x000000008bf00000, 0x000000008bf00000, 0x000000008c000000|  0%| F|  |TAMS 0x000000008bf00000, 0x000000008bf00000| Untracked 
| 192|0x000000008c000000, 0x000000008c000000, 0x000000008c100000|  0%| F|  |TAMS 0x000000008c000000, 0x000000008c000000| Untracked 
| 193|0x000000008c100000, 0x000000008c100000, 0x000000008c200000|  0%| F|  |TAMS 0x000000008c100000, 0x000000008c100000| Untracked 
| 194|0x000000008c200000, 0x000000008c200000, 0x000000008c300000|  0%| F|  |TAMS 0x000000008c200000, 0x000000008c200000| Untracked 
| 195|0x000000008c300000, 0x000000008c300000, 0x000000008c400000|  0%| F|  |TAMS 0x000000008c300000, 0x000000008c300000| Untracked 
| 196|0x000000008c400000, 0x000000008c400000, 0x000000008c500000|  0%| F|  |TAMS 0x000000008c400000, 0x000000008c400000| Untracked 
| 197|0x000000008c500000, 0x000000008c500000, 0x000000008c600000|  0%| F|  |TAMS 0x000000008c500000, 0x000000008c500000| Untracked 
| 198|0x000000008c600000, 0x000000008c600000, 0x000000008c700000|  0%| F|  |TAMS 0x000000008c600000, 0x000000008c600000| Untracked 
| 199|0x000000008c700000, 0x000000008c7671d0, 0x000000008c800000| 40%| E|  |TAMS 0x000000008c700000, 0x000000008c700000| Complete 
| 200|0x000000008c800000, 0x000000008c900000, 0x000000008c900000|100%| E|CS|TAMS 0x000000008c800000, 0x000000008c800000| Complete 
| 201|0x000000008c900000, 0x000000008ca00000, 0x000000008ca00000|100%| E|CS|TAMS 0x000000008c900000, 0x000000008c900000| Complete 
| 202|0x000000008ca00000, 0x000000008cb00000, 0x000000008cb00000|100%| E|CS|TAMS 0x000000008ca00000, 0x000000008ca00000| Complete 
| 203|0x000000008cb00000, 0x000000008cc00000, 0x000000008cc00000|100%| E|CS|TAMS 0x000000008cb00000, 0x000000008cb00000| Complete 
| 204|0x000000008cc00000, 0x000000008cd00000, 0x000000008cd00000|100%| E|CS|TAMS 0x000000008cc00000, 0x000000008cc00000| Complete 
| 205|0x000000008cd00000, 0x000000008ce00000, 0x000000008ce00000|100%| E|CS|TAMS 0x000000008cd00000, 0x000000008cd00000| Complete 
| 206|0x000000008ce00000, 0x000000008cf00000, 0x000000008cf00000|100%| E|CS|TAMS 0x000000008ce00000, 0x000000008ce00000| Complete 
| 207|0x000000008cf00000, 0x000000008d000000, 0x000000008d000000|100%| E|CS|TAMS 0x000000008cf00000, 0x000000008cf00000| Complete 
| 208|0x000000008d000000, 0x000000008d100000, 0x000000008d100000|100%| E|CS|TAMS 0x000000008d000000, 0x000000008d000000| Complete 
| 209|0x000000008d100000, 0x000000008d200000, 0x000000008d200000|100%| E|CS|TAMS 0x000000008d100000, 0x000000008d100000| Complete 
| 210|0x000000008d200000, 0x000000008d300000, 0x000000008d300000|100%| E|CS|TAMS 0x000000008d200000, 0x000000008d200000| Complete 
| 211|0x000000008d300000, 0x000000008d400000, 0x000000008d400000|100%| E|CS|TAMS 0x000000008d300000, 0x000000008d300000| Complete 
| 212|0x000000008d400000, 0x000000008d500000, 0x000000008d500000|100%| E|CS|TAMS 0x000000008d400000, 0x000000008d400000| Complete 
| 213|0x000000008d500000, 0x000000008d600000, 0x000000008d600000|100%| E|CS|TAMS 0x000000008d500000, 0x000000008d500000| Complete 
| 214|0x000000008d600000, 0x000000008d700000, 0x000000008d700000|100%| E|CS|TAMS 0x000000008d600000, 0x000000008d600000| Complete 
| 215|0x000000008d700000, 0x000000008d800000, 0x000000008d800000|100%| E|CS|TAMS 0x000000008d700000, 0x000000008d700000| Complete 
| 216|0x000000008d800000, 0x000000008d900000, 0x000000008d900000|100%| E|CS|TAMS 0x000000008d800000, 0x000000008d800000| Complete 
| 217|0x000000008d900000, 0x000000008da00000, 0x000000008da00000|100%| E|CS|TAMS 0x000000008d900000, 0x000000008d900000| Complete 
| 218|0x000000008da00000, 0x000000008db00000, 0x000000008db00000|100%| E|CS|TAMS 0x000000008da00000, 0x000000008da00000| Complete 
| 219|0x000000008db00000, 0x000000008dc00000, 0x000000008dc00000|100%| E|CS|TAMS 0x000000008db00000, 0x000000008db00000| Complete 
| 220|0x000000008dc00000, 0x000000008dd00000, 0x000000008dd00000|100%| E|CS|TAMS 0x000000008dc00000, 0x000000008dc00000| Complete 
| 221|0x000000008dd00000, 0x000000008de00000, 0x000000008de00000|100%| E|CS|TAMS 0x000000008dd00000, 0x000000008dd00000| Complete 
| 222|0x000000008de00000, 0x000000008df00000, 0x000000008df00000|100%| E|CS|TAMS 0x000000008de00000, 0x000000008de00000| Complete 
| 223|0x000000008df00000, 0x000000008e000000, 0x000000008e000000|100%| E|CS|TAMS 0x000000008df00000, 0x000000008df00000| Complete 
| 224|0x000000008e000000, 0x000000008e100000, 0x000000008e100000|100%| E|CS|TAMS 0x000000008e000000, 0x000000008e000000| Complete 
| 225|0x000000008e100000, 0x000000008e200000, 0x000000008e200000|100%| E|CS|TAMS 0x000000008e100000, 0x000000008e100000| Complete 
| 226|0x000000008e200000, 0x000000008e300000, 0x000000008e300000|100%| E|CS|TAMS 0x000000008e200000, 0x000000008e200000| Complete 
| 227|0x000000008e300000, 0x000000008e400000, 0x000000008e400000|100%| E|CS|TAMS 0x000000008e300000, 0x000000008e300000| Complete 
| 228|0x000000008e400000, 0x000000008e500000, 0x000000008e500000|100%| E|CS|TAMS 0x000000008e400000, 0x000000008e400000| Complete 
| 229|0x000000008e500000, 0x000000008e600000, 0x000000008e600000|100%| E|CS|TAMS 0x000000008e500000, 0x000000008e500000| Complete 
| 230|0x000000008e600000, 0x000000008e700000, 0x000000008e700000|100%| E|CS|TAMS 0x000000008e600000, 0x000000008e600000| Complete 
| 231|0x000000008e700000, 0x000000008e800000, 0x000000008e800000|100%| E|CS|TAMS 0x000000008e700000, 0x000000008e700000| Complete 
| 232|0x000000008e800000, 0x000000008e900000, 0x000000008e900000|100%| E|CS|TAMS 0x000000008e800000, 0x000000008e800000| Complete 
| 233|0x000000008e900000, 0x000000008ea00000, 0x000000008ea00000|100%| E|CS|TAMS 0x000000008e900000, 0x000000008e900000| Complete 
| 234|0x000000008ea00000, 0x000000008eb00000, 0x000000008eb00000|100%| E|CS|TAMS 0x000000008ea00000, 0x000000008ea00000| Complete 
| 235|0x000000008eb00000, 0x000000008ec00000, 0x000000008ec00000|100%| E|CS|TAMS 0x000000008eb00000, 0x000000008eb00000| Complete 
| 236|0x000000008ec00000, 0x000000008ed00000, 0x000000008ed00000|100%| E|CS|TAMS 0x000000008ec00000, 0x000000008ec00000| Complete 
| 237|0x000000008ed00000, 0x000000008ee00000, 0x000000008ee00000|100%| E|CS|TAMS 0x000000008ed00000, 0x000000008ed00000| Complete 
| 238|0x000000008ee00000, 0x000000008ef00000, 0x000000008ef00000|100%| E|CS|TAMS 0x000000008ee00000, 0x000000008ee00000| Complete 
| 239|0x000000008ef00000, 0x000000008f000000, 0x000000008f000000|100%| E|CS|TAMS 0x000000008ef00000, 0x000000008ef00000| Complete 
| 240|0x000000008f000000, 0x000000008f100000, 0x000000008f100000|100%| E|CS|TAMS 0x000000008f000000, 0x000000008f000000| Complete 
| 241|0x000000008f100000, 0x000000008f200000, 0x000000008f200000|100%| E|CS|TAMS 0x000000008f100000, 0x000000008f100000| Complete 

Card table byte_map: [0x0000020fb60a0000,0x0000020fb64a0000] _byte_map_base: 0x0000020fb5ca0000

Marking Bits (Prev, Next): (CMBitMap*) 0x0000020f9e542508, (CMBitMap*) 0x0000020f9e542548
 Prev Bits: [0x0000020fb68a0000, 0x0000020fb88a0000)
 Next Bits: [0x0000020fb88a0000, 0x0000020fba8a0000)

Polling page: 0x0000020f9c4b0000

Metaspace:

Usage:
  Non-class:     92.88 MB capacity,    90.39 MB ( 97%) used,     2.14 MB (  2%) free+waste,   352.63 KB ( <1%) overhead. 
      Class:     15.31 MB capacity,    13.72 MB ( 90%) used,     1.42 MB (  9%) free+waste,   174.25 KB (  1%) overhead. 
       Both:    108.19 MB capacity,   104.11 MB ( 96%) used,     3.56 MB (  3%) free+waste,   526.88 KB ( <1%) overhead. 

Virtual space:
  Non-class space:       94.00 MB reserved,      93.00 MB ( 99%) committed 
      Class space:        1.00 GB reserved,      15.38 MB (  2%) committed 
             Both:        1.09 GB reserved,     108.38 MB ( 10%) committed 

Chunk freelists:
   Non-Class:  63.00 KB
       Class:  33.00 KB
        Both:  96.00 KB

MaxMetaspaceSize: 17179869184.00 GB
CompressedClassSpaceSize: 1.00 GB

CodeHeap 'non-profiled nmethods': size=120000Kb used=8886Kb max_used=9716Kb free=111113Kb
 bounds [0x0000020fae770000, 0x0000020faf0f0000, 0x0000020fb5ca0000]
CodeHeap 'profiled nmethods': size=120000Kb used=32225Kb max_used=32225Kb free=87774Kb
 bounds [0x0000020fa7240000, 0x0000020fa91c0000, 0x0000020fae770000]
CodeHeap 'non-nmethods': size=5760Kb used=2463Kb max_used=2507Kb free=3296Kb
 bounds [0x0000020fa6ca0000, 0x0000020fa6f30000, 0x0000020fa7240000]
 total_blobs=23476 nmethods=14697 adapters=877
 compilation: enabled
              stopped_count=0, restarted_count=0
 full_count=0

Compilation events (20 events):
Event: 159.104 Thread 0x0000020fbcd80000 17426       3       com.android.tools.r8.ir.conversion.N::a (150 bytes)
Event: 159.105 Thread 0x0000020fbcd80000 nmethod 17426 0x0000020fa91a6590 code [0x0000020fa91a6840, 0x0000020fa91a77d8]
Event: 159.105 Thread 0x0000020fbcd80000 17433       1       com.android.tools.r8.r.n.P::l (2 bytes)
Event: 159.106 Thread 0x0000020fbcd80000 nmethod 17433 0x0000020faecc6910 code [0x0000020faecc6aa0, 0x0000020faecc6b78]
Event: 159.106 Thread 0x0000020fbcd80000 17428       1       com.android.tools.r8.u.b.V::B2 (3 bytes)
Event: 159.106 Thread 0x0000020fbcd80000 nmethod 17428 0x0000020faecc6610 code [0x0000020faecc67a0, 0x0000020faecc6878]
Event: 159.106 Thread 0x0000020fbcd80000 17429       1       com.android.tools.r8.u.a.i.a::c (2 bytes)
Event: 159.106 Thread 0x0000020fbcd80000 nmethod 17429 0x0000020faecc6310 code [0x0000020faecc64a0, 0x0000020faecc6578]
Event: 159.106 Thread 0x0000020fbcd80000 17436       3       com.android.tools.r8.graph.B0::c (123 bytes)
Event: 159.108 Thread 0x0000020fbcd80000 nmethod 17436 0x0000020fa91a7d10 code [0x0000020fa91a7f80, 0x0000020fa91a8a78]
Event: 159.110 Thread 0x0000020fbcd80000 17437       3       com.android.tools.r8.graph.B0::a (42 bytes)
Event: 159.111 Thread 0x0000020fbcd80000 nmethod 17437 0x0000020fa91a8d90 code [0x0000020fa91a8f60, 0x0000020fa91a91d8]
Event: 159.111 Thread 0x0000020fbcd80000 17438       3       com.android.tools.r8.graph.B0::a (44 bytes)
Event: 159.111 Thread 0x0000020fbcd80000 nmethod 17438 0x0000020fa91a9310 code [0x0000020fa91a9520, 0x0000020fa91a9a28]
Event: 159.111 Thread 0x0000020fbcd80000 17439       3       com.android.tools.r8.r.n.n::<init> (48 bytes)
Event: 159.112 Thread 0x0000020fbcd80000 nmethod 17439 0x0000020fa91a9d10 code [0x0000020fa91a9ec0, 0x0000020fa91aa178]
Event: 159.113 Thread 0x0000020fbcd80000 17440       1       com.android.tools.r8.u.b.B::A2 (4 bytes)
Event: 159.113 Thread 0x0000020fbcd80000 nmethod 17440 0x0000020faecc6010 code [0x0000020faecc61a0, 0x0000020faecc6278]
Event: 159.114 Thread 0x0000020fbcd80000 17441       3       com.android.tools.r8.ir.conversion.K::a (951 bytes)
Event: 159.131 Thread 0x0000020fbcd80000 nmethod 17441 0x0000020fa91aa290 code [0x0000020fa91ab080, 0x0000020fa91b5608]

GC Heap History (20 events):
Event: 68.169 GC heap before
{Heap before GC invocations=56 (full 0):
 garbage-first heap   total 220160K, used 175244K [0x0000000080000000, 0x0000000100000000)
  region size 1024K, 47 young (48128K), 6 survivors (6144K)
 Metaspace       used 81158K, capacity 84223K, committed 84480K, reserved 1122304K
  class space    used 10837K, capacity 12014K, committed 12032K, reserved 1048576K
}
Event: 68.185 GC heap after
{Heap after GC invocations=57 (full 0):
 garbage-first heap   total 220160K, used 137473K [0x0000000080000000, 0x0000000100000000)
  region size 1024K, 6 young (6144K), 6 survivors (6144K)
 Metaspace       used 81158K, capacity 84223K, committed 84480K, reserved 1122304K
  class space    used 10837K, capacity 12014K, committed 12032K, reserved 1048576K
}
Event: 71.261 GC heap before
{Heap before GC invocations=58 (full 0):
 garbage-first heap   total 239616K, used 175361K [0x0000000080000000, 0x0000000100000000)
  region size 1024K, 45 young (46080K), 6 survivors (6144K)
 Metaspace       used 81976K, capacity 85152K, committed 85376K, reserved 1122304K
  class space    used 10916K, capacity 12087K, committed 12160K, reserved 1048576K
}
Event: 71.278 GC heap after
{Heap after GC invocations=59 (full 0):
 garbage-first heap   total 239616K, used 142602K [0x0000000080000000, 0x0000000100000000)
  region size 1024K, 6 young (6144K), 6 survivors (6144K)
 Metaspace       used 81976K, capacity 85152K, committed 85376K, reserved 1122304K
  class space    used 10916K, capacity 12087K, committed 12160K, reserved 1048576K
}
Event: 71.733 GC heap before
{Heap before GC invocations=59 (full 0):
 garbage-first heap   total 239616K, used 147722K [0x0000000080000000, 0x0000000100000000)
  region size 1024K, 11 young (11264K), 6 survivors (6144K)
 Metaspace       used 82011K, capacity 85152K, committed 85376K, reserved 1122304K
  class space    used 10916K, capacity 12087K, committed 12160K, reserved 1048576K
}
Event: 71.809 GC heap after
{Heap after GC invocations=60 (full 0):
 garbage-first heap   total 239616K, used 131903K [0x0000000080000000, 0x0000000100000000)
  region size 1024K, 2 young (2048K), 2 survivors (2048K)
 Metaspace       used 82011K, capacity 85152K, committed 85376K, reserved 1122304K
  class space    used 10916K, capacity 12087K, committed 12160K, reserved 1048576K
}
Event: 73.656 GC heap before
{Heap before GC invocations=60 (full 0):
 garbage-first heap   total 239616K, used 155455K [0x0000000080000000, 0x0000000100000000)
  region size 1024K, 27 young (27648K), 2 survivors (2048K)
 Metaspace       used 82519K, capacity 85652K, committed 85888K, reserved 1122304K
  class space    used 10960K, capacity 12125K, committed 12160K, reserved 1048576K
}
Event: 73.674 GC heap after
{Heap after GC invocations=61 (full 0):
 garbage-first heap   total 239616K, used 135168K [0x0000000080000000, 0x0000000100000000)
  region size 1024K, 5 young (5120K), 5 survivors (5120K)
 Metaspace       used 82519K, capacity 85652K, committed 85888K, reserved 1122304K
  class space    used 10960K, capacity 12125K, committed 12160K, reserved 1048576K
}
Event: 84.448 GC heap before
{Heap before GC invocations=62 (full 0):
 garbage-first heap   total 247808K, used 196608K [0x0000000080000000, 0x0000000100000000)
  region size 1024K, 58 young (59392K), 5 survivors (5120K)
 Metaspace       used 84651K, capacity 87942K, committed 88192K, reserved 1124352K
  class space    used 11194K, capacity 12396K, committed 12416K, reserved 1048576K
}
Event: 84.463 GC heap after
{Heap after GC invocations=63 (full 0):
 garbage-first heap   total 247808K, used 137246K [0x0000000080000000, 0x0000000100000000)
  region size 1024K, 6 young (6144K), 6 survivors (6144K)
 Metaspace       used 84651K, capacity 87942K, committed 88192K, reserved 1124352K
  class space    used 11194K, capacity 12396K, committed 12416K, reserved 1048576K
}
Event: 150.069 GC heap before
{Heap before GC invocations=63 (full 0):
 garbage-first heap   total 247808K, used 196638K [0x0000000080000000, 0x0000000100000000)
  region size 1024K, 65 young (66560K), 6 survivors (6144K)
 Metaspace       used 88089K, capacity 91548K, committed 91776K, reserved 1128448K
  class space    used 11615K, capacity 12862K, committed 12928K, reserved 1048576K
}
Event: 150.088 GC heap after
{Heap after GC invocations=64 (full 0):
 garbage-first heap   total 247808K, used 140308K [0x0000000080000000, 0x0000000100000000)
  region size 1024K, 7 young (7168K), 7 survivors (7168K)
 Metaspace       used 88089K, capacity 91548K, committed 91776K, reserved 1128448K
  class space    used 11615K, capacity 12862K, committed 12928K, reserved 1048576K
}
Event: 151.788 GC heap before
{Heap before GC invocations=65 (full 0):
 garbage-first heap   total 247808K, used 167956K [0x0000000080000000, 0x0000000100000000)
  region size 1024K, 34 young (34816K), 7 survivors (7168K)
 Metaspace       used 89886K, capacity 93282K, committed 93440K, reserved 1130496K
  class space    used 11800K, capacity 13044K, committed 13056K, reserved 1048576K
}
Event: 151.804 GC heap after
{Heap after GC invocations=66 (full 0):
 garbage-first heap   total 247808K, used 142241K [0x0000000080000000, 0x0000000100000000)
  region size 1024K, 6 young (6144K), 6 survivors (6144K)
 Metaspace       used 89886K, capacity 93282K, committed 93440K, reserved 1130496K
  class space    used 11800K, capacity 13044K, committed 13056K, reserved 1048576K
}
Event: 155.122 GC heap before
{Heap before GC invocations=67 (full 0):
 garbage-first heap   total 247808K, used 204705K [0x0000000080000000, 0x0000000100000000)
  region size 1024K, 63 young (64512K), 6 survivors (6144K)
 Metaspace       used 98381K, capacity 102097K, committed 102400K, reserved 1136640K
  class space    used 12823K, capacity 14212K, committed 14336K, reserved 1048576K
}
Event: 155.142 GC heap after
{Heap after GC invocations=68 (full 0):
 garbage-first heap   total 247808K, used 150191K [0x0000000080000000, 0x0000000100000000)
  region size 1024K, 8 young (8192K), 8 survivors (8192K)
 Metaspace       used 98381K, capacity 102097K, committed 102400K, reserved 1136640K
  class space    used 12823K, capacity 14212K, committed 14336K, reserved 1048576K
}
Event: 155.751 GC heap before
{Heap before GC invocations=68 (full 0):
 garbage-first heap   total 247808K, used 154287K [0x0000000080000000, 0x0000000100000000)
  region size 1024K, 12 young (12288K), 8 survivors (8192K)
 Metaspace       used 99220K, capacity 102853K, committed 103168K, reserved 1138688K
  class space    used 12916K, capacity 14275K, committed 14336K, reserved 1048576K
}
Event: 155.795 GC heap after
{Heap after GC invocations=69 (full 0):
 garbage-first heap   total 247808K, used 138900K [0x0000000080000000, 0x0000000100000000)
  region size 1024K, 1 young (1024K), 1 survivors (1024K)
 Metaspace       used 99220K, capacity 102853K, committed 103168K, reserved 1138688K
  class space    used 12916K, capacity 14275K, committed 14336K, reserved 1048576K
}
Event: 158.564 GC heap before
{Heap before GC invocations=69 (full 0):
 garbage-first heap   total 247808K, used 198292K [0x0000000080000000, 0x0000000100000000)
  region size 1024K, 60 young (61440K), 1 survivors (1024K)
 Metaspace       used 106231K, capacity 110414K, committed 110720K, reserved 1144832K
  class space    used 14057K, capacity 15669K, committed 15744K, reserved 1048576K
}
Event: 158.585 GC heap after
{Heap after GC invocations=70 (full 0):
 garbage-first heap   total 247808K, used 143724K [0x0000000080000000, 0x0000000100000000)
  region size 1024K, 6 young (6144K), 6 survivors (6144K)
 Metaspace       used 106231K, capacity 110414K, committed 110720K, reserved 1144832K
  class space    used 14057K, capacity 15669K, committed 15744K, reserved 1048576K
}

Deoptimization events (20 events):
Event: 158.989 Thread 0x0000020fbfb9e000 DEOPT PACKING pc=0x0000020fa90e4418 sp=0x0000005ba59f9d60
Event: 158.989 Thread 0x0000020fbfb9e000 DEOPT UNPACKING pc=0x0000020fa6ce964e sp=0x0000005ba59f9268 mode 0
Event: 158.989 Thread 0x0000020fbfb9e000 DEOPT PACKING pc=0x0000020fa90e34d1 sp=0x0000005ba59f99f0
Event: 158.989 Thread 0x0000020fbfb9e000 DEOPT UNPACKING pc=0x0000020fa6ce964e sp=0x0000005ba59f8f18 mode 0
Event: 158.991 Thread 0x0000020fbfb9e000 DEOPT PACKING pc=0x0000020fa90e4418 sp=0x0000005ba59fa1e0
Event: 158.991 Thread 0x0000020fbfb9e000 DEOPT UNPACKING pc=0x0000020fa6ce964e sp=0x0000005ba59f96e8 mode 0
Event: 158.992 Thread 0x0000020fbfb9e000 DEOPT PACKING pc=0x0000020fa90e34d1 sp=0x0000005ba59f9eb0
Event: 158.992 Thread 0x0000020fbfb9e000 DEOPT UNPACKING pc=0x0000020fa6ce964e sp=0x0000005ba59f93d8 mode 0
Event: 158.993 Thread 0x0000020fbfb9e000 DEOPT PACKING pc=0x0000020fa90e4418 sp=0x0000005ba59fa1e0
Event: 158.993 Thread 0x0000020fbfb9e000 DEOPT UNPACKING pc=0x0000020fa6ce964e sp=0x0000005ba59f96e8 mode 0
Event: 158.996 Thread 0x0000020fbfb9e000 DEOPT PACKING pc=0x0000020fa90e4418 sp=0x0000005ba59fa1e0
Event: 158.996 Thread 0x0000020fbfb9e000 DEOPT UNPACKING pc=0x0000020fa6ce964e sp=0x0000005ba59f96e8 mode 0
Event: 158.998 Thread 0x0000020fbfb9e000 DEOPT PACKING pc=0x0000020fa90e4418 sp=0x0000005ba59f9d60
Event: 158.998 Thread 0x0000020fbfb9e000 DEOPT UNPACKING pc=0x0000020fa6ce964e sp=0x0000005ba59f9268 mode 0
Event: 159.031 Thread 0x0000020fbfb9e000 DEOPT PACKING pc=0x0000020fa90e34d1 sp=0x0000005ba59f9fa0
Event: 159.031 Thread 0x0000020fbfb9e000 DEOPT UNPACKING pc=0x0000020fa6ce964e sp=0x0000005ba59f94c8 mode 0
Event: 159.035 Thread 0x0000020fbfb9e000 DEOPT PACKING pc=0x0000020fa90e34d1 sp=0x0000005ba59f9db0
Event: 159.035 Thread 0x0000020fbfb9e000 DEOPT UNPACKING pc=0x0000020fa6ce964e sp=0x0000005ba59f92d8 mode 0
Event: 159.038 Thread 0x0000020fbfb9e000 DEOPT PACKING pc=0x0000020fa90e34d1 sp=0x0000005ba59f9d20
Event: 159.038 Thread 0x0000020fbfb9e000 DEOPT UNPACKING pc=0x0000020fa6ce964e sp=0x0000005ba59f9248 mode 0

Classes unloaded (20 events):
Event: 159.134 Thread 0x0000020fbcd58800 Unloading class 0x00000008018d4c40 'com/android/tools/r8/graph/W$$Lambda$1036'
Event: 159.134 Thread 0x0000020fbcd58800 Unloading class 0x00000008018d0440 'com/android/tools/r8/BaseCommand$Builder$$Lambda$1019'
Event: 159.134 Thread 0x0000020fbcd58800 Unloading class 0x00000008018ac840 'com/android/tools/r8/BaseCommand$Builder$$Lambda$1017'
Event: 159.134 Thread 0x0000020fbcd58800 Unloading class 0x00000008018ad440 'com/android/tools/r8/BaseCommand$Builder$$Lambda$1015'
Event: 159.134 Thread 0x0000020fbcd58800 Unloading class 0x00000008018ad040 'com/android/tools/r8/BaseCommand$Builder$$Lambda$1016'
Event: 159.134 Thread 0x0000020fbcd58800 Unloading class 0x00000008018ad840 'com/android/builder/dexing/D8DexArchiveBuilder$$Lambda$1012'
Event: 159.134 Thread 0x0000020fbcd58800 Unloading class 0x00000008018ae040 'com/android/builder/dexing/D8DexArchiveBuilder$$Lambda$1011'
Event: 159.134 Thread 0x0000020fbcd58800 Unloading class 0x00000008018ae840 'com/android/tools/r8/BaseCompilerCommand$Builder$$Lambda$1009'
Event: 159.134 Thread 0x0000020fbcd58800 Unloading class 0x00000008018af440 'com/android/tools/r8/BaseCompilerCommand$Builder$$Lambda$1008'
Event: 159.134 Thread 0x0000020fbcd58800 Unloading class 0x00000008018af040 'com/android/builder/dexing/JarClassFileInput$$Lambda$1007'
Event: 159.134 Thread 0x0000020fbcd58800 Unloading class 0x00000008018afc40 'com/android/builder/dexing/JarClassFileInput$$Lambda$1006'
Event: 159.134 Thread 0x0000020fbcd58800 Unloading class 0x00000008018aa440 'com/android/tools/r8/ArchiveClassFileProvider$$Lambda$1001'
Event: 159.134 Thread 0x0000020fbcd58800 Unloading class 0x00000008018a8840 'java/util/zip/ZipFile$$Lambda$998'
Event: 159.134 Thread 0x0000020fbcd58800 Unloading class 0x0000000801881440 'org/gradle/api/internal/artifacts/transform/DefaultTransformer$TransformServiceLookup$$Lambda$995'
Event: 159.134 Thread 0x0000020fbcd58800 Unloading class 0x0000000801881c40 'org/gradle/api/internal/artifacts/transform/DefaultTransformer$TransformServiceLookup$$Lambda$993'
Event: 159.134 Thread 0x0000020fbcd58800 Unloading class 0x0000000801882040 'org/gradle/api/internal/artifacts/transform/DefaultTransformer$TransformServiceLookup$$Lambda$991'
Event: 159.134 Thread 0x0000020fbcd58800 Unloading class 0x0000000801882c40 'org/gradle/api/internal/artifacts/transform/DefaultTransformer$TransformServiceLookup$$Lambda$989'
Event: 159.134 Thread 0x0000020fbcd58800 Unloading class 0x0000000801883440 'org/gradle/internal/isolated/IsolationScheme$$Lambda$987'
Event: 159.134 Thread 0x0000020fbcd58800 Unloading class 0x0000000801883c40 'org/gradle/internal/execution/steps/CleanupOutputsStep$$Lambda$985'
Event: 159.134 Thread 0x0000020fbcd58800 Unloading class 0x0000000801880440 'org/gradle/api/internal/artifacts/transform/DefaultExecutionGraphDependenciesResolver$$Lambda$971'

Classes redefined (0 events):
No events

Internal exceptions (20 events):
Event: 157.136 Thread 0x0000020fbfba4800 Exception <a 'java/lang/NoSuchMethodError'{0x000000008ded2760}: 'long java.lang.invoke.DirectMethodHandle$Holder.invokeStatic(java.lang.Object, java.lang.Object)'> (0x000000008ded2760) 
thrown [./open/src/hotspot/share/interpreter/linkResolver.cpp, line 766]
Event: 157.136 Thread 0x0000020fbf16a800 Exception <a 'java/lang/NoSuchMethodError'{0x000000008dd15c88}: 'long java.lang.invoke.DirectMethodHandle$Holder.invokeStatic(java.lang.Object, java.lang.Object)'> (0x000000008dd15c88) 
thrown [./open/src/hotspot/share/interpreter/linkResolver.cpp, line 766]
Event: 157.136 Thread 0x0000020fbfb9e000 Exception <a 'java/lang/NoSuchMethodError'{0x000000008dd73b68}: 'long java.lang.invoke.DirectMethodHandle$Holder.invokeStatic(java.lang.Object, java.lang.Object)'> (0x000000008dd73b68) 
thrown [./open/src/hotspot/share/interpreter/linkResolver.cpp, line 766]
Event: 157.138 Thread 0x0000020fbfba4800 Exception <a 'java/lang/NoSuchMethodError'{0x000000008dd87f28}: 'void java.lang.invoke.DirectMethodHandle$Holder.invokeSpecial(java.lang.Object, java.lang.Object, int, java.lang.Object)'> (0x000000008dd87f28) 
thrown [./open/src/hotspot/share/interpreter/linkResolver.cpp, line 766]
Event: 157.138 Thread 0x0000020fbfb9e000 Exception <a 'java/lang/NoSuchMethodError'{0x000000008dd7ea10}: 'void java.lang.invoke.DirectMethodHandle$Holder.invokeSpecial(java.lang.Object, java.lang.Object, int, java.lang.Object)'> (0x000000008dd7ea10) 
thrown [./open/src/hotspot/share/interpreter/linkResolver.cpp, line 766]
Event: 157.138 Thread 0x0000020fbf16a800 Exception <a 'java/lang/NoSuchMethodError'{0x000000008dd23088}: 'void java.lang.invoke.DirectMethodHandle$Holder.invokeSpecial(java.lang.Object, java.lang.Object, int, java.lang.Object)'> (0x000000008dd23088) 
thrown [./open/src/hotspot/share/interpreter/linkResolver.cpp, line 766]
Event: 157.314 Thread 0x0000020fbfba4800 Exception <a 'java/lang/NoSuchMethodError'{0x000000008daccd90}: 'java.lang.Object java.lang.invoke.DirectMethodHandle$Holder.invokeVirtual(java.lang.Object, java.lang.Object, int, java.lang.Object)'> (0x000000008daccd90) 
thrown [./open/src/hotspot/share/interpreter/linkResolver.cpp, line 766]
Event: 157.314 Thread 0x0000020fbfb9e000 Exception <a 'java/lang/NoSuchMethodError'{0x000000008da36408}: 'java.lang.Object java.lang.invoke.DirectMethodHandle$Holder.invokeVirtual(java.lang.Object, java.lang.Object, int, java.lang.Object)'> (0x000000008da36408) 
thrown [./open/src/hotspot/share/interpreter/linkResolver.cpp, line 766]
Event: 157.314 Thread 0x0000020fbf16a800 Exception <a 'java/lang/NoSuchMethodError'{0x000000008da93df0}: 'java.lang.Object java.lang.invoke.DirectMethodHandle$Holder.invokeVirtual(java.lang.Object, java.lang.Object, int, java.lang.Object)'> (0x000000008da93df0) 
thrown [./open/src/hotspot/share/interpreter/linkResolver.cpp, line 766]
Event: 157.399 Thread 0x0000020fbfb9e000 Exception <a 'java/lang/NoSuchMethodError'{0x000000008d810a08}: 'void java.lang.invoke.DirectMethodHandle$Holder.invokeVirtual(java.lang.Object, java.lang.Object, int, java.lang.Object)'> (0x000000008d810a08) 
thrown [./open/src/hotspot/share/interpreter/linkResolver.cpp, line 766]
Event: 157.399 Thread 0x0000020fbfba4800 Exception <a 'java/lang/NoSuchMethodError'{0x000000008d8c22d0}: 'void java.lang.invoke.DirectMethodHandle$Holder.invokeVirtual(java.lang.Object, java.lang.Object, int, java.lang.Object)'> (0x000000008d8c22d0) 
thrown [./open/src/hotspot/share/interpreter/linkResolver.cpp, line 766]
Event: 157.551 Thread 0x0000020fbfb9e000 Exception <a 'java/lang/NoSuchMethodError'{0x000000008d4d9ec8}: 'int java.lang.invoke.DirectMethodHandle$Holder.invokeSpecial(java.lang.Object, java.lang.Object, java.lang.Object, int, java.lang.Object)'> (0x000000008d4d9ec8) 
thrown [./open/src/hotspot/share/interpreter/linkResolver.cpp, line 766]
Event: 157.671 Thread 0x0000020fbfba4800 Exception <a 'java/lang/NoSuchMethodError'{0x000000008d3ec7c8}: 'java.lang.Object java.lang.invoke.DirectMethodHandle$Holder.newInvokeSpecial(java.lang.Object, int)'> (0x000000008d3ec7c8) 
thrown [./open/src/hotspot/share/interpreter/linkResolver.cpp, line 766]
Event: 157.671 Thread 0x0000020fbfb9e000 Exception <a 'java/lang/NoSuchMethodError'{0x000000008d4e2540}: 'java.lang.Object java.lang.invoke.DirectMethodHandle$Holder.newInvokeSpecial(java.lang.Object, int)'> (0x000000008d4e2540) 
thrown [./open/src/hotspot/share/interpreter/linkResolver.cpp, line 766]
Event: 158.149 Thread 0x0000020fbfb9e000 Exception <a 'java/lang/NoSuchMethodError'{0x000000008c692310}: 'void java.lang.invoke.DirectMethodHandle$Holder.invokeVirtual(java.lang.Object, java.lang.Object, int)'> (0x000000008c692310) 
thrown [./open/src/hotspot/share/interpreter/linkResolver.cpp, line 766]
Event: 158.271 Thread 0x0000020fbfba4800 Exception <a 'sun/nio/fs/WindowsException'{0x000000008c459ab8}> (0x000000008c459ab8) 
thrown [./open/src/hotspot/share/prims/jni.cpp, line 599]
Event: 158.276 Thread 0x0000020fbfb9e000 Exception <a 'sun/nio/fs/WindowsException'{0x000000008c5bd7e8}> (0x000000008c5bd7e8) 
thrown [./open/src/hotspot/share/prims/jni.cpp, line 599]
Event: 158.413 Thread 0x0000020fbf16a800 Exception <a 'java/lang/NoSuchMethodError'{0x000000008be14248}: 'java.lang.Object java.lang.invoke.DirectMethodHandle$Holder.invokeInterface(java.lang.Object, java.lang.Object, int)'> (0x000000008be14248) 
thrown [./open/src/hotspot/share/interpreter/linkResolver.cpp, line 766]
Event: 158.687 Thread 0x0000020fbfba4800 Exception <a 'sun/nio/fs/WindowsException'{0x000000008e7c73d0}> (0x000000008e7c73d0) 
thrown [./open/src/hotspot/share/prims/jni.cpp, line 599]
Event: 158.897 Thread 0x0000020fbfb9e000 Exception <a 'sun/nio/fs/WindowsException'{0x000000008d652a20}> (0x000000008d652a20) 
thrown [./open/src/hotspot/share/prims/jni.cpp, line 599]

Events (20 events):
Event: 158.280 Executing VM operation: HandshakeOneThread done
Event: 158.280 Executing VM operation: HandshakeOneThread
Event: 158.280 Executing VM operation: HandshakeOneThread done
Event: 158.280 Executing VM operation: HandshakeOneThread
Event: 158.280 Executing VM operation: HandshakeOneThread done
Event: 158.281 Executing VM operation: HandshakeOneThread
Event: 158.281 Executing VM operation: HandshakeOneThread done
Event: 158.281 Executing VM operation: HandshakeOneThread
Event: 158.281 Executing VM operation: HandshakeOneThread done
Event: 158.317 Executing VM operation: ICBufferFull
Event: 158.318 Executing VM operation: ICBufferFull done
Event: 158.377 Executing VM operation: HandshakeOneThread
Event: 158.377 Executing VM operation: HandshakeOneThread done
Event: 158.483 Executing VM operation: ICBufferFull
Event: 158.483 Executing VM operation: ICBufferFull done
Event: 158.563 Executing VM operation: G1CollectForAllocation
Event: 158.589 Executing VM operation: G1CollectForAllocation done
Event: 159.013 Executing VM operation: ICBufferFull
Event: 159.014 Executing VM operation: ICBufferFull done
Event: 159.131 Executing VM operation: G1Concurrent


Dynamic libraries:
0x00007ff637f50000 - 0x00007ff637f5f000 	C:\Program Files\Java\jdk-14.0.1\bin\java.exe
0x00007fff82ca0000 - 0x00007fff82e90000 	C:\Windows\SYSTEM32\ntdll.dll
0x00007fff82010000 - 0x00007fff820c2000 	C:\Windows\System32\KERNEL32.DLL
0x00007fff805e0000 - 0x00007fff80884000 	C:\Windows\System32\KERNELBASE.dll
0x00007fff80c50000 - 0x00007fff80d4a000 	C:\Windows\System32\ucrtbase.dll
0x00007fff78d50000 - 0x00007fff78d68000 	C:\Program Files\Java\jdk-14.0.1\bin\jli.dll
0x00007fff6dc40000 - 0x00007fff6dc55000 	C:\Program Files\Java\jdk-14.0.1\bin\VCRUNTIME140.dll
0x00007fff81740000 - 0x00007fff817e3000 	C:\Windows\System32\ADVAPI32.dll
0x00007fff816a0000 - 0x00007fff8173e000 	C:\Windows\System32\msvcrt.dll
0x00007fff81c90000 - 0x00007fff81d27000 	C:\Windows\System32\sechost.dll
0x00007fff81a40000 - 0x00007fff81b60000 	C:\Windows\System32\RPCRT4.dll
0x00007fff818a0000 - 0x00007fff81a34000 	C:\Windows\System32\USER32.dll
0x00007fff7fc30000 - 0x00007fff7fc51000 	C:\Windows\System32\win32u.dll
0x00007fff81be0000 - 0x00007fff81c06000 	C:\Windows\System32\GDI32.dll
0x00007fff80930000 - 0x00007fff80ac5000 	C:\Windows\System32\gdi32full.dll
0x00007fff72850000 - 0x00007fff72ad4000 	C:\Windows\WinSxS\amd64_microsoft.windows.common-controls_6595b64144ccf1df_6.0.18362.900_none_e6beb9d913147d17\COMCTL32.dll
0x00007fff80540000 - 0x00007fff805de000 	C:\Windows\System32\msvcp_win.dll
0x00007fff80d50000 - 0x00007fff81085000 	C:\Windows\System32\combase.dll
0x00007fff808b0000 - 0x00007fff80930000 	C:\Windows\System32\bcryptPrimitives.dll
0x00007fff76820000 - 0x00007fff7682a000 	C:\Windows\SYSTEM32\VERSION.dll
0x00007fff82150000 - 0x00007fff8217e000 	C:\Windows\System32\IMM32.DLL
0x00007fff6a150000 - 0x00007fff6a1eb000 	C:\Program Files\Java\jdk-14.0.1\bin\msvcp140.dll
0x00007fff47c70000 - 0x00007fff4878e000 	C:\Program Files\Java\jdk-14.0.1\bin\server\jvm.dll
0x00007fff81c10000 - 0x00007fff81c18000 	C:\Windows\System32\PSAPI.DLL
0x00007fff7b2d0000 - 0x00007fff7b2d9000 	C:\Windows\SYSTEM32\WSOCK32.dll
0x00007fff72650000 - 0x00007fff72674000 	C:\Windows\SYSTEM32\WINMM.dll
0x00007fff82ab0000 - 0x00007fff82b1f000 	C:\Windows\System32\WS2_32.dll
0x00007fff72620000 - 0x00007fff7264d000 	C:\Windows\SYSTEM32\winmmbase.dll
0x00007fff7fc60000 - 0x00007fff7fcaa000 	C:\Windows\System32\cfgmgr32.dll
0x00007fff7fb70000 - 0x00007fff7fb81000 	C:\Windows\System32\kernel.appcore.dll
0x00007fff78330000 - 0x00007fff7833a000 	C:\Program Files\Java\jdk-14.0.1\bin\jimage.dll
0x00007fff7e440000 - 0x00007fff7e634000 	C:\Windows\SYSTEM32\DBGHELP.DLL
0x00007fff79e00000 - 0x00007fff79e2a000 	C:\Windows\SYSTEM32\dbgcore.DLL
0x00007fff6c890000 - 0x00007fff6c8b5000 	C:\Program Files\Java\jdk-14.0.1\bin\java.dll
0x00007fff6d850000 - 0x00007fff6d866000 	C:\Program Files\Java\jdk-14.0.1\bin\zip.dll
0x00007fff821e0000 - 0x00007fff828c6000 	C:\Windows\System32\SHELL32.dll
0x00007fff81f60000 - 0x00007fff82009000 	C:\Windows\System32\shcore.dll
0x00007fff7fdc0000 - 0x00007fff80540000 	C:\Windows\System32\windows.storage.dll
0x00007fff7fb90000 - 0x00007fff7fbb3000 	C:\Windows\System32\profapi.dll
0x00007fff7fbc0000 - 0x00007fff7fc0a000 	C:\Windows\System32\powrprof.dll
0x00007fff7fb60000 - 0x00007fff7fb70000 	C:\Windows\System32\UMPDC.dll
0x00007fff82180000 - 0x00007fff821d2000 	C:\Windows\System32\shlwapi.dll
0x00007fff80890000 - 0x00007fff808a7000 	C:\Windows\System32\cryptsp.dll
0x00007fff6d610000 - 0x00007fff6d629000 	C:\Program Files\Java\jdk-14.0.1\bin\net.dll
0x00007fff79f20000 - 0x00007fff7a010000 	C:\Windows\SYSTEM32\WINHTTP.dll
0x00007fff7f320000 - 0x00007fff7f387000 	C:\Windows\system32\mswsock.dll
0x00007fff6cdc0000 - 0x00007fff6cdd2000 	C:\Program Files\Java\jdk-14.0.1\bin\nio.dll
0x00007fff6e320000 - 0x00007fff6e330000 	C:\Program Files\Java\jdk-14.0.1\bin\verify.dll
0x00007fff6a020000 - 0x00007fff6a047000 	C:\Users\Omid\.gradle\native\f6784746aeab05261644944871eae4fe03e0ef1612fff0a4a95f87b438bc6780\windows-amd64\native-platform.dll
0x00007fff6d930000 - 0x00007fff6d939000 	C:\Program Files\Java\jdk-14.0.1\bin\management.dll
0x00007fff6d3e0000 - 0x00007fff6d3eb000 	C:\Program Files\Java\jdk-14.0.1\bin\management_ext.dll
0x00007fff7eea0000 - 0x00007fff7eed3000 	C:\Windows\system32\rsaenh.dll
0x00007fff80ad0000 - 0x00007fff80af6000 	C:\Windows\System32\bcrypt.dll
0x00007fff7fa50000 - 0x00007fff7fa75000 	C:\Windows\SYSTEM32\USERENV.dll
0x00007fff7f4a0000 - 0x00007fff7f4ac000 	C:\Windows\SYSTEM32\CRYPTBASE.dll
0x00007fff7f040000 - 0x00007fff7f07a000 	C:\Windows\SYSTEM32\IPHLPAPI.DLL
0x00007fff81f50000 - 0x00007fff81f58000 	C:\Windows\System32\NSI.dll
0x00007fff79e30000 - 0x00007fff79e46000 	C:\Windows\SYSTEM32\dhcpcsvc6.DLL
0x00007fff79c40000 - 0x00007fff79c5c000 	C:\Windows\SYSTEM32\dhcpcsvc.DLL
0x00007fff7f080000 - 0x00007fff7f14b000 	C:\Windows\SYSTEM32\DNSAPI.dll
0x00007fff7a010000 - 0x00007fff7a01b000 	C:\Windows\SYSTEM32\WINNSI.DLL
0x00007fff6cae0000 - 0x00007fff6cae7000 	C:\Program Files\Java\jdk-14.0.1\bin\rmi.dll

dbghelp: loaded successfully - version: 4.0.5 - missing functions: none
symbol engine: initialized successfully - sym options: 0x614 - pdb path: .;C:\Program Files\Java\jdk-14.0.1\bin;C:\Windows\SYSTEM32;C:\Windows\WinSxS\amd64_microsoft.windows.common-controls_6595b64144ccf1df_6.0.18362.900_none_e6beb9d913147d17;C:\Program Files\Java\jdk-14.0.1\bin\server;C:\Users\Omid\.gradle\native\f6784746aeab05261644944871eae4fe03e0ef1612fff0a4a95f87b438bc6780\windows-amd64

VM Arguments:
jvm_args: --add-opens=java.base/java.util=ALL-UNNAMED --add-opens=java.base/java.lang=ALL-UNNAMED --add-opens=java.base/java.lang.invoke=ALL-UNNAMED --add-opens=java.prefs/java.util.prefs=ALL-UNNAMED -Xmx2048m -Dfile.encoding=windows-1252 -Duser.country=US -Duser.language=en -Duser.variant 
java_command: org.gradle.launcher.daemon.bootstrap.GradleDaemon 6.5
java_class_path (initial): C:\Users\Omid\.gradle\wrapper\dists\gradle-6.5-all\2oz4ud9k3tuxjg84bbf55q0tn\gradle-6.5\lib\gradle-launcher-6.5.jar
Launcher Type: SUN_STANDARD

[Global flags]
     intx CICompilerCount                          = 3                                         {product} {ergonomic}
     uint ConcGCThreads                            = 1                                         {product} {ergonomic}
     uint G1ConcRefinementThreads                  = 4                                         {product} {ergonomic}
   size_t G1HeapRegionSize                         = 1048576                                   {product} {ergonomic}
    uintx GCDrainStackTargetSize                   = 64                                        {product} {ergonomic}
   size_t InitialHeapSize                          = 100663296                                 {product} {ergonomic}
   size_t MarkStackSize                            = 4194304                                   {product} {ergonomic}
   size_t MaxHeapSize                              = 2147483648                                {product} {command line}
   size_t MaxNewSize                               = 1287651328                                {product} {ergonomic}
   size_t MinHeapDeltaBytes                        = 1048576                                   {product} {ergonomic}
   size_t MinHeapSize                              = 8388608                                   {product} {ergonomic}
    uintx NonNMethodCodeHeapSize                   = 5832780                                {pd product} {ergonomic}
    uintx NonProfiledCodeHeapSize                  = 122912730                              {pd product} {ergonomic}
    uintx ProfiledCodeHeapSize                     = 122912730                              {pd product} {ergonomic}
    uintx ReservedCodeCacheSize                    = 251658240                              {pd product} {ergonomic}
     bool SegmentedCodeCache                       = true                                      {product} {ergonomic}
   size_t SoftMaxHeapSize                          = 2147483648                             {manageable} {ergonomic}
     bool UseCompressedClassPointers               = true                                 {lp64_product} {ergonomic}
     bool UseCompressedOops                        = true                                 {lp64_product} {ergonomic}
     bool UseG1GC                                  = true                                      {product} {ergonomic}
     bool UseLargePagesIndividualAllocation        = false                                  {pd product} {ergonomic}

Logging:
Log output configuration:
 #0: stdout all=warning uptime,level,tags
 #1: stderr all=off uptime,level,tags

Environment Variables:
JAVA_HOME=C:\Program Files\Java\jdk-14.0.1
CLASSPATH=E:\Android_Stadio_Rep\Kotlin\Movotlin\\gradle\wrapper\gradle-wrapper.jar
PATH=C:\Program Files (x86)\Common Files\Oracle\Java\javapath;C:\Windows\system32;C:\Windows;C:\Windows\System32\Wbem;C:\Windows\System32\WindowsPowerShell\v1.0\;C:\Windows\System32\OpenSSH\;C:\Program Files\Java\jdk-14.0.1\bin;F:\Android\android-sdk\platform-tools;F:\Android\android-sdk\tools;C:\Program Files\Git\cmd;D:\FlutterSdk\flutter\bin;C:\Program Files\SourceGear\Common\DiffMerge\;C:\Program Files\Docker\Docker\resources\bin;C:\ProgramData\DockerDesktop\version-bin;C:\Users\Omid\AppData\Local\Microsoft\WindowsApps;
USERNAME=Omid
OS=Windows_NT
PROCESSOR_IDENTIFIER=Intel64 Family 6 Model 58 Stepping 9, GenuineIntel



---------------  S Y S T E M  ---------------

OS: Windows 10 , 64 bit Build 18362 (10.0.18362.900)
OS uptime: 4 days 13:04 hours
HyperV virtualization detected

CPU:total 4 (initial active 4) (2 cores per cpu, 2 threads per core) family 6 model 58 stepping 9, cmov, cx8, fxsr, mmx, sse, sse2, sse3, ssse3, sse4.1, sse4.2, popcnt, avx, aes, clmul, erms, ht, tsc, tscinvbit, tscinv

Memory: 4k page, system-wide physical 6029M (364M free)
TotalPageFile size 18485M (AvailPageFile size 33M)
current process WorkingSet (physical memory assigned to process): 541M, peak: 541M
current process commit charge ("private bytes"): 579M, peak: 644M

vm_info: Java HotSpot(TM) 64-Bit Server VM (14.0.1+7) for windows-amd64 JRE (14.0.1+7), built on Mar  5 2020 10:30:14 by "mach5one" with MS VC++ 15.9 (VS2017)

END.
