#
# There is insufficient memory for the Java Runtime Environment to continue.
# Native memory allocation (malloc) failed to allocate 1063568 bytes for Chunk::new
# Possible reasons:
#   The system is out of physical RAM or swap space
#   The process is running with CompressedOops enabled, and the Java Heap may be blocking the growth of the native heap
# Possible solutions:
#   Reduce memory load on the system
#   Increase physical memory or swap space
#   Check if swap backing store is full
#   Decrease Java heap size (-Xmx/-Xms)
#   Decrease number of Java threads
#   Decrease Java thread stack sizes (-Xss)
#   Set larger code cache with -XX:ReservedCodeCacheSize=
#   JVM is running with Unscaled Compressed Oops mode in which the Java heap is
#     placed in the first 4GB address space. The Java Heap base address is the
#     maximum limit for the native heap growth. Please use -XX:HeapBaseMinAddress
#     to set the Java Heap base and to place the Java Heap above 4GB virtual address.
# This output file may be truncated or incomplete.
#
#  Out of Memory Error (allocation.cpp:389), pid=5420, tid=0x0000000000002f20
#
# JRE version: Java(TM) SE Runtime Environment (8.0_251-b08) (build 1.8.0_251-b08)
# Java VM: Java HotSpot(TM) 64-Bit Server VM (25.251-b08 mixed mode windows-amd64 compressed oops)
# Failed to write core dump. Minidumps are not enabled by default on client versions of Windows
#

---------------  T H R E A D  ---------------

Current thread (0x0000000017313000):  JavaThread "C2 CompilerThread1" daemon [_thread_in_native, id=12064, stack(0x0000000018a70000,0x0000000018b70000)]

Stack: [0x0000000018a70000,0x0000000018b70000]
[error occurred during error reporting (printing stack bounds), id 0xc0000005]

Native frames: (J=compiled Java code, j=interpreted, Vv=VM code, C=native code)


Current CompileTask:
C2: 211876 10575       4       org.jetbrains.kotlin.cli.jvm.index.JvmDependenciesIndexImpl::search (392 bytes)


---------------  P R O C E S S  ---------------

Java Threads: ( => current thread )
  0x0000000019d8d800 JavaThread "Cache worker for Build Output Cleanup Cache (E:\Android_Stadio_Rep\Kotlin\Movotlin\.gradle\buildOutputCleanup)" [_thread_blocked, id=10324, stack(0x000000002b8b0000,0x000000002b9b0000)]
  0x000000001e128800 JavaThread "jar transforms Thread 117" [_thread_blocked, id=10116, stack(0x000000002b7b0000,0x000000002b8b0000)]
  0x000000001e127800 JavaThread "Memory manager" [_thread_blocked, id=10072, stack(0x00000000247f0000,0x00000000248f0000)]
  0x000000001e11c800 JavaThread "Build operations Thread 4" [_thread_blocked, id=13552, stack(0x00000000234f0000,0x00000000235f0000)]
  0x000000001e120000 JavaThread "Build operations Thread 3" [_thread_blocked, id=5928, stack(0x00000000233f0000,0x00000000234f0000)]
  0x000000001e11b000 JavaThread "Build operations Thread 2" [_thread_blocked, id=6692, stack(0x0000000022ae0000,0x0000000022be0000)]
  0x000000001e11b800 JavaThread "Build operations" [_thread_blocked, id=14328, stack(0x000000001cc90000,0x000000001cd90000)]
  0x0000000019d92000 JavaThread "Cache worker for file content cache (C:\Users\Omid\.gradle\caches\6.5\fileContent)" [_thread_blocked, id=11136, stack(0x00000000229e0000,0x0000000022ae0000)]
  0x0000000019d90800 JavaThread "Cache worker for execution history cache (C:\Users\Omid\.gradle\caches\6.5\executionHistory)" [_thread_blocked, id=2312, stack(0x0000000022140000,0x0000000022240000)]
  0x0000000019d8f000 JavaThread "Cache worker for cache directory md-rule (C:\Users\Omid\.gradle\caches\6.5\md-rule)" [_thread_blocked, id=13892, stack(0x0000000022040000,0x0000000022140000)]
  0x0000000019d93000 JavaThread "Cache worker for cache directory md-supplier (C:\Users\Omid\.gradle\caches\6.5\md-supplier)" [_thread_blocked, id=14036, stack(0x0000000021f40000,0x0000000022040000)]
  0x0000000019d90000 JavaThread "Cache worker for checksums cache (E:\Android_Stadio_Rep\Kotlin\Movotlin\.gradle\checksums)" [_thread_blocked, id=5424, stack(0x00000000222e0000,0x00000000223e0000)]
  0x0000000018d52000 JavaThread "Cache worker for file hash cache (E:\Android_Stadio_Rep\Kotlin\Movotlin\.gradle\6.5\fileHashes)" [_thread_blocked, id=11524, stack(0x000000001f880000,0x000000001f980000)]
  0x0000000018d58800 JavaThread "Cache worker for file hash cache (C:\Users\Omid\.gradle\caches\6.5\fileHashes)" [_thread_blocked, id=10560, stack(0x000000001f130000,0x000000001f230000)]
  0x0000000018d55800 JavaThread "File lock request listener" [_thread_in_native, id=14016, stack(0x000000001f780000,0x000000001f880000)]
  0x0000000018d52800 JavaThread "Cache worker for journal cache (C:\Users\Omid\.gradle\caches\journal-1)" [_thread_blocked, id=2152, stack(0x000000001d090000,0x000000001d190000)]
  0x0000000019bbf000 JavaThread "Thread-9" [_thread_blocked, id=11772, stack(0x000000001cd90000,0x000000001ce90000)]
  0x0000000019aa5800 JavaThread "Asynchronous log dispatcher for DefaultDaemonConnection: socket connection from /127.0.0.1:3012 to /127.0.0.1:3013" [_thread_blocked, id=10108, stack(0x000000001cb90000,0x000000001cc90000)]
  0x0000000019ee1800 JavaThread "Daemon worker" [_thread_in_native, id=12296, stack(0x000000001ca90000,0x000000001cb90000)]
  0x0000000019ee0800 JavaThread "Cancel handler" [_thread_blocked, id=8600, stack(0x000000001c990000,0x000000001ca90000)]
  0x000000001a347800 JavaThread "Handler for socket connection from /127.0.0.1:3012 to /127.0.0.1:3013" [_thread_in_native, id=4672, stack(0x000000001c890000,0x000000001c990000)]
  0x000000001ad4e800 JavaThread "Daemon" [_thread_blocked, id=8700, stack(0x000000001c790000,0x000000001c890000)]
  0x000000001acf3800 JavaThread "Daemon periodic checks" [_thread_blocked, id=10556, stack(0x000000001c490000,0x000000001c590000)]
  0x000000001acf1800 JavaThread "Incoming local TCP Connector on port 3012" [_thread_in_native, id=6780, stack(0x000000001c250000,0x000000001c350000)]
  0x00000000195c6800 JavaThread "Daemon health stats" [_thread_blocked, id=9376, stack(0x000000001ba10000,0x000000001bb10000)]
  0x0000000018cb0000 JavaThread "Service Thread" daemon [_thread_blocked, id=6508, stack(0x0000000019070000,0x0000000019170000)]
  0x0000000017325000 JavaThread "C1 CompilerThread2" daemon [_thread_blocked, id=7396, stack(0x0000000018b70000,0x0000000018c70000)]
=>0x0000000017313000 JavaThread "C2 CompilerThread1" daemon [_thread_in_native, id=12064, stack(0x0000000018a70000,0x0000000018b70000)]
  0x0000000017310000 JavaThread "C2 CompilerThread0" daemon [_thread_blocked, id=2960, stack(0x0000000018970000,0x0000000018a70000)]
  0x000000001730d000 JavaThread "Attach Listener" daemon [_thread_blocked, id=12112, stack(0x0000000018870000,0x0000000018970000)]
  0x0000000017309800 JavaThread "Signal Dispatcher" daemon [_thread_blocked, id=5020, stack(0x0000000018770000,0x0000000018870000)]
  0x000000000269a800 JavaThread "Finalizer" daemon [_thread_blocked, id=10936, stack(0x0000000018570000,0x0000000018670000)]
  0x00000000172fa000 JavaThread "Reference Handler" daemon [_thread_blocked, id=13148, stack(0x0000000018470000,0x0000000018570000)]
  0x00000000026ee000 JavaThread "main" [_thread_blocked, id=10428, stack(0x0000000002470000,0x0000000002570000)]

Other Threads:
  0x00000000172d8000 VMThread [stack: 0x0000000018370000,0x0000000018470000] [id=9796]
  0x0000000018cb9000 WatcherThread [stack: 0x0000000019170000,0x0000000019270000] [id=5372]

VM state:not at safepoint (normal execution)

VM Mutex/Monitor currently owned by a thread: None

heap address: 0x0000000080000000, size: 2048 MB, Compressed Oops mode: 32-bit
Narrow klass base: 0x0000000000000000, Narrow klass shift: 3
Compressed class space size: 1073741824 Address: 0x0000000100000000

Heap:
 PSYoungGen      total 146432K, used 131907K [0x00000000d5580000, 0x00000000e0d00000, 0x0000000100000000)
  eden space 120320K, 92% used [0x00000000d5580000,0x00000000dc1b9ba0,0x00000000dcb00000)
  from space 26112K, 80% used [0x00000000dcb00000,0x00000000ddf970f0,0x00000000de480000)
  to   space 28160K, 0% used [0x00000000df180000,0x00000000df180000,0x00000000e0d00000)
 ParOldGen       total 173056K, used 116855K [0x0000000080000000, 0x000000008a900000, 0x00000000d5580000)
  object space 173056K, 67% used [0x0000000080000000,0x000000008721dc10,0x000000008a900000)
 Metaspace       used 103451K, capacity 107084K, committed 107672K, reserved 1142784K
  class space    used 14020K, capacity 14727K, committed 14760K, reserved 1048576K

Card table byte_map: [0x0000000011ab0000,0x0000000011ec0000] byte_map_base: 0x00000000116b0000

Marking Bits: (ParMarkBitMap*) 0x000000005756af90
 Begin Bits: [0x0000000012570000, 0x0000000014570000)
 End Bits:   [0x0000000014570000, 0x0000000016570000)

Polling page: 0x0000000000800000

CodeCache: size=245760Kb used=29994Kb max_used=30005Kb free=215765Kb
 bounds [0x00000000026f0000, 0x0000000004470000, 0x00000000116f0000]
 total_blobs=10152 nmethods=9258 adapters=806
 compilation: enabled

Compilation events (10 events):
Event: 211.686 Thread 0x0000000017325000 10762       2       org.jetbrains.kotlin.com.intellij.openapi.vfs.VirtualFile::contentsToByteArray (14 bytes)
Event: 211.687 Thread 0x0000000017325000 nmethod 10762 0x0000000004442dd0 code [0x0000000004442f40, 0x00000000044430f8]
Event: 211.687 Thread 0x0000000017325000 10759       2       org.jetbrains.kotlin.load.kotlin.VirtualFileKotlinClass$Factory::create (28 bytes)
Event: 211.687 Thread 0x0000000017325000 nmethod 10759 0x00000000044431d0 code [0x0000000004443340, 0x00000000044435b8]
Event: 211.687 Thread 0x0000000017325000 10760       2       org.jetbrains.kotlin.load.kotlin.VirtualFileKotlinClass::access$getPerfCounter$cp (4 bytes)
Event: 211.687 Thread 0x0000000017325000 nmethod 10760 0x00000000044436d0 code [0x0000000004443820, 0x0000000004443950]
Event: 211.687 Thread 0x0000000017325000 10761       2       org.jetbrains.kotlin.load.kotlin.VirtualFileKotlinClass$Factory$create$1::<init> (16 bytes)
Event: 211.688 Thread 0x0000000017325000 nmethod 10761 0x00000000044439d0 code [0x0000000004443b20, 0x0000000004443cb0]
Event: 211.690 Thread 0x0000000017325000 10764       2       org.jetbrains.kotlin.metadata.ProtoBuf$Property::writeTo (325 bytes)
Event: 211.693 Thread 0x0000000017325000 nmethod 10764 0x0000000004443d50 code [0x0000000004444140, 0x0000000004444ee8]

GC Heap History (10 events):
Event: 171.616 GC heap before
{Heap before GC invocations=40 (full 4):
 PSYoungGen      total 120832K, used 115601K [0x00000000d5580000, 0x00000000de900000, 0x0000000100000000)
  eden space 104448K, 100% used [0x00000000d5580000,0x00000000dbb80000,0x00000000dbb80000)
  from space 16384K, 68% used [0x00000000dbb80000,0x00000000dc664790,0x00000000dcb80000)
  to   space 16896K, 0% used [0x00000000dd880000,0x00000000dd880000,0x00000000de900000)
 ParOldGen       total 116736K, used 91987K [0x0000000080000000, 0x0000000087200000, 0x00000000d5580000)
  object space 116736K, 78% used [0x0000000080000000,0x00000000859d4e00,0x0000000087200000)
 Metaspace       used 93166K, capacity 96680K, committed 97304K, reserved 1132544K
  class space    used 12806K, capacity 13509K, committed 13608K, reserved 1048576K
Event: 171.676 GC heap after
Heap after GC invocations=40 (full 4):
 PSYoungGen      total 131072K, used 10808K [0x00000000d5580000, 0x00000000de700000, 0x0000000100000000)
  eden space 116224K, 0% used [0x00000000d5580000,0x00000000d5580000,0x00000000dc700000)
  from space 14848K, 72% used [0x00000000dd880000,0x00000000de30e278,0x00000000de700000)
  to   space 16384K, 0% used [0x00000000dc700000,0x00000000dc700000,0x00000000dd700000)
 ParOldGen       total 116736K, used 97697K [0x0000000080000000, 0x0000000087200000, 0x00000000d5580000)
  object space 116736K, 83% used [0x0000000080000000,0x0000000085f68480,0x0000000087200000)
 Metaspace       used 93166K, capacity 96680K, committed 97304K, reserved 1132544K
  class space    used 12806K, capacity 13509K, committed 13608K, reserved 1048576K
}
Event: 200.130 GC heap before
{Heap before GC invocations=41 (full 4):
 PSYoungGen      total 131072K, used 127032K [0x00000000d5580000, 0x00000000de700000, 0x0000000100000000)
  eden space 116224K, 100% used [0x00000000d5580000,0x00000000dc700000,0x00000000dc700000)
  from space 14848K, 72% used [0x00000000dd880000,0x00000000de30e278,0x00000000de700000)
  to   space 16384K, 0% used [0x00000000dc700000,0x00000000dc700000,0x00000000dd700000)
 ParOldGen       total 116736K, used 97697K [0x0000000080000000, 0x0000000087200000, 0x00000000d5580000)
  object space 116736K, 83% used [0x0000000080000000,0x0000000085f68480,0x0000000087200000)
 Metaspace       used 102953K, capacity 106598K, committed 107160K, reserved 1142784K
  class space    used 13988K, capacity 14694K, committed 14760K, reserved 1048576K
Event: 200.207 GC heap after
Heap after GC invocations=41 (full 4):
 PSYoungGen      total 132608K, used 16356K [0x00000000d5580000, 0x00000000df700000, 0x0000000100000000)
  eden space 116224K, 0% used [0x00000000d5580000,0x00000000d5580000,0x00000000dc700000)
  from space 16384K, 99% used [0x00000000dc700000,0x00000000dd6f9028,0x00000000dd700000)
  to   space 18944K, 0% used [0x00000000de480000,0x00000000de480000,0x00000000df700000)
 ParOldGen       total 116736K, used 99528K [0x0000000080000000, 0x0000000087200000, 0x00000000d5580000)
  object space 116736K, 85% used [0x0000000080000000,0x0000000086132078,0x0000000087200000)
 Metaspace       used 102953K, capacity 106598K, committed 107160K, reserved 1142784K
  class space    used 13988K, capacity 14694K, committed 14760K, reserved 1048576K
}
Event: 205.019 GC heap before
{Heap before GC invocations=42 (full 4):
 PSYoungGen      total 132608K, used 132580K [0x00000000d5580000, 0x00000000df700000, 0x0000000100000000)
  eden space 116224K, 100% used [0x00000000d5580000,0x00000000dc700000,0x00000000dc700000)
  from space 16384K, 99% used [0x00000000dc700000,0x00000000dd6f9028,0x00000000dd700000)
  to   space 18944K, 0% used [0x00000000de480000,0x00000000de480000,0x00000000df700000)
 ParOldGen       total 116736K, used 99528K [0x0000000080000000, 0x0000000087200000, 0x00000000d5580000)
  object space 116736K, 85% used [0x0000000080000000,0x0000000086132078,0x0000000087200000)
 Metaspace       used 102989K, capacity 106604K, committed 107160K, reserved 1142784K
  class space    used 13992K, capacity 14695K, committed 14760K, reserved 1048576K
Event: 205.085 GC heap after
Heap after GC invocations=42 (full 4):
 PSYoungGen      total 139264K, used 18941K [0x00000000d5580000, 0x00000000e0580000, 0x0000000100000000)
  eden space 120320K, 0% used [0x00000000d5580000,0x00000000d5580000,0x00000000dcb00000)
  from space 18944K, 99% used [0x00000000de480000,0x00000000df6ff7e0,0x00000000df700000)
  to   space 26112K, 0% used [0x00000000dcb00000,0x00000000dcb00000,0x00000000de480000)
 ParOldGen       total 116736K, used 111615K [0x0000000080000000, 0x0000000087200000, 0x00000000d5580000)
  object space 116736K, 95% used [0x0000000080000000,0x0000000086cffc58,0x0000000087200000)
 Metaspace       used 102989K, capacity 106604K, committed 107160K, reserved 1142784K
  class space    used 13992K, capacity 14695K, committed 14760K, reserved 1048576K
}
Event: 205.102 GC heap before
{Heap before GC invocations=43 (full 5):
 PSYoungGen      total 139264K, used 18941K [0x00000000d5580000, 0x00000000e0580000, 0x0000000100000000)
  eden space 120320K, 0% used [0x00000000d5580000,0x00000000d5580000,0x00000000dcb00000)
  from space 18944K, 99% used [0x00000000de480000,0x00000000df6ff7e0,0x00000000df700000)
  to   space 26112K, 0% used [0x00000000dcb00000,0x00000000dcb00000,0x00000000de480000)
 ParOldGen       total 116736K, used 111615K [0x0000000080000000, 0x0000000087200000, 0x00000000d5580000)
  object space 116736K, 95% used [0x0000000080000000,0x0000000086cffc58,0x0000000087200000)
 Metaspace       used 102989K, capacity 106604K, committed 107160K, reserved 1142784K
  class space    used 13992K, capacity 14695K, committed 14760K, reserved 1048576K
Event: 208.717 GC heap after
Heap after GC invocations=43 (full 5):
 PSYoungGen      total 139264K, used 509K [0x00000000d5580000, 0x00000000e0580000, 0x0000000100000000)
  eden space 120320K, 0% used [0x00000000d5580000,0x00000000d5580000,0x00000000dcb00000)
  from space 18944K, 2% used [0x00000000de480000,0x00000000de4ff5c8,0x00000000df700000)
  to   space 26112K, 0% used [0x00000000dcb00000,0x00000000dcb00000,0x00000000de480000)
 ParOldGen       total 173056K, used 116319K [0x0000000080000000, 0x000000008a900000, 0x00000000d5580000)
  object space 173056K, 67% used [0x0000000080000000,0x0000000087197c10,0x000000008a900000)
 Metaspace       used 102989K, capacity 106604K, committed 107160K, reserved 1142784K
  class space    used 13992K, capacity 14695K, committed 14760K, reserved 1048576K
}
Event: 209.557 GC heap before
{Heap before GC invocations=44 (full 5):
 PSYoungGen      total 139264K, used 120829K [0x00000000d5580000, 0x00000000e0580000, 0x0000000100000000)
  eden space 120320K, 100% used [0x00000000d5580000,0x00000000dcb00000,0x00000000dcb00000)
  from space 18944K, 2% used [0x00000000de480000,0x00000000de4ff5c8,0x00000000df700000)
  to   space 26112K, 0% used [0x00000000dcb00000,0x00000000dcb00000,0x00000000de480000)
 ParOldGen       total 173056K, used 116319K [0x0000000080000000, 0x000000008a900000, 0x00000000d5580000)
  object space 173056K, 67% used [0x0000000080000000,0x0000000087197c10,0x000000008a900000)
 Metaspace       used 102989K, capacity 106604K, committed 107160K, reserved 1142784K
  class space    used 13992K, capacity 14695K, committed 14760K, reserved 1048576K
Event: 209.681 GC heap after
Heap after GC invocations=44 (full 5):
 PSYoungGen      total 146432K, used 21084K [0x00000000d5580000, 0x00000000e0d00000, 0x0000000100000000)
  eden space 120320K, 0% used [0x00000000d5580000,0x00000000d5580000,0x00000000dcb00000)
  from space 26112K, 80% used [0x00000000dcb00000,0x00000000ddf970f0,0x00000000de480000)
  to   space 28160K, 0% used [0x00000000df180000,0x00000000df180000,0x00000000e0d00000)
 ParOldGen       total 173056K, used 116855K [0x0000000080000000, 0x000000008a900000, 0x00000000d5580000)
  object space 173056K, 67% used [0x0000000080000000,0x000000008721dc10,0x000000008a900000)
 Metaspace       used 102989K, capacity 106604K, committed 107160K, reserved 1142784K
  class space    used 13992K, capacity 14695K, committed 14760K, reserved 1048576K
}

Deoptimization events (10 events):
Event: 211.025 Thread 0x0000000019ee1800 Uncommon trap: reason=class_check action=maybe_recompile pc=0x00000000041bd4a0 method=org.jetbrains.kotlin.cli.jvm.index.JvmDependenciesIndexImpl.search(Lorg/jetbrains/kotlin/cli/jvm/index/JvmDependenciesIndexImpl$SearchRequest;Lkotlin/jvm/functions/Funct
Event: 211.025 Thread 0x0000000019ee1800 Uncommon trap: reason=class_check action=maybe_recompile pc=0x00000000041bd4a0 method=org.jetbrains.kotlin.cli.jvm.index.JvmDependenciesIndexImpl.search(Lorg/jetbrains/kotlin/cli/jvm/index/JvmDependenciesIndexImpl$SearchRequest;Lkotlin/jvm/functions/Funct
Event: 211.026 Thread 0x0000000019ee1800 Uncommon trap: reason=class_check action=maybe_recompile pc=0x0000000003fd9b00 method=org.jetbrains.kotlin.cli.jvm.index.JvmDependenciesIndexImpl.search(Lorg/jetbrains/kotlin/cli/jvm/index/JvmDependenciesIndexImpl$SearchRequest;Lkotlin/jvm/functions/Funct
Event: 211.041 Thread 0x0000000019ee1800 Uncommon trap: reason=class_check action=maybe_recompile pc=0x0000000003fd9b00 method=org.jetbrains.kotlin.cli.jvm.index.JvmDependenciesIndexImpl.search(Lorg/jetbrains/kotlin/cli/jvm/index/JvmDependenciesIndexImpl$SearchRequest;Lkotlin/jvm/functions/Funct
Event: 211.043 Thread 0x0000000019ee1800 Uncommon trap: reason=bimorphic action=maybe_recompile pc=0x00000000040f7684 method=org.jetbrains.org.objectweb.asm.ClassReader.readElementValue(Lorg/jetbrains/org/objectweb/asm/AnnotationVisitor;ILjava/lang/String;[C)I @ 514
Event: 211.046 Thread 0x0000000019ee1800 Uncommon trap: reason=bimorphic action=maybe_recompile pc=0x00000000040f7684 method=org.jetbrains.org.objectweb.asm.ClassReader.readElementValue(Lorg/jetbrains/org/objectweb/asm/AnnotationVisitor;ILjava/lang/String;[C)I @ 514
Event: 211.047 Thread 0x0000000019ee1800 Uncommon trap: reason=bimorphic action=maybe_recompile pc=0x00000000040f7684 method=org.jetbrains.org.objectweb.asm.ClassReader.readElementValue(Lorg/jetbrains/org/objectweb/asm/AnnotationVisitor;ILjava/lang/String;[C)I @ 514
Event: 211.096 Thread 0x0000000019ee1800 Uncommon trap: reason=unstable_if action=reinterpret pc=0x0000000004166c7c method=org.jetbrains.kotlin.serialization.deserialization.descriptors.DeserializedPackageMemberScope.hasClass(Lorg/jetbrains/kotlin/name/Name;)Z @ 99
Event: 211.159 Thread 0x0000000019ee1800 Uncommon trap: reason=unstable_if action=reinterpret pc=0x00000000041604e8 method=org.jetbrains.kotlin.serialization.deserialization.descriptors.DeserializedPackageMemberScope.hasClass(Lorg/jetbrains/kotlin/name/Name;)Z @ 99
Event: 211.386 Thread 0x0000000019ee1800 Uncommon trap: reason=bimorphic action=maybe_recompile pc=0x00000000040f77a4 method=org.jetbrains.org.objectweb.asm.ClassReader.readElementValue(Lorg/jetbrains/org/objectweb/asm/AnnotationVisitor;ILjava/lang/String;[C)I @ 485

Classes redefined (0 events):
No events

Internal exceptions (10 events):
Event: 170.023 Thread 0x0000000019ee1800 Exception <a 'java/lang/NoSuchMethodError': java.lang.Object.lambda$static$1(Ljava/lang/String;)Z> (0x00000000da708028) thrown at [C:\jenkins\workspace\8-2-build-windows-amd64-cygwin\jdk8u251\737\hotspot\src\share\vm\interpreter\linkResolver.cpp, line 620
Event: 171.127 Thread 0x000000001e128800 Exception <a 'sun/nio/fs/WindowsException'> (0x00000000db815aa8) thrown at [C:\jenkins\workspace\8-2-build-windows-amd64-cygwin\jdk8u251\737\hotspot\src\share\vm\prims\jni.cpp, line 710]
Event: 171.128 Thread 0x000000001e128800 Exception <a 'sun/nio/fs/WindowsException'> (0x00000000db815ef0) thrown at [C:\jenkins\workspace\8-2-build-windows-amd64-cygwin\jdk8u251\737\hotspot\src\share\vm\prims\jni.cpp, line 710]
Event: 175.359 Thread 0x0000000019ee1800 Implicit null exception at 0x0000000002d36528 to 0x0000000002d365b9
Event: 176.319 Thread 0x0000000019ee1800 Exception <a 'java/lang/ClassNotFoundException': com/android/build/gradle/internal/api/DefaultAndroidSourceSet_DecoratedBeanInfo> (0x00000000d8e360e0) thrown at [C:\jenkins\workspace\8-2-build-windows-amd64-cygwin\jdk8u251\737\hotspot\src\share\vm\classfi
Event: 176.320 Thread 0x0000000019ee1800 Exception <a 'java/lang/ClassNotFoundException': com/android/build/gradle/internal/api/DefaultAndroidSourceSetBeanInfo> (0x00000000d8e59998) thrown at [C:\jenkins\workspace\8-2-build-windows-amd64-cygwin\jdk8u251\737\hotspot\src\share\vm\classfile\systemD
Event: 176.321 Thread 0x0000000019ee1800 Exception <a 'java/lang/ClassNotFoundException': com/android/build/gradle/internal/api/DefaultAndroidSourceSetCustomizer> (0x00000000d8e7d8e0) thrown at [C:\jenkins\workspace\8-2-build-windows-amd64-cygwin\jdk8u251\737\hotspot\src\share\vm\classfile\syste
Event: 176.374 Thread 0x0000000019ee1800 Exception <a 'java/lang/ClassNotFoundException': com/android/build/gradle/internal/api/DefaultAndroidSourceSet_DecoratedCustomizer> (0x00000000d8eef0f8) thrown at [C:\jenkins\workspace\8-2-build-windows-amd64-cygwin\jdk8u251\737\hotspot\src\share\vm\class
Event: 181.118 Thread 0x0000000019ee1800 Exception <a 'java/lang/ClassNotFoundException': org/jetbrains/kotlin/gradle/targets/js/npm/NpmDependencyExtensionKt$addNpmDependencyExtension$npmDependencyExtension$1BeanInfo> (0x00000000daef5958) thrown at [C:\jenkins\workspace\8-2-build-windows-amd64-c
Event: 181.119 Thread 0x0000000019ee1800 Exception <a 'java/lang/ClassNotFoundException': org/jetbrains/kotlin/gradle/targets/js/npm/NpmDependencyExtensionKt$addNpmDependencyExtension$npmDependencyExtension$1Customizer> (0x00000000daf28cc8) thrown at [C:\jenkins\workspace\8-2-build-windows-amd64

Events (10 events):
Event: 211.475 loading class org/jetbrains/kotlin/resolve/OverridingUtil$7
Event: 211.475 loading class org/jetbrains/kotlin/resolve/OverridingUtil$7 done
Event: 211.476 loading class org/jetbrains/kotlin/resolve/OverridingUtil$8
Event: 211.476 loading class org/jetbrains/kotlin/resolve/OverridingUtil$8 done
Event: 211.516 loading class org/jetbrains/kotlin/resolve/QualifiedExpressionResolver$asQualifierPartList$2
Event: 211.516 loading class org/jetbrains/kotlin/resolve/QualifiedExpressionResolver$asQualifierPartList$2 done
Event: 211.525 loading class org/jetbrains/kotlin/resolve/PackageFragmentWithCustomSource
Event: 211.525 loading class org/jetbrains/kotlin/resolve/PackageFragmentWithCustomSource done
Event: 211.527 Executing VM operation: Deoptimize
Event: 211.528 Executing VM operation: Deoptimize done


Dynamic libraries:
0x00007ff7f3490000 - 0x00007ff7f34c7000 	C:\Program Files\Java\jdk1.8.0_251\bin\java.exe
0x00007fffca520000 - 0x00007fffca710000 	C:\Windows\SYSTEM32\ntdll.dll
0x00007fffc8f80000 - 0x00007fffc9032000 	C:\Windows\System32\KERNEL32.DLL
0x00007fffc7890000 - 0x00007fffc7b34000 	C:\Windows\System32\KERNELBASE.dll
0x00007fffca0c0000 - 0x00007fffca163000 	C:\Windows\System32\ADVAPI32.dll
0x00007fffc9cc0000 - 0x00007fffc9d5e000 	C:\Windows\System32\msvcrt.dll
0x00007fffc9b60000 - 0x00007fffc9bf7000 	C:\Windows\System32\sechost.dll
0x00007fffca220000 - 0x00007fffca340000 	C:\Windows\System32\RPCRT4.dll
0x00007fffca340000 - 0x00007fffca4d5000 	C:\Windows\System32\USER32.dll
0x00007fffc82d0000 - 0x00007fffc82f1000 	C:\Windows\System32\win32u.dll
0x00007fffca1f0000 - 0x00007fffca216000 	C:\Windows\System32\GDI32.dll
0x00007fffc8320000 - 0x00007fffc84b6000 	C:\Windows\System32\gdi32full.dll
0x00007fffc74a0000 - 0x00007fffc753e000 	C:\Windows\System32\msvcp_win.dll
0x00007fffc76e0000 - 0x00007fffc77da000 	C:\Windows\System32\ucrtbase.dll
0x00007fffbcb30000 - 0x00007fffbcdb4000 	C:\Windows\WinSxS\amd64_microsoft.windows.common-controls_6595b64144ccf1df_6.0.18362.1016_none_9e7a36bbe461dae4\COMCTL32.dll
0x00007fffc9580000 - 0x00007fffc98b5000 	C:\Windows\System32\combase.dll
0x00007fffc84c0000 - 0x00007fffc8540000 	C:\Windows\System32\bcryptPrimitives.dll
0x00007fffc8ed0000 - 0x00007fffc8efe000 	C:\Windows\System32\IMM32.DLL
0x00000000575f0000 - 0x00000000576c2000 	C:\Program Files\Java\jdk1.8.0_251\jre\bin\msvcr100.dll
0x0000000056d40000 - 0x00000000575eb000 	C:\Program Files\Java\jdk1.8.0_251\jre\bin\server\jvm.dll
0x00007fffc9d60000 - 0x00007fffc9d68000 	C:\Windows\System32\PSAPI.DLL
0x00007fffbf280000 - 0x00007fffbf289000 	C:\Windows\SYSTEM32\WSOCK32.dll
0x00007fffc17e0000 - 0x00007fffc17ea000 	C:\Windows\SYSTEM32\VERSION.dll
0x00007fffc4f90000 - 0x00007fffc4fb4000 	C:\Windows\SYSTEM32\WINMM.dll
0x00007fffc98c0000 - 0x00007fffc992f000 	C:\Windows\System32\WS2_32.dll
0x00007fffc4f60000 - 0x00007fffc4f8d000 	C:\Windows\SYSTEM32\WINMMBASE.dll
0x00007fffc7690000 - 0x00007fffc76da000 	C:\Windows\System32\cfgmgr32.dll
0x00007fffbf010000 - 0x00007fffbf01f000 	C:\Program Files\Java\jdk1.8.0_251\jre\bin\verify.dll
0x00007fffb4490000 - 0x00007fffb44b9000 	C:\Program Files\Java\jdk1.8.0_251\jre\bin\java.dll
0x00007fffb4ba0000 - 0x00007fffb4bb6000 	C:\Program Files\Java\jdk1.8.0_251\jre\bin\zip.dll
0x00007fffc85d0000 - 0x00007fffc8cb7000 	C:\Windows\System32\SHELL32.dll
0x00007fffc9040000 - 0x00007fffc90e9000 	C:\Windows\System32\shcore.dll
0x00007fffc7b40000 - 0x00007fffc82c2000 	C:\Windows\System32\windows.storage.dll
0x00007fffc7430000 - 0x00007fffc7453000 	C:\Windows\System32\profapi.dll
0x00007fffc73e0000 - 0x00007fffc742a000 	C:\Windows\System32\powrprof.dll
0x00007fffc73d0000 - 0x00007fffc73e0000 	C:\Windows\System32\UMPDC.dll
0x00007fffc9c00000 - 0x00007fffc9c52000 	C:\Windows\System32\shlwapi.dll
0x00007fffc7460000 - 0x00007fffc7471000 	C:\Windows\System32\kernel.appcore.dll
0x00007fffc8300000 - 0x00007fffc8317000 	C:\Windows\System32\cryptsp.dll
0x00007fffb4470000 - 0x00007fffb448a000 	C:\Program Files\Java\jdk1.8.0_251\jre\bin\net.dll
0x00007fffc6b80000 - 0x00007fffc6be7000 	C:\Windows\system32\mswsock.dll
0x00007fffa8720000 - 0x00007fffa8732000 	C:\Program Files\Java\jdk1.8.0_251\jre\bin\nio.dll
0x00007fffb44c0000 - 0x00007fffb44e7000 	C:\Users\Omid\.gradle\native\f6784746aeab05261644944871eae4fe03e0ef1612fff0a4a95f87b438bc6780\windows-amd64\native-platform.dll
0x00007fffbdfa0000 - 0x00007fffbdfad000 	C:\Program Files\Java\jdk1.8.0_251\jre\bin\management.dll
0x00007fffc6700000 - 0x00007fffc6733000 	C:\Windows\system32\rsaenh.dll
0x00007fffc8540000 - 0x00007fffc8566000 	C:\Windows\System32\bcrypt.dll
0x00007fffc72f0000 - 0x00007fffc7315000 	C:\Windows\SYSTEM32\USERENV.dll
0x00007fffc6d00000 - 0x00007fffc6d0c000 	C:\Windows\SYSTEM32\CRYPTBASE.dll
0x00007fffc68a0000 - 0x00007fffc68da000 	C:\Windows\SYSTEM32\IPHLPAPI.DLL
0x00007fffc8f00000 - 0x00007fffc8f08000 	C:\Windows\System32\NSI.dll
0x00007fffbf180000 - 0x00007fffbf196000 	C:\Windows\SYSTEM32\dhcpcsvc6.DLL
0x00007fffbfea0000 - 0x00007fffbfebc000 	C:\Windows\SYSTEM32\dhcpcsvc.DLL
0x00007fffc68e0000 - 0x00007fffc69ab000 	C:\Windows\SYSTEM32\DNSAPI.dll
0x00007fffc0770000 - 0x00007fffc077b000 	C:\Windows\SYSTEM32\WINNSI.DLL

VM Arguments:
jvm_args: -Xmx2048m -Dfile.encoding=windows-1252 -Duser.country=US -Duser.language=en -Duser.variant 
java_command: org.gradle.launcher.daemon.bootstrap.GradleDaemon 6.5
java_class_path (initial): C:\Users\Omid\.gradle\wrapper\dists\gradle-6.5-all\2oz4ud9k3tuxjg84bbf55q0tn\gradle-6.5\lib\gradle-launcher-6.5.jar
Launcher Type: SUN_STANDARD

Environment Variables:
JAVA_HOME=C:\Program Files\Java\jdk-14.0.1
PATH=C:\Program Files (x86)\Common Files\Oracle\Java\javapath;C:\Windows\system32;C:\Windows;C:\Windows\System32\Wbem;C:\Windows\System32\WindowsPowerShell\v1.0\;C:\Windows\System32\OpenSSH\;C:\Program Files\Java\jdk-14.0.1\bin;F:\Android\android-sdk\platform-tools;F:\Android\android-sdk\tools;C:\Program Files\Git\cmd;D:\FlutterSdk\flutter\bin;C:\Program Files\SourceGear\Common\DiffMerge\;C:\Program Files\Docker\Docker\resources\bin;C:\ProgramData\DockerDesktop\version-bin;C:\Users\Omid\AppData\Local\Microsoft\WindowsApps;
USERNAME=Omid
OS=Windows_NT
PROCESSOR_IDENTIFIER=Intel64 Family 6 Model 58 Stepping 9, GenuineIntel



---------------  S Y S T E M  ---------------

OS: Windows 10.0 , 64 bit Build 18362 (10.0.18362.959)

CPU:total 4 (initial active 4) (2 cores per cpu, 2 threads per core) family 6 model 58 stepping 9, cmov, cx8, fxsr, mmx, sse, sse2, sse3, ssse3, sse4.1, sse4.2, popcnt, avx, aes, clmul, erms, ht, tsc, tscinvbit, tscinv

Memory: 4k page, physical 6174296k(345724k free), swap 18929492k(4736k free)

vm_info: Java HotSpot(TM) 64-Bit Server VM (25.251-b08) for windows-amd64 JRE (1.8.0_251-b08), built on Mar 12 2020 06:31:49 by "" with MS VC++ 10.0 (VS2010)

time: Wed Sep 09 14:37:37 2020
timezone: Iran Daylight Time
elapsed time: 212 seconds (0d 0h 3m 32s)

