#
# There is insufficient memory for the Java Runtime Environment to continue.
# Native memory allocation (malloc) failed to allocate 1486736 bytes for Chunk::new
# Possible reasons:
#   The system is out of physical RAM or swap space
#   The process is running with CompressedOops enabled, and the Java Heap may be blocking the growth of the native heap
# Possible solutions:
#   Reduce memory load on the system
#   Increase physical memory or swap space
#   Check if swap backing store is full
#   Decrease Java heap size (-Xmx/-Xms)
#   Decrease number of Java threads
#   Decrease Java thread stack sizes (-Xss)
#   Set larger code cache with -XX:ReservedCodeCacheSize=
#   JVM is running with Unscaled Compressed Oops mode in which the Java heap is
#     placed in the first 4GB address space. The Java Heap base address is the
#     maximum limit for the native heap growth. Please use -XX:HeapBaseMinAddress
#     to set the Java Heap base and to place the Java Heap above 4GB virtual address.
# This output file may be truncated or incomplete.
#
#  Out of Memory Error (allocation.cpp:389), pid=17320, tid=0x000000000000483c
#
# JRE version: Java(TM) SE Runtime Environment (8.0_251-b08) (build 1.8.0_251-b08)
# Java VM: Java HotSpot(TM) 64-Bit Server VM (25.251-b08 mixed mode windows-amd64 compressed oops)
# Failed to write core dump. Minidumps are not enabled by default on client versions of Windows
#

---------------  T H R E A D  ---------------

Current thread (0x0000000017f10000):  JavaThread "C2 CompilerThread0" daemon [_thread_in_native, id=18492, stack(0x0000000019560000,0x0000000019660000)]

Stack: [0x0000000019560000,0x0000000019660000]
[error occurred during error reporting (printing stack bounds), id 0xc0000005]

Native frames: (J=compiled Java code, j=interpreted, Vv=VM code, C=native code)


Current CompileTask:
C2:  40877 7045       4       sun.reflect.generics.parser.SignatureParser::parsePackageNameAndSimpleClassTypeSignature (139 bytes)


---------------  P R O C E S S  ---------------

Java Threads: ( => current thread )
  0x000000001ac8d800 JavaThread "Cache worker for Build Output Cleanup Cache (E:\Android_Stadio_Rep\Kotlin\Movotlin\.gradle\buildOutputCleanup)" [_thread_blocked, id=6448, stack(0x0000000023ba0000,0x0000000023ca0000)]
  0x000000001ac92000 JavaThread "jar transforms Thread 112" [_thread_blocked, id=4524, stack(0x00000000234e0000,0x00000000235e0000)]
  0x000000001ac91000 JavaThread "jar transforms Thread 111" [_thread_blocked, id=12908, stack(0x00000000204e0000,0x00000000205e0000)]
  0x000000001ac8f000 JavaThread "jar transforms Thread 110" [_thread_blocked, id=18556, stack(0x000000002acc0000,0x000000002adc0000)]
  0x000000001ac90800 JavaThread "jar transforms Thread 109" [_thread_blocked, id=15148, stack(0x000000002abc0000,0x000000002acc0000)]
  0x000000001ac85000 JavaThread "jar transforms Thread 108" [_thread_blocked, id=3380, stack(0x000000002aac0000,0x000000002abc0000)]
  0x000000001ac89800 JavaThread "jar transforms Thread 107" [_thread_blocked, id=6744, stack(0x000000002a9c0000,0x000000002aac0000)]
  0x000000001ac88000 JavaThread "jar transforms Thread 106" [_thread_blocked, id=9044, stack(0x000000002a8c0000,0x000000002a9c0000)]
  0x000000001ac89000 JavaThread "jar transforms Thread 105" [_thread_blocked, id=19544, stack(0x000000002a7c0000,0x000000002a8c0000)]
  0x000000001ac87800 JavaThread "jar transforms Thread 104" [_thread_blocked, id=17100, stack(0x000000002a6c0000,0x000000002a7c0000)]
  0x000000001ac8b000 JavaThread "jar transforms Thread 103" [_thread_blocked, id=1468, stack(0x000000002a5c0000,0x000000002a6c0000)]
  0x000000001ac8c000 JavaThread "jar transforms Thread 102" [_thread_blocked, id=21060, stack(0x000000002a4c0000,0x000000002a5c0000)]
  0x000000001ac86000 JavaThread "jar transforms Thread 101" [_thread_blocked, id=9828, stack(0x000000002a3c0000,0x000000002a4c0000)]
  0x000000001ac86800 JavaThread "jar transforms Thread 100" [_thread_blocked, id=16680, stack(0x000000002a2c0000,0x000000002a3c0000)]
  0x000000001ac84800 JavaThread "jar transforms Thread 99" [_thread_blocked, id=5972, stack(0x000000002a1c0000,0x000000002a2c0000)]
  0x000000001ac8a800 JavaThread "jar transforms Thread 98" [_thread_blocked, id=21300, stack(0x000000002a0c0000,0x000000002a1c0000)]
  0x0000000024a85800 JavaThread "jar transforms Thread 97" [_thread_blocked, id=5872, stack(0x0000000029fc0000,0x000000002a0c0000)]
  0x0000000024a89800 JavaThread "jar transforms Thread 96" [_thread_blocked, id=10700, stack(0x0000000029ec0000,0x0000000029fc0000)]
  0x0000000024a8c800 JavaThread "jar transforms Thread 95" [_thread_blocked, id=32, stack(0x0000000029dc0000,0x0000000029ec0000)]
  0x0000000024a85000 JavaThread "jar transforms Thread 94" [_thread_blocked, id=17800, stack(0x0000000029cc0000,0x0000000029dc0000)]
  0x0000000024a86800 JavaThread "jar transforms Thread 93" [_thread_blocked, id=15048, stack(0x0000000029bc0000,0x0000000029cc0000)]
  0x0000000024a87000 JavaThread "jar transforms Thread 92" [_thread_blocked, id=18344, stack(0x0000000029ac0000,0x0000000029bc0000)]
  0x0000000024a8a000 JavaThread "jar transforms Thread 91" [_thread_blocked, id=14844, stack(0x00000000299c0000,0x0000000029ac0000)]
  0x0000000024a8b000 JavaThread "jar transforms Thread 90" [_thread_blocked, id=20620, stack(0x00000000298c0000,0x00000000299c0000)]
  0x0000000024a8b800 JavaThread "jar transforms Thread 89" [_thread_blocked, id=4188, stack(0x00000000297c0000,0x00000000298c0000)]
  0x0000000024a88800 JavaThread "jar transforms Thread 88" [_thread_blocked, id=17644, stack(0x00000000296c0000,0x00000000297c0000)]
  0x0000000024a88000 JavaThread "jar transforms Thread 87" [_thread_blocked, id=16724, stack(0x00000000295c0000,0x00000000296c0000)]
  0x0000000024a7d000 JavaThread "jar transforms Thread 86" [_thread_blocked, id=13840, stack(0x00000000294c0000,0x00000000295c0000)]
  0x0000000024a80000 JavaThread "jar transforms Thread 85" [_thread_blocked, id=13808, stack(0x00000000293c0000,0x00000000294c0000)]
  0x0000000024a7f800 JavaThread "jar transforms Thread 84" [_thread_blocked, id=12320, stack(0x00000000292c0000,0x00000000293c0000)]
  0x0000000024a81000 JavaThread "jar transforms Thread 83" [_thread_blocked, id=3196, stack(0x00000000291c0000,0x00000000292c0000)]
  0x0000000024a7e800 JavaThread "jar transforms Thread 82" [_thread_blocked, id=4808, stack(0x00000000290c0000,0x00000000291c0000)]
  0x0000000024a84000 JavaThread "jar transforms Thread 81" [_thread_blocked, id=10324, stack(0x0000000028fc0000,0x00000000290c0000)]
  0x0000000024a7e000 JavaThread "jar transforms Thread 80" [_thread_blocked, id=14000, stack(0x0000000028ec0000,0x0000000028fc0000)]
  0x0000000024a82800 JavaThread "jar transforms Thread 79" [_thread_blocked, id=20432, stack(0x0000000028dc0000,0x0000000028ec0000)]
  0x0000000024a82000 JavaThread "jar transforms Thread 78" [_thread_blocked, id=12004, stack(0x0000000028cc0000,0x0000000028dc0000)]
  0x0000000024a83800 JavaThread "jar transforms Thread 77" [_thread_blocked, id=19744, stack(0x0000000028bc0000,0x0000000028cc0000)]
  0x00000000246a1800 JavaThread "jar transforms Thread 76" [_thread_blocked, id=5408, stack(0x0000000028ac0000,0x0000000028bc0000)]
  0x000000002469a000 JavaThread "jar transforms Thread 75" [_thread_blocked, id=8136, stack(0x00000000289c0000,0x0000000028ac0000)]
  0x000000002469f000 JavaThread "jar transforms Thread 74" [_thread_blocked, id=19236, stack(0x00000000288c0000,0x00000000289c0000)]
  0x00000000246a0000 JavaThread "jar transforms Thread 73" [_thread_blocked, id=18664, stack(0x00000000287c0000,0x00000000288c0000)]
  0x000000002469c000 JavaThread "jar transforms Thread 72" [_thread_blocked, id=15432, stack(0x00000000286c0000,0x00000000287c0000)]
  0x000000002469e800 JavaThread "jar transforms Thread 71" [_thread_blocked, id=8556, stack(0x00000000285c0000,0x00000000286c0000)]
  0x000000002469d000 JavaThread "jar transforms Thread 70" [_thread_blocked, id=10928, stack(0x00000000284c0000,0x00000000285c0000)]
  0x000000002469b800 JavaThread "jar transforms Thread 69" [_thread_blocked, id=18452, stack(0x00000000283c0000,0x00000000284c0000)]
  0x000000002469d800 JavaThread "jar transforms Thread 68" [_thread_blocked, id=14848, stack(0x00000000282c0000,0x00000000283c0000)]
  0x000000002469a800 JavaThread "jar transforms Thread 67" [_thread_blocked, id=10704, stack(0x00000000281c0000,0x00000000282c0000)]
  0x00000000246a0800 JavaThread "jar transforms Thread 66" [_thread_blocked, id=7848, stack(0x00000000280c0000,0x00000000281c0000)]
  0x0000000024692800 JavaThread "jar transforms Thread 65" [_thread_blocked, id=16236, stack(0x0000000027fc0000,0x00000000280c0000)]
  0x0000000024694000 JavaThread "jar transforms Thread 64" [_thread_blocked, id=13836, stack(0x0000000027ec0000,0x0000000027fc0000)]
  0x0000000024698800 JavaThread "jar transforms Thread 63" [_thread_blocked, id=17576, stack(0x0000000027dc0000,0x0000000027ec0000)]
  0x0000000024697800 JavaThread "jar transforms Thread 62" [_thread_blocked, id=8256, stack(0x0000000027cc0000,0x0000000027dc0000)]
  0x0000000024697000 JavaThread "jar transforms Thread 61" [_thread_blocked, id=7004, stack(0x0000000027bc0000,0x0000000027cc0000)]
  0x0000000024693000 JavaThread "jar transforms Thread 60" [_thread_blocked, id=9008, stack(0x0000000027ac0000,0x0000000027bc0000)]
  0x0000000024695800 JavaThread "jar transforms Thread 59" [_thread_blocked, id=15096, stack(0x00000000279c0000,0x0000000027ac0000)]
  0x0000000024699000 JavaThread "jar transforms Thread 58" [_thread_blocked, id=15232, stack(0x00000000278c0000,0x00000000279c0000)]
  0x0000000024694800 JavaThread "jar transforms Thread 57" [_thread_blocked, id=14468, stack(0x00000000277c0000,0x00000000278c0000)]
  0x0000000024696000 JavaThread "jar transforms Thread 56" [_thread_blocked, id=14280, stack(0x00000000276c0000,0x00000000277c0000)]
  0x000000001e017800 JavaThread "jar transforms Thread 55" [_thread_blocked, id=1240, stack(0x00000000275c0000,0x00000000276c0000)]
  0x000000001e016800 JavaThread "jar transforms Thread 54" [_thread_blocked, id=8604, stack(0x00000000274c0000,0x00000000275c0000)]
  0x000000001e016000 JavaThread "jar transforms Thread 53" [_thread_blocked, id=11044, stack(0x00000000273c0000,0x00000000274c0000)]
  0x000000001e00e800 JavaThread "jar transforms Thread 52" [_thread_blocked, id=19960, stack(0x00000000272c0000,0x00000000273c0000)]
  0x000000001e015000 JavaThread "jar transforms Thread 51" [_thread_blocked, id=2916, stack(0x00000000271c0000,0x00000000272c0000)]
  0x000000001e013800 JavaThread "jar transforms Thread 50" [_thread_blocked, id=15220, stack(0x00000000270c0000,0x00000000271c0000)]
  0x000000001e013000 JavaThread "jar transforms Thread 49" [_thread_blocked, id=4048, stack(0x0000000026fc0000,0x00000000270c0000)]
  0x000000001e00f000 JavaThread "jar transforms Thread 48" [_thread_blocked, id=15664, stack(0x0000000026ec0000,0x0000000026fc0000)]
  0x000000001e012000 JavaThread "jar transforms Thread 47" [_thread_blocked, id=17780, stack(0x0000000026dc0000,0x0000000026ec0000)]
  0x000000001e010800 JavaThread "jar transforms Thread 46" [_thread_blocked, id=18848, stack(0x0000000026cc0000,0x0000000026dc0000)]
  0x000000001e014800 JavaThread "jar transforms Thread 45" [_thread_blocked, id=14092, stack(0x0000000026bc0000,0x0000000026cc0000)]
  0x000000001e011800 JavaThread "jar transforms Thread 44" [_thread_blocked, id=5328, stack(0x0000000026ac0000,0x0000000026bc0000)]
  0x000000001e009000 JavaThread "jar transforms Thread 43" [_thread_blocked, id=9236, stack(0x00000000269c0000,0x0000000026ac0000)]
  0x000000001e00d000 JavaThread "jar transforms Thread 42" [_thread_blocked, id=12944, stack(0x00000000268c0000,0x00000000269c0000)]
  0x000000001e010000 JavaThread "jar transforms Thread 41" [_thread_blocked, id=3884, stack(0x00000000267c0000,0x00000000268c0000)]
  0x000000001e00c000 JavaThread "jar transforms Thread 40" [_thread_blocked, id=20956, stack(0x00000000266c0000,0x00000000267c0000)]
  0x000000001e00d800 JavaThread "jar transforms Thread 39" [_thread_blocked, id=7960, stack(0x00000000265c0000,0x00000000266c0000)]
  0x000000001e00a000 JavaThread "jar transforms Thread 38" [_thread_blocked, id=7568, stack(0x0000000025470000,0x0000000025570000)]
  0x000000001e00b800 JavaThread "jar transforms Thread 37" [_thread_blocked, id=5984, stack(0x0000000025370000,0x0000000025470000)]
  0x000000001e00a800 JavaThread "jar transforms Thread 36" [_thread_blocked, id=1488, stack(0x0000000025270000,0x0000000025370000)]
  0x000000001e008800 JavaThread "jar transforms Thread 35" [_thread_blocked, id=15272, stack(0x0000000025170000,0x0000000025270000)]
  0x000000001b917800 JavaThread "jar transforms Thread 34" [_thread_blocked, id=14328, stack(0x0000000025070000,0x0000000025170000)]
  0x000000001b911000 JavaThread "jar transforms Thread 33" [_thread_blocked, id=5616, stack(0x0000000023aa0000,0x0000000023ba0000)]
  0x000000001b916800 JavaThread "jar transforms Thread 32" [_thread_blocked, id=17784, stack(0x00000000239a0000,0x0000000023aa0000)]
  0x000000001b918000 JavaThread "jar transforms Thread 31" [_thread_blocked, id=16872, stack(0x00000000238a0000,0x00000000239a0000)]
  0x000000001b914800 JavaThread "Memory manager" [_thread_blocked, id=16208, stack(0x00000000233e0000,0x00000000234e0000)]
  0x000000001b913800 JavaThread "jar transforms Thread 30" [_thread_blocked, id=9660, stack(0x0000000022ce0000,0x0000000022de0000)]
  0x000000001b912800 JavaThread "jar transforms Thread 29" [_thread_blocked, id=15760, stack(0x0000000022be0000,0x0000000022ce0000)]
  0x000000001b909800 JavaThread "jar transforms Thread 28" [_thread_blocked, id=4376, stack(0x0000000022ae0000,0x0000000022be0000)]
  0x000000001b90c000 JavaThread "jar transforms Thread 27" [_thread_blocked, id=7436, stack(0x00000000229e0000,0x0000000022ae0000)]
  0x000000001b90b000 JavaThread "jar transforms Thread 26" [_thread_blocked, id=7632, stack(0x00000000228e0000,0x00000000229e0000)]
  0x000000001b910800 JavaThread "jar transforms Thread 25" [_thread_blocked, id=11600, stack(0x00000000227e0000,0x00000000228e0000)]
  0x000000001b909000 JavaThread "jar transforms Thread 24" [_thread_blocked, id=5504, stack(0x00000000226e0000,0x00000000227e0000)]
  0x000000001b90a800 JavaThread "jar transforms Thread 23" [_thread_blocked, id=564, stack(0x00000000225e0000,0x00000000226e0000)]
  0x000000001b90f800 JavaThread "jar transforms Thread 22" [_thread_blocked, id=19656, stack(0x00000000224e0000,0x00000000225e0000)]
  0x000000001b90f000 JavaThread "jar transforms Thread 21" [_thread_blocked, id=15288, stack(0x00000000223e0000,0x00000000224e0000)]
  0x000000001b90e000 JavaThread "jar transforms Thread 20" [_thread_blocked, id=15168, stack(0x00000000222e0000,0x00000000223e0000)]
  0x000000001b90d800 JavaThread "jar transforms Thread 19" [_thread_blocked, id=9288, stack(0x00000000221e0000,0x00000000222e0000)]
  0x000000001b90c800 JavaThread "jar transforms Thread 18" [_thread_blocked, id=19316, stack(0x00000000220e0000,0x00000000221e0000)]
  0x0000000019a33000 JavaThread "jar transforms Thread 17" [_thread_blocked, id=7608, stack(0x0000000021fe0000,0x00000000220e0000)]
  0x0000000019a36800 JavaThread "jar transforms Thread 16" [_thread_blocked, id=15544, stack(0x0000000021ee0000,0x0000000021fe0000)]
  0x0000000019a31800 JavaThread "jar transforms Thread 15" [_thread_blocked, id=12924, stack(0x0000000021de0000,0x0000000021ee0000)]
  0x0000000019a35000 JavaThread "jar transforms Thread 14" [_thread_blocked, id=13368, stack(0x0000000021ce0000,0x0000000021de0000)]
  0x0000000019a36000 JavaThread "jar transforms Thread 13" [_thread_blocked, id=19640, stack(0x0000000021be0000,0x0000000021ce0000)]
  0x0000000019a30800 JavaThread "jar transforms Thread 12" [_thread_blocked, id=8052, stack(0x0000000021ae0000,0x0000000021be0000)]
  0x0000000019a2d800 JavaThread "jar transforms Thread 11" [_thread_blocked, id=19136, stack(0x00000000219e0000,0x0000000021ae0000)]
  0x0000000019a34800 JavaThread "jar transforms Thread 10" [_thread_blocked, id=3224, stack(0x00000000218e0000,0x00000000219e0000)]
  0x0000000019a30000 JavaThread "jar transforms Thread 9" [_thread_blocked, id=11372, stack(0x00000000216e0000,0x00000000217e0000)]
  0x0000000019a32000 JavaThread "jar transforms Thread 8" [_thread_blocked, id=6976, stack(0x00000000215e0000,0x00000000216e0000)]
  0x0000000019a33800 JavaThread "jar transforms Thread 7" [_thread_blocked, id=12328, stack(0x00000000214e0000,0x00000000215e0000)]
  0x0000000019a2f000 JavaThread "jar transforms Thread 6" [_thread_blocked, id=4084, stack(0x00000000213e0000,0x00000000214e0000)]
  0x0000000019a28800 JavaThread "jar transforms Thread 5" [_thread_blocked, id=12512, stack(0x00000000212e0000,0x00000000213e0000)]
  0x0000000019a2e800 JavaThread "jar transforms Thread 4" [_thread_blocked, id=17528, stack(0x00000000211e0000,0x00000000212e0000)]
  0x0000000019a2d000 JavaThread "jar transforms Thread 3" [_thread_blocked, id=11956, stack(0x00000000210e0000,0x00000000211e0000)]
  0x0000000019a27800 JavaThread "jar transforms Thread 2" [_thread_blocked, id=8032, stack(0x0000000020fe0000,0x00000000210e0000)]
  0x0000000019a2c000 JavaThread "Build operations Thread 4" [_thread_blocked, id=4608, stack(0x0000000020ce0000,0x0000000020de0000)]
  0x0000000019a2b800 JavaThread "Build operations Thread 3" [_thread_blocked, id=18468, stack(0x0000000020be0000,0x0000000020ce0000)]
  0x0000000019a2a800 JavaThread "Build operations Thread 2" [_thread_blocked, id=19180, stack(0x0000000020ae0000,0x0000000020be0000)]
  0x0000000019a2a000 JavaThread "Build operations" [_thread_blocked, id=7988, stack(0x00000000209e0000,0x0000000020ae0000)]
  0x000000001a96c000 JavaThread "Cache worker for file content cache (C:\Users\Omid\.gradle\caches\6.5\fileContent)" [_thread_blocked, id=12040, stack(0x00000000203e0000,0x00000000204e0000)]
  0x000000001a96b800 JavaThread "jar transforms" [_thread_blocked, id=4916, stack(0x00000000200e0000,0x00000000201e0000)]
  0x000000001a96e800 JavaThread "Cache worker for execution history cache (C:\Users\Omid\.gradle\caches\6.5\executionHistory)" [_thread_blocked, id=10984, stack(0x000000001f9e0000,0x000000001fae0000)]
  0x000000001a969000 JavaThread "Cache worker for cache directory md-rule (C:\Users\Omid\.gradle\caches\6.5\md-rule)" [_thread_blocked, id=8724, stack(0x000000001f8e0000,0x000000001f9e0000)]
  0x000000001a96d800 JavaThread "Cache worker for cache directory md-supplier (C:\Users\Omid\.gradle\caches\6.5\md-supplier)" [_thread_blocked, id=18464, stack(0x000000001f7e0000,0x000000001f8e0000)]
  0x000000001a96d000 JavaThread "Cache worker for checksums cache (E:\Android_Stadio_Rep\Kotlin\Movotlin\.gradle\checksums)" [_thread_blocked, id=14724, stack(0x000000001f250000,0x000000001f350000)]
  0x000000001a96a800 JavaThread "Cache worker for file hash cache (E:\Android_Stadio_Rep\Kotlin\Movotlin\.gradle\6.5\fileHashes)" [_thread_blocked, id=19672, stack(0x000000001f150000,0x000000001f250000)]
  0x000000001a970000 JavaThread "Cache worker for file hash cache (C:\Users\Omid\.gradle\caches\6.5\fileHashes)" [_thread_blocked, id=9708, stack(0x000000001de80000,0x000000001df80000)]
  0x000000001a96a000 JavaThread "File lock request listener" [_thread_in_native, id=11824, stack(0x000000001dd80000,0x000000001de80000)]
  0x000000001a96f000 JavaThread "Cache worker for journal cache (C:\Users\Omid\.gradle\caches\journal-1)" [_thread_blocked, id=8004, stack(0x000000001dc80000,0x000000001dd80000)]
  0x0000000019b94800 JavaThread "Thread-9" [_thread_blocked, id=10400, stack(0x000000001d980000,0x000000001da80000)]
  0x000000001a397000 JavaThread "Stdin handler" [_thread_blocked, id=18052, stack(0x000000001d880000,0x000000001d980000)]
  0x000000001a394000 JavaThread "Asynchronous log dispatcher for DefaultDaemonConnection: socket connection from /127.0.0.1:11190 to /127.0.0.1:11191" [_thread_blocked, id=13880, stack(0x000000001d780000,0x000000001d880000)]
  0x000000001a38f000 JavaThread "Daemon worker" [_thread_in_native, id=19588, stack(0x000000001d680000,0x000000001d780000)]
  0x000000001a38e800 JavaThread "Cancel handler" [_thread_blocked, id=11556, stack(0x000000001d580000,0x000000001d680000)]
  0x000000001adf7000 JavaThread "Handler for socket connection from /127.0.0.1:11190 to /127.0.0.1:11191" [_thread_in_native, id=5852, stack(0x000000001d480000,0x000000001d580000)]
  0x000000001adf6800 JavaThread "Daemon" [_thread_blocked, id=11340, stack(0x000000001d380000,0x000000001d480000)]
  0x000000001a477000 JavaThread "Daemon periodic checks" [_thread_blocked, id=4948, stack(0x000000001d080000,0x000000001d180000)]
  0x000000001aeba000 JavaThread "Incoming local TCP Connector on port 11190" [_thread_in_native, id=18936, stack(0x000000001ce40000,0x000000001cf40000)]
  0x000000001b6b3000 JavaThread "Daemon health stats" [_thread_blocked, id=20488, stack(0x000000001c600000,0x000000001c700000)]
  0x0000000017f57000 JavaThread "Service Thread" daemon [_thread_blocked, id=11308, stack(0x0000000019c60000,0x0000000019d60000)]
  0x0000000017f23000 JavaThread "C1 CompilerThread2" daemon [_thread_blocked, id=8660, stack(0x0000000019760000,0x0000000019860000)]
  0x0000000017f13000 JavaThread "C2 CompilerThread1" daemon [_thread_blocked, id=2208, stack(0x0000000019660000,0x0000000019760000)]
=>0x0000000017f10000 JavaThread "C2 CompilerThread0" daemon [_thread_in_native, id=18492, stack(0x0000000019560000,0x0000000019660000)]
  0x0000000017f0d000 JavaThread "Attach Listener" daemon [_thread_blocked, id=18448, stack(0x0000000019460000,0x0000000019560000)]
  0x0000000017f09800 JavaThread "Signal Dispatcher" daemon [_thread_blocked, id=19272, stack(0x0000000019360000,0x0000000019460000)]
  0x00000000032ea800 JavaThread "Finalizer" daemon [_thread_blocked, id=6648, stack(0x0000000019160000,0x0000000019260000)]
  0x00000000032e2000 JavaThread "Reference Handler" daemon [_thread_blocked, id=9200, stack(0x0000000019060000,0x0000000019160000)]
  0x0000000002fce000 JavaThread "main" [_thread_blocked, id=17592, stack(0x00000000030f0000,0x00000000031f0000)]

Other Threads:
  0x0000000017ed7000 VMThread [stack: 0x0000000018f60000,0x0000000019060000] [id=11280]
  0x0000000017f57800 WatcherThread [stack: 0x0000000019d60000,0x0000000019e60000] [id=16720]

VM state:not at safepoint (normal execution)

VM Mutex/Monitor currently owned by a thread: None

heap address: 0x0000000080000000, size: 2048 MB, Compressed Oops mode: 32-bit
Narrow klass base: 0x0000000000000000, Narrow klass shift: 3
Compressed class space size: 1073741824 Address: 0x0000000100000000

Heap:
 PSYoungGen      total 135680K, used 55637K [0x00000000d5580000, 0x00000000dfa80000, 0x0000000100000000)
  eden space 122368K, 45% used [0x00000000d5580000,0x00000000d8bd55e0,0x00000000dcd00000)
  from space 13312K, 0% used [0x00000000dcd00000,0x00000000dcd00000,0x00000000dda00000)
  to   space 13312K, 0% used [0x00000000ded80000,0x00000000ded80000,0x00000000dfa80000)
 ParOldGen       total 52224K, used 32976K [0x0000000080000000, 0x0000000083300000, 0x00000000d5580000)
  object space 52224K, 63% used [0x0000000080000000,0x00000000820343c8,0x0000000083300000)
 Metaspace       used 60663K, capacity 63508K, committed 63872K, reserved 1103872K
  class space    used 8514K, capacity 9065K, committed 9088K, reserved 1048576K

Card table byte_map: [0x00000000126b0000,0x0000000012ac0000] byte_map_base: 0x00000000122b0000

Marking Bits: (ParMarkBitMap*) 0x000000005c88af90
 Begin Bits: [0x0000000013170000, 0x0000000015170000)
 End Bits:   [0x0000000015170000, 0x0000000017170000)

Polling page: 0x0000000001420000

CodeCache: size=245760Kb used=19841Kb max_used=19841Kb free=225919Kb
 bounds [0x00000000032f0000, 0x0000000004670000, 0x00000000122f0000]
 total_blobs=7105 nmethods=6456 adapters=561
 compilation: enabled

Compilation events (10 events):
Event: 40.696 Thread 0x0000000017f13000 nmethod 7123 0x0000000004649710 code [0x00000000046498a0, 0x000000000464a438]
Event: 40.696 Thread 0x0000000017f13000 7131       4       java.util.regex.Pattern::RemoveQEQuoting (346 bytes)
Event: 40.697 Thread 0x0000000017f23000 nmethod 7134 0x0000000004645bd0 code [0x0000000004645de0, 0x0000000004646708]
Event: 40.697 Thread 0x0000000017f23000 7135       3       kotlin.text.StringsKt__StringsKt::rangesDelimitedBy$StringsKt__StringsKt$default (39 bytes)
Event: 40.697 Thread 0x0000000017f23000 nmethod 7135 0x0000000004645750 code [0x00000000046458c0, 0x0000000004645ae8]
Event: 40.697 Thread 0x0000000017f23000 7136       3       kotlin.text.StringsKt__StringsKt::rangesDelimitedBy$StringsKt__StringsKt (104 bytes)
Event: 40.700 Thread 0x0000000017f23000 nmethod 7136 0x000000000464af50 code [0x000000000464b240, 0x000000000464c7f8]
Event: 40.700 Thread 0x0000000017f23000 7137       3       kotlin.text.StringsKt__StringsKt$rangesDelimitedBy$4::<init> (16 bytes)
Event: 40.700 Thread 0x0000000017f23000 nmethod 7137 0x0000000004648e90 code [0x0000000004649000, 0x0000000004649230]
Event: 40.700 Thread 0x0000000017f23000 7138       3       kotlin.text.DelimitedRangesSequence::<init> (39 bytes)

GC Heap History (10 events):
Event: 20.991 GC heap before
{Heap before GC invocations=18 (full 2):
 PSYoungGen      total 90624K, used 90610K [0x00000000d5580000, 0x00000000dcd80000, 0x0000000100000000)
  eden space 82944K, 100% used [0x00000000d5580000,0x00000000da680000,0x00000000da680000)
  from space 7680K, 99% used [0x00000000da680000,0x00000000dadfcbc8,0x00000000dae00000)
  to   space 8704K, 0% used [0x00000000dc500000,0x00000000dc500000,0x00000000dcd80000)
 ParOldGen       total 52224K, used 15742K [0x0000000080000000, 0x0000000083300000, 0x00000000d5580000)
  object space 52224K, 30% used [0x0000000080000000,0x0000000080f5fa18,0x0000000083300000)
 Metaspace       used 46557K, capacity 48364K, committed 48640K, reserved 1091584K
  class space    used 6690K, capacity 7069K, committed 7168K, reserved 1048576K
Event: 21.008 GC heap after
Heap after GC invocations=18 (full 2):
 PSYoungGen      total 113152K, used 8488K [0x00000000d5580000, 0x00000000dd380000, 0x0000000100000000)
  eden space 104448K, 0% used [0x00000000d5580000,0x00000000d5580000,0x00000000dbb80000)
  from space 8704K, 97% used [0x00000000dc500000,0x00000000dcd4a0f0,0x00000000dcd80000)
  to   space 9728K, 0% used [0x00000000dbb80000,0x00000000dbb80000,0x00000000dc500000)
 ParOldGen       total 52224K, used 19510K [0x0000000080000000, 0x0000000083300000, 0x00000000d5580000)
  object space 52224K, 37% used [0x0000000080000000,0x000000008130da58,0x0000000083300000)
 Metaspace       used 46557K, capacity 48364K, committed 48640K, reserved 1091584K
  class space    used 6690K, capacity 7069K, committed 7168K, reserved 1048576K
}
Event: 25.306 GC heap before
{Heap before GC invocations=19 (full 2):
 PSYoungGen      total 113152K, used 112936K [0x00000000d5580000, 0x00000000dd380000, 0x0000000100000000)
  eden space 104448K, 100% used [0x00000000d5580000,0x00000000dbb80000,0x00000000dbb80000)
  from space 8704K, 97% used [0x00000000dc500000,0x00000000dcd4a0f0,0x00000000dcd80000)
  to   space 9728K, 0% used [0x00000000dbb80000,0x00000000dbb80000,0x00000000dc500000)
 ParOldGen       total 52224K, used 19510K [0x0000000080000000, 0x0000000083300000, 0x00000000d5580000)
  object space 52224K, 37% used [0x0000000080000000,0x000000008130da58,0x0000000083300000)
 Metaspace       used 51665K, capacity 53906K, committed 54272K, reserved 1095680K
  class space    used 7405K, capacity 7818K, committed 7936K, reserved 1048576K
Event: 25.338 GC heap after
Heap after GC invocations=19 (full 2):
 PSYoungGen      total 114176K, used 9727K [0x00000000d5580000, 0x00000000de880000, 0x0000000100000000)
  eden space 104448K, 0% used [0x00000000d5580000,0x00000000d5580000,0x00000000dbb80000)
  from space 9728K, 99% used [0x00000000dbb80000,0x00000000dc4ffc08,0x00000000dc500000)
  to   space 12800K, 0% used [0x00000000ddc00000,0x00000000ddc00000,0x00000000de880000)
 ParOldGen       total 52224K, used 24602K [0x0000000080000000, 0x0000000083300000, 0x00000000d5580000)
  object space 52224K, 47% used [0x0000000080000000,0x0000000081806b40,0x0000000083300000)
 Metaspace       used 51665K, capacity 53906K, committed 54272K, reserved 1095680K
  class space    used 7405K, capacity 7818K, committed 7936K, reserved 1048576K
}
Event: 36.305 GC heap before
{Heap before GC invocations=20 (full 2):
 PSYoungGen      total 114176K, used 114175K [0x00000000d5580000, 0x00000000de880000, 0x0000000100000000)
  eden space 104448K, 100% used [0x00000000d5580000,0x00000000dbb80000,0x00000000dbb80000)
  from space 9728K, 99% used [0x00000000dbb80000,0x00000000dc4ffc08,0x00000000dc500000)
  to   space 12800K, 0% used [0x00000000ddc00000,0x00000000ddc00000,0x00000000de880000)
 ParOldGen       total 52224K, used 24602K [0x0000000080000000, 0x0000000083300000, 0x00000000d5580000)
  object space 52224K, 47% used [0x0000000080000000,0x0000000081806b40,0x0000000083300000)
 Metaspace       used 54410K, capacity 57198K, committed 57216K, reserved 1097728K
  class space    used 7764K, capacity 8310K, committed 8320K, reserved 1048576K
Event: 36.334 GC heap after
Heap after GC invocations=20 (full 2):
 PSYoungGen      total 133632K, used 8732K [0x00000000d5580000, 0x00000000de700000, 0x0000000100000000)
  eden space 122368K, 0% used [0x00000000d5580000,0x00000000d5580000,0x00000000dcd00000)
  from space 11264K, 77% used [0x00000000ddc00000,0x00000000de487108,0x00000000de700000)
  to   space 13312K, 0% used [0x00000000dcd00000,0x00000000dcd00000,0x00000000dda00000)
 ParOldGen       total 52224K, used 31786K [0x0000000080000000, 0x0000000083300000, 0x00000000d5580000)
  object space 52224K, 60% used [0x0000000080000000,0x0000000081f0a988,0x0000000083300000)
 Metaspace       used 54410K, capacity 57198K, committed 57216K, reserved 1097728K
  class space    used 7764K, capacity 8310K, committed 8320K, reserved 1048576K
}
Event: 37.684 GC heap before
{Heap before GC invocations=21 (full 2):
 PSYoungGen      total 133632K, used 29004K [0x00000000d5580000, 0x00000000de700000, 0x0000000100000000)
  eden space 122368K, 16% used [0x00000000d5580000,0x00000000d694c140,0x00000000dcd00000)
  from space 11264K, 77% used [0x00000000ddc00000,0x00000000de487108,0x00000000de700000)
  to   space 13312K, 0% used [0x00000000dcd00000,0x00000000dcd00000,0x00000000dda00000)
 ParOldGen       total 52224K, used 31786K [0x0000000080000000, 0x0000000083300000, 0x00000000d5580000)
  object space 52224K, 60% used [0x0000000080000000,0x0000000081f0a988,0x0000000083300000)
 Metaspace       used 56353K, capacity 59070K, committed 59160K, reserved 1099776K
  class space    used 7989K, capacity 8510K, committed 8576K, reserved 1048576K
Event: 37.696 GC heap after
Heap after GC invocations=21 (full 2):
 PSYoungGen      total 135680K, used 8158K [0x00000000d5580000, 0x00000000dfa80000, 0x0000000100000000)
  eden space 122368K, 0% used [0x00000000d5580000,0x00000000d5580000,0x00000000dcd00000)
  from space 13312K, 61% used [0x00000000dcd00000,0x00000000dd4f7ac0,0x00000000dda00000)
  to   space 13312K, 0% used [0x00000000ded80000,0x00000000ded80000,0x00000000dfa80000)
 ParOldGen       total 52224K, used 31794K [0x0000000080000000, 0x0000000083300000, 0x00000000d5580000)
  object space 52224K, 60% used [0x0000000080000000,0x0000000081f0c988,0x0000000083300000)
 Metaspace       used 56353K, capacity 59070K, committed 59160K, reserved 1099776K
  class space    used 7989K, capacity 8510K, committed 8576K, reserved 1048576K
}
Event: 37.696 GC heap before
{Heap before GC invocations=22 (full 3):
 PSYoungGen      total 135680K, used 8158K [0x00000000d5580000, 0x00000000dfa80000, 0x0000000100000000)
  eden space 122368K, 0% used [0x00000000d5580000,0x00000000d5580000,0x00000000dcd00000)
  from space 13312K, 61% used [0x00000000dcd00000,0x00000000dd4f7ac0,0x00000000dda00000)
  to   space 13312K, 0% used [0x00000000ded80000,0x00000000ded80000,0x00000000dfa80000)
 ParOldGen       total 52224K, used 31794K [0x0000000080000000, 0x0000000083300000, 0x00000000d5580000)
  object space 52224K, 60% used [0x0000000080000000,0x0000000081f0c988,0x0000000083300000)
 Metaspace       used 56353K, capacity 59070K, committed 59160K, reserved 1099776K
  class space    used 7989K, capacity 8510K, committed 8576K, reserved 1048576K
Event: 38.001 GC heap after
Heap after GC invocations=22 (full 3):
 PSYoungGen      total 135680K, used 0K [0x00000000d5580000, 0x00000000dfa80000, 0x0000000100000000)
  eden space 122368K, 0% used [0x00000000d5580000,0x00000000d5580000,0x00000000dcd00000)
  from space 13312K, 0% used [0x00000000dcd00000,0x00000000dcd00000,0x00000000dda00000)
  to   space 13312K, 0% used [0x00000000ded80000,0x00000000ded80000,0x00000000dfa80000)
 ParOldGen       total 52224K, used 32976K [0x0000000080000000, 0x0000000083300000, 0x00000000d5580000)
  object space 52224K, 63% used [0x0000000080000000,0x00000000820343c8,0x0000000083300000)
 Metaspace       used 56336K, capacity 59016K, committed 59160K, reserved 1099776K
  class space    used 7983K, capacity 8501K, committed 8576K, reserved 1048576K
}

Deoptimization events (10 events):
Event: 38.124 Thread 0x000000001a38f000 Uncommon trap: reason=bimorphic action=maybe_recompile pc=0x00000000043d3f58 method=java.util.AbstractQueue.add(Ljava/lang/Object;)Z @ 2
Event: 38.124 Thread 0x000000001a38f000 Uncommon trap: reason=bimorphic action=maybe_recompile pc=0x00000000043d3f58 method=java.util.AbstractQueue.add(Ljava/lang/Object;)Z @ 2
Event: 38.286 Thread 0x000000001a38f000 Uncommon trap: reason=bimorphic action=maybe_recompile pc=0x00000000043d3f58 method=java.util.AbstractQueue.add(Ljava/lang/Object;)Z @ 2
Event: 38.286 Thread 0x000000001a38f000 Uncommon trap: reason=bimorphic action=maybe_recompile pc=0x00000000043d3f58 method=java.util.AbstractQueue.add(Ljava/lang/Object;)Z @ 2
Event: 38.506 Thread 0x000000001a38f000 Uncommon trap: reason=unstable_if action=reinterpret pc=0x0000000003dab65c method=java.util.Properties$LineReader.readLine()I @ 37
Event: 38.844 Thread 0x000000001a38f000 Uncommon trap: reason=unstable_if action=reinterpret pc=0x0000000003816a3c method=java.util.jar.JarFile.maybeInstantiateVerifier()V @ 48
Event: 38.860 Thread 0x000000001a38f000 Uncommon trap: reason=unstable_if action=reinterpret pc=0x0000000003d20c24 method=java.lang.ThreadLocal.get()Ljava/lang/Object; @ 11
Event: 39.069 Thread 0x000000001a38f000 Uncommon trap: reason=unstable_if action=reinterpret pc=0x0000000003e40680 method=java.util.LinkedHashMap.get(Ljava/lang/Object;)Ljava/lang/Object; @ 20
Event: 39.218 Thread 0x000000001a38f000 Uncommon trap: reason=unstable_if action=reinterpret pc=0x0000000004040298 method=java.lang.Character.isUpperCase(I)Z @ 5
Event: 39.219 Thread 0x000000001a38f000 Uncommon trap: reason=unstable_if action=reinterpret pc=0x0000000003f7ec54 method=java.lang.Character.isUpperCase(I)Z @ 5

Classes redefined (0 events):
No events

Internal exceptions (10 events):
Event: 33.649 Thread 0x000000001a38f000 Exception <a 'java/security/PrivilegedActionException'> (0x00000000d89424a8) thrown at [C:\jenkins\workspace\8-2-build-windows-amd64-cygwin\jdk8u251\737\hotspot\src\share\vm\prims\jvm.cpp, line 1502]
Event: 33.649 Thread 0x000000001a38f000 Exception <a 'java/security/PrivilegedActionException'> (0x00000000d8945448) thrown at [C:\jenkins\workspace\8-2-build-windows-amd64-cygwin\jdk8u251\737\hotspot\src\share\vm\prims\jvm.cpp, line 1502]
Event: 33.649 Thread 0x000000001a38f000 Exception <a 'java/security/PrivilegedActionException'> (0x00000000d89461c8) thrown at [C:\jenkins\workspace\8-2-build-windows-amd64-cygwin\jdk8u251\737\hotspot\src\share\vm\prims\jvm.cpp, line 1502]
Event: 34.967 Thread 0x000000001a38f000 Exception <a 'java/lang/ClassNotFoundException': org/gradle/api/internal/plugins/DefaultObjectConfigurationActionBeanInfo> (0x00000000daea1430) thrown at [C:\jenkins\workspace\8-2-build-windows-amd64-cygwin\jdk8u251\737\hotspot\src\share\vm\classfile\syst
Event: 34.969 Thread 0x000000001a38f000 Exception <a 'java/lang/ClassNotFoundException': org/gradle/api/internal/plugins/DefaultObjectConfigurationActionCustomizer> (0x00000000daee8080) thrown at [C:\jenkins\workspace\8-2-build-windows-amd64-cygwin\jdk8u251\737\hotspot\src\share\vm\classfile\sy
Event: 38.860 Thread 0x000000001a38f000 Implicit null exception at 0x0000000003d20a88 to 0x0000000003d20c15
Event: 39.548 Thread 0x000000001a38f000 Exception <a 'java/lang/ClassNotFoundException': com/android/build/gradle/internal/api/DefaultAndroidSourceSet_DecoratedBeanInfo> (0x00000000d7684c60) thrown at [C:\jenkins\workspace\8-2-build-windows-amd64-cygwin\jdk8u251\737\hotspot\src\share\vm\classfi
Event: 39.549 Thread 0x000000001a38f000 Exception <a 'java/lang/ClassNotFoundException': com/android/build/gradle/internal/api/DefaultAndroidSourceSetBeanInfo> (0x00000000d76a8518) thrown at [C:\jenkins\workspace\8-2-build-windows-amd64-cygwin\jdk8u251\737\hotspot\src\share\vm\classfile\systemD
Event: 39.550 Thread 0x000000001a38f000 Exception <a 'java/lang/ClassNotFoundException': com/android/build/gradle/internal/api/DefaultAndroidSourceSetCustomizer> (0x00000000d76cc460) thrown at [C:\jenkins\workspace\8-2-build-windows-amd64-cygwin\jdk8u251\737\hotspot\src\share\vm\classfile\syste
Event: 39.554 Thread 0x000000001a38f000 Exception <a 'java/lang/ClassNotFoundException': com/android/build/gradle/internal/api/DefaultAndroidSourceSet_DecoratedCustomizer> (0x00000000d773dc98) thrown at [C:\jenkins\workspace\8-2-build-windows-amd64-cygwin\jdk8u251\737\hotspot\src\share\vm\class

Events (10 events):
Event: 40.686 loading class com/android/tools/build/jetifier/processor/transform/proguard/ProGuardClassSpecParser$bodyReplacers$12
Event: 40.686 loading class com/android/tools/build/jetifier/processor/transform/proguard/ProGuardClassSpecParser$bodyReplacers$12 done
Event: 40.687 loading class com/android/tools/build/jetifier/processor/transform/proguard/ProGuardClassFilterParser
Event: 40.687 loading class com/android/tools/build/jetifier/processor/transform/proguard/ProGuardClassFilterParser done
Event: 40.687 loading class com/android/tools/build/jetifier/processor/transform/proguard/ProGuardClassFilterParser$Companion
Event: 40.687 loading class com/android/tools/build/jetifier/processor/transform/proguard/ProGuardClassFilterParser$Companion done
Event: 40.688 loading class com/android/tools/build/jetifier/processor/transform/proguard/ProGuardClassFilterParser$replacer$1
Event: 40.688 loading class com/android/tools/build/jetifier/processor/transform/proguard/ProGuardClassFilterParser$replacer$1 done
Event: 40.689 loading class com/android/tools/build/jetifier/processor/com/android/tools/build/jetifier/processor/transform/java/JavaTransformer
Event: 40.689 loading class com/android/tools/build/jetifier/processor/com/android/tools/build/jetifier/processor/transform/java/JavaTransformer done


Dynamic libraries:
0x00007ff77a560000 - 0x00007ff77a597000 	C:\Program Files\Java\jdk1.8.0_251\bin\java.exe
0x00007ff89f560000 - 0x00007ff89f750000 	C:\Windows\SYSTEM32\ntdll.dll
0x00007ff89efd0000 - 0x00007ff89f082000 	C:\Windows\System32\KERNEL32.DLL
0x00007ff89c890000 - 0x00007ff89cb34000 	C:\Windows\System32\KERNELBASE.dll
0x00007ff89f1b0000 - 0x00007ff89f253000 	C:\Windows\System32\ADVAPI32.dll
0x00007ff89f420000 - 0x00007ff89f4be000 	C:\Windows\System32\msvcrt.dll
0x00007ff89de10000 - 0x00007ff89dea7000 	C:\Windows\System32\sechost.dll
0x00007ff89eeb0000 - 0x00007ff89efd0000 	C:\Windows\System32\RPCRT4.dll
0x00007ff89dc60000 - 0x00007ff89ddf4000 	C:\Windows\System32\USER32.dll
0x00007ff89d5e0000 - 0x00007ff89d601000 	C:\Windows\System32\win32u.dll
0x00007ff89f170000 - 0x00007ff89f196000 	C:\Windows\System32\GDI32.dll
0x00007ff89d2f0000 - 0x00007ff89d485000 	C:\Windows\System32\gdi32full.dll
0x00007ff89c7f0000 - 0x00007ff89c88e000 	C:\Windows\System32\msvcp_win.dll
0x00007ff89c4f0000 - 0x00007ff89c5ea000 	C:\Windows\System32\ucrtbase.dll
0x00007ff888950000 - 0x00007ff888bd4000 	C:\Windows\WinSxS\amd64_microsoft.windows.common-controls_6595b64144ccf1df_6.0.18362.900_none_e6beb9d913147d17\COMCTL32.dll
0x00007ff89e000000 - 0x00007ff89e335000 	C:\Windows\System32\combase.dll
0x00007ff89c770000 - 0x00007ff89c7f0000 	C:\Windows\System32\bcryptPrimitives.dll
0x00007ff89e340000 - 0x00007ff89e36e000 	C:\Windows\System32\IMM32.DLL
0x000000005d4f0000 - 0x000000005d5c2000 	C:\Program Files\Java\jdk1.8.0_251\jre\bin\msvcr100.dll
0x000000005c060000 - 0x000000005c90b000 	C:\Program Files\Java\jdk1.8.0_251\jre\bin\server\jvm.dll
0x00007ff89f100000 - 0x00007ff89f108000 	C:\Windows\System32\PSAPI.DLL
0x00007ff897790000 - 0x00007ff897799000 	C:\Windows\SYSTEM32\WSOCK32.dll
0x00007ff89a200000 - 0x00007ff89a224000 	C:\Windows\SYSTEM32\WINMM.dll
0x00007ff88e000000 - 0x00007ff88e00a000 	C:\Windows\SYSTEM32\VERSION.dll
0x00007ff89f090000 - 0x00007ff89f0ff000 	C:\Windows\System32\WS2_32.dll
0x00007ff89a1d0000 - 0x00007ff89a1fd000 	C:\Windows\SYSTEM32\WINMMBASE.dll
0x00007ff89c6c0000 - 0x00007ff89c70a000 	C:\Windows\System32\cfgmgr32.dll
0x00007ff892a00000 - 0x00007ff892a0f000 	C:\Program Files\Java\jdk1.8.0_251\jre\bin\verify.dll
0x00007ff889250000 - 0x00007ff889279000 	C:\Program Files\Java\jdk1.8.0_251\jre\bin\java.dll
0x00007ff887020000 - 0x00007ff887036000 	C:\Program Files\Java\jdk1.8.0_251\jre\bin\zip.dll
0x00007ff89e4b0000 - 0x00007ff89eb96000 	C:\Windows\System32\SHELL32.dll
0x00007ff89f260000 - 0x00007ff89f309000 	C:\Windows\System32\shcore.dll
0x00007ff89cb40000 - 0x00007ff89d2c0000 	C:\Windows\System32\windows.storage.dll
0x00007ff89c4c0000 - 0x00007ff89c4e3000 	C:\Windows\System32\profapi.dll
0x00007ff89c450000 - 0x00007ff89c49a000 	C:\Windows\System32\powrprof.dll
0x00007ff89c420000 - 0x00007ff89c430000 	C:\Windows\System32\UMPDC.dll
0x00007ff89f4c0000 - 0x00007ff89f512000 	C:\Windows\System32\shlwapi.dll
0x00007ff89c430000 - 0x00007ff89c441000 	C:\Windows\System32\kernel.appcore.dll
0x00007ff89c5f0000 - 0x00007ff89c607000 	C:\Windows\System32\cryptsp.dll
0x00007ff882910000 - 0x00007ff88292a000 	C:\Program Files\Java\jdk1.8.0_251\jre\bin\net.dll
0x00007ff89bbe0000 - 0x00007ff89bc47000 	C:\Windows\system32\mswsock.dll
0x00007ff8810b0000 - 0x00007ff8810c2000 	C:\Program Files\Java\jdk1.8.0_251\jre\bin\nio.dll
0x00007ff882930000 - 0x00007ff882957000 	C:\Users\Omid\.gradle\native\f6784746aeab05261644944871eae4fe03e0ef1612fff0a4a95f87b438bc6780\windows-amd64\native-platform.dll
0x00007ff88ca20000 - 0x00007ff88ca2d000 	C:\Program Files\Java\jdk1.8.0_251\jre\bin\management.dll
0x00007ff89b760000 - 0x00007ff89b793000 	C:\Windows\system32\rsaenh.dll
0x00007ff89d2c0000 - 0x00007ff89d2e6000 	C:\Windows\System32\bcrypt.dll
0x00007ff89c340000 - 0x00007ff89c365000 	C:\Windows\SYSTEM32\USERENV.dll
0x00007ff89bd60000 - 0x00007ff89bd6c000 	C:\Windows\SYSTEM32\CRYPTBASE.dll
0x00007ff89b900000 - 0x00007ff89b93a000 	C:\Windows\SYSTEM32\IPHLPAPI.DLL
0x00007ff89f1a0000 - 0x00007ff89f1a8000 	C:\Windows\System32\NSI.dll
0x00007ff8951b0000 - 0x00007ff8951c6000 	C:\Windows\SYSTEM32\dhcpcsvc6.DLL
0x00007ff895020000 - 0x00007ff89503c000 	C:\Windows\SYSTEM32\dhcpcsvc.DLL
0x00007ff89b940000 - 0x00007ff89ba0b000 	C:\Windows\SYSTEM32\DNSAPI.dll
0x00007ff896540000 - 0x00007ff89654b000 	C:\Windows\SYSTEM32\WINNSI.DLL

VM Arguments:
jvm_args: -Xmx2048m -Dfile.encoding=windows-1252 -Duser.country=US -Duser.language=en -Duser.variant 
java_command: org.gradle.launcher.daemon.bootstrap.GradleDaemon 6.5
java_class_path (initial): C:\Users\Omid\.gradle\wrapper\dists\gradle-6.5-all\2oz4ud9k3tuxjg84bbf55q0tn\gradle-6.5\lib\gradle-launcher-6.5.jar
Launcher Type: SUN_STANDARD

Environment Variables:
JAVA_HOME=C:\Program Files\Java\jdk-14.0.1
PATH=C:\Program Files (x86)\Common Files\Oracle\Java\javapath;C:\Windows\system32;C:\Windows;C:\Windows\System32\Wbem;C:\Windows\System32\WindowsPowerShell\v1.0\;C:\Windows\System32\OpenSSH\;C:\Program Files\Java\jdk-14.0.1\bin;F:\Android\android-sdk\platform-tools;F:\Android\android-sdk\tools;C:\Program Files\Git\cmd;D:\FlutterSdk\flutter\bin;C:\Program Files\SourceGear\Common\DiffMerge\;C:\Program Files\Docker\Docker\resources\bin;C:\ProgramData\DockerDesktop\version-bin;C:\Users\Omid\AppData\Local\Microsoft\WindowsApps;
USERNAME=Omid
OS=Windows_NT
PROCESSOR_IDENTIFIER=Intel64 Family 6 Model 58 Stepping 9, GenuineIntel



---------------  S Y S T E M  ---------------

OS: Windows 10.0 , 64 bit Build 18362 (10.0.18362.900)

CPU:total 4 (initial active 4) (2 cores per cpu, 2 threads per core) family 6 model 58 stepping 9, cmov, cx8, fxsr, mmx, sse, sse2, sse3, ssse3, sse4.1, sse4.2, popcnt, avx, aes, clmul, erms, ht, tsc, tscinvbit, tscinv

Memory: 4k page, physical 6174296k(277836k free), swap 25048664k(4912k free)

vm_info: Java HotSpot(TM) 64-Bit Server VM (25.251-b08) for windows-amd64 JRE (1.8.0_251-b08), built on Mar 12 2020 06:31:49 by "" with MS VC++ 10.0 (VS2010)

time: Sun Aug 23 20:45:04 2020
timezone: Iran Daylight Time
elapsed time: 40 seconds (0d 0h 0m 40s)

