#
# There is insufficient memory for the Java Runtime Environment to continue.
# Native memory allocation (malloc) failed to allocate 1580448 bytes for Chunk::new
# Possible reasons:
#   The system is out of physical RAM or swap space
#   The process is running with CompressedOops enabled, and the Java Heap may be blocking the growth of the native heap
# Possible solutions:
#   Reduce memory load on the system
#   Increase physical memory or swap space
#   Check if swap backing store is full
#   Decrease Java heap size (-Xmx/-Xms)
#   Decrease number of Java threads
#   Decrease Java thread stack sizes (-Xss)
#   Set larger code cache with -XX:ReservedCodeCacheSize=
#   JVM is running with Unscaled Compressed Oops mode in which the Java heap is
#     placed in the first 4GB address space. The Java Heap base address is the
#     maximum limit for the native heap growth. Please use -XX:HeapBaseMinAddress
#     to set the Java Heap base and to place the Java Heap above 4GB virtual address.
# This output file may be truncated or incomplete.
#
#  Out of Memory Error (allocation.cpp:389), pid=17840, tid=0x0000000000003afc
#
# JRE version: Java(TM) SE Runtime Environment (8.0_251-b08) (build 1.8.0_251-b08)
# Java VM: Java HotSpot(TM) 64-Bit Server VM (25.251-b08 mixed mode windows-amd64 compressed oops)
# Failed to write core dump. Minidumps are not enabled by default on client versions of Windows
#

---------------  T H R E A D  ---------------

Current thread (0x0000000017bb3800):  JavaThread "C2 CompilerThread1" daemon [_thread_in_native, id=15100, stack(0x0000000019310000,0x0000000019410000)]

Stack: [0x0000000019310000,0x0000000019410000]
[error occurred during error reporting (printing stack bounds), id 0xc0000005]

Native frames: (J=compiled Java code, j=interpreted, Vv=VM code, C=native code)


Current CompileTask:
C2:  66075 8077       4       org.gradle.internal.instantiation.generator.AbstractClassGenerator::inspectType (560 bytes)


---------------  P R O C E S S  ---------------

Java Threads: ( => current thread )
  0x000000001dc3a800 JavaThread "Cache worker for Build Output Cleanup Cache (E:\Android_Stadio_Rep\Kotlin\Movotlin\.gradle\buildOutputCleanup)" [_thread_blocked, id=2948, stack(0x0000000024910000,0x0000000024a10000)]
  0x000000001dc3f800 JavaThread "jar transforms Thread 112" [_thread_blocked, id=15752, stack(0x0000000024250000,0x0000000024350000)]
  0x000000001dc3f000 JavaThread "jar transforms Thread 111" [_thread_blocked, id=11416, stack(0x00000000210d0000,0x00000000211d0000)]
  0x000000001dc31800 JavaThread "jar transforms Thread 110" [_thread_blocked, id=14108, stack(0x0000000029a10000,0x0000000029b10000)]
  0x000000001dc37800 JavaThread "jar transforms Thread 109" [_thread_blocked, id=13996, stack(0x0000000029910000,0x0000000029a10000)]
  0x000000001dc36800 JavaThread "jar transforms Thread 108" [_thread_blocked, id=6292, stack(0x0000000029810000,0x0000000029910000)]
  0x000000001dc34800 JavaThread "jar transforms Thread 107" [_thread_blocked, id=17924, stack(0x0000000029710000,0x0000000029810000)]
  0x000000001dc38000 JavaThread "jar transforms Thread 106" [_thread_blocked, id=14104, stack(0x0000000029610000,0x0000000029710000)]
  0x000000001dc36000 JavaThread "jar transforms Thread 105" [_thread_blocked, id=5612, stack(0x0000000029510000,0x0000000029610000)]
  0x000000001dc33800 JavaThread "jar transforms Thread 104" [_thread_blocked, id=12424, stack(0x0000000029410000,0x0000000029510000)]
  0x000000001dc32000 JavaThread "jar transforms Thread 103" [_thread_blocked, id=14124, stack(0x0000000029310000,0x0000000029410000)]
  0x000000001dc33000 JavaThread "jar transforms Thread 102" [_thread_blocked, id=1856, stack(0x0000000029210000,0x0000000029310000)]
  0x000000001dc35000 JavaThread "jar transforms Thread 101" [_thread_blocked, id=20960, stack(0x0000000029110000,0x0000000029210000)]
  0x000000001a72b800 JavaThread "jar transforms Thread 100" [_thread_blocked, id=8908, stack(0x0000000029010000,0x0000000029110000)]
  0x000000001a72a800 JavaThread "jar transforms Thread 99" [_thread_blocked, id=19904, stack(0x0000000028f10000,0x0000000029010000)]
  0x000000001a72a000 JavaThread "jar transforms Thread 98" [_thread_blocked, id=5544, stack(0x0000000028e10000,0x0000000028f10000)]
  0x000000001a727800 JavaThread "jar transforms Thread 97" [_thread_blocked, id=20660, stack(0x0000000028d10000,0x0000000028e10000)]
  0x000000001a726000 JavaThread "jar transforms Thread 96" [_thread_blocked, id=9640, stack(0x0000000028c10000,0x0000000028d10000)]
  0x000000001a728800 JavaThread "jar transforms Thread 95" [_thread_blocked, id=15468, stack(0x0000000028b10000,0x0000000028c10000)]
  0x000000001a726800 JavaThread "jar transforms Thread 94" [_thread_blocked, id=9800, stack(0x0000000028a10000,0x0000000028b10000)]
  0x000000001a729000 JavaThread "jar transforms Thread 93" [_thread_blocked, id=15652, stack(0x0000000028910000,0x0000000028a10000)]
  0x000000001a71e800 JavaThread "jar transforms Thread 92" [_thread_blocked, id=6932, stack(0x0000000028810000,0x0000000028910000)]
  0x000000001a725000 JavaThread "jar transforms Thread 91" [_thread_blocked, id=10872, stack(0x0000000028710000,0x0000000028810000)]
  0x000000001a724800 JavaThread "jar transforms Thread 90" [_thread_blocked, id=1800, stack(0x0000000028610000,0x0000000028710000)]
  0x000000001a71d000 JavaThread "jar transforms Thread 89" [_thread_blocked, id=20692, stack(0x0000000028510000,0x0000000028610000)]
  0x000000001a720800 JavaThread "jar transforms Thread 88" [_thread_blocked, id=12844, stack(0x0000000028410000,0x0000000028510000)]
  0x000000001a723800 JavaThread "jar transforms Thread 87" [_thread_blocked, id=10580, stack(0x0000000028310000,0x0000000028410000)]
  0x000000001a71c000 JavaThread "jar transforms Thread 86" [_thread_blocked, id=11596, stack(0x0000000028210000,0x0000000028310000)]
  0x000000001a71d800 JavaThread "jar transforms Thread 85" [_thread_blocked, id=9756, stack(0x0000000028110000,0x0000000028210000)]
  0x000000001a720000 JavaThread "jar transforms Thread 84" [_thread_blocked, id=12888, stack(0x0000000028010000,0x0000000028110000)]
  0x000000001a71f000 JavaThread "jar transforms Thread 83" [_thread_blocked, id=18852, stack(0x0000000027f10000,0x0000000028010000)]
  0x000000001a721800 JavaThread "jar transforms Thread 82" [_thread_blocked, id=10420, stack(0x0000000027e10000,0x0000000027f10000)]
  0x000000001a722000 JavaThread "jar transforms Thread 81" [_thread_blocked, id=14624, stack(0x0000000027d10000,0x0000000027e10000)]
  0x000000001a723000 JavaThread "jar transforms Thread 80" [_thread_blocked, id=13888, stack(0x0000000027c10000,0x0000000027d10000)]
  0x000000001ac0d000 JavaThread "jar transforms Thread 79" [_thread_blocked, id=9408, stack(0x0000000027b10000,0x0000000027c10000)]
  0x000000001ac0c000 JavaThread "jar transforms Thread 78" [_thread_blocked, id=6536, stack(0x0000000027a10000,0x0000000027b10000)]
  0x000000001ac0b800 JavaThread "jar transforms Thread 77" [_thread_blocked, id=7676, stack(0x0000000027910000,0x0000000027a10000)]
  0x000000001ac0a800 JavaThread "jar transforms Thread 76" [_thread_blocked, id=19172, stack(0x0000000027810000,0x0000000027910000)]
  0x000000001ac0a000 JavaThread "jar transforms Thread 75" [_thread_blocked, id=12140, stack(0x0000000027710000,0x0000000027810000)]
  0x000000001ac09000 JavaThread "jar transforms Thread 74" [_thread_blocked, id=14152, stack(0x0000000027610000,0x0000000027710000)]
  0x000000001ac01800 JavaThread "jar transforms Thread 73" [_thread_blocked, id=16192, stack(0x0000000027510000,0x0000000027610000)]
  0x000000001ac07800 JavaThread "jar transforms Thread 72" [_thread_blocked, id=12508, stack(0x0000000027410000,0x0000000027510000)]
  0x000000001ac08800 JavaThread "jar transforms Thread 71" [_thread_blocked, id=17820, stack(0x0000000027310000,0x0000000027410000)]
  0x000000001ac01000 JavaThread "jar transforms Thread 70" [_thread_blocked, id=14316, stack(0x0000000027210000,0x0000000027310000)]
  0x000000001ac00000 JavaThread "jar transforms Thread 69" [_thread_blocked, id=15124, stack(0x0000000027110000,0x0000000027210000)]
  0x000000001ac07000 JavaThread "jar transforms Thread 68" [_thread_blocked, id=18228, stack(0x0000000027010000,0x0000000027110000)]
  0x000000001ac06000 JavaThread "jar transforms Thread 67" [_thread_blocked, id=5896, stack(0x0000000026f10000,0x0000000027010000)]
  0x000000001ac05800 JavaThread "jar transforms Thread 66" [_thread_blocked, id=13696, stack(0x0000000026e10000,0x0000000026f10000)]
  0x000000001abfe800 JavaThread "jar transforms Thread 65" [_thread_blocked, id=9240, stack(0x0000000026d10000,0x0000000026e10000)]
  0x000000001ac04800 JavaThread "jar transforms Thread 64" [_thread_blocked, id=9764, stack(0x0000000026c10000,0x0000000026d10000)]
  0x000000001ac04000 JavaThread "jar transforms Thread 63" [_thread_blocked, id=18676, stack(0x0000000026b10000,0x0000000026c10000)]
  0x000000001abfe000 JavaThread "jar transforms Thread 62" [_thread_blocked, id=19260, stack(0x0000000026a10000,0x0000000026b10000)]
  0x000000001ac03000 JavaThread "jar transforms Thread 61" [_thread_blocked, id=9788, stack(0x0000000026910000,0x0000000026a10000)]
  0x000000001abff800 JavaThread "jar transforms Thread 60" [_thread_blocked, id=8764, stack(0x0000000026810000,0x0000000026910000)]
  0x000000001ac02800 JavaThread "jar transforms Thread 59" [_thread_blocked, id=13824, stack(0x0000000026710000,0x0000000026810000)]
  0x000000001a649000 JavaThread "jar transforms Thread 58" [_thread_blocked, id=14884, stack(0x0000000026610000,0x0000000026710000)]
  0x000000001a641000 JavaThread "jar transforms Thread 57" [_thread_blocked, id=5472, stack(0x0000000026510000,0x0000000026610000)]
  0x000000001a648000 JavaThread "jar transforms Thread 56" [_thread_blocked, id=15160, stack(0x0000000026410000,0x0000000026510000)]
  0x000000001a647800 JavaThread "jar transforms Thread 55" [_thread_blocked, id=15236, stack(0x0000000026310000,0x0000000026410000)]
  0x000000001a646800 JavaThread "jar transforms Thread 54" [_thread_blocked, id=10740, stack(0x0000000026210000,0x0000000026310000)]
  0x000000001a646000 JavaThread "jar transforms Thread 53" [_thread_blocked, id=15108, stack(0x0000000026110000,0x0000000026210000)]
  0x000000001a642800 JavaThread "jar transforms Thread 52" [_thread_blocked, id=19712, stack(0x0000000026010000,0x0000000026110000)]
  0x000000001a645000 JavaThread "jar transforms Thread 51" [_thread_blocked, id=3000, stack(0x0000000025f10000,0x0000000026010000)]
  0x000000001a644000 JavaThread "jar transforms Thread 50" [_thread_blocked, id=18176, stack(0x0000000025e10000,0x0000000025f10000)]
  0x000000001a643800 JavaThread "jar transforms Thread 49" [_thread_blocked, id=14748, stack(0x0000000025d10000,0x0000000025e10000)]
  0x000000001a642000 JavaThread "jar transforms Thread 48" [_thread_blocked, id=10428, stack(0x0000000025c10000,0x0000000025d10000)]
  0x000000001a639800 JavaThread "jar transforms Thread 47" [_thread_blocked, id=4616, stack(0x0000000025b10000,0x0000000025c10000)]
  0x000000001a63f800 JavaThread "jar transforms Thread 46" [_thread_blocked, id=18112, stack(0x0000000025a10000,0x0000000025b10000)]
  0x000000001a63c800 JavaThread "jar transforms Thread 45" [_thread_blocked, id=19932, stack(0x0000000025910000,0x0000000025a10000)]
  0x000000001a63f000 JavaThread "jar transforms Thread 44" [_thread_blocked, id=13620, stack(0x0000000025810000,0x0000000025910000)]
  0x000000001a63c000 JavaThread "jar transforms Thread 43" [_thread_blocked, id=21284, stack(0x0000000025710000,0x0000000025810000)]
  0x000000001a63b000 JavaThread "jar transforms Thread 42" [_thread_blocked, id=8616, stack(0x0000000025610000,0x0000000025710000)]
  0x000000001a640800 JavaThread "jar transforms Thread 41" [_thread_blocked, id=12156, stack(0x0000000025510000,0x0000000025610000)]
  0x000000001a63d800 JavaThread "jar transforms Thread 40" [_thread_blocked, id=14196, stack(0x0000000025410000,0x0000000025510000)]
  0x000000001a63a800 JavaThread "jar transforms Thread 39" [_thread_blocked, id=15788, stack(0x0000000025310000,0x0000000025410000)]
  0x000000001a63e000 JavaThread "jar transforms Thread 38" [_thread_blocked, id=8064, stack(0x0000000025210000,0x0000000025310000)]
  0x0000000019bc2800 JavaThread "jar transforms Thread 37" [_thread_blocked, id=12792, stack(0x0000000025110000,0x0000000025210000)]
  0x0000000019bc8800 JavaThread "jar transforms Thread 36" [_thread_blocked, id=7952, stack(0x0000000025010000,0x0000000025110000)]
  0x0000000019bc7000 JavaThread "jar transforms Thread 35" [_thread_blocked, id=11692, stack(0x0000000024f10000,0x0000000025010000)]
  0x0000000019bc1800 JavaThread "jar transforms Thread 34" [_thread_blocked, id=15580, stack(0x0000000024e10000,0x0000000024f10000)]
  0x0000000019bc5800 JavaThread "jar transforms Thread 33" [_thread_blocked, id=8360, stack(0x0000000024810000,0x0000000024910000)]
  0x0000000019bc0800 JavaThread "jar transforms Thread 32" [_thread_blocked, id=15876, stack(0x0000000024450000,0x0000000024550000)]
  0x0000000019bc6000 JavaThread "jar transforms Thread 31" [_thread_blocked, id=20616, stack(0x0000000024350000,0x0000000024450000)]
  0x0000000019bc0000 JavaThread "Memory manager" [_thread_blocked, id=9024, stack(0x00000000011d0000,0x00000000012d0000)]
  0x0000000019bba000 JavaThread "jar transforms Thread 30" [_thread_blocked, id=2780, stack(0x0000000023b50000,0x0000000023c50000)]
  0x0000000019bbd800 JavaThread "jar transforms Thread 29" [_thread_blocked, id=16944, stack(0x0000000023490000,0x0000000023590000)]
  0x0000000019bbd000 JavaThread "jar transforms Thread 28" [_thread_blocked, id=10376, stack(0x0000000023390000,0x0000000023490000)]
  0x0000000019bbc000 JavaThread "jar transforms Thread 27" [_thread_blocked, id=10356, stack(0x0000000022700000,0x0000000022800000)]
  0x000000001acad000 JavaThread "jar transforms Thread 26" [_thread_blocked, id=13924, stack(0x0000000022600000,0x0000000022700000)]
  0x000000001acac000 JavaThread "jar transforms Thread 25" [_thread_blocked, id=3740, stack(0x0000000023a50000,0x0000000023b50000)]
  0x000000001acaf000 JavaThread "jar transforms Thread 24" [_thread_blocked, id=19664, stack(0x0000000023950000,0x0000000023a50000)]
  0x000000001acb0800 JavaThread "jar transforms Thread 23" [_thread_blocked, id=11724, stack(0x0000000023850000,0x0000000023950000)]
  0x000000001acad800 JavaThread "jar transforms Thread 22" [_thread_blocked, id=19436, stack(0x0000000023750000,0x0000000023850000)]
  0x000000001acae800 JavaThread "jar transforms Thread 21" [_thread_blocked, id=9340, stack(0x0000000023650000,0x0000000023750000)]
  0x000000001acb1800 JavaThread "jar transforms Thread 20" [_thread_blocked, id=21148, stack(0x0000000022fb0000,0x00000000230b0000)]
  0x000000001acb0000 JavaThread "jar transforms Thread 19" [_thread_blocked, id=10072, stack(0x0000000023290000,0x0000000023390000)]
  0x000000001acab800 JavaThread "jar transforms Thread 18" [_thread_blocked, id=18484, stack(0x0000000023190000,0x0000000023290000)]
  0x000000001acb2000 JavaThread "jar transforms Thread 17" [_thread_blocked, id=3092, stack(0x00000000228b0000,0x00000000229b0000)]
  0x000000001ac28800 JavaThread "jar transforms Thread 16" [_thread_blocked, id=2168, stack(0x0000000022eb0000,0x0000000022fb0000)]
  0x000000001ac26800 JavaThread "jar transforms Thread 15" [_thread_blocked, id=18904, stack(0x0000000022db0000,0x0000000022eb0000)]
  0x000000001ac28000 JavaThread "jar transforms Thread 14" [_thread_blocked, id=17568, stack(0x0000000022cb0000,0x0000000022db0000)]
  0x000000001ac25800 JavaThread "jar transforms Thread 13" [_thread_blocked, id=13360, stack(0x0000000022bb0000,0x0000000022cb0000)]
  0x000000001ac27000 JavaThread "jar transforms Thread 12" [_thread_blocked, id=18476, stack(0x0000000022ab0000,0x0000000022bb0000)]
  0x000000001ac29800 JavaThread "jar transforms Thread 11" [_thread_blocked, id=21268, stack(0x00000000229b0000,0x0000000022ab0000)]
  0x000000001ac2a000 JavaThread "jar transforms Thread 10" [_thread_blocked, id=11412, stack(0x0000000022500000,0x0000000022600000)]
  0x000000001ac23800 JavaThread "jar transforms Thread 9" [_thread_blocked, id=13860, stack(0x0000000022300000,0x0000000022400000)]
  0x000000001ac24000 JavaThread "jar transforms Thread 8" [_thread_blocked, id=17572, stack(0x0000000022200000,0x0000000022300000)]
  0x000000001ac25000 JavaThread "jar transforms Thread 7" [_thread_blocked, id=20548, stack(0x0000000022100000,0x0000000022200000)]
  0x000000001ac1b800 JavaThread "jar transforms Thread 6" [_thread_blocked, id=2524, stack(0x0000000022000000,0x0000000022100000)]
  0x000000001ac1f000 JavaThread "jar transforms Thread 5" [_thread_blocked, id=3304, stack(0x0000000021f00000,0x0000000022000000)]
  0x000000001ac22800 JavaThread "jar transforms Thread 4" [_thread_blocked, id=10904, stack(0x0000000021e00000,0x0000000021f00000)]
  0x000000001ac1b000 JavaThread "jar transforms Thread 3" [_thread_blocked, id=15476, stack(0x0000000021d00000,0x0000000021e00000)]
  0x000000001ac1e000 JavaThread "jar transforms Thread 2" [_thread_blocked, id=9540, stack(0x00000000219d0000,0x0000000021ad0000)]
  0x000000001ac1d800 JavaThread "Build operations Thread 4" [_thread_blocked, id=12256, stack(0x00000000218d0000,0x00000000219d0000)]
  0x000000001ac1f800 JavaThread "Build operations Thread 3" [_thread_blocked, id=13224, stack(0x00000000217d0000,0x00000000218d0000)]
  0x000000001ac1c800 JavaThread "Build operations Thread 2" [_thread_blocked, id=16144, stack(0x00000000216d0000,0x00000000217d0000)]
  0x000000001ac22000 JavaThread "Build operations" [_thread_blocked, id=14376, stack(0x00000000215d0000,0x00000000216d0000)]
  0x000000001ac20800 JavaThread "Cache worker for file content cache (C:\Users\Omid\.gradle\caches\6.5\fileContent)" [_thread_blocked, id=1184, stack(0x0000000020fd0000,0x00000000210d0000)]
  0x00000000198ed800 JavaThread "jar transforms" [_thread_blocked, id=4152, stack(0x0000000020cd0000,0x0000000020dd0000)]
  0x00000000198ec800 JavaThread "Cache worker for execution history cache (C:\Users\Omid\.gradle\caches\6.5\executionHistory)" [_thread_blocked, id=18512, stack(0x000000001f600000,0x000000001f700000)]
  0x00000000198ec000 JavaThread "Cache worker for cache directory md-rule (C:\Users\Omid\.gradle\caches\6.5\md-rule)" [_thread_blocked, id=15180, stack(0x000000001f500000,0x000000001f600000)]
  0x00000000198eb000 JavaThread "Cache worker for cache directory md-supplier (C:\Users\Omid\.gradle\caches\6.5\md-supplier)" [_thread_blocked, id=14140, stack(0x000000001f400000,0x000000001f500000)]
  0x00000000198e9800 JavaThread "Cache worker for checksums cache (E:\Android_Stadio_Rep\Kotlin\Movotlin\.gradle\checksums)" [_thread_blocked, id=21040, stack(0x000000001f300000,0x000000001f400000)]
  0x00000000198ef800 JavaThread "Cache worker for file hash cache (E:\Android_Stadio_Rep\Kotlin\Movotlin\.gradle\6.5\fileHashes)" [_thread_blocked, id=6544, stack(0x000000001f000000,0x000000001f100000)]
  0x00000000198ef000 JavaThread "Cache worker for file hash cache (C:\Users\Omid\.gradle\caches\6.5\fileHashes)" [_thread_blocked, id=8912, stack(0x000000001db30000,0x000000001dc30000)]
  0x00000000198ee000 JavaThread "File lock request listener" [_thread_in_native, id=6980, stack(0x000000001da30000,0x000000001db30000)]
  0x00000000198ea800 JavaThread "Cache worker for journal cache (C:\Users\Omid\.gradle\caches\journal-1)" [_thread_blocked, id=1332, stack(0x000000001d930000,0x000000001da30000)]
  0x0000000019895800 JavaThread "Thread-9" [_thread_blocked, id=18436, stack(0x000000001d630000,0x000000001d730000)]
  0x00000000196c6800 JavaThread "Stdin handler" [_thread_blocked, id=9616, stack(0x000000001d530000,0x000000001d630000)]
  0x00000000196c5000 JavaThread "Asynchronous log dispatcher for DefaultDaemonConnection: socket connection from /127.0.0.1:11180 to /127.0.0.1:11181" [_thread_blocked, id=11216, stack(0x000000001d430000,0x000000001d530000)]
  0x00000000196c2800 JavaThread "Daemon worker" [_thread_in_vm, id=17328, stack(0x000000001d330000,0x000000001d430000)]
  0x00000000196b6800 JavaThread "Cancel handler" [_thread_blocked, id=2752, stack(0x000000001d230000,0x000000001d330000)]
  0x00000000198da800 JavaThread "Handler for socket connection from /127.0.0.1:11180 to /127.0.0.1:11181" [_thread_in_native, id=13364, stack(0x000000001d130000,0x000000001d230000)]
  0x00000000198d8000 JavaThread "Daemon" [_thread_blocked, id=8112, stack(0x000000001ce30000,0x000000001cf30000)]
  0x000000001b521000 JavaThread "Daemon periodic checks" [_thread_blocked, id=13052, stack(0x000000001cd30000,0x000000001ce30000)]
  0x000000001b4d7000 JavaThread "Incoming local TCP Connector on port 11180" [_thread_in_native, id=8356, stack(0x000000001caf0000,0x000000001cbf0000)]
  0x000000001b3f9000 JavaThread "Daemon health stats" [_thread_blocked, id=13500, stack(0x000000001c2b0000,0x000000001c3b0000)]
  0x0000000017c0d000 JavaThread "Service Thread" daemon [_thread_blocked, id=17368, stack(0x0000000019910000,0x0000000019a10000)]
  0x0000000017bbb800 JavaThread "C1 CompilerThread2" daemon [_thread_blocked, id=8944, stack(0x0000000019410000,0x0000000019510000)]
=>0x0000000017bb3800 JavaThread "C2 CompilerThread1" daemon [_thread_in_native, id=15100, stack(0x0000000019310000,0x0000000019410000)]
  0x0000000017bb0800 JavaThread "C2 CompilerThread0" daemon [_thread_in_native, id=12732, stack(0x0000000019210000,0x0000000019310000)]
  0x0000000017bae000 JavaThread "Attach Listener" daemon [_thread_blocked, id=1944, stack(0x0000000019110000,0x0000000019210000)]
  0x0000000017baa800 JavaThread "Signal Dispatcher" daemon [_thread_blocked, id=16864, stack(0x0000000019010000,0x0000000019110000)]
  0x0000000002f8c000 JavaThread "Finalizer" daemon [_thread_blocked, id=21084, stack(0x0000000018e10000,0x0000000018f10000)]
  0x0000000002f83000 JavaThread "Reference Handler" daemon [_thread_blocked, id=17900, stack(0x0000000018d10000,0x0000000018e10000)]
  0x0000000002e8e000 JavaThread "main" [_thread_blocked, id=4796, stack(0x0000000002ce0000,0x0000000002de0000)]

Other Threads:
  0x0000000017b78000 VMThread [stack: 0x0000000018c10000,0x0000000018d10000] [id=19788]
  0x0000000019560000 WatcherThread [stack: 0x0000000019a10000,0x0000000019b10000] [id=9064]

VM state:not at safepoint (normal execution)

VM Mutex/Monitor currently owned by a thread: None

heap address: 0x0000000080000000, size: 2048 MB, Compressed Oops mode: 32-bit
Narrow klass base: 0x0000000000000000, Narrow klass shift: 3
Compressed class space size: 1073741824 Address: 0x0000000100000000

Heap:
 PSYoungGen      total 144896K, used 71789K [0x00000000d5580000, 0x00000000e1800000, 0x0000000100000000)
  eden space 120320K, 46% used [0x00000000d5580000,0x00000000d8bc8db8,0x00000000dcb00000)
  from space 24576K, 65% used [0x00000000dcb00000,0x00000000ddad2888,0x00000000de300000)
  to   space 25088K, 0% used [0x00000000dff80000,0x00000000dff80000,0x00000000e1800000)
 ParOldGen       total 118784K, used 33653K [0x0000000080000000, 0x0000000087400000, 0x00000000d5580000)
  object space 118784K, 28% used [0x0000000080000000,0x00000000820dd590,0x0000000087400000)
 Metaspace       used 69536K, capacity 72784K, committed 72960K, reserved 1112064K
  class space    used 9746K, capacity 10375K, committed 10496K, reserved 1048576K

Card table byte_map: [0x0000000012350000,0x0000000012760000] byte_map_base: 0x0000000011f50000

Marking Bits: (ParMarkBitMap*) 0x000000005c88af90
 Begin Bits: [0x0000000012e10000, 0x0000000014e10000)
 End Bits:   [0x0000000014e10000, 0x0000000016e10000)

Polling page: 0x0000000002c20000

CodeCache: size=245760Kb used=23252Kb max_used=23267Kb free=222507Kb
 bounds [0x0000000002f90000, 0x0000000004670000, 0x0000000011f90000]
 total_blobs=8226 nmethods=7537 adapters=601
 compilation: enabled

Compilation events (10 events):
Event: 66.027 Thread 0x0000000017bbb800 8358       1       org.jetbrains.kotlin.gradle.tasks.KotlinCompileTaskData::getDestinationDir (5 bytes)
Event: 66.027 Thread 0x0000000017bbb800 nmethod 8358 0x000000000462ee50 code [0x000000000462efa0, 0x000000000462f0b0]
Event: 66.027 Thread 0x0000000017bbb800 8360       3       org.gradle.internal.extensibility.ExtensionsStorage::firstHolderWithExactPublicType (58 bytes)
Event: 66.028 Thread 0x0000000017bbb800 nmethod 8360 0x000000000462f110 code [0x000000000462f300, 0x000000000462fd08]
Event: 66.028 Thread 0x0000000017bbb800 8361       3       org.jetbrains.kotlin.gradle.tasks.FilteringSourceRootsContainer::add (452 bytes)
Event: 66.030 Thread 0x0000000017bbb800 nmethod 8361 0x0000000004630050 code [0x0000000004630480, 0x0000000004632ef8]
Event: 66.030 Thread 0x0000000017bb0800 8362       4       org.gradle.api.internal.collections.DefaultPendingSource::size (43 bytes)
Event: 66.030 Thread 0x0000000017bbb800 8359       3       org.gradle.internal.extensibility.ExtensionsStorage::findHolderByType (20 bytes)
Event: 66.030 Thread 0x0000000017bbb800 nmethod 8359 0x0000000004634650 code [0x00000000046347c0, 0x00000000046349f8]
Event: 66.032 Thread 0x0000000017bbb800 8363       3       org.jetbrains.kotlin.gradle.plugin.mpp.KotlinCompilationsKt::disambiguateName (92 bytes)

GC Heap History (10 events):
Event: 37.209 GC heap before
{Heap before GC invocations=14 (full 2):
 PSYoungGen      total 97792K, used 97771K [0x00000000d5580000, 0x00000000dd880000, 0x0000000100000000)
  eden space 85504K, 100% used [0x00000000d5580000,0x00000000da900000,0x00000000da900000)
  from space 12288K, 99% used [0x00000000da900000,0x00000000db4fae78,0x00000000db500000)
  to   space 14336K, 0% used [0x00000000dca80000,0x00000000dca80000,0x00000000dd880000)
 ParOldGen       total 79360K, used 16188K [0x0000000080000000, 0x0000000084d80000, 0x00000000d5580000)
  object space 79360K, 20% used [0x0000000080000000,0x0000000080fcf2d0,0x0000000084d80000)
 Metaspace       used 51177K, capacity 53372K, committed 53632K, reserved 1095680K
  class space    used 7365K, capacity 7765K, committed 7808K, reserved 1048576K
Event: 37.238 GC heap after
Heap after GC invocations=14 (full 2):
 PSYoungGen      total 116224K, used 14312K [0x00000000d5580000, 0x00000000ddf00000, 0x0000000100000000)
  eden space 101888K, 0% used [0x00000000d5580000,0x00000000d5580000,0x00000000db900000)
  from space 14336K, 99% used [0x00000000dca80000,0x00000000dd87a050,0x00000000dd880000)
  to   space 17920K, 0% used [0x00000000db900000,0x00000000db900000,0x00000000dca80000)
 ParOldGen       total 79360K, used 21052K [0x0000000080000000, 0x0000000084d80000, 0x00000000d5580000)
  object space 79360K, 26% used [0x0000000080000000,0x000000008148f208,0x0000000084d80000)
 Metaspace       used 51177K, capacity 53372K, committed 53632K, reserved 1095680K
  class space    used 7365K, capacity 7765K, committed 7808K, reserved 1048576K
}
Event: 50.814 GC heap before
{Heap before GC invocations=15 (full 2):
 PSYoungGen      total 116224K, used 116200K [0x00000000d5580000, 0x00000000ddf00000, 0x0000000100000000)
  eden space 101888K, 100% used [0x00000000d5580000,0x00000000db900000,0x00000000db900000)
  from space 14336K, 99% used [0x00000000dca80000,0x00000000dd87a050,0x00000000dd880000)
  to   space 17920K, 0% used [0x00000000db900000,0x00000000db900000,0x00000000dca80000)
 ParOldGen       total 79360K, used 21052K [0x0000000080000000, 0x0000000084d80000, 0x00000000d5580000)
  object space 79360K, 26% used [0x0000000080000000,0x000000008148f208,0x0000000084d80000)
 Metaspace       used 53715K, capacity 56390K, committed 56576K, reserved 1097728K
  class space    used 7675K, capacity 8164K, committed 8192K, reserved 1048576K
Event: 50.856 GC heap after
Heap after GC invocations=15 (full 2):
 PSYoungGen      total 119808K, used 17896K [0x00000000d5580000, 0x00000000df800000, 0x0000000100000000)
  eden space 101888K, 0% used [0x00000000d5580000,0x00000000d5580000,0x00000000db900000)
  from space 17920K, 99% used [0x00000000db900000,0x00000000dca7a050,0x00000000dca80000)
  to   space 21504K, 0% used [0x00000000de300000,0x00000000de300000,0x00000000df800000)
 ParOldGen       total 79360K, used 23888K [0x0000000080000000, 0x0000000084d80000, 0x00000000d5580000)
  object space 79360K, 30% used [0x0000000080000000,0x0000000081754138,0x0000000084d80000)
 Metaspace       used 53715K, capacity 56390K, committed 56576K, reserved 1097728K
  class space    used 7675K, capacity 8164K, committed 8192K, reserved 1048576K
}
Event: 52.635 GC heap before
{Heap before GC invocations=16 (full 2):
 PSYoungGen      total 119808K, used 39904K [0x00000000d5580000, 0x00000000df800000, 0x0000000100000000)
  eden space 101888K, 21% used [0x00000000d5580000,0x00000000d6afe278,0x00000000db900000)
  from space 17920K, 99% used [0x00000000db900000,0x00000000dca7a050,0x00000000dca80000)
  to   space 21504K, 0% used [0x00000000de300000,0x00000000de300000,0x00000000df800000)
 ParOldGen       total 79360K, used 23888K [0x0000000080000000, 0x0000000084d80000, 0x00000000d5580000)
  object space 79360K, 30% used [0x0000000080000000,0x0000000081754138,0x0000000084d80000)
 Metaspace       used 56139K, capacity 58916K, committed 59096K, reserved 1099776K
  class space    used 7959K, capacity 8473K, committed 8576K, reserved 1048576K
Event: 52.665 GC heap after
Heap after GC invocations=16 (full 2):
 PSYoungGen      total 141824K, used 20442K [0x00000000d5580000, 0x00000000e0580000, 0x0000000100000000)
  eden space 120320K, 0% used [0x00000000d5580000,0x00000000d5580000,0x00000000dcb00000)
  from space 21504K, 95% used [0x00000000de300000,0x00000000df6f6a78,0x00000000df800000)
  to   space 24576K, 0% used [0x00000000dcb00000,0x00000000dcb00000,0x00000000de300000)
 ParOldGen       total 79360K, used 23896K [0x0000000080000000, 0x0000000084d80000, 0x00000000d5580000)
  object space 79360K, 30% used [0x0000000080000000,0x0000000081756138,0x0000000084d80000)
 Metaspace       used 56139K, capacity 58916K, committed 59096K, reserved 1099776K
  class space    used 7959K, capacity 8473K, committed 8576K, reserved 1048576K
}
Event: 52.665 GC heap before
{Heap before GC invocations=17 (full 3):
 PSYoungGen      total 141824K, used 20442K [0x00000000d5580000, 0x00000000e0580000, 0x0000000100000000)
  eden space 120320K, 0% used [0x00000000d5580000,0x00000000d5580000,0x00000000dcb00000)
  from space 21504K, 95% used [0x00000000de300000,0x00000000df6f6a78,0x00000000df800000)
  to   space 24576K, 0% used [0x00000000dcb00000,0x00000000dcb00000,0x00000000de300000)
 ParOldGen       total 79360K, used 23896K [0x0000000080000000, 0x0000000084d80000, 0x00000000d5580000)
  object space 79360K, 30% used [0x0000000080000000,0x0000000081756138,0x0000000084d80000)
 Metaspace       used 56139K, capacity 58916K, committed 59096K, reserved 1099776K
  class space    used 7959K, capacity 8473K, committed 8576K, reserved 1048576K
Event: 53.015 GC heap after
Heap after GC invocations=17 (full 3):
 PSYoungGen      total 141824K, used 0K [0x00000000d5580000, 0x00000000e0580000, 0x0000000100000000)
  eden space 120320K, 0% used [0x00000000d5580000,0x00000000d5580000,0x00000000dcb00000)
  from space 21504K, 0% used [0x00000000de300000,0x00000000de300000,0x00000000df800000)
  to   space 24576K, 0% used [0x00000000dcb00000,0x00000000dcb00000,0x00000000de300000)
 ParOldGen       total 118784K, used 33581K [0x0000000080000000, 0x0000000087400000, 0x00000000d5580000)
  object space 118784K, 28% used [0x0000000080000000,0x00000000820cb580,0x0000000087400000)
 Metaspace       used 56117K, capacity 58844K, committed 59096K, reserved 1099776K
  class space    used 7953K, capacity 8461K, committed 8576K, reserved 1048576K
}
Event: 64.028 GC heap before
{Heap before GC invocations=18 (full 3):
 PSYoungGen      total 141824K, used 120320K [0x00000000d5580000, 0x00000000e0580000, 0x0000000100000000)
  eden space 120320K, 100% used [0x00000000d5580000,0x00000000dcb00000,0x00000000dcb00000)
  from space 21504K, 0% used [0x00000000de300000,0x00000000de300000,0x00000000df800000)
  to   space 24576K, 0% used [0x00000000dcb00000,0x00000000dcb00000,0x00000000de300000)
 ParOldGen       total 118784K, used 33581K [0x0000000080000000, 0x0000000087400000, 0x00000000d5580000)
  object space 118784K, 28% used [0x0000000080000000,0x00000000820cb580,0x0000000087400000)
 Metaspace       used 65441K, capacity 68520K, committed 68608K, reserved 1107968K
  class space    used 9092K, capacity 9671K, committed 9728K, reserved 1048576K
Event: 64.046 GC heap after
Heap after GC invocations=18 (full 3):
 PSYoungGen      total 144896K, used 16202K [0x00000000d5580000, 0x00000000e1800000, 0x0000000100000000)
  eden space 120320K, 0% used [0x00000000d5580000,0x00000000d5580000,0x00000000dcb00000)
  from space 24576K, 65% used [0x00000000dcb00000,0x00000000ddad2888,0x00000000de300000)
  to   space 25088K, 0% used [0x00000000dff80000,0x00000000dff80000,0x00000000e1800000)
 ParOldGen       total 118784K, used 33653K [0x0000000080000000, 0x0000000087400000, 0x00000000d5580000)
  object space 118784K, 28% used [0x0000000080000000,0x00000000820dd590,0x0000000087400000)
 Metaspace       used 65441K, capacity 68520K, committed 68608K, reserved 1107968K
  class space    used 9092K, capacity 9671K, committed 9728K, reserved 1048576K
}

Deoptimization events (10 events):
Event: 64.342 Thread 0x00000000196c2800 Uncommon trap: reason=array_check action=maybe_recompile pc=0x0000000004551124 method=com.google.common.collect.ImmutableSet.construct(I[Ljava/lang/Object;)Lcom/google/common/collect/ImmutableSet; @ 122
Event: 64.343 Thread 0x00000000196c2800 Uncommon trap: reason=array_check action=maybe_recompile pc=0x0000000004551124 method=com.google.common.collect.ImmutableSet.construct(I[Ljava/lang/Object;)Lcom/google/common/collect/ImmutableSet; @ 122
Event: 64.499 Thread 0x00000000196c2800 Uncommon trap: reason=array_check action=maybe_recompile pc=0x0000000004551124 method=com.google.common.collect.ImmutableSet.construct(I[Ljava/lang/Object;)Lcom/google/common/collect/ImmutableSet; @ 122
Event: 64.572 Thread 0x00000000196c2800 Uncommon trap: reason=unstable_if action=reinterpret pc=0x0000000003441c3c method=java.lang.CharacterDataLatin1.isWhitespace(I)Z @ 14
Event: 64.872 Thread 0x00000000196c2800 Uncommon trap: reason=unstable_if action=reinterpret pc=0x00000000038749c0 method=java.io.WinNTFileSystem.normalize(Ljava/lang/String;)Ljava/lang/String; @ 74
Event: 64.872 Thread 0x00000000196c2800 Uncommon trap: reason=unstable_if action=reinterpret pc=0x00000000031514d4 method=java.io.WinNTFileSystem.normalize(Ljava/lang/String;II)Ljava/lang/String; @ 103
Event: 65.626 Thread 0x00000000196c2800 Uncommon trap: reason=class_check action=maybe_recompile pc=0x0000000004483774 method=java.io.BufferedInputStream.read1([BII)I @ 39
Event: 65.941 Thread 0x00000000196c2800 Uncommon trap: reason=class_check action=maybe_recompile pc=0x0000000004483774 method=java.io.BufferedInputStream.read1([BII)I @ 39
Event: 65.991 Thread 0x00000000196c2800 Uncommon trap: reason=class_check action=maybe_recompile pc=0x0000000004483774 method=java.io.BufferedInputStream.read1([BII)I @ 39
Event: 66.021 Thread 0x00000000196c2800 Uncommon trap: reason=class_check action=maybe_recompile pc=0x0000000004483774 method=java.io.BufferedInputStream.read1([BII)I @ 39

Classes redefined (0 events):
No events

Internal exceptions (10 events):
Event: 64.798 Thread 0x00000000196c2800 Exception <a 'java/lang/ClassNotFoundException': com/android/build/gradle/internal/api/ApkVariantOutputImpl_DecoratedBeanInfo> (0x00000000d6ae4008) thrown at [C:\jenkins\workspace\8-2-build-windows-amd64-cygwin\jdk8u251\737\hotspot\src\share\vm\classfile\
Event: 64.799 Thread 0x00000000196c2800 Exception <a 'java/lang/ClassNotFoundException': com/android/build/gradle/internal/api/ApkVariantOutputImplBeanInfo> (0x00000000d6b033f8) thrown at [C:\jenkins\workspace\8-2-build-windows-amd64-cygwin\jdk8u251\737\hotspot\src\share\vm\classfile\systemDict
Event: 64.800 Thread 0x00000000196c2800 Exception <a 'java/lang/ClassNotFoundException': com/android/build/gradle/internal/api/BaseVariantOutputImplBeanInfo> (0x00000000d6b23ba0) thrown at [C:\jenkins\workspace\8-2-build-windows-amd64-cygwin\jdk8u251\737\hotspot\src\share\vm\classfile\systemDic
Event: 64.800 Thread 0x00000000196c2800 Exception <a 'java/lang/ClassNotFoundException': com/android/build/gradle/internal/api/BaseVariantOutputImplCustomizer> (0x00000000d6b44938) thrown at [C:\jenkins\workspace\8-2-build-windows-amd64-cygwin\jdk8u251\737\hotspot\src\share\vm\classfile\systemD
Event: 64.801 Thread 0x00000000196c2800 Exception <a 'java/lang/ClassNotFoundException': com/android/build/gradle/internal/api/ApkVariantOutputImplCustomizer> (0x00000000d6b7f460) thrown at [C:\jenkins\workspace\8-2-build-windows-amd64-cygwin\jdk8u251\737\hotspot\src\share\vm\classfile\systemDi
Event: 64.803 Thread 0x00000000196c2800 Exception <a 'java/lang/ClassNotFoundException': com/android/build/gradle/internal/api/ApkVariantOutputImpl_DecoratedCustomizer> (0x00000000d6bb59b0) thrown at [C:\jenkins\workspace\8-2-build-windows-amd64-cygwin\jdk8u251\737\hotspot\src\share\vm\classfil
Event: 65.196 Thread 0x00000000196c2800 Exception <a 'java/lang/ClassNotFoundException': com/android/build/gradle/internal/api/LibraryVariantOutputImpl_DecoratedBeanInfo> (0x00000000d71e9b60) thrown at [C:\jenkins\workspace\8-2-build-windows-amd64-cygwin\jdk8u251\737\hotspot\src\share\vm\classf
Event: 65.197 Thread 0x00000000196c2800 Exception <a 'java/lang/ClassNotFoundException': com/android/build/gradle/internal/api/LibraryVariantOutputImplBeanInfo> (0x00000000d720a9a0) thrown at [C:\jenkins\workspace\8-2-build-windows-amd64-cygwin\jdk8u251\737\hotspot\src\share\vm\classfile\system
Event: 65.198 Thread 0x00000000196c2800 Exception <a 'java/lang/ClassNotFoundException': com/android/build/gradle/internal/api/LibraryVariantOutputImplCustomizer> (0x00000000d722c478) thrown at [C:\jenkins\workspace\8-2-build-windows-amd64-cygwin\jdk8u251\737\hotspot\src\share\vm\classfile\syst
Event: 65.199 Thread 0x00000000196c2800 Exception <a 'java/lang/ClassNotFoundException': com/android/build/gradle/internal/api/LibraryVariantOutputImpl_DecoratedCustomizer> (0x00000000d725b910) thrown at [C:\jenkins\workspace\8-2-build-windows-amd64-cygwin\jdk8u251\737\hotspot\src\share\vm\clas

Events (10 events):
Event: 65.991 Executing VM operation: RevokeBias done
Event: 65.991 Thread 0x00000000196c2800 DEOPT PACKING pc=0x0000000004483774 sp=0x000000001d429bf0
Event: 65.991 Thread 0x00000000196c2800 DEOPT UNPACKING pc=0x0000000002fd583b sp=0x000000001d429b38 mode 2
Event: 66.021 Thread 0x00000000196c2800 Uncommon trap: trap_request=0xffffffde fr.pc=0x0000000004483774
Event: 66.021 Executing VM operation: RevokeBias
Event: 66.021 Executing VM operation: RevokeBias done
Event: 66.021 Thread 0x00000000196c2800 DEOPT PACKING pc=0x0000000004483774 sp=0x000000001d429bf0
Event: 66.021 Thread 0x00000000196c2800 DEOPT UNPACKING pc=0x0000000002fd583b sp=0x000000001d429b38 mode 2
Event: 66.030 Thread 0x00000000196c2800 DEOPT PACKING pc=0x00000000038ba278 sp=0x000000001d429f70
Event: 66.030 Thread 0x00000000196c2800 DEOPT UNPACKING pc=0x0000000002fd7890 sp=0x000000001d429c98 mode 0


Dynamic libraries:
0x00007ff77a560000 - 0x00007ff77a597000 	C:\Program Files\Java\jdk1.8.0_251\bin\java.exe
0x00007ff89f560000 - 0x00007ff89f750000 	C:\Windows\SYSTEM32\ntdll.dll
0x00007ff89efd0000 - 0x00007ff89f082000 	C:\Windows\System32\KERNEL32.DLL
0x00007ff89c890000 - 0x00007ff89cb34000 	C:\Windows\System32\KERNELBASE.dll
0x00007ff89f1b0000 - 0x00007ff89f253000 	C:\Windows\System32\ADVAPI32.dll
0x00007ff89f420000 - 0x00007ff89f4be000 	C:\Windows\System32\msvcrt.dll
0x00007ff89de10000 - 0x00007ff89dea7000 	C:\Windows\System32\sechost.dll
0x00007ff89eeb0000 - 0x00007ff89efd0000 	C:\Windows\System32\RPCRT4.dll
0x00007ff89dc60000 - 0x00007ff89ddf4000 	C:\Windows\System32\USER32.dll
0x00007ff89d5e0000 - 0x00007ff89d601000 	C:\Windows\System32\win32u.dll
0x00007ff89f170000 - 0x00007ff89f196000 	C:\Windows\System32\GDI32.dll
0x00007ff89d2f0000 - 0x00007ff89d485000 	C:\Windows\System32\gdi32full.dll
0x00007ff89c7f0000 - 0x00007ff89c88e000 	C:\Windows\System32\msvcp_win.dll
0x00007ff89c4f0000 - 0x00007ff89c5ea000 	C:\Windows\System32\ucrtbase.dll
0x00007ff888950000 - 0x00007ff888bd4000 	C:\Windows\WinSxS\amd64_microsoft.windows.common-controls_6595b64144ccf1df_6.0.18362.900_none_e6beb9d913147d17\COMCTL32.dll
0x00007ff89e000000 - 0x00007ff89e335000 	C:\Windows\System32\combase.dll
0x00007ff89c770000 - 0x00007ff89c7f0000 	C:\Windows\System32\bcryptPrimitives.dll
0x00007ff89e340000 - 0x00007ff89e36e000 	C:\Windows\System32\IMM32.DLL
0x000000005d4f0000 - 0x000000005d5c2000 	C:\Program Files\Java\jdk1.8.0_251\jre\bin\msvcr100.dll
0x000000005c060000 - 0x000000005c90b000 	C:\Program Files\Java\jdk1.8.0_251\jre\bin\server\jvm.dll
0x00007ff89f100000 - 0x00007ff89f108000 	C:\Windows\System32\PSAPI.DLL
0x00007ff89a200000 - 0x00007ff89a224000 	C:\Windows\SYSTEM32\WINMM.dll
0x00007ff897790000 - 0x00007ff897799000 	C:\Windows\SYSTEM32\WSOCK32.dll
0x00007ff88e000000 - 0x00007ff88e00a000 	C:\Windows\SYSTEM32\VERSION.dll
0x00007ff89f090000 - 0x00007ff89f0ff000 	C:\Windows\System32\WS2_32.dll
0x00007ff89a1d0000 - 0x00007ff89a1fd000 	C:\Windows\SYSTEM32\WINMMBASE.dll
0x00007ff89c6c0000 - 0x00007ff89c70a000 	C:\Windows\System32\cfgmgr32.dll
0x00007ff892a00000 - 0x00007ff892a0f000 	C:\Program Files\Java\jdk1.8.0_251\jre\bin\verify.dll
0x00007ff87d7b0000 - 0x00007ff87d7d9000 	C:\Program Files\Java\jdk1.8.0_251\jre\bin\java.dll
0x00007ff889240000 - 0x00007ff889256000 	C:\Program Files\Java\jdk1.8.0_251\jre\bin\zip.dll
0x00007ff89e4b0000 - 0x00007ff89eb96000 	C:\Windows\System32\SHELL32.dll
0x00007ff89f260000 - 0x00007ff89f309000 	C:\Windows\System32\shcore.dll
0x00007ff89cb40000 - 0x00007ff89d2c0000 	C:\Windows\System32\windows.storage.dll
0x00007ff89c4c0000 - 0x00007ff89c4e3000 	C:\Windows\System32\profapi.dll
0x00007ff89c450000 - 0x00007ff89c49a000 	C:\Windows\System32\powrprof.dll
0x00007ff89c420000 - 0x00007ff89c430000 	C:\Windows\System32\UMPDC.dll
0x00007ff89f4c0000 - 0x00007ff89f512000 	C:\Windows\System32\shlwapi.dll
0x00007ff89c430000 - 0x00007ff89c441000 	C:\Windows\System32\kernel.appcore.dll
0x00007ff89c5f0000 - 0x00007ff89c607000 	C:\Windows\System32\cryptsp.dll
0x00007ff887020000 - 0x00007ff88703a000 	C:\Program Files\Java\jdk1.8.0_251\jre\bin\net.dll
0x00007ff89bbe0000 - 0x00007ff89bc47000 	C:\Windows\system32\mswsock.dll
0x00007ff882910000 - 0x00007ff882922000 	C:\Program Files\Java\jdk1.8.0_251\jre\bin\nio.dll
0x00007ff882930000 - 0x00007ff882957000 	C:\Users\Omid\.gradle\native\f6784746aeab05261644944871eae4fe03e0ef1612fff0a4a95f87b438bc6780\windows-amd64\native-platform.dll
0x00007ff88ca20000 - 0x00007ff88ca2d000 	C:\Program Files\Java\jdk1.8.0_251\jre\bin\management.dll
0x00007ff89b760000 - 0x00007ff89b793000 	C:\Windows\system32\rsaenh.dll
0x00007ff89d2c0000 - 0x00007ff89d2e6000 	C:\Windows\System32\bcrypt.dll
0x00007ff89c340000 - 0x00007ff89c365000 	C:\Windows\SYSTEM32\USERENV.dll
0x00007ff89bd60000 - 0x00007ff89bd6c000 	C:\Windows\SYSTEM32\CRYPTBASE.dll
0x00007ff89b900000 - 0x00007ff89b93a000 	C:\Windows\SYSTEM32\IPHLPAPI.DLL
0x00007ff89f1a0000 - 0x00007ff89f1a8000 	C:\Windows\System32\NSI.dll
0x00007ff8951b0000 - 0x00007ff8951c6000 	C:\Windows\SYSTEM32\dhcpcsvc6.DLL
0x00007ff895020000 - 0x00007ff89503c000 	C:\Windows\SYSTEM32\dhcpcsvc.DLL
0x00007ff89b940000 - 0x00007ff89ba0b000 	C:\Windows\SYSTEM32\DNSAPI.dll
0x00007ff896540000 - 0x00007ff89654b000 	C:\Windows\SYSTEM32\WINNSI.DLL

VM Arguments:
jvm_args: -Xmx2048m -Dfile.encoding=windows-1252 -Duser.country=US -Duser.language=en -Duser.variant 
java_command: org.gradle.launcher.daemon.bootstrap.GradleDaemon 6.5
java_class_path (initial): C:\Users\Omid\.gradle\wrapper\dists\gradle-6.5-all\2oz4ud9k3tuxjg84bbf55q0tn\gradle-6.5\lib\gradle-launcher-6.5.jar
Launcher Type: SUN_STANDARD

Environment Variables:
JAVA_HOME=C:\Program Files\Java\jdk-14.0.1
PATH=C:\Program Files (x86)\Common Files\Oracle\Java\javapath;C:\Windows\system32;C:\Windows;C:\Windows\System32\Wbem;C:\Windows\System32\WindowsPowerShell\v1.0\;C:\Windows\System32\OpenSSH\;C:\Program Files\Java\jdk-14.0.1\bin;F:\Android\android-sdk\platform-tools;F:\Android\android-sdk\tools;C:\Program Files\Git\cmd;D:\FlutterSdk\flutter\bin;C:\Program Files\SourceGear\Common\DiffMerge\;C:\Program Files\Docker\Docker\resources\bin;C:\ProgramData\DockerDesktop\version-bin;C:\Users\Omid\AppData\Local\Microsoft\WindowsApps;
USERNAME=Omid
OS=Windows_NT
PROCESSOR_IDENTIFIER=Intel64 Family 6 Model 58 Stepping 9, GenuineIntel



---------------  S Y S T E M  ---------------

OS: Windows 10.0 , 64 bit Build 18362 (10.0.18362.900)

CPU:total 4 (initial active 4) (2 cores per cpu, 2 threads per core) family 6 model 58 stepping 9, cmov, cx8, fxsr, mmx, sse, sse2, sse3, ssse3, sse4.1, sse4.2, popcnt, avx, aes, clmul, erms, ht, tsc, tscinvbit, tscinv

Memory: 4k page, physical 6174296k(318728k free), swap 25048664k(6192k free)

vm_info: Java HotSpot(TM) 64-Bit Server VM (25.251-b08) for windows-amd64 JRE (1.8.0_251-b08), built on Mar 12 2020 06:31:49 by "" with MS VC++ 10.0 (VS2010)

time: Sun Aug 23 20:43:32 2020
timezone: Iran Daylight Time
elapsed time: 66 seconds (0d 0h 1m 6s)

