#
# There is insufficient memory for the Java Runtime Environment to continue.
# Native memory allocation (malloc) failed to allocate 528432 bytes for Chunk::new
# Possible reasons:
#   The system is out of physical RAM or swap space
#   The process is running with CompressedOops enabled, and the Java Heap may be blocking the growth of the native heap
# Possible solutions:
#   Reduce memory load on the system
#   Increase physical memory or swap space
#   Check if swap backing store is full
#   Decrease Java heap size (-Xmx/-Xms)
#   Decrease number of Java threads
#   Decrease Java thread stack sizes (-Xss)
#   Set larger code cache with -XX:ReservedCodeCacheSize=
#   JVM is running with Unscaled Compressed Oops mode in which the Java heap is
#     placed in the first 4GB address space. The Java Heap base address is the
#     maximum limit for the native heap growth. Please use -XX:HeapBaseMinAddress
#     to set the Java Heap base and to place the Java Heap above 4GB virtual address.
# This output file may be truncated or incomplete.
#
#  Out of Memory Error (allocation.cpp:389), pid=9544, tid=0x0000000000004b38
#
# JRE version: Java(TM) SE Runtime Environment (8.0_251-b08) (build 1.8.0_251-b08)
# Java VM: Java HotSpot(TM) 64-Bit Server VM (25.251-b08 mixed mode windows-amd64 compressed oops)
# Failed to write core dump. Minidumps are not enabled by default on client versions of Windows
#

---------------  T H R E A D  ---------------

Current thread (0x00000000166b8000):  JavaThread "C2 CompilerThread0" daemon [_thread_in_native, id=19256, stack(0x0000000017d00000,0x0000000017e00000)]

Stack: [0x0000000017d00000,0x0000000017e00000]
[error occurred during error reporting (printing stack bounds), id 0xc0000005]

Native frames: (J=compiled Java code, j=interpreted, Vv=VM code, C=native code)


Current CompileTask:
C2:  19178 6776       4       org.jetbrains.kotlin.com.intellij.util.keyFMap.ArrayBackedFMap::plus (155 bytes)


---------------  P R O C E S S  ---------------

Java Threads: ( => current thread )
  0x000000001670d800 JavaThread "Service Thread" daemon [_thread_blocked, id=5692, stack(0x0000000018400000,0x0000000018500000)]
  0x00000000166c3800 JavaThread "C1 CompilerThread2" daemon [_thread_in_native, id=15772, stack(0x0000000017f00000,0x0000000018000000)]
  0x00000000166c0000 JavaThread "C2 CompilerThread1" daemon [_thread_blocked, id=12548, stack(0x0000000017e00000,0x0000000017f00000)]
=>0x00000000166b8000 JavaThread "C2 CompilerThread0" daemon [_thread_in_native, id=19256, stack(0x0000000017d00000,0x0000000017e00000)]
  0x00000000166b5800 JavaThread "Attach Listener" daemon [_thread_blocked, id=16732, stack(0x0000000017c00000,0x0000000017d00000)]
  0x00000000166b4000 JavaThread "Signal Dispatcher" daemon [_thread_blocked, id=17752, stack(0x0000000017b00000,0x0000000017c00000)]
  0x0000000002e2e800 JavaThread "Finalizer" daemon [_thread_blocked, id=9580, stack(0x0000000017900000,0x0000000017a00000)]
  0x0000000016699000 JavaThread "Reference Handler" daemon [_thread_blocked, id=12532, stack(0x0000000017800000,0x0000000017900000)]
  0x0000000002d3b000 JavaThread "main" [_thread_in_Java, id=4796, stack(0x0000000002c30000,0x0000000002d30000)]

Other Threads:
  0x0000000016677800 VMThread [stack: 0x0000000017700000,0x0000000017800000] [id=17860]
  0x000000001670e800 WatcherThread [stack: 0x0000000018500000,0x0000000018600000] [id=9212]

VM state:not at safepoint (normal execution)

VM Mutex/Monitor currently owned by a thread: None

heap address: 0x00000000a1c00000, size: 1508 MB, Compressed Oops mode: 32-bit
Narrow klass base: 0x0000000000000000, Narrow klass shift: 3
Compressed class space size: 1073741824 Address: 0x0000000100000000

Heap:
 PSYoungGen      total 130048K, used 49292K [0x00000000e0980000, 0x00000000ec080000, 0x0000000100000000)
  eden space 112128K, 28% used [0x00000000e0980000,0x00000000e2829a70,0x00000000e7700000)
  from space 17920K, 99% used [0x00000000e8d00000,0x00000000e9e796b8,0x00000000e9e80000)
  to   space 22528K, 0% used [0x00000000e7700000,0x00000000e7700000,0x00000000e8d00000)
 ParOldGen       total 92160K, used 25567K [0x00000000a1c00000, 0x00000000a7600000, 0x00000000e0980000)
  object space 92160K, 27% used [0x00000000a1c00000,0x00000000a34f7e10,0x00000000a7600000)
 Metaspace       used 46030K, capacity 46842K, committed 47104K, reserved 1091584K
  class space    used 5641K, capacity 5820K, committed 5888K, reserved 1048576K

Card table byte_map: [0x00000000121f0000,0x00000000124f0000] byte_map_base: 0x0000000011ce2000

Marking Bits: (ParMarkBitMap*) 0x000000005c88af90
 Begin Bits: [0x0000000012af0000, 0x0000000014280000)
 End Bits:   [0x0000000014280000, 0x0000000015a10000)

Polling page: 0x0000000000ec0000

CodeCache: size=245760Kb used=20107Kb max_used=20107Kb free=225652Kb
 bounds [0x0000000002e30000, 0x00000000041f0000, 0x0000000011e30000]
 total_blobs=6767 nmethods=6301 adapters=376
 compilation: enabled

Compilation events (10 events):
Event: 19.036 Thread 0x00000000166c3800 6830       1       org.jetbrains.kotlin.types.expressions.ControlStructureTypingUtils$1::getExplicitReceiver (2 bytes)
Event: 19.036 Thread 0x00000000166c0000 nmethod 6834 0x0000000003758110 code [0x0000000003758240, 0x0000000003758298]
Event: 19.036 Thread 0x00000000166c3800 nmethod 6830 0x00000000041844d0 code [0x0000000004184620, 0x0000000004184730]
Event: 19.036 Thread 0x00000000166c3800 6835       3       org.jetbrains.kotlin.resolve.OverridingUtil$OverrideCompatibilityInfo::success (12 bytes)
Event: 19.036 Thread 0x00000000166c3800 nmethod 6835 0x00000000041841d0 code [0x0000000004184320, 0x0000000004184470]
Event: 19.036 Thread 0x00000000166c3800 6836       3       org.jetbrains.kotlin.resolve.OverridingUtil::createTypeChecker (192 bytes)
Event: 19.039 Thread 0x00000000166c3800 nmethod 6836 0x0000000004186450 code [0x00000000041867c0, 0x0000000004188558]
Event: 19.039 Thread 0x00000000166c3800 6837       3       org.jetbrains.kotlin.types.checker.KotlinTypeCheckerImpl::withAxioms (31 bytes)
Event: 19.040 Thread 0x00000000166c3800 nmethod 6837 0x00000000041837d0 code [0x0000000004183980, 0x0000000004183f08]
Event: 19.040 Thread 0x00000000166c3800 6838       3       org.jetbrains.kotlin.types.checker.KotlinTypeCheckerImpl$1::assertEqualTypeConstructors (44 bytes)

GC Heap History (10 events):
Event: 5.923 GC heap before
{Heap before GC invocations=4 (full 1):
 PSYoungGen      total 53248K, used 4086K [0x00000000e0980000, 0x00000000e7180000, 0x0000000100000000)
  eden space 49152K, 0% used [0x00000000e0980000,0x00000000e0980000,0x00000000e3980000)
  from space 4096K, 99% used [0x00000000e3980000,0x00000000e3d7db18,0x00000000e3d80000)
  to   space 4096K, 0% used [0x00000000e6d80000,0x00000000e6d80000,0x00000000e7180000)
 ParOldGen       total 65536K, used 13159K [0x00000000a1c00000, 0x00000000a5c00000, 0x00000000e0980000)
  object space 65536K, 20% used [0x00000000a1c00000,0x00000000a28d9e30,0x00000000a5c00000)
 Metaspace       used 20832K, capacity 21184K, committed 21296K, reserved 1069056K
  class space    used 2523K, capacity 2656K, committed 2688K, reserved 1048576K
Event: 5.973 GC heap after
Heap after GC invocations=4 (full 1):
 PSYoungGen      total 53248K, used 0K [0x00000000e0980000, 0x00000000e7180000, 0x0000000100000000)
  eden space 49152K, 0% used [0x00000000e0980000,0x00000000e0980000,0x00000000e3980000)
  from space 4096K, 0% used [0x00000000e3980000,0x00000000e3980000,0x00000000e3d80000)
  to   space 4096K, 0% used [0x00000000e6d80000,0x00000000e6d80000,0x00000000e7180000)
 ParOldGen       total 56320K, used 12359K [0x00000000a1c00000, 0x00000000a5300000, 0x00000000e0980000)
  object space 56320K, 21% used [0x00000000a1c00000,0x00000000a2811fc0,0x00000000a5300000)
 Metaspace       used 20832K, capacity 21184K, committed 21296K, reserved 1069056K
  class space    used 2523K, capacity 2656K, committed 2688K, reserved 1048576K
}
Event: 9.430 GC heap before
{Heap before GC invocations=5 (full 1):
 PSYoungGen      total 53248K, used 49152K [0x00000000e0980000, 0x00000000e7180000, 0x0000000100000000)
  eden space 49152K, 100% used [0x00000000e0980000,0x00000000e3980000,0x00000000e3980000)
  from space 4096K, 0% used [0x00000000e3980000,0x00000000e3980000,0x00000000e3d80000)
  to   space 4096K, 0% used [0x00000000e6d80000,0x00000000e6d80000,0x00000000e7180000)
 ParOldGen       total 56320K, used 12359K [0x00000000a1c00000, 0x00000000a5300000, 0x00000000e0980000)
  object space 56320K, 21% used [0x00000000a1c00000,0x00000000a2811fc0,0x00000000a5300000)
 Metaspace       used 26825K, capacity 27332K, committed 27520K, reserved 1073152K
  class space    used 3259K, capacity 3413K, committed 3456K, reserved 1048576K
Event: 9.444 GC heap after
Heap after GC invocations=5 (full 1):
 PSYoungGen      total 80384K, used 4066K [0x00000000e0980000, 0x00000000e7180000, 0x0000000100000000)
  eden space 76288K, 0% used [0x00000000e0980000,0x00000000e0980000,0x00000000e5400000)
  from space 4096K, 99% used [0x00000000e6d80000,0x00000000e7178918,0x00000000e7180000)
  to   space 4096K, 0% used [0x00000000e6980000,0x00000000e6980000,0x00000000e6d80000)
 ParOldGen       total 56320K, used 19895K [0x00000000a1c00000, 0x00000000a5300000, 0x00000000e0980000)
  object space 56320K, 35% used [0x00000000a1c00000,0x00000000a2f6df30,0x00000000a5300000)
 Metaspace       used 26825K, capacity 27332K, committed 27520K, reserved 1073152K
  class space    used 3259K, capacity 3413K, committed 3456K, reserved 1048576K
}
Event: 12.563 GC heap before
{Heap before GC invocations=6 (full 1):
 PSYoungGen      total 80384K, used 48507K [0x00000000e0980000, 0x00000000e7180000, 0x0000000100000000)
  eden space 76288K, 58% used [0x00000000e0980000,0x00000000e34e6678,0x00000000e5400000)
  from space 4096K, 99% used [0x00000000e6d80000,0x00000000e7178918,0x00000000e7180000)
  to   space 4096K, 0% used [0x00000000e6980000,0x00000000e6980000,0x00000000e6d80000)
 ParOldGen       total 56320K, used 19895K [0x00000000a1c00000, 0x00000000a5300000, 0x00000000e0980000)
  object space 56320K, 35% used [0x00000000a1c00000,0x00000000a2f6df30,0x00000000a5300000)
 Metaspace       used 34694K, capacity 35190K, committed 35456K, reserved 1079296K
  class space    used 4479K, capacity 4614K, committed 4736K, reserved 1048576K
Event: 12.584 GC heap after
Heap after GC invocations=6 (full 1):
 PSYoungGen      total 102400K, used 4066K [0x00000000e0980000, 0x00000000e9e80000, 0x0000000100000000)
  eden space 98304K, 0% used [0x00000000e0980000,0x00000000e0980000,0x00000000e6980000)
  from space 4096K, 99% used [0x00000000e6980000,0x00000000e6d78928,0x00000000e6d80000)
  to   space 17920K, 0% used [0x00000000e8d00000,0x00000000e8d00000,0x00000000e9e80000)
 ParOldGen       total 56320K, used 31303K [0x00000000a1c00000, 0x00000000a5300000, 0x00000000e0980000)
  object space 56320K, 55% used [0x00000000a1c00000,0x00000000a3a91e50,0x00000000a5300000)
 Metaspace       used 34694K, capacity 35190K, committed 35456K, reserved 1079296K
  class space    used 4479K, capacity 4614K, committed 4736K, reserved 1048576K
}
Event: 12.584 GC heap before
{Heap before GC invocations=7 (full 2):
 PSYoungGen      total 102400K, used 4066K [0x00000000e0980000, 0x00000000e9e80000, 0x0000000100000000)
  eden space 98304K, 0% used [0x00000000e0980000,0x00000000e0980000,0x00000000e6980000)
  from space 4096K, 99% used [0x00000000e6980000,0x00000000e6d78928,0x00000000e6d80000)
  to   space 17920K, 0% used [0x00000000e8d00000,0x00000000e8d00000,0x00000000e9e80000)
 ParOldGen       total 56320K, used 31303K [0x00000000a1c00000, 0x00000000a5300000, 0x00000000e0980000)
  object space 56320K, 55% used [0x00000000a1c00000,0x00000000a3a91e50,0x00000000a5300000)
 Metaspace       used 34694K, capacity 35190K, committed 35456K, reserved 1079296K
  class space    used 4479K, capacity 4614K, committed 4736K, reserved 1048576K
Event: 12.697 GC heap after
Heap after GC invocations=7 (full 2):
 PSYoungGen      total 102400K, used 0K [0x00000000e0980000, 0x00000000e9e80000, 0x0000000100000000)
  eden space 98304K, 0% used [0x00000000e0980000,0x00000000e0980000,0x00000000e6980000)
  from space 4096K, 0% used [0x00000000e6980000,0x00000000e6980000,0x00000000e6d80000)
  to   space 17920K, 0% used [0x00000000e8d00000,0x00000000e8d00000,0x00000000e9e80000)
 ParOldGen       total 92160K, used 22791K [0x00000000a1c00000, 0x00000000a7600000, 0x00000000e0980000)
  object space 92160K, 24% used [0x00000000a1c00000,0x00000000a3241df0,0x00000000a7600000)
 Metaspace       used 34694K, capacity 35190K, committed 35456K, reserved 1079296K
  class space    used 4479K, capacity 4614K, committed 4736K, reserved 1048576K
}
Event: 16.118 GC heap before
{Heap before GC invocations=8 (full 2):
 PSYoungGen      total 102400K, used 98304K [0x00000000e0980000, 0x00000000e9e80000, 0x0000000100000000)
  eden space 98304K, 100% used [0x00000000e0980000,0x00000000e6980000,0x00000000e6980000)
  from space 4096K, 0% used [0x00000000e6980000,0x00000000e6980000,0x00000000e6d80000)
  to   space 17920K, 0% used [0x00000000e8d00000,0x00000000e8d00000,0x00000000e9e80000)
 ParOldGen       total 92160K, used 22791K [0x00000000a1c00000, 0x00000000a7600000, 0x00000000e0980000)
  object space 92160K, 24% used [0x00000000a1c00000,0x00000000a3241df0,0x00000000a7600000)
 Metaspace       used 43868K, capacity 44612K, committed 44928K, reserved 1089536K
  class space    used 5516K, capacity 5701K, committed 5760K, reserved 1048576K
Event: 16.164 GC heap after
Heap after GC invocations=8 (full 2):
 PSYoungGen      total 130048K, used 17893K [0x00000000e0980000, 0x00000000ec080000, 0x0000000100000000)
  eden space 112128K, 0% used [0x00000000e0980000,0x00000000e0980000,0x00000000e7700000)
  from space 17920K, 99% used [0x00000000e8d00000,0x00000000e9e796b8,0x00000000e9e80000)
  to   space 22528K, 0% used [0x00000000e7700000,0x00000000e7700000,0x00000000e8d00000)
 ParOldGen       total 92160K, used 25567K [0x00000000a1c00000, 0x00000000a7600000, 0x00000000e0980000)
  object space 92160K, 27% used [0x00000000a1c00000,0x00000000a34f7e10,0x00000000a7600000)
 Metaspace       used 43868K, capacity 44612K, committed 44928K, reserved 1089536K
  class space    used 5516K, capacity 5701K, committed 5760K, reserved 1048576K
}

Deoptimization events (10 events):
Event: 17.805 Thread 0x0000000002d3b000 Uncommon trap: reason=class_check action=maybe_recompile pc=0x0000000003e6f420 method=org.jetbrains.kotlin.util.slicedMap.SlicedMapImpl.lambda$forEach$0(Lkotlin/jvm/functions/Function3;Ljava/lang/Object;Lorg/jetbrains/kotlin/com/intellij/util/keyFMap/KeyF
Event: 17.908 Thread 0x0000000002d3b000 Uncommon trap: reason=unstable_if action=reinterpret pc=0x0000000003f9bdac method=org.jetbrains.kotlin.types.TypeUtils.contains(Lorg/jetbrains/kotlin/types/KotlinType;Lkotlin/jvm/functions/Function1;Ljava/util/HashSet;)Z @ 49
Event: 18.657 Thread 0x0000000002d3b000 Uncommon trap: reason=speculate_class_check action=maybe_recompile pc=0x00000000040f1680 method=org.jetbrains.kotlin.resolve.calls.inference.CapturedTypeConstructorKt.isCaptured(Lorg/jetbrains/kotlin/types/KotlinType;)Z @ 7
Event: 18.657 Thread 0x0000000002d3b000 Uncommon trap: reason=speculate_class_check action=maybe_recompile pc=0x00000000040f1680 method=org.jetbrains.kotlin.resolve.calls.inference.CapturedTypeConstructorKt.isCaptured(Lorg/jetbrains/kotlin/types/KotlinType;)Z @ 7
Event: 18.658 Thread 0x0000000002d3b000 Uncommon trap: reason=speculate_class_check action=maybe_recompile pc=0x00000000040f1680 method=org.jetbrains.kotlin.resolve.calls.inference.CapturedTypeConstructorKt.isCaptured(Lorg/jetbrains/kotlin/types/KotlinType;)Z @ 7
Event: 18.658 Thread 0x0000000002d3b000 Uncommon trap: reason=speculate_class_check action=maybe_recompile pc=0x00000000040f1680 method=org.jetbrains.kotlin.resolve.calls.inference.CapturedTypeConstructorKt.isCaptured(Lorg/jetbrains/kotlin/types/KotlinType;)Z @ 7
Event: 18.992 Thread 0x0000000002d3b000 Uncommon trap: reason=class_check action=maybe_recompile pc=0x000000000416b658 method=org.jetbrains.kotlin.types.AbstractStrictEqualityTypeChecker.strictEqualSimpleTypes(Lorg/jetbrains/kotlin/types/model/TypeSystemContext;Lorg/jetbrains/kotlin/types/model
Event: 18.995 Thread 0x0000000002d3b000 Uncommon trap: reason=class_check action=maybe_recompile pc=0x000000000416b658 method=org.jetbrains.kotlin.types.AbstractStrictEqualityTypeChecker.strictEqualSimpleTypes(Lorg/jetbrains/kotlin/types/model/TypeSystemContext;Lorg/jetbrains/kotlin/types/model
Event: 18.996 Thread 0x0000000002d3b000 Uncommon trap: reason=class_check action=maybe_recompile pc=0x000000000416b658 method=org.jetbrains.kotlin.types.AbstractStrictEqualityTypeChecker.strictEqualSimpleTypes(Lorg/jetbrains/kotlin/types/model/TypeSystemContext;Lorg/jetbrains/kotlin/types/model
Event: 18.996 Thread 0x0000000002d3b000 Uncommon trap: reason=class_check action=maybe_recompile pc=0x000000000416b658 method=org.jetbrains.kotlin.types.AbstractStrictEqualityTypeChecker.strictEqualSimpleTypes(Lorg/jetbrains/kotlin/types/model/TypeSystemContext;Lorg/jetbrains/kotlin/types/model

Classes redefined (0 events):
No events

Internal exceptions (10 events):
Event: 10.410 Thread 0x0000000002d3b000 Exception <a 'java/lang/NoSuchMethodError': java.lang.Object.lambda$static$0(I)[Lorg/jetbrains/kotlin/psi/KtExpression;> (0x00000000e2da13d0) thrown at [C:\jenkins\workspace\8-2-build-windows-amd64-cygwin\jdk8u251\737\hotspot\src\share\vm\interpreter\link
Event: 12.767 Thread 0x0000000002d3b000 Exception <a 'java/lang/NoSuchMethodError': java.lang.Object.lambda$static$0(I)[Lorg/jetbrains/kotlin/psi/KtDeclaration;> (0x00000000e0b029a0) thrown at [C:\jenkins\workspace\8-2-build-windows-amd64-cygwin\jdk8u251\737\hotspot\src\share\vm\interpreter\lin
Event: 12.979 Thread 0x0000000002d3b000 Exception <a 'java/lang/NoSuchMethodError': java.lang.Object.lambda$static$0(I)[Lorg/jetbrains/kotlin/psi/KtTypeElement;> (0x00000000e13624d8) thrown at [C:\jenkins\workspace\8-2-build-windows-amd64-cygwin\jdk8u251\737\hotspot\src\share\vm\interpreter\lin
Event: 14.853 Thread 0x0000000002d3b000 Exception <a 'java/lang/NoSuchMethodError': java.lang.Object.lambda$static$0(I)[Lorg/jetbrains/kotlin/com/intellij/psi/PsiClass;> (0x00000000e45a9ff8) thrown at [C:\jenkins\workspace\8-2-build-windows-amd64-cygwin\jdk8u251\737\hotspot\src\share\vm\interpr
Event: 15.884 Thread 0x0000000002d3b000 Exception <a 'java/lang/IncompatibleClassChangeError': Found class java.lang.Object, but interface was expected> (0x00000000e6283988) thrown at [C:\jenkins\workspace\8-2-build-windows-amd64-cygwin\jdk8u251\737\hotspot\src\share\vm\interpreter\linkResolver
Event: 16.006 Thread 0x0000000002d3b000 Implicit null exception at 0x00000000035d810c to 0x00000000035d81e9
Event: 16.027 Thread 0x0000000002d3b000 Implicit null exception at 0x0000000003588828 to 0x0000000003589175
Event: 16.027 Thread 0x0000000002d3b000 Implicit null exception at 0x000000000325ef7b to 0x000000000325f5cd
Event: 16.031 Thread 0x0000000002d3b000 Implicit null exception at 0x00000000030b182f to 0x00000000030b1899
Event: 17.409 Thread 0x0000000002d3b000 Implicit null exception at 0x00000000034c43d3 to 0x00000000034c5115

Events (10 events):
Event: 18.992 Thread 0x0000000002d3b000 DEOPT UNPACKING pc=0x0000000002e7583b sp=0x0000000002d2a440 mode 2
Event: 18.995 Thread 0x0000000002d3b000 Uncommon trap: trap_request=0xffffffde fr.pc=0x000000000416b658
Event: 18.995 Thread 0x0000000002d3b000 DEOPT PACKING pc=0x000000000416b658 sp=0x0000000002d2aa20
Event: 18.995 Thread 0x0000000002d3b000 DEOPT UNPACKING pc=0x0000000002e7583b sp=0x0000000002d2a800 mode 2
Event: 18.996 Thread 0x0000000002d3b000 Uncommon trap: trap_request=0xffffffde fr.pc=0x000000000416b658
Event: 18.996 Thread 0x0000000002d3b000 DEOPT PACKING pc=0x000000000416b658 sp=0x0000000002d2aa20
Event: 18.996 Thread 0x0000000002d3b000 DEOPT UNPACKING pc=0x0000000002e7583b sp=0x0000000002d2a800 mode 2
Event: 18.996 Thread 0x0000000002d3b000 Uncommon trap: trap_request=0xffffffde fr.pc=0x000000000416b658
Event: 18.996 Thread 0x0000000002d3b000 DEOPT PACKING pc=0x000000000416b658 sp=0x0000000002d2b630
Event: 18.996 Thread 0x0000000002d3b000 DEOPT UNPACKING pc=0x0000000002e7583b sp=0x0000000002d2b410 mode 2


Dynamic libraries:
0x00007ff66b4d0000 - 0x00007ff66b507000 	C:\Program Files\Java\jdk1.8.0_251\jre\bin\java.exe
0x00007ff89f560000 - 0x00007ff89f750000 	C:\Windows\SYSTEM32\ntdll.dll
0x00007ff89efd0000 - 0x00007ff89f082000 	C:\Windows\System32\KERNEL32.DLL
0x00007ff89c890000 - 0x00007ff89cb34000 	C:\Windows\System32\KERNELBASE.dll
0x00007ff89f1b0000 - 0x00007ff89f253000 	C:\Windows\System32\ADVAPI32.dll
0x00007ff89f420000 - 0x00007ff89f4be000 	C:\Windows\System32\msvcrt.dll
0x00007ff89de10000 - 0x00007ff89dea7000 	C:\Windows\System32\sechost.dll
0x00007ff89eeb0000 - 0x00007ff89efd0000 	C:\Windows\System32\RPCRT4.dll
0x00007ff89dc60000 - 0x00007ff89ddf4000 	C:\Windows\System32\USER32.dll
0x00007ff89d5e0000 - 0x00007ff89d601000 	C:\Windows\System32\win32u.dll
0x00007ff89f170000 - 0x00007ff89f196000 	C:\Windows\System32\GDI32.dll
0x00007ff89d2f0000 - 0x00007ff89d485000 	C:\Windows\System32\gdi32full.dll
0x00007ff89c7f0000 - 0x00007ff89c88e000 	C:\Windows\System32\msvcp_win.dll
0x00007ff89c4f0000 - 0x00007ff89c5ea000 	C:\Windows\System32\ucrtbase.dll
0x00007ff888950000 - 0x00007ff888bd4000 	C:\Windows\WinSxS\amd64_microsoft.windows.common-controls_6595b64144ccf1df_6.0.18362.900_none_e6beb9d913147d17\COMCTL32.dll
0x00007ff89e000000 - 0x00007ff89e335000 	C:\Windows\System32\combase.dll
0x00007ff89c770000 - 0x00007ff89c7f0000 	C:\Windows\System32\bcryptPrimitives.dll
0x00007ff89e340000 - 0x00007ff89e36e000 	C:\Windows\System32\IMM32.DLL
0x000000005d5d0000 - 0x000000005d6a2000 	C:\Program Files\Java\jdk1.8.0_251\jre\bin\msvcr100.dll
0x000000005c060000 - 0x000000005c90b000 	C:\Program Files\Java\jdk1.8.0_251\jre\bin\server\jvm.dll
0x00007ff89f100000 - 0x00007ff89f108000 	C:\Windows\System32\PSAPI.DLL
0x00007ff8972b0000 - 0x00007ff8972b9000 	C:\Windows\SYSTEM32\WSOCK32.dll
0x00007ff89f090000 - 0x00007ff89f0ff000 	C:\Windows\System32\WS2_32.dll
0x00007ff89a200000 - 0x00007ff89a224000 	C:\Windows\SYSTEM32\WINMM.dll
0x00007ff88e000000 - 0x00007ff88e00a000 	C:\Windows\SYSTEM32\VERSION.dll
0x00007ff89a1d0000 - 0x00007ff89a1fd000 	C:\Windows\SYSTEM32\WINMMBASE.dll
0x00007ff89c6c0000 - 0x00007ff89c70a000 	C:\Windows\System32\cfgmgr32.dll
0x00007ff8873f0000 - 0x00007ff8873ff000 	C:\Program Files\Java\jdk1.8.0_251\jre\bin\verify.dll
0x00007ff87bfa0000 - 0x00007ff87bfc9000 	C:\Program Files\Java\jdk1.8.0_251\jre\bin\java.dll
0x00007ff8811e0000 - 0x00007ff8811f6000 	C:\Program Files\Java\jdk1.8.0_251\jre\bin\zip.dll
0x00007ff89e4b0000 - 0x00007ff89eb96000 	C:\Windows\System32\SHELL32.dll
0x00007ff89f260000 - 0x00007ff89f309000 	C:\Windows\System32\shcore.dll
0x00007ff89cb40000 - 0x00007ff89d2c0000 	C:\Windows\System32\windows.storage.dll
0x00007ff89c4c0000 - 0x00007ff89c4e3000 	C:\Windows\System32\profapi.dll
0x00007ff89c450000 - 0x00007ff89c49a000 	C:\Windows\System32\powrprof.dll
0x00007ff89c420000 - 0x00007ff89c430000 	C:\Windows\System32\UMPDC.dll
0x00007ff89f4c0000 - 0x00007ff89f512000 	C:\Windows\System32\shlwapi.dll
0x00007ff89c430000 - 0x00007ff89c441000 	C:\Windows\System32\kernel.appcore.dll
0x00007ff89c5f0000 - 0x00007ff89c607000 	C:\Windows\System32\cryptsp.dll
0x00007ff880ec0000 - 0x00007ff880eda000 	C:\Program Files\Java\jdk1.8.0_251\jre\bin\net.dll
0x00007ff89bbe0000 - 0x00007ff89bc47000 	C:\Windows\system32\mswsock.dll
0x00007ff880e00000 - 0x00007ff880e12000 	C:\Program Files\Java\jdk1.8.0_251\jre\bin\nio.dll

VM Arguments:
java_command: org.jetbrains.kotlin.cli.jvm.K2JVMCompiler -Xallow-no-source-files -classpath E:\Android_Stadio_Rep\Kotlin\Movotlin\Domain\build\intermediates\compile_only_not_namespaced_r_class_jar\demoDebug\R.jar;C:\Users\Omid\.gradle\caches\transforms-2\files-2.1\51ff8439da92d3d1d532f0e6960ab2ac\jetified-kotlin-android-extensions-runtime-1.3.72.jar;C:\Users\Omid\.gradle\caches\transforms-2\files-2.1\b7d4c5e76931f44fcd43f1c5982ef0f9\jetified-core-ktx-1.3.0-api.jar;C:\Users\Omid\.gradle\caches\transforms-2\files-2.1\ba60e673d2ef4f331ee07d5bd6441d88\jetified-paging-runtime-ktx-3.0.0-alpha03-api.jar;C:\Users\Omid\.gradle\caches\transforms-2\files-2.1\f0505561924f51c34487117f24691942\paging-runtime-3.0.0-alpha03-api.jar;C:\Users\Omid\.gradle\caches\transforms-2\files-2.1\08bca22d578eab6f00498fa537e298a3\jetified-paging-rxjava2-ktx-3.0.0-alpha03-api.jar;C:\Users\Omid\.gradle\caches\transforms-2\files-2.1\19da06ffc2a197a4dafc26bea365baec\paging-rxjava2-3.0.0-alpha03-api.jar;C:\Users\Omid\.gradle\caches\transforms-2\files-2.1\3224a0e78f1759db86aba3455b3279cf\jetified-paging-common-ktx-3.0.0-alpha03.jar;C:\Users\Omid\.gradle\caches\modules-2\files-2.1\androidx.paging\paging-common\3.0.0-alpha03\7aa04f97472b98f94719c77c26fee22a6d9f9492\paging-common-3.0.0-alpha03.jar;C:\Users\Omid\.gradle\caches\transforms-2\files-2.1\738555ed62a938ac1bebe29315585a9a\jetified-lifecycle-runtime-ktx-2.2.0-api.jar;C:\Users\Omid\.gradle\caches\transforms-2\files-2.1\91bff67b1f5cb011406a6550df13e37f\jetified-lifecycle-livedata-ktx-2.2.0-api.jar;C:\Users\Omid\.gradle\caches\transforms-2\files-2.1\b18fda8043d42ef18e018a8f820ae478\jetified-kotlinx-coroutines-android-1.3.4.jar;C:\Users\Omid\.gradle\caches\transforms-2\files-2.1\d668d4d4c10cbea1a0bc584f735ac37a\jetified-kotlinx-coroutines-core-1.3.4.jar;C:\Users\Omid\.gradle\caches\transforms-2\files-2.1\badfb3b14bab7addc7c50e8440e96191\jetified-lifecycle-livedata-core-ktx-2.2.0-api.jar;C:\Users\Omid\.gradle\caches\transforms-2\files-2.1\393bfda221f
java_class_path (initial): C:\Users\Omid\.gradle\caches\modules-2\files-2.1\org.jetbrains.kotlin\kotlin-compiler-embeddable\1.3.72\fb72232c8fa977d5e07d33c43381ddbdc5edab6\kotlin-compiler-embeddable-1.3.72.jar;C:\Users\Omid\.gradle\caches\modules-2\files-2.1\org.jetbrains.kotlin\kotlin-reflect\1.3.72\86613e1a669a701b0c660bfd2af4f82a7ae11fca\kotlin-reflect-1.3.72.jar;C:\Users\Omid\.gradle\caches\modules-2\files-2.1\org.jetbrains.kotlin\kotlin-stdlib\1.3.72\8032138f12c0180bc4e51fe139d4c52b46db6109\kotlin-stdlib-1.3.72.jar;C:\Users\Omid\.gradle\caches\modules-2\files-2.1\org.jetbrains.kotlin\kotlin-script-runtime\1.3.72\657d8d34d91e1964b4439378c09933e840bfe8d5\kotlin-script-runtime-1.3.72.jar;C:\Users\Omid\.gradle\caches\modules-2\files-2.1\org.jetbrains.kotlin\kotlin-daemon-embeddable\1.3.72\53bbaa2816dbf6bdb85f629451b1fcc88f2164d2\kotlin-daemon-embeddable-1.3.72.jar;C:\Users\Omid\.gradle\caches\modules-2\files-2.1\org.jetbrains.intellij.deps\trove4j\1.0.20181211\216c2e14b070f334479d800987affe4054cd563f\trove4j-1.0.20181211.jar;C:\Users\Omid\.gradle\caches\modules-2\files-2.1\org.jetbrains.kotlin\kotlin-stdlib-common\1.3.72\6ca8bee3d88957eaaaef077c41c908c9940492d8\kotlin-stdlib-common-1.3.72.jar;C:\Users\Omid\.gradle\caches\modules-2\files-2.1\org.jetbrains\annotations\13.0\919f0dfe192fb4e063e7dacadee7f8bb9a2672a9\annotations-13.0.jar;C:\Program Files\Java\jdk1.8.0_251\lib\tools.jar
Launcher Type: SUN_STANDARD

Environment Variables:
JAVA_HOME=C:\Program Files\Java\jdk-14.0.1
PATH=C:\Program Files (x86)\Common Files\Oracle\Java\javapath;C:\Windows\system32;C:\Windows;C:\Windows\System32\Wbem;C:\Windows\System32\WindowsPowerShell\v1.0\;C:\Windows\System32\OpenSSH\;C:\Program Files\Java\jdk-14.0.1\bin;F:\Android\android-sdk\platform-tools;F:\Android\android-sdk\tools;C:\Program Files\Git\cmd;D:\FlutterSdk\flutter\bin;C:\Program Files\SourceGear\Common\DiffMerge\;C:\Program Files\Docker\Docker\resources\bin;C:\ProgramData\DockerDesktop\version-bin;C:\Users\Omid\AppData\Local\Microsoft\WindowsApps;
USERNAME=Omid
OS=Windows_NT
PROCESSOR_IDENTIFIER=Intel64 Family 6 Model 58 Stepping 9, GenuineIntel



---------------  S Y S T E M  ---------------

OS: Windows 10.0 , 64 bit Build 18362 (10.0.18362.900)

CPU:total 4 (initial active 4) (2 cores per cpu, 2 threads per core) family 6 model 58 stepping 9, cmov, cx8, fxsr, mmx, sse, sse2, sse3, ssse3, sse4.1, sse4.2, popcnt, avx, aes, clmul, erms, ht, tsc, tscinvbit, tscinv

Memory: 4k page, physical 6174296k(354148k free), swap 25048664k(4352k free)

vm_info: Java HotSpot(TM) 64-Bit Server VM (25.251-b08) for windows-amd64 JRE (1.8.0_251-b08), built on Mar 12 2020 06:31:49 by "" with MS VC++ 10.0 (VS2010)

time: Mon Aug 24 14:38:10 2020
timezone: Iran Daylight Time
elapsed time: 19 seconds (0d 0h 0m 19s)

