#
# There is insufficient memory for the Java Runtime Environment to continue.
# Native memory allocation (malloc) failed to allocate 1416976 bytes for Chunk::new
# Possible reasons:
#   The system is out of physical RAM or swap space
#   The process is running with CompressedOops enabled, and the Java Heap may be blocking the growth of the native heap
# Possible solutions:
#   Reduce memory load on the system
#   Increase physical memory or swap space
#   Check if swap backing store is full
#   Decrease Java heap size (-Xmx/-Xms)
#   Decrease number of Java threads
#   Decrease Java thread stack sizes (-Xss)
#   Set larger code cache with -XX:ReservedCodeCacheSize=
#   JVM is running with Unscaled Compressed Oops mode in which the Java heap is
#     placed in the first 4GB address space. The Java Heap base address is the
#     maximum limit for the native heap growth. Please use -XX:HeapBaseMinAddress
#     to set the Java Heap base and to place the Java Heap above 4GB virtual address.
# This output file may be truncated or incomplete.
#
#  Out of Memory Error (./open/src/hotspot/share/memory/arena.cpp:195), pid=12804, tid=9636
#
# JRE version: Java(TM) SE Runtime Environment (14.0.1+7) (build 14.0.1+7)
# Java VM: Java HotSpot(TM) 64-Bit Server VM (14.0.1+7, mixed mode, sharing, tiered, compressed oops, g1 gc, windows-amd64)
# No core dump will be written. Minidumps are not enabled by default on client versions of Windows
#

---------------  S U M M A R Y ------------

Command Line: --add-opens=java.base/java.util=ALL-UNNAMED --add-opens=java.base/java.lang=ALL-UNNAMED --add-opens=java.base/java.lang.invoke=ALL-UNNAMED --add-opens=java.prefs/java.util.prefs=ALL-UNNAMED -Xmx2048m -Dfile.encoding=windows-1252 -Duser.country=US -Duser.language=en -Duser.variant org.gradle.launcher.daemon.bootstrap.GradleDaemon 6.5

Host: Intel(R) Core(TM) i5-3337U CPU @ 1.80GHz, 4 cores, 5G,  Windows 10 , 64 bit Build 18362 (10.0.18362.900)
Time: Tue Jun 16 11:21:18 2020 Iran Daylight Time elapsed time: 232 seconds (0d 0h 3m 52s)

---------------  T H R E A D  ---------------

Current thread (0x000001653964f800):  JavaThread "C2 CompilerThread0" daemon [_thread_in_native, id=9636, stack(0x000000250ca00000,0x000000250cb00000)]


Current CompileTask:
C2: 232047 17114   !   4       com.sun.tools.javac.jvm.ClassReader::classSigToType (497 bytes)

Stack: [0x000000250ca00000,0x000000250cb00000]
Native frames: (J=compiled Java code, j=interpreted, Vv=VM code, C=native code)
V  [jvm.dll+0x5f840a]
V  [jvm.dll+0x741e4a]
V  [jvm.dll+0x7435ff]
V  [jvm.dll+0x743c43]
V  [jvm.dll+0x20d288]
V  [jvm.dll+0xabb07]
V  [jvm.dll+0xac1fc]
V  [jvm.dll+0x276db4]
V  [jvm.dll+0x50ca4a]
V  [jvm.dll+0x1ee1da]
V  [jvm.dll+0x1e7cfb]
V  [jvm.dll+0x1e4f98]
V  [jvm.dll+0x1779cc]
V  [jvm.dll+0x1f4105]
V  [jvm.dll+0x1f22eb]
V  [jvm.dll+0x706a9d]
V  [jvm.dll+0x6ff8ba]
V  [jvm.dll+0x5f72c6]
C  [ucrtbase.dll+0x20e82]
C  [KERNEL32.DLL+0x17bd4]
C  [ntdll.dll+0x6ce51]


---------------  P R O C E S S  ---------------

Threads class SMR info:
_java_thread_list=0x000001653f302740, length=61, elements={
0x000001651adbc000, 0x0000016539627000, 0x0000016539628800, 0x0000016539645000,
0x0000016539648000, 0x0000016539649000, 0x000001653964f800, 0x0000016539653800,
0x000001653965f800, 0x000001653a098000, 0x000001653a0a8800, 0x000001653b94f800,
0x000001653b6e4000, 0x000001653b2e6000, 0x000001653b221800, 0x000001653bb7c800,
0x000001653b6e2800, 0x000001653b70b800, 0x000001653b67d800, 0x000001653b84b800,
0x000001653b84a800, 0x000001653b849000, 0x000001653b847800, 0x000001653b84c000,
0x000001653b849800, 0x000001653b84d000, 0x000001653b84e000, 0x000001653b848000,
0x000001653dc04800, 0x000001653dc03800, 0x000001653dc06000, 0x000001653dc05000,
0x000001653dc07800, 0x000001653dc03000, 0x000001653c27e000, 0x000001653c82d000,
0x000001653c830000, 0x000001653c833800, 0x000001653c832000, 0x000001653c832800,
0x000001653c82d800, 0x000001653def5800, 0x000001653def8000, 0x000001653def8800,
0x000001653def7000, 0x000001653defd000, 0x000001653defc000, 0x000001653defa800,
0x000001653defb000, 0x000001653defe800, 0x000001653def9800, 0x000001653df00000,
0x000001653df01800, 0x000001653defd800, 0x000001653deff000, 0x000001653c27a800,
0x000001653c27e800, 0x000001653c27c000, 0x000001653c27f800, 0x000001653c27b800,
0x000001653c281000
}

Java Threads: ( => current thread )
  0x000001651adbc000 JavaThread "main" [_thread_blocked, id=6736, stack(0x000000250be00000,0x000000250bf00000)]
  0x0000016539627000 JavaThread "Reference Handler" daemon [_thread_blocked, id=6204, stack(0x000000250c500000,0x000000250c600000)]
  0x0000016539628800 JavaThread "Finalizer" daemon [_thread_blocked, id=15356, stack(0x000000250c600000,0x000000250c700000)]
  0x0000016539645000 JavaThread "Signal Dispatcher" daemon [_thread_blocked, id=13064, stack(0x000000250c700000,0x000000250c800000)]
  0x0000016539648000 JavaThread "Attach Listener" daemon [_thread_blocked, id=14516, stack(0x000000250c800000,0x000000250c900000)]
  0x0000016539649000 JavaThread "Service Thread" daemon [_thread_blocked, id=14856, stack(0x000000250c900000,0x000000250ca00000)]
=>0x000001653964f800 JavaThread "C2 CompilerThread0" daemon [_thread_in_native, id=9636, stack(0x000000250ca00000,0x000000250cb00000)]
  0x0000016539653800 JavaThread "C1 CompilerThread0" daemon [_thread_blocked, id=11236, stack(0x000000250cb00000,0x000000250cc00000)]
  0x000001653965f800 JavaThread "Sweeper thread" daemon [_thread_blocked, id=14680, stack(0x000000250cc00000,0x000000250cd00000)]
  0x000001653a098000 JavaThread "Common-Cleaner" daemon [_thread_blocked, id=11256, stack(0x000000250cd00000,0x000000250ce00000)]
  0x000001653a0a8800 JavaThread "Notification Thread" daemon [_thread_blocked, id=9320, stack(0x000000250ce00000,0x000000250cf00000)]
  0x000001653b94f800 JavaThread "Daemon health stats" [_thread_blocked, id=12940, stack(0x000000250d200000,0x000000250d300000)]
  0x000001653b6e4000 JavaThread "Incoming local TCP Connector on port 6269" [_thread_in_native, id=13980, stack(0x000000250d000000,0x000000250d100000)]
  0x000001653b2e6000 JavaThread "Daemon periodic checks" [_thread_blocked, id=4920, stack(0x000000250d500000,0x000000250d600000)]
  0x000001653b221800 JavaThread "Daemon" [_thread_blocked, id=14020, stack(0x000000250d600000,0x000000250d700000)]
  0x000001653bb7c800 JavaThread "Handler for socket connection from /127.0.0.1:6269 to /127.0.0.1:6270" [_thread_in_native, id=11744, stack(0x000000250d700000,0x000000250d800000)]
  0x000001653b6e2800 JavaThread "Cancel handler" [_thread_blocked, id=1076, stack(0x000000250d800000,0x000000250d900000)]
  0x000001653b70b800 JavaThread "Daemon worker" [_thread_blocked, id=11776, stack(0x000000250d900000,0x000000250da00000)]
  0x000001653b67d800 JavaThread "Asynchronous log dispatcher for DefaultDaemonConnection: socket connection from /127.0.0.1:6269 to /127.0.0.1:6270" [_thread_blocked, id=14276, stack(0x000000250da00000,0x000000250db00000)]
  0x000001653b84b800 JavaThread "Stdin handler" [_thread_blocked, id=8892, stack(0x000000250db00000,0x000000250dc00000)]
  0x000001653b84a800 JavaThread "Thread-8" [_thread_blocked, id=32, stack(0x000000250dc00000,0x000000250dd00000)]
  0x000001653b849000 JavaThread "Cache worker for journal cache (C:\Users\Omid\.gradle\caches\journal-1)" [_thread_blocked, id=13680, stack(0x000000250dd00000,0x000000250de00000)]
  0x000001653b847800 JavaThread "File lock request listener" [_thread_in_native, id=3596, stack(0x000000250de00000,0x000000250df00000)]
  0x000001653b84c000 JavaThread "Cache worker for file hash cache (C:\Users\Omid\.gradle\caches\6.5\fileHashes)" [_thread_blocked, id=13192, stack(0x000000250df00000,0x000000250e000000)]
  0x000001653b849800 JavaThread "Cache worker for file hash cache (E:\Android_Stadio_Rep\Kotlin\Movotlin\.gradle\6.5\fileHashes)" [_thread_blocked, id=4456, stack(0x000000250e300000,0x000000250e400000)]
  0x000001653b84d000 JavaThread "Cache worker for checksums cache (E:\Android_Stadio_Rep\Kotlin\Movotlin\.gradle\checksums)" [_thread_blocked, id=4484, stack(0x000000250e200000,0x000000250e300000)]
  0x000001653b84e000 JavaThread "Cache worker for cache directory md-supplier (C:\Users\Omid\.gradle\caches\6.5\md-supplier)" [_thread_blocked, id=2116, stack(0x000000250e400000,0x000000250e500000)]
  0x000001653b848000 JavaThread "Cache worker for cache directory md-rule (C:\Users\Omid\.gradle\caches\6.5\md-rule)" [_thread_blocked, id=12936, stack(0x000000250e500000,0x000000250e600000)]
  0x000001653dc04800 JavaThread "Cache worker for execution history cache (C:\Users\Omid\.gradle\caches\6.5\executionHistory)" [_thread_blocked, id=13428, stack(0x000000250e600000,0x000000250e700000)]
  0x000001653dc03800 JavaThread "Cache worker for file content cache (C:\Users\Omid\.gradle\caches\6.5\fileContent)" [_thread_blocked, id=15020, stack(0x000000250e900000,0x000000250ea00000)]
  0x000001653dc06000 JavaThread "Build operations" [_thread_blocked, id=580, stack(0x000000250e800000,0x000000250e900000)]
  0x000001653dc05000 JavaThread "Build operations Thread 2" [_thread_blocked, id=10064, stack(0x000000250eb00000,0x000000250ec00000)]
  0x000001653dc07800 JavaThread "Build operations Thread 3" [_thread_blocked, id=9352, stack(0x000000250ec00000,0x000000250ed00000)]
  0x000001653dc03000 JavaThread "Build operations Thread 4" [_thread_blocked, id=13288, stack(0x000000250ed00000,0x000000250ee00000)]
  0x000001653c27e000 JavaThread "Memory manager" [_thread_blocked, id=4120, stack(0x000000250ef00000,0x000000250f000000)]
  0x000001653c82d000 JavaThread "Cache worker for Build Output Cleanup Cache (E:\Android_Stadio_Rep\Kotlin\Movotlin\.gradle\buildOutputCleanup)" [_thread_blocked, id=6844, stack(0x0000002515e00000,0x0000002515f00000)]
  0x000001653c830000 JavaThread "Cache worker for file content cache (E:\Android_Stadio_Rep\Kotlin\Movotlin\.gradle\6.5\fileContent)" [_thread_blocked, id=9300, stack(0x0000002510d00000,0x0000002510e00000)]
  0x000001653c833800 JavaThread "Execution worker for ':'" [_thread_blocked, id=13640, stack(0x0000002515f00000,0x0000002516000000)]
  0x000001653c832000 JavaThread "Execution worker for ':' Thread 2" [_thread_blocked, id=7636, stack(0x0000002516000000,0x0000002516100000)]
  0x000001653c832800 JavaThread "Execution worker for ':' Thread 3" [_thread_blocked, id=3016, stack(0x0000002516100000,0x0000002516200000)]
  0x000001653c82d800 JavaThread "Cache worker for execution history cache (E:\Android_Stadio_Rep\Kotlin\Movotlin\.gradle\6.5\executionHistory)" [_thread_blocked, id=4568, stack(0x0000002516200000,0x0000002516300000)]
  0x000001653def5800 JavaThread "WorkerExecutor Queue Thread 2" [_thread_blocked, id=5312, stack(0x000000250d400000,0x000000250d500000)]
  0x000001653def8000 JavaThread "WorkerExecutor Queue Thread 3" [_thread_blocked, id=14696, stack(0x000000250e700000,0x000000250e800000)]
  0x000001653def8800 JavaThread "WorkerExecutor Queue Thread 4" [_thread_blocked, id=9864, stack(0x000000250ea00000,0x000000250eb00000)]
  0x000001653def7000 JavaThread "pool-2-thread-1" [_thread_blocked, id=11660, stack(0x000000250ee00000,0x000000250ef00000)]
  0x000001653defd000 JavaThread "stderr" [_thread_in_native, id=13592, stack(0x000000250f000000,0x000000250f100000)]
  0x000001653defc000 JavaThread "stderr" [_thread_in_native, id=5016, stack(0x000000250f100000,0x000000250f200000)]
  0x000001653defa800 JavaThread "stderr" [_thread_in_native, id=4992, stack(0x000000250f200000,0x000000250f300000)]
  0x000001653defb000 JavaThread "stderr" [_thread_in_native, id=14256, stack(0x000000250f300000,0x000000250f400000)]
  0x000001653defe800 JavaThread "stdout" [_thread_in_native, id=6032, stack(0x000000250f400000,0x000000250f500000)]
  0x000001653def9800 JavaThread "stdout" [_thread_in_native, id=14920, stack(0x000000250f500000,0x000000250f600000)]
  0x000001653df00000 JavaThread "stdout" [_thread_in_native, id=9716, stack(0x000000250f600000,0x000000250f700000)]
  0x000001653df01800 JavaThread "stdout" [_thread_in_native, id=8572, stack(0x000000250f700000,0x000000250f800000)]
  0x000001653defd800 JavaThread "RMI Scheduler(0)" daemon [_thread_blocked, id=12928, stack(0x000000250f800000,0x000000250f900000)]
  0x000001653deff000 JavaThread "RMI GC Daemon" daemon [_thread_blocked, id=13736, stack(0x000000250fa00000,0x000000250fb00000)]
  0x000001653c27a800 JavaThread "RMI TCP Accept-0" daemon [_thread_in_native, id=6600, stack(0x000000250fb00000,0x000000250fc00000)]
  0x000001653c27e800 JavaThread "RMI Reaper" [_thread_blocked, id=9968, stack(0x000000250fc00000,0x000000250fd00000)]
  0x000001653c27c000 JavaThread "RMI TCP Connection(1)-127.0.0.1" daemon [_thread_in_native, id=11600, stack(0x000000250fd00000,0x000000250fe00000)]
  0x000001653c27f800 JavaThread "ForkJoinPool.commonPool-worker-3" daemon [_thread_blocked, id=4464, stack(0x000000250d300000,0x000000250d400000)]
  0x000001653c27b800 JavaThread "ForkJoinPool.commonPool-worker-5" daemon [_thread_blocked, id=10940, stack(0x000000250f900000,0x000000250fa00000)]
  0x000001653c281000 JavaThread "ForkJoinPool.commonPool-worker-7" daemon [_thread_blocked, id=12632, stack(0x000000250fe00000,0x000000250ff00000)]

Other Threads:
  0x0000016539624800 VMThread "VM Thread" [stack: 0x000000250c400000,0x000000250c500000] [id=10236] _threads_hazard_ptr=0x000001653f302740
  0x000001653a0aa800 WatcherThread [stack: 0x000000250cf00000,0x000000250d000000] [id=14284]
  0x000001651ae00000 GCTaskThread "GC Thread#0" [stack: 0x000000250bf00000,0x000000250c000000] [id=13956]
  0x000001653a6c7800 GCTaskThread "GC Thread#1" [stack: 0x000000250d100000,0x000000250d200000] [id=6984]
  0x000001653ba58800 GCTaskThread "GC Thread#2" [stack: 0x000000250e000000,0x000000250e100000] [id=740]
  0x000001653bfb6000 GCTaskThread "GC Thread#3" [stack: 0x000000250e100000,0x000000250e200000] [id=12844]
  0x000001651ae11800 ConcurrentGCThread "G1 Main Marker" [stack: 0x000000250c000000,0x000000250c100000] [id=11052]
  0x000001651ae13000 ConcurrentGCThread "G1 Conc#0" [stack: 0x000000250c100000,0x000000250c200000] [id=5656]
  0x000001651ae87000 ConcurrentGCThread "G1 Refine#0" [stack: 0x000000250c200000,0x000000250c300000] [id=1252]
  0x000001653ab58800 ConcurrentGCThread "G1 Refine#1" [stack: 0x000000250bb00000,0x000000250bc00000] [id=9788]
  0x000001653cabc800 ConcurrentGCThread "G1 Refine#2" [stack: 0x000000250bc00000,0x000000250bd00000] [id=12148]
  0x000001653fc25800 ConcurrentGCThread "G1 Refine#3" [stack: 0x000000250bd00000,0x000000250be00000] [id=11524]
  0x000001651ae88000 ConcurrentGCThread "G1 Young RemSet Sampling" [stack: 0x000000250c300000,0x000000250c400000] [id=592]

Threads with active compile tasks:
C2 CompilerThread0   233102 17114   !   4       com.sun.tools.javac.jvm.ClassReader::classSigToType (497 bytes)

VM state:at safepoint (normal execution)

VM Mutex/Monitor currently owned by a thread:  ([mutex/lock_event])
[0x000001651adb7c60] Threads_lock - owner thread: 0x0000016539624800

Heap address: 0x0000000080000000, size: 2048 MB, Compressed Oops mode: 32-bit
Narrow klass base: 0x0000000800000000, Narrow klass shift: 3
Compressed class space size: 1073741824 Address: 0x0000000800b30000

Heap:
 garbage-first heap   total 270336K, used 192682K [0x0000000080000000, 0x0000000100000000)
  region size 1024K, 51 young (52224K), 5 survivors (5120K)
 Metaspace       used 108964K, capacity 113137K, committed 113280K, reserved 1146880K
  class space    used 14299K, capacity 15950K, committed 16000K, reserved 1048576K
Heap Regions: E=young(eden), S=young(survivor), O=old, HS=humongous(starts), HC=humongous(continues), CS=collection set, F=free, OA=open archive, CA=closed archive, TAMS=top-at-mark-start (previous, next)
|   0|0x0000000080000000, 0x0000000080100000, 0x0000000080100000|100%| O|  |TAMS 0x0000000080100000, 0x0000000080000000| Untracked 
|   1|0x0000000080100000, 0x0000000080200000, 0x0000000080200000|100%| O|  |TAMS 0x0000000080200000, 0x0000000080100000| Untracked 
|   2|0x0000000080200000, 0x0000000080300000, 0x0000000080300000|100%| O|  |TAMS 0x0000000080300000, 0x0000000080200000| Untracked 
|   3|0x0000000080300000, 0x0000000080400000, 0x0000000080400000|100%|HS|  |TAMS 0x0000000080400000, 0x0000000080300000| Complete 
|   4|0x0000000080400000, 0x0000000080500000, 0x0000000080500000|100%|HC|  |TAMS 0x0000000080500000, 0x0000000080400000| Complete 
|   5|0x0000000080500000, 0x0000000080600000, 0x0000000080600000|100%|HC|  |TAMS 0x0000000080600000, 0x0000000080500000| Complete 
|   6|0x0000000080600000, 0x0000000080700000, 0x0000000080700000|100%| O|  |TAMS 0x0000000080700000, 0x0000000080600000| Untracked 
|   7|0x0000000080700000, 0x0000000080800000, 0x0000000080800000|100%| O|  |TAMS 0x0000000080800000, 0x0000000080700000| Untracked 
|   8|0x0000000080800000, 0x0000000080900000, 0x0000000080900000|100%| O|  |TAMS 0x0000000080900000, 0x0000000080800000| Untracked 
|   9|0x0000000080900000, 0x0000000080a00000, 0x0000000080a00000|100%| O|  |TAMS 0x0000000080a00000, 0x0000000080900000| Untracked 
|  10|0x0000000080a00000, 0x0000000080b00000, 0x0000000080b00000|100%| O|  |TAMS 0x0000000080b00000, 0x0000000080a00000| Untracked 
|  11|0x0000000080b00000, 0x0000000080c00000, 0x0000000080c00000|100%| O|  |TAMS 0x0000000080c00000, 0x0000000080b00000| Untracked 
|  12|0x0000000080c00000, 0x0000000080d00000, 0x0000000080d00000|100%| O|  |TAMS 0x0000000080d00000, 0x0000000080c00000| Untracked 
|  13|0x0000000080d00000, 0x0000000080e00000, 0x0000000080e00000|100%| O|  |TAMS 0x0000000080e00000, 0x0000000080d00000| Untracked 
|  14|0x0000000080e00000, 0x0000000080f00000, 0x0000000080f00000|100%| O|  |TAMS 0x0000000080f00000, 0x0000000080e00000| Untracked 
|  15|0x0000000080f00000, 0x0000000081000000, 0x0000000081000000|100%| O|  |TAMS 0x0000000081000000, 0x0000000080f00000| Untracked 
|  16|0x0000000081000000, 0x0000000081000000, 0x0000000081100000|  0%| F|  |TAMS 0x0000000081000000, 0x0000000081000000| Untracked 
|  17|0x0000000081100000, 0x0000000081200000, 0x0000000081200000|100%| O|  |TAMS 0x0000000081200000, 0x0000000081100000| Untracked 
|  18|0x0000000081200000, 0x0000000081300000, 0x0000000081300000|100%| O|  |TAMS 0x0000000081300000, 0x0000000081200000| Untracked 
|  19|0x0000000081300000, 0x0000000081400000, 0x0000000081400000|100%| O|  |TAMS 0x0000000081400000, 0x0000000081300000| Untracked 
|  20|0x0000000081400000, 0x0000000081500000, 0x0000000081500000|100%|HS|  |TAMS 0x0000000081400000, 0x0000000081400000| Complete 
|  21|0x0000000081500000, 0x0000000081600000, 0x0000000081600000|100%|HC|  |TAMS 0x0000000081500000, 0x0000000081500000| Complete 
|  22|0x0000000081600000, 0x0000000081700000, 0x0000000081700000|100%|HS|  |TAMS 0x0000000081700000, 0x0000000081600000| Complete 
|  23|0x0000000081700000, 0x0000000081800000, 0x0000000081800000|100%|HC|  |TAMS 0x0000000081800000, 0x0000000081700000| Complete 
|  24|0x0000000081800000, 0x0000000081900000, 0x0000000081900000|100%|HC|  |TAMS 0x0000000081900000, 0x0000000081800000| Complete 
|  25|0x0000000081900000, 0x0000000081a00000, 0x0000000081a00000|100%| O|  |TAMS 0x0000000081a00000, 0x0000000081900000| Untracked 
|  26|0x0000000081a00000, 0x0000000081a00000, 0x0000000081b00000|  0%| F|  |TAMS 0x0000000081a00000, 0x0000000081a00000| Untracked 
|  27|0x0000000081b00000, 0x0000000081c00000, 0x0000000081c00000|100%| O|  |TAMS 0x0000000081c00000, 0x0000000081b00000| Untracked 
|  28|0x0000000081c00000, 0x0000000081d00000, 0x0000000081d00000|100%| O|  |TAMS 0x0000000081d00000, 0x0000000081c00000| Untracked 
|  29|0x0000000081d00000, 0x0000000081e00000, 0x0000000081e00000|100%| O|  |TAMS 0x0000000081e00000, 0x0000000081d00000| Untracked 
|  30|0x0000000081e00000, 0x0000000081f00000, 0x0000000081f00000|100%| O|  |TAMS 0x0000000081f00000, 0x0000000081e00000| Untracked 
|  31|0x0000000081f00000, 0x0000000082000000, 0x0000000082000000|100%| O|  |TAMS 0x0000000082000000, 0x0000000081f00000| Untracked 
|  32|0x0000000082000000, 0x0000000082100000, 0x0000000082100000|100%| O|  |TAMS 0x0000000082100000, 0x0000000082000000| Untracked 
|  33|0x0000000082100000, 0x0000000082200000, 0x0000000082200000|100%| O|  |TAMS 0x0000000082200000, 0x0000000082100000| Untracked 
|  34|0x0000000082200000, 0x0000000082200000, 0x0000000082300000|  0%| F|  |TAMS 0x0000000082200000, 0x0000000082200000| Untracked 
|  35|0x0000000082300000, 0x0000000082400000, 0x0000000082400000|100%| O|  |TAMS 0x0000000082400000, 0x0000000082300000| Untracked 
|  36|0x0000000082400000, 0x0000000082500000, 0x0000000082500000|100%| O|  |TAMS 0x0000000082500000, 0x0000000082400000| Untracked 
|  37|0x0000000082500000, 0x0000000082600000, 0x0000000082600000|100%| O|  |TAMS 0x0000000082600000, 0x0000000082500000| Untracked 
|  38|0x0000000082600000, 0x0000000082600000, 0x0000000082700000|  0%| F|  |TAMS 0x0000000082600000, 0x0000000082600000| Untracked 
|  39|0x0000000082700000, 0x0000000082800000, 0x0000000082800000|100%| O|  |TAMS 0x0000000082800000, 0x0000000082700000| Untracked 
|  40|0x0000000082800000, 0x0000000082900000, 0x0000000082900000|100%| O|  |TAMS 0x0000000082900000, 0x0000000082800000| Untracked 
|  41|0x0000000082900000, 0x0000000082a00000, 0x0000000082a00000|100%| O|  |TAMS 0x0000000082a00000, 0x0000000082900000| Untracked 
|  42|0x0000000082a00000, 0x0000000082b00000, 0x0000000082b00000|100%| O|  |TAMS 0x0000000082b00000, 0x0000000082a00000| Untracked 
|  43|0x0000000082b00000, 0x0000000082b00000, 0x0000000082c00000|  0%| F|  |TAMS 0x0000000082b00000, 0x0000000082b00000| Untracked 
|  44|0x0000000082c00000, 0x0000000082d00000, 0x0000000082d00000|100%|HS|  |TAMS 0x0000000082d00000, 0x0000000082c00000| Complete 
|  45|0x0000000082d00000, 0x0000000082e00000, 0x0000000082e00000|100%|HC|  |TAMS 0x0000000082e00000, 0x0000000082d00000| Complete 
|  46|0x0000000082e00000, 0x0000000082f00000, 0x0000000082f00000|100%|HC|  |TAMS 0x0000000082f00000, 0x0000000082e00000| Complete 
|  47|0x0000000082f00000, 0x0000000083000000, 0x0000000083000000|100%|HS|  |TAMS 0x0000000083000000, 0x0000000082f00000| Complete 
|  48|0x0000000083000000, 0x0000000083100000, 0x0000000083100000|100%|HC|  |TAMS 0x0000000083100000, 0x0000000083000000| Complete 
|  49|0x0000000083100000, 0x0000000083200000, 0x0000000083200000|100%| O|  |TAMS 0x0000000083200000, 0x0000000083100000| Untracked 
|  50|0x0000000083200000, 0x0000000083300000, 0x0000000083300000|100%| O|  |TAMS 0x0000000083300000, 0x0000000083200000| Untracked 
|  51|0x0000000083300000, 0x0000000083300000, 0x0000000083400000|  0%| F|  |TAMS 0x0000000083300000, 0x0000000083300000| Untracked 
|  52|0x0000000083400000, 0x0000000083500000, 0x0000000083500000|100%| O|  |TAMS 0x0000000083500000, 0x0000000083400000| Untracked 
|  53|0x0000000083500000, 0x0000000083600000, 0x0000000083600000|100%| O|  |TAMS 0x0000000083600000, 0x0000000083500000| Untracked 
|  54|0x0000000083600000, 0x0000000083700000, 0x0000000083700000|100%| O|  |TAMS 0x0000000083700000, 0x0000000083600000| Untracked 
|  55|0x0000000083700000, 0x0000000083700000, 0x0000000083800000|  0%| F|  |TAMS 0x0000000083700000, 0x0000000083700000| Untracked 
|  56|0x0000000083800000, 0x0000000083900000, 0x0000000083900000|100%| O|  |TAMS 0x0000000083900000, 0x0000000083800000| Untracked 
|  57|0x0000000083900000, 0x0000000083a00000, 0x0000000083a00000|100%| O|  |TAMS 0x0000000083a00000, 0x0000000083900000| Untracked 
|  58|0x0000000083a00000, 0x0000000083b00000, 0x0000000083b00000|100%| O|  |TAMS 0x0000000083b00000, 0x0000000083a00000| Untracked 
|  59|0x0000000083b00000, 0x0000000083c00000, 0x0000000083c00000|100%| O|  |TAMS 0x0000000083c00000, 0x0000000083b00000| Untracked 
|  60|0x0000000083c00000, 0x0000000083d00000, 0x0000000083d00000|100%| O|  |TAMS 0x0000000083d00000, 0x0000000083c00000| Untracked 
|  61|0x0000000083d00000, 0x0000000083e00000, 0x0000000083e00000|100%| O|  |TAMS 0x0000000083e00000, 0x0000000083d00000| Untracked 
|  62|0x0000000083e00000, 0x0000000083f00000, 0x0000000083f00000|100%| O|  |TAMS 0x0000000083f00000, 0x0000000083e00000| Untracked 
|  63|0x0000000083f00000, 0x0000000084000000, 0x0000000084000000|100%| O|  |TAMS 0x0000000084000000, 0x0000000083f00000| Untracked 
|  64|0x0000000084000000, 0x0000000084000000, 0x0000000084100000|  0%| F|  |TAMS 0x0000000084000000, 0x0000000084000000| Untracked 
|  65|0x0000000084100000, 0x0000000084100000, 0x0000000084200000|  0%| F|  |TAMS 0x0000000084100000, 0x0000000084100000| Untracked 
|  66|0x0000000084200000, 0x0000000084300000, 0x0000000084300000|100%| O|  |TAMS 0x0000000084300000, 0x0000000084200000| Untracked 
|  67|0x0000000084300000, 0x0000000084400000, 0x0000000084400000|100%| O|  |TAMS 0x0000000084400000, 0x0000000084300000| Untracked 
|  68|0x0000000084400000, 0x0000000084500000, 0x0000000084500000|100%| O|  |TAMS 0x0000000084500000, 0x0000000084400000| Untracked 
|  69|0x0000000084500000, 0x0000000084600000, 0x0000000084600000|100%| O|  |TAMS 0x0000000084600000, 0x0000000084500000| Untracked 
|  70|0x0000000084600000, 0x0000000084700000, 0x0000000084700000|100%| O|  |TAMS 0x0000000084700000, 0x0000000084600000| Untracked 
|  71|0x0000000084700000, 0x0000000084800000, 0x0000000084800000|100%| O|  |TAMS 0x0000000084800000, 0x0000000084700000| Untracked 
|  72|0x0000000084800000, 0x0000000084900000, 0x0000000084900000|100%| O|  |TAMS 0x0000000084900000, 0x0000000084800000| Untracked 
|  73|0x0000000084900000, 0x0000000084a00000, 0x0000000084a00000|100%| O|  |TAMS 0x0000000084a00000, 0x0000000084900000| Untracked 
|  74|0x0000000084a00000, 0x0000000084b00000, 0x0000000084b00000|100%| O|  |TAMS 0x0000000084b00000, 0x0000000084a00000| Untracked 
|  75|0x0000000084b00000, 0x0000000084c00000, 0x0000000084c00000|100%| O|  |TAMS 0x0000000084c00000, 0x0000000084b00000| Untracked 
|  76|0x0000000084c00000, 0x0000000084c00000, 0x0000000084d00000|  0%| F|  |TAMS 0x0000000084c00000, 0x0000000084c00000| Untracked 
|  77|0x0000000084d00000, 0x0000000084e00000, 0x0000000084e00000|100%| O|  |TAMS 0x0000000084e00000, 0x0000000084d00000| Untracked 
|  78|0x0000000084e00000, 0x0000000084f00000, 0x0000000084f00000|100%| O|  |TAMS 0x0000000084f00000, 0x0000000084e00000| Untracked 
|  79|0x0000000084f00000, 0x0000000085000000, 0x0000000085000000|100%| O|  |TAMS 0x0000000085000000, 0x0000000084f00000| Untracked 
|  80|0x0000000085000000, 0x0000000085100000, 0x0000000085100000|100%| O|  |TAMS 0x0000000085100000, 0x0000000085000000| Untracked 
|  81|0x0000000085100000, 0x0000000085200000, 0x0000000085200000|100%| O|  |TAMS 0x0000000085200000, 0x0000000085100000| Untracked 
|  82|0x0000000085200000, 0x0000000085300000, 0x0000000085300000|100%| O|  |TAMS 0x0000000085300000, 0x0000000085200000| Untracked 
|  83|0x0000000085300000, 0x0000000085400000, 0x0000000085400000|100%| O|  |TAMS 0x0000000085400000, 0x0000000085300000| Untracked 
|  84|0x0000000085400000, 0x0000000085500000, 0x0000000085500000|100%| O|  |TAMS 0x0000000085500000, 0x0000000085400000| Untracked 
|  85|0x0000000085500000, 0x0000000085600000, 0x0000000085600000|100%| O|  |TAMS 0x0000000085600000, 0x0000000085500000| Untracked 
|  86|0x0000000085600000, 0x0000000085700000, 0x0000000085700000|100%| O|  |TAMS 0x0000000085700000, 0x0000000085600000| Untracked 
|  87|0x0000000085700000, 0x0000000085800000, 0x0000000085800000|100%| O|  |TAMS 0x0000000085800000, 0x0000000085700000| Untracked 
|  88|0x0000000085800000, 0x0000000085900000, 0x0000000085900000|100%| O|  |TAMS 0x0000000085900000, 0x0000000085800000| Untracked 
|  89|0x0000000085900000, 0x0000000085a00000, 0x0000000085a00000|100%| O|  |TAMS 0x0000000085a00000, 0x0000000085900000| Untracked 
|  90|0x0000000085a00000, 0x0000000085b00000, 0x0000000085b00000|100%| O|  |TAMS 0x0000000085b00000, 0x0000000085a00000| Untracked 
|  91|0x0000000085b00000, 0x0000000085c00000, 0x0000000085c00000|100%| O|  |TAMS 0x0000000085c00000, 0x0000000085b00000| Untracked 
|  92|0x0000000085c00000, 0x0000000085d00000, 0x0000000085d00000|100%| O|  |TAMS 0x0000000085d00000, 0x0000000085c00000| Untracked 
|  93|0x0000000085d00000, 0x0000000085e00000, 0x0000000085e00000|100%| O|  |TAMS 0x0000000085e00000, 0x0000000085d00000| Untracked 
|  94|0x0000000085e00000, 0x0000000085e00000, 0x0000000085f00000|  0%| F|  |TAMS 0x0000000085e00000, 0x0000000085e00000| Untracked 
|  95|0x0000000085f00000, 0x0000000086000000, 0x0000000086000000|100%| O|  |TAMS 0x0000000086000000, 0x0000000085f00000| Untracked 
|  96|0x0000000086000000, 0x0000000086100000, 0x0000000086100000|100%| O|  |TAMS 0x0000000086100000, 0x0000000086000000| Untracked 
|  97|0x0000000086100000, 0x0000000086200000, 0x0000000086200000|100%| O|  |TAMS 0x0000000086200000, 0x0000000086100000| Untracked 
|  98|0x0000000086200000, 0x0000000086300000, 0x0000000086300000|100%| O|  |TAMS 0x0000000086300000, 0x0000000086200000| Untracked 
|  99|0x0000000086300000, 0x0000000086400000, 0x0000000086400000|100%| O|  |TAMS 0x0000000086400000, 0x0000000086300000| Untracked 
| 100|0x0000000086400000, 0x0000000086500000, 0x0000000086500000|100%| O|  |TAMS 0x0000000086500000, 0x0000000086400000| Untracked 
| 101|0x0000000086500000, 0x0000000086600000, 0x0000000086600000|100%| O|  |TAMS 0x0000000086600000, 0x0000000086500000| Untracked 
| 102|0x0000000086600000, 0x0000000086700000, 0x0000000086700000|100%| O|  |TAMS 0x0000000086700000, 0x0000000086600000| Untracked 
| 103|0x0000000086700000, 0x0000000086800000, 0x0000000086800000|100%| O|  |TAMS 0x0000000086800000, 0x0000000086700000| Untracked 
| 104|0x0000000086800000, 0x0000000086900000, 0x0000000086900000|100%| O|  |TAMS 0x0000000086900000, 0x0000000086800000| Untracked 
| 105|0x0000000086900000, 0x0000000086a00000, 0x0000000086a00000|100%| O|  |TAMS 0x0000000086a00000, 0x0000000086900000| Untracked 
| 106|0x0000000086a00000, 0x0000000086b00000, 0x0000000086b00000|100%| O|  |TAMS 0x0000000086b00000, 0x0000000086a00000| Untracked 
| 107|0x0000000086b00000, 0x0000000086b00000, 0x0000000086c00000|  0%| F|  |TAMS 0x0000000086b00000, 0x0000000086b00000| Untracked 
| 108|0x0000000086c00000, 0x0000000086c00000, 0x0000000086d00000|  0%| F|  |TAMS 0x0000000086c00000, 0x0000000086c00000| Untracked 
| 109|0x0000000086d00000, 0x0000000086e00000, 0x0000000086e00000|100%|HS|  |TAMS 0x0000000086e00000, 0x0000000086d00000| Complete 
| 110|0x0000000086e00000, 0x0000000086f00000, 0x0000000086f00000|100%|HC|  |TAMS 0x0000000086f00000, 0x0000000086e00000| Complete 
| 111|0x0000000086f00000, 0x0000000087000000, 0x0000000087000000|100%| O|  |TAMS 0x0000000087000000, 0x0000000086f00000| Untracked 
| 112|0x0000000087000000, 0x0000000087100000, 0x0000000087100000|100%| O|  |TAMS 0x0000000087100000, 0x0000000087000000| Untracked 
| 113|0x0000000087100000, 0x0000000087200000, 0x0000000087200000|100%| O|  |TAMS 0x0000000087200000, 0x0000000087100000| Untracked 
| 114|0x0000000087200000, 0x0000000087300000, 0x0000000087300000|100%| O|  |TAMS 0x0000000087300000, 0x0000000087200000| Untracked 
| 115|0x0000000087300000, 0x0000000087400000, 0x0000000087400000|100%| O|  |TAMS 0x0000000087400000, 0x0000000087300000| Untracked 
| 116|0x0000000087400000, 0x0000000087500000, 0x0000000087500000|100%| O|  |TAMS 0x0000000087500000, 0x0000000087400000| Untracked 
| 117|0x0000000087500000, 0x0000000087600000, 0x0000000087600000|100%| O|  |TAMS 0x0000000087600000, 0x0000000087500000| Untracked 
| 118|0x0000000087600000, 0x0000000087700000, 0x0000000087700000|100%| O|  |TAMS 0x0000000087700000, 0x0000000087600000| Untracked 
| 119|0x0000000087700000, 0x0000000087800000, 0x0000000087800000|100%| O|  |TAMS 0x0000000087800000, 0x0000000087700000| Untracked 
| 120|0x0000000087800000, 0x0000000087900000, 0x0000000087900000|100%| O|  |TAMS 0x0000000087900000, 0x0000000087800000| Untracked 
| 121|0x0000000087900000, 0x0000000087a00000, 0x0000000087a00000|100%| O|  |TAMS 0x0000000087a00000, 0x0000000087900000| Untracked 
| 122|0x0000000087a00000, 0x0000000087b00000, 0x0000000087b00000|100%| O|  |TAMS 0x0000000087b00000, 0x0000000087a00000| Untracked 
| 123|0x0000000087b00000, 0x0000000087b00000, 0x0000000087c00000|  0%| F|  |TAMS 0x0000000087b00000, 0x0000000087b00000| Untracked 
| 124|0x0000000087c00000, 0x0000000087c00000, 0x0000000087d00000|  0%| F|  |TAMS 0x0000000087c00000, 0x0000000087c00000| Untracked 
| 125|0x0000000087d00000, 0x0000000087e00000, 0x0000000087e00000|100%| O|  |TAMS 0x0000000087e00000, 0x0000000087d00000| Untracked 
| 126|0x0000000087e00000, 0x0000000087f00000, 0x0000000087f00000|100%| O|  |TAMS 0x0000000087f00000, 0x0000000087e00000| Untracked 
| 127|0x0000000087f00000, 0x0000000088000000, 0x0000000088000000|100%| O|  |TAMS 0x0000000088000000, 0x0000000087f00000| Untracked 
| 128|0x0000000088000000, 0x0000000088000000, 0x0000000088100000|  0%| F|  |TAMS 0x0000000088000000, 0x0000000088000000| Untracked 
| 129|0x0000000088100000, 0x0000000088200000, 0x0000000088200000|100%| O|  |TAMS 0x0000000088200000, 0x0000000088100000| Untracked 
| 130|0x0000000088200000, 0x0000000088200000, 0x0000000088300000|  0%| F|  |TAMS 0x0000000088200000, 0x0000000088200000| Untracked 
| 131|0x0000000088300000, 0x0000000088400000, 0x0000000088400000|100%| O|  |TAMS 0x0000000088400000, 0x0000000088300000| Untracked 
| 132|0x0000000088400000, 0x0000000088400000, 0x0000000088500000|  0%| F|  |TAMS 0x0000000088400000, 0x0000000088400000| Untracked 
| 133|0x0000000088500000, 0x0000000088500000, 0x0000000088600000|  0%| F|  |TAMS 0x0000000088500000, 0x0000000088500000| Untracked 
| 134|0x0000000088600000, 0x0000000088600000, 0x0000000088700000|  0%| F|  |TAMS 0x0000000088600000, 0x0000000088600000| Untracked 
| 135|0x0000000088700000, 0x0000000088700000, 0x0000000088800000|  0%| F|  |TAMS 0x0000000088700000, 0x0000000088700000| Untracked 
| 136|0x0000000088800000, 0x0000000088800000, 0x0000000088900000|  0%| F|  |TAMS 0x0000000088800000, 0x0000000088800000| Untracked 
| 137|0x0000000088900000, 0x0000000088a00000, 0x0000000088a00000|100%| O|  |TAMS 0x0000000088a00000, 0x0000000088900000| Untracked 
| 138|0x0000000088a00000, 0x0000000088b00000, 0x0000000088b00000|100%| O|  |TAMS 0x0000000088b00000, 0x0000000088a00000| Untracked 
| 139|0x0000000088b00000, 0x0000000088b00000, 0x0000000088c00000|  0%| F|  |TAMS 0x0000000088b00000, 0x0000000088b00000| Untracked 
| 140|0x0000000088c00000, 0x0000000088c00000, 0x0000000088d00000|  0%| F|  |TAMS 0x0000000088c00000, 0x0000000088c00000| Untracked 
| 141|0x0000000088d00000, 0x0000000088e00000, 0x0000000088e00000|100%| O|  |TAMS 0x0000000088e00000, 0x0000000088d00000| Untracked 
| 142|0x0000000088e00000, 0x0000000088f00000, 0x0000000088f00000|100%| O|  |TAMS 0x0000000088f00000, 0x0000000088e00000| Untracked 
| 143|0x0000000088f00000, 0x0000000089000000, 0x0000000089000000|100%| O|  |TAMS 0x0000000089000000, 0x0000000088f00000| Untracked 
| 144|0x0000000089000000, 0x0000000089100000, 0x0000000089100000|100%| O|  |TAMS 0x0000000089100000, 0x0000000089000000| Untracked 
| 145|0x0000000089100000, 0x0000000089200000, 0x0000000089200000|100%| O|  |TAMS 0x0000000089200000, 0x0000000089100000| Untracked 
| 146|0x0000000089200000, 0x0000000089300000, 0x0000000089300000|100%| O|  |TAMS 0x0000000089300000, 0x0000000089200000| Untracked 
| 147|0x0000000089300000, 0x0000000089400000, 0x0000000089400000|100%| O|  |TAMS 0x0000000089400000, 0x0000000089300000| Untracked 
| 148|0x0000000089400000, 0x0000000089500000, 0x0000000089500000|100%| O|  |TAMS 0x0000000089500000, 0x0000000089400000| Untracked 
| 149|0x0000000089500000, 0x0000000089600000, 0x0000000089600000|100%| O|  |TAMS 0x0000000089600000, 0x0000000089500000| Untracked 
| 150|0x0000000089600000, 0x0000000089700000, 0x0000000089700000|100%| O|  |TAMS 0x0000000089700000, 0x0000000089600000| Untracked 
| 151|0x0000000089700000, 0x0000000089800000, 0x0000000089800000|100%| O|  |TAMS 0x0000000089800000, 0x0000000089700000| Untracked 
| 152|0x0000000089800000, 0x0000000089800000, 0x0000000089900000|  0%| F|  |TAMS 0x0000000089800000, 0x0000000089800000| Untracked 
| 153|0x0000000089900000, 0x0000000089a00000, 0x0000000089a00000|100%| O|  |TAMS 0x0000000089a00000, 0x0000000089900000| Untracked 
| 154|0x0000000089a00000, 0x0000000089b00000, 0x0000000089b00000|100%| O|  |TAMS 0x0000000089b00000, 0x0000000089a00000| Untracked 
| 155|0x0000000089b00000, 0x0000000089c00000, 0x0000000089c00000|100%| O|  |TAMS 0x0000000089c00000, 0x0000000089b00000| Untracked 
| 156|0x0000000089c00000, 0x0000000089d00000, 0x0000000089d00000|100%| O|  |TAMS 0x0000000089d00000, 0x0000000089c00000| Untracked 
| 157|0x0000000089d00000, 0x0000000089e00000, 0x0000000089e00000|100%| O|  |TAMS 0x0000000089e00000, 0x0000000089d00000| Untracked 
| 158|0x0000000089e00000, 0x0000000089f00000, 0x0000000089f00000|100%| O|  |TAMS 0x0000000089f00000, 0x0000000089e00000| Untracked 
| 159|0x0000000089f00000, 0x000000008a000000, 0x000000008a000000|100%| O|  |TAMS 0x000000008a000000, 0x0000000089f00000| Untracked 
| 160|0x000000008a000000, 0x000000008a100000, 0x000000008a100000|100%| O|  |TAMS 0x000000008a100000, 0x000000008a000000| Untracked 
| 161|0x000000008a100000, 0x000000008a200000, 0x000000008a200000|100%| O|  |TAMS 0x000000008a200000, 0x000000008a100000| Untracked 
| 162|0x000000008a200000, 0x000000008a300000, 0x000000008a300000|100%| O|  |TAMS 0x000000008a300000, 0x000000008a200000| Untracked 
| 163|0x000000008a300000, 0x000000008a32aa00, 0x000000008a400000| 16%| O|  |TAMS 0x000000008a32aa00, 0x000000008a300000| Untracked 
| 164|0x000000008a400000, 0x000000008a400000, 0x000000008a500000|  0%| F|  |TAMS 0x000000008a400000, 0x000000008a400000| Untracked 
| 165|0x000000008a500000, 0x000000008a500000, 0x000000008a600000|  0%| F|  |TAMS 0x000000008a500000, 0x000000008a500000| Untracked 
| 166|0x000000008a600000, 0x000000008a600000, 0x000000008a700000|  0%| F|  |TAMS 0x000000008a600000, 0x000000008a600000| Untracked 
| 167|0x000000008a700000, 0x000000008a700000, 0x000000008a800000|  0%| F|  |TAMS 0x000000008a700000, 0x000000008a700000| Untracked 
| 168|0x000000008a800000, 0x000000008a800000, 0x000000008a900000|  0%| F|  |TAMS 0x000000008a800000, 0x000000008a800000| Untracked 
| 169|0x000000008a900000, 0x000000008a900000, 0x000000008aa00000|  0%| F|  |TAMS 0x000000008a900000, 0x000000008a900000| Untracked 
| 170|0x000000008aa00000, 0x000000008aa00000, 0x000000008ab00000|  0%| F|  |TAMS 0x000000008aa00000, 0x000000008aa00000| Untracked 
| 171|0x000000008ab00000, 0x000000008ab00000, 0x000000008ac00000|  0%| F|  |TAMS 0x000000008ab00000, 0x000000008ab00000| Untracked 
| 172|0x000000008ac00000, 0x000000008ac00000, 0x000000008ad00000|  0%| F|  |TAMS 0x000000008ac00000, 0x000000008ac00000| Untracked 
| 173|0x000000008ad00000, 0x000000008ad00000, 0x000000008ae00000|  0%| F|  |TAMS 0x000000008ad00000, 0x000000008ad00000| Untracked 
| 174|0x000000008ae00000, 0x000000008ae00000, 0x000000008af00000|  0%| F|  |TAMS 0x000000008ae00000, 0x000000008ae00000| Untracked 
| 175|0x000000008af00000, 0x000000008af00000, 0x000000008b000000|  0%| F|  |TAMS 0x000000008af00000, 0x000000008af00000| Untracked 
| 176|0x000000008b000000, 0x000000008b000000, 0x000000008b100000|  0%| F|  |TAMS 0x000000008b000000, 0x000000008b000000| Untracked 
| 177|0x000000008b100000, 0x000000008b100000, 0x000000008b200000|  0%| F|  |TAMS 0x000000008b100000, 0x000000008b100000| Untracked 
| 178|0x000000008b200000, 0x000000008b200000, 0x000000008b300000|  0%| F|  |TAMS 0x000000008b200000, 0x000000008b200000| Untracked 
| 179|0x000000008b300000, 0x000000008b300000, 0x000000008b400000|  0%| F|  |TAMS 0x000000008b300000, 0x000000008b300000| Untracked 
| 180|0x000000008b400000, 0x000000008b400000, 0x000000008b500000|  0%| F|  |TAMS 0x000000008b400000, 0x000000008b400000| Untracked 
| 181|0x000000008b500000, 0x000000008b500000, 0x000000008b600000|  0%| F|  |TAMS 0x000000008b500000, 0x000000008b500000| Untracked 
| 182|0x000000008b600000, 0x000000008b600000, 0x000000008b700000|  0%| F|  |TAMS 0x000000008b600000, 0x000000008b600000| Untracked 
| 183|0x000000008b700000, 0x000000008b700000, 0x000000008b800000|  0%| F|  |TAMS 0x000000008b700000, 0x000000008b700000| Untracked 
| 184|0x000000008b800000, 0x000000008b800000, 0x000000008b900000|  0%| F|  |TAMS 0x000000008b800000, 0x000000008b800000| Untracked 
| 185|0x000000008b900000, 0x000000008b900000, 0x000000008ba00000|  0%| F|  |TAMS 0x000000008b900000, 0x000000008b900000| Untracked 
| 186|0x000000008ba00000, 0x000000008ba00000, 0x000000008bb00000|  0%| F|  |TAMS 0x000000008ba00000, 0x000000008ba00000| Untracked 
| 187|0x000000008bb00000, 0x000000008bb00000, 0x000000008bc00000|  0%| F|  |TAMS 0x000000008bb00000, 0x000000008bb00000| Untracked 
| 188|0x000000008bc00000, 0x000000008bc00000, 0x000000008bd00000|  0%| F|  |TAMS 0x000000008bc00000, 0x000000008bc00000| Untracked 
| 189|0x000000008bd00000, 0x000000008bd00000, 0x000000008be00000|  0%| F|  |TAMS 0x000000008bd00000, 0x000000008bd00000| Untracked 
| 190|0x000000008be00000, 0x000000008be00000, 0x000000008bf00000|  0%| F|  |TAMS 0x000000008be00000, 0x000000008be00000| Untracked 
| 191|0x000000008bf00000, 0x000000008bf00000, 0x000000008c000000|  0%| F|  |TAMS 0x000000008bf00000, 0x000000008bf00000| Untracked 
| 192|0x000000008c000000, 0x000000008c000000, 0x000000008c100000|  0%| F|  |TAMS 0x000000008c000000, 0x000000008c000000| Untracked 
| 193|0x000000008c100000, 0x000000008c100000, 0x000000008c200000|  0%| F|  |TAMS 0x000000008c100000, 0x000000008c100000| Untracked 
| 194|0x000000008c200000, 0x000000008c200000, 0x000000008c300000|  0%| F|  |TAMS 0x000000008c200000, 0x000000008c200000| Untracked 
| 195|0x000000008c300000, 0x000000008c300000, 0x000000008c400000|  0%| F|  |TAMS 0x000000008c300000, 0x000000008c300000| Untracked 
| 196|0x000000008c400000, 0x000000008c400000, 0x000000008c500000|  0%| F|  |TAMS 0x000000008c400000, 0x000000008c400000| Untracked 
| 197|0x000000008c500000, 0x000000008c500000, 0x000000008c600000|  0%| F|  |TAMS 0x000000008c500000, 0x000000008c500000| Untracked 
| 198|0x000000008c600000, 0x000000008c600000, 0x000000008c700000|  0%| F|  |TAMS 0x000000008c600000, 0x000000008c600000| Untracked 
| 199|0x000000008c700000, 0x000000008c700000, 0x000000008c800000|  0%| F|  |TAMS 0x000000008c700000, 0x000000008c700000| Untracked 
| 200|0x000000008c800000, 0x000000008c800000, 0x000000008c900000|  0%| F|  |TAMS 0x000000008c800000, 0x000000008c800000| Untracked 
| 201|0x000000008c900000, 0x000000008c900000, 0x000000008ca00000|  0%| F|  |TAMS 0x000000008c900000, 0x000000008c900000| Untracked 
| 202|0x000000008ca00000, 0x000000008ca00000, 0x000000008cb00000|  0%| F|  |TAMS 0x000000008ca00000, 0x000000008ca00000| Untracked 
| 203|0x000000008cb00000, 0x000000008cb00000, 0x000000008cc00000|  0%| F|  |TAMS 0x000000008cb00000, 0x000000008cb00000| Untracked 
| 204|0x000000008cc00000, 0x000000008cc00000, 0x000000008cd00000|  0%| F|  |TAMS 0x000000008cc00000, 0x000000008cc00000| Untracked 
| 205|0x000000008cd00000, 0x000000008cd00000, 0x000000008ce00000|  0%| F|  |TAMS 0x000000008cd00000, 0x000000008cd00000| Untracked 
| 206|0x000000008ce00000, 0x000000008ce00000, 0x000000008cf00000|  0%| F|  |TAMS 0x000000008ce00000, 0x000000008ce00000| Untracked 
| 207|0x000000008cf00000, 0x000000008cf00000, 0x000000008d000000|  0%| F|  |TAMS 0x000000008cf00000, 0x000000008cf00000| Untracked 
| 208|0x000000008d000000, 0x000000008d000000, 0x000000008d100000|  0%| F|  |TAMS 0x000000008d000000, 0x000000008d000000| Untracked 
| 209|0x000000008d100000, 0x000000008d100000, 0x000000008d200000|  0%| F|  |TAMS 0x000000008d100000, 0x000000008d100000| Untracked 
| 210|0x000000008d200000, 0x000000008d200000, 0x000000008d300000|  0%| F|  |TAMS 0x000000008d200000, 0x000000008d200000| Untracked 
| 211|0x000000008d300000, 0x000000008d300000, 0x000000008d400000|  0%| F|  |TAMS 0x000000008d300000, 0x000000008d300000| Untracked 
| 212|0x000000008d400000, 0x000000008d400000, 0x000000008d500000|  0%| F|  |TAMS 0x000000008d400000, 0x000000008d400000| Untracked 
| 213|0x000000008d500000, 0x000000008d5480e0, 0x000000008d600000| 28%| E|  |TAMS 0x000000008d500000, 0x000000008d500000| Complete 
| 214|0x000000008d600000, 0x000000008d700000, 0x000000008d700000|100%| E|CS|TAMS 0x000000008d600000, 0x000000008d600000| Complete 
| 215|0x000000008d700000, 0x000000008d800000, 0x000000008d800000|100%| E|CS|TAMS 0x000000008d700000, 0x000000008d700000| Complete 
| 216|0x000000008d800000, 0x000000008d900000, 0x000000008d900000|100%| E|CS|TAMS 0x000000008d800000, 0x000000008d800000| Complete 
| 217|0x000000008d900000, 0x000000008da00000, 0x000000008da00000|100%| E|CS|TAMS 0x000000008d900000, 0x000000008d900000| Complete 
| 218|0x000000008da00000, 0x000000008db00000, 0x000000008db00000|100%| E|CS|TAMS 0x000000008da00000, 0x000000008da00000| Complete 
| 219|0x000000008db00000, 0x000000008dc00000, 0x000000008dc00000|100%| E|CS|TAMS 0x000000008db00000, 0x000000008db00000| Complete 
| 220|0x000000008dc00000, 0x000000008dd00000, 0x000000008dd00000|100%| E|CS|TAMS 0x000000008dc00000, 0x000000008dc00000| Complete 
| 221|0x000000008dd00000, 0x000000008de00000, 0x000000008de00000|100%| E|CS|TAMS 0x000000008dd00000, 0x000000008dd00000| Complete 
| 222|0x000000008de00000, 0x000000008df00000, 0x000000008df00000|100%| S|CS|TAMS 0x000000008de00000, 0x000000008de00000| Complete 
| 223|0x000000008df00000, 0x000000008e000000, 0x000000008e000000|100%| S|CS|TAMS 0x000000008df00000, 0x000000008df00000| Complete 
| 224|0x000000008e000000, 0x000000008e100000, 0x000000008e100000|100%| S|CS|TAMS 0x000000008e000000, 0x000000008e000000| Complete 
| 225|0x000000008e100000, 0x000000008e200000, 0x000000008e200000|100%| S|CS|TAMS 0x000000008e100000, 0x000000008e100000| Complete 
| 226|0x000000008e200000, 0x000000008e300000, 0x000000008e300000|100%| S|CS|TAMS 0x000000008e200000, 0x000000008e200000| Complete 
| 227|0x000000008e300000, 0x000000008e400000, 0x000000008e400000|100%| E|CS|TAMS 0x000000008e300000, 0x000000008e300000| Complete 
| 228|0x000000008e400000, 0x000000008e500000, 0x000000008e500000|100%| E|CS|TAMS 0x000000008e400000, 0x000000008e400000| Complete 
| 229|0x000000008e500000, 0x000000008e600000, 0x000000008e600000|100%| E|CS|TAMS 0x000000008e500000, 0x000000008e500000| Complete 
| 230|0x000000008e600000, 0x000000008e700000, 0x000000008e700000|100%| E|CS|TAMS 0x000000008e600000, 0x000000008e600000| Complete 
| 231|0x000000008e700000, 0x000000008e800000, 0x000000008e800000|100%| E|CS|TAMS 0x000000008e700000, 0x000000008e700000| Complete 
| 232|0x000000008e800000, 0x000000008e900000, 0x000000008e900000|100%| E|CS|TAMS 0x000000008e800000, 0x000000008e800000| Complete 
| 233|0x000000008e900000, 0x000000008ea00000, 0x000000008ea00000|100%| E|CS|TAMS 0x000000008e900000, 0x000000008e900000| Complete 
| 234|0x000000008ea00000, 0x000000008eb00000, 0x000000008eb00000|100%| E|CS|TAMS 0x000000008ea00000, 0x000000008ea00000| Complete 
| 235|0x000000008eb00000, 0x000000008ec00000, 0x000000008ec00000|100%| E|CS|TAMS 0x000000008eb00000, 0x000000008eb00000| Complete 
| 236|0x000000008ec00000, 0x000000008ed00000, 0x000000008ed00000|100%| E|CS|TAMS 0x000000008ec00000, 0x000000008ec00000| Complete 
| 237|0x000000008ed00000, 0x000000008ee00000, 0x000000008ee00000|100%| E|CS|TAMS 0x000000008ed00000, 0x000000008ed00000| Complete 
| 238|0x000000008ee00000, 0x000000008ef00000, 0x000000008ef00000|100%| E|CS|TAMS 0x000000008ee00000, 0x000000008ee00000| Complete 
| 239|0x000000008ef00000, 0x000000008f000000, 0x000000008f000000|100%| E|CS|TAMS 0x000000008ef00000, 0x000000008ef00000| Complete 
| 240|0x000000008f000000, 0x000000008f100000, 0x000000008f100000|100%| E|CS|TAMS 0x000000008f000000, 0x000000008f000000| Complete 
| 241|0x000000008f100000, 0x000000008f200000, 0x000000008f200000|100%| E|CS|TAMS 0x000000008f100000, 0x000000008f100000| Complete 
| 242|0x000000008f200000, 0x000000008f300000, 0x000000008f300000|100%| E|CS|TAMS 0x000000008f200000, 0x000000008f200000| Complete 
| 243|0x000000008f300000, 0x000000008f400000, 0x000000008f400000|100%| E|CS|TAMS 0x000000008f300000, 0x000000008f300000| Complete 
| 244|0x000000008f400000, 0x000000008f500000, 0x000000008f500000|100%| E|CS|TAMS 0x000000008f400000, 0x000000008f400000| Complete 
| 245|0x000000008f500000, 0x000000008f600000, 0x000000008f600000|100%| E|CS|TAMS 0x000000008f500000, 0x000000008f500000| Complete 
| 246|0x000000008f600000, 0x000000008f700000, 0x000000008f700000|100%| E|CS|TAMS 0x000000008f600000, 0x000000008f600000| Complete 
| 247|0x000000008f700000, 0x000000008f800000, 0x000000008f800000|100%| E|CS|TAMS 0x000000008f700000, 0x000000008f700000| Complete 
| 248|0x000000008f800000, 0x000000008f900000, 0x000000008f900000|100%| E|CS|TAMS 0x000000008f800000, 0x000000008f800000| Complete 
| 249|0x000000008f900000, 0x000000008fa00000, 0x000000008fa00000|100%| E|CS|TAMS 0x000000008f900000, 0x000000008f900000| Complete 
| 250|0x000000008fa00000, 0x000000008fb00000, 0x000000008fb00000|100%| E|CS|TAMS 0x000000008fa00000, 0x000000008fa00000| Complete 
| 251|0x000000008fb00000, 0x000000008fc00000, 0x000000008fc00000|100%| E|CS|TAMS 0x000000008fb00000, 0x000000008fb00000| Complete 
| 252|0x000000008fc00000, 0x000000008fd00000, 0x000000008fd00000|100%| E|CS|TAMS 0x000000008fc00000, 0x000000008fc00000| Complete 
| 253|0x000000008fd00000, 0x000000008fe00000, 0x000000008fe00000|100%| E|CS|TAMS 0x000000008fd00000, 0x000000008fd00000| Complete 
| 254|0x000000008fe00000, 0x000000008ff00000, 0x000000008ff00000|100%| E|CS|TAMS 0x000000008fe00000, 0x000000008fe00000| Complete 
| 255|0x000000008ff00000, 0x0000000090000000, 0x0000000090000000|100%| E|CS|TAMS 0x000000008ff00000, 0x000000008ff00000| Complete 
| 256|0x0000000090000000, 0x0000000090100000, 0x0000000090100000|100%| E|CS|TAMS 0x0000000090000000, 0x0000000090000000| Complete 
| 257|0x0000000090100000, 0x0000000090200000, 0x0000000090200000|100%| E|CS|TAMS 0x0000000090100000, 0x0000000090100000| Complete 
| 258|0x0000000090200000, 0x0000000090300000, 0x0000000090300000|100%| E|CS|TAMS 0x0000000090200000, 0x0000000090200000| Complete 
| 259|0x0000000090300000, 0x0000000090400000, 0x0000000090400000|100%| E|CS|TAMS 0x0000000090300000, 0x0000000090300000| Complete 
| 260|0x0000000090400000, 0x0000000090500000, 0x0000000090500000|100%| E|CS|TAMS 0x0000000090400000, 0x0000000090400000| Complete 
| 261|0x0000000090500000, 0x0000000090600000, 0x0000000090600000|100%| E|CS|TAMS 0x0000000090500000, 0x0000000090500000| Complete 
| 262|0x0000000090600000, 0x0000000090700000, 0x0000000090700000|100%| E|CS|TAMS 0x0000000090600000, 0x0000000090600000| Complete 
| 263|0x0000000090700000, 0x0000000090800000, 0x0000000090800000|100%| E|CS|TAMS 0x0000000090700000, 0x0000000090700000| Complete 

Card table byte_map: [0x0000016532960000,0x0000016532d60000] _byte_map_base: 0x0000016532560000

Marking Bits (Prev, Next): (CMBitMap*) 0x000001651ae008e8, (CMBitMap*) 0x000001651ae00928
 Prev Bits: [0x0000016533160000, 0x0000016535160000)
 Next Bits: [0x0000016535160000, 0x0000016537160000)

Polling page: 0x000001651a590000

Metaspace:

Usage:
  Non-class:     94.91 MB capacity,    92.45 MB ( 97%) used,     2.12 MB (  2%) free+waste,   347.94 KB ( <1%) overhead. 
      Class:     15.58 MB capacity,    13.96 MB ( 90%) used,     1.44 MB (  9%) free+waste,   171.81 KB (  1%) overhead. 
       Both:    110.49 MB capacity,   106.41 MB ( 96%) used,     3.57 MB (  3%) free+waste,   519.75 KB ( <1%) overhead. 

Virtual space:
  Non-class space:       96.00 MB reserved,      95.00 MB ( 99%) committed 
      Class space:        1.00 GB reserved,      15.63 MB (  2%) committed 
             Both:        1.09 GB reserved,     110.63 MB ( 10%) committed 

Chunk freelists:
   Non-Class:  29.00 KB
       Class:  18.00 KB
        Both:  47.00 KB

MaxMetaspaceSize: 17179869184.00 GB
CompressedClassSpaceSize: 1.00 GB

CodeHeap 'non-profiled nmethods': size=120000Kb used=9334Kb max_used=9334Kb free=110665Kb
 bounds [0x000001652b030000, 0x000001652b950000, 0x0000016532560000]
CodeHeap 'profiled nmethods': size=120000Kb used=31365Kb max_used=31365Kb free=88634Kb
 bounds [0x0000016523b00000, 0x00000165259b0000, 0x000001652b030000]
CodeHeap 'non-nmethods': size=5760Kb used=2473Kb max_used=2516Kb free=3286Kb
 bounds [0x0000016523560000, 0x00000165237e0000, 0x0000016523b00000]
 total_blobs=22764 nmethods=15048 adapters=888
 compilation: enabled
              stopped_count=0, restarted_count=0
 full_count=0

Compilation events (20 events):
Event: 231.890 Thread 0x0000016539653800 17133       1       com.android.tools.r8.graph.f::i (5 bytes)
Event: 231.890 Thread 0x0000016539653800 nmethod 17133 0x000001652b93d310 code [0x000001652b93d4a0, 0x000001652b93d578]
Event: 231.932 Thread 0x0000016539653800 17134       2       com.sun.tools.javac.util.Name::toString (16 bytes)
Event: 231.933 Thread 0x0000016539653800 nmethod 17134 0x0000016525966e10 code [0x0000016525967000, 0x0000016525967378]
Event: 231.933 Thread 0x0000016539653800 17135       2       com.sun.tools.javac.util.Convert::utf2string (26 bytes)
Event: 231.933 Thread 0x0000016539653800 nmethod 17135 0x0000016525967590 code [0x0000016525967740, 0x00000165259679e8]
Event: 231.933 Thread 0x0000016539653800 17136       2       com.sun.tools.javac.jvm.ClassReader::adjustClassFlags (28 bytes)
Event: 231.933 Thread 0x0000016539653800 nmethod 17136 0x0000016525967b90 code [0x0000016525967d20, 0x0000016525967e78]
Event: 231.935 Thread 0x0000016539653800 17138       2       kotlin.jvm.internal.Intrinsics::checkExpressionValueIsNotNull (38 bytes)
Event: 231.936 Thread 0x0000016539653800 nmethod 17138 0x0000016525967f10 code [0x0000016525968120, 0x00000165259685f8]
Event: 231.980 Thread 0x0000016539653800 17140       2       com.android.tools.r8.u.b.p::hasNext (10 bytes)
Event: 231.980 Thread 0x0000016539653800 nmethod 17140 0x0000016525968890 code [0x0000016525968a20, 0x0000016525968b68]
Event: 231.983 Thread 0x0000016539653800 17141       1       jdk.internal.jimage.ImageReader$Directory::isDirectory (2 bytes)
Event: 231.983 Thread 0x0000016539653800 nmethod 17141 0x000001652b93d610 code [0x000001652b93d7a0, 0x000001652b93d878]
Event: 231.990 Thread 0x0000016539653800 17142       1       com.android.tools.r8.u.b.h0::D2 (5 bytes)
Event: 231.990 Thread 0x0000016539653800 nmethod 17142 0x000001652b93d910 code [0x000001652b93daa0, 0x000001652b93db78]
Event: 231.990 Thread 0x0000016539653800 17143       2       com.android.tools.r8.u.b.p::c (19 bytes)
Event: 231.990 Thread 0x0000016539653800 nmethod 17143 0x0000016525968c10 code [0x0000016525968dc0, 0x0000016525968fa8]
Event: 231.990 Thread 0x0000016539653800 17144       2       com.android.tools.r8.u.b.p::next (5 bytes)
Event: 231.991 Thread 0x0000016539653800 nmethod 17144 0x0000016525969090 code [0x0000016525969240, 0x0000016525969428]

GC Heap History (20 events):
Event: 41.891 GC heap before
{Heap before GC invocations=45 (full 0):
 garbage-first heap   total 225280K, used 152061K [0x0000000080000000, 0x0000000100000000)
  region size 1024K, 38 young (38912K), 6 survivors (6144K)
 Metaspace       used 82833K, capacity 85795K, committed 85888K, reserved 1122304K
  class space    used 10982K, capacity 12110K, committed 12160K, reserved 1048576K
}
Event: 41.922 GC heap after
{Heap after GC invocations=46 (full 0):
 garbage-first heap   total 225280K, used 126577K [0x0000000080000000, 0x0000000100000000)
  region size 1024K, 5 young (5120K), 5 survivors (5120K)
 Metaspace       used 82833K, capacity 85795K, committed 85888K, reserved 1122304K
  class space    used 10982K, capacity 12110K, committed 12160K, reserved 1048576K
}
Event: 137.711 GC heap before
{Heap before GC invocations=46 (full 0):
 garbage-first heap   total 225280K, used 174705K [0x0000000080000000, 0x0000000100000000)
  region size 1024K, 53 young (54272K), 5 survivors (5120K)
 Metaspace       used 83671K, capacity 86802K, committed 87040K, reserved 1124352K
  class space    used 11079K, capacity 12244K, committed 12288K, reserved 1048576K
}
Event: 137.743 GC heap after
{Heap after GC invocations=47 (full 0):
 garbage-first heap   total 270336K, used 134391K [0x0000000080000000, 0x0000000100000000)
  region size 1024K, 7 young (7168K), 7 survivors (7168K)
 Metaspace       used 83671K, capacity 86802K, committed 87040K, reserved 1124352K
  class space    used 11079K, capacity 12244K, committed 12288K, reserved 1048576K
}
Event: 151.414 GC heap before
{Heap before GC invocations=48 (full 0):
 garbage-first heap   total 270336K, used 201975K [0x0000000080000000, 0x0000000100000000)
  region size 1024K, 74 young (75776K), 7 survivors (7168K)
 Metaspace       used 85099K, capacity 88197K, committed 88448K, reserved 1126400K
  class space    used 11219K, capacity 12396K, committed 12416K, reserved 1048576K
}
Event: 151.443 GC heap after
{Heap after GC invocations=49 (full 0):
 garbage-first heap   total 270336K, used 141761K [0x0000000080000000, 0x0000000100000000)
  region size 1024K, 10 young (10240K), 10 survivors (10240K)
 Metaspace       used 85099K, capacity 88197K, committed 88448K, reserved 1126400K
  class space    used 11219K, capacity 12396K, committed 12416K, reserved 1048576K
}
Event: 151.671 GC heap before
{Heap before GC invocations=49 (full 0):
 garbage-first heap   total 270336K, used 144833K [0x0000000080000000, 0x0000000100000000)
  region size 1024K, 13 young (13312K), 10 survivors (10240K)
 Metaspace       used 85109K, capacity 88197K, committed 88448K, reserved 1126400K
  class space    used 11219K, capacity 12396K, committed 12416K, reserved 1048576K
}
Event: 151.751 GC heap after
{Heap after GC invocations=50 (full 0):
 garbage-first heap   total 270336K, used 129870K [0x0000000080000000, 0x0000000100000000)
  region size 1024K, 2 young (2048K), 2 survivors (2048K)
 Metaspace       used 85109K, capacity 88197K, committed 88448K, reserved 1126400K
  class space    used 11219K, capacity 12396K, committed 12416K, reserved 1048576K
}
Event: 155.574 GC heap before
{Heap before GC invocations=50 (full 0):
 garbage-first heap   total 270336K, used 174926K [0x0000000080000000, 0x0000000100000000)
  region size 1024K, 48 young (49152K), 2 survivors (2048K)
 Metaspace       used 85687K, capacity 88826K, committed 89088K, reserved 1126400K
  class space    used 11263K, capacity 12434K, committed 12544K, reserved 1048576K
}
Event: 155.595 GC heap after
{Heap after GC invocations=51 (full 0):
 garbage-first heap   total 270336K, used 136765K [0x0000000080000000, 0x0000000100000000)
  region size 1024K, 9 young (9216K), 9 survivors (9216K)
 Metaspace       used 85687K, capacity 88826K, committed 89088K, reserved 1126400K
  class space    used 11263K, capacity 12434K, committed 12544K, reserved 1048576K
}
Event: 206.433 GC heap before
{Heap before GC invocations=52 (full 0):
 garbage-first heap   total 270336K, used 214589K [0x0000000080000000, 0x0000000100000000)
  region size 1024K, 78 young (79872K), 9 survivors (9216K)
 Metaspace       used 88386K, capacity 91692K, committed 91904K, reserved 1128448K
  class space    used 11564K, capacity 12791K, committed 12800K, reserved 1048576K
}
Event: 206.453 GC heap after
{Heap after GC invocations=53 (full 0):
 garbage-first heap   total 270336K, used 140633K [0x0000000080000000, 0x0000000100000000)
  region size 1024K, 6 young (6144K), 6 survivors (6144K)
 Metaspace       used 88386K, capacity 91692K, committed 91904K, reserved 1128448K
  class space    used 11564K, capacity 12791K, committed 12800K, reserved 1048576K
}
Event: 216.641 GC heap before
{Heap before GC invocations=53 (full 0):
 garbage-first heap   total 270336K, used 191833K [0x0000000080000000, 0x0000000100000000)
  region size 1024K, 58 young (59392K), 6 survivors (6144K)
 Metaspace       used 91234K, capacity 94763K, committed 94976K, reserved 1130496K
  class space    used 11925K, capacity 13185K, committed 13312K, reserved 1048576K
}
Event: 216.654 GC heap after
{Heap after GC invocations=54 (full 0):
 garbage-first heap   total 270336K, used 142889K [0x0000000080000000, 0x0000000100000000)
  region size 1024K, 4 young (4096K), 4 survivors (4096K)
 Metaspace       used 91234K, capacity 94763K, committed 94976K, reserved 1130496K
  class space    used 11925K, capacity 13185K, committed 13312K, reserved 1048576K
}
Event: 225.320 GC heap before
{Heap before GC invocations=55 (full 0):
 garbage-first heap   total 270336K, used 222761K [0x0000000080000000, 0x0000000100000000)
  region size 1024K, 78 young (79872K), 4 survivors (4096K)
 Metaspace       used 101027K, capacity 104667K, committed 104832K, reserved 1140736K
  class space    used 13022K, capacity 14356K, committed 14464K, reserved 1048576K
}
Event: 225.341 GC heap after
{Heap after GC invocations=56 (full 0):
 garbage-first heap   total 270336K, used 151958K [0x0000000080000000, 0x0000000100000000)
  region size 1024K, 10 young (10240K), 10 survivors (10240K)
 Metaspace       used 101027K, capacity 104667K, committed 104832K, reserved 1140736K
  class space    used 13022K, capacity 14356K, committed 14464K, reserved 1048576K
}
Event: 225.464 GC heap before
{Heap before GC invocations=56 (full 0):
 garbage-first heap   total 270336K, used 155030K [0x0000000080000000, 0x0000000100000000)
  region size 1024K, 13 young (13312K), 10 survivors (10240K)
 Metaspace       used 101070K, capacity 104731K, committed 105088K, reserved 1140736K
  class space    used 13031K, capacity 14356K, committed 14464K, reserved 1048576K
}
Event: 225.537 GC heap after
{Heap after GC invocations=57 (full 0):
 garbage-first heap   total 270336K, used 141206K [0x0000000080000000, 0x0000000100000000)
  region size 1024K, 2 young (2048K), 2 survivors (2048K)
 Metaspace       used 101070K, capacity 104731K, committed 105088K, reserved 1140736K
  class space    used 13031K, capacity 14356K, committed 14464K, reserved 1048576K
}
Event: 230.790 GC heap before
{Heap before GC invocations=57 (full 0):
 garbage-first heap   total 270336K, used 174998K [0x0000000080000000, 0x0000000100000000)
  region size 1024K, 37 young (37888K), 2 survivors (2048K)
 Metaspace       used 105259K, capacity 109205K, committed 109312K, reserved 1142784K
  class space    used 13725K, capacity 15273K, committed 15360K, reserved 1048576K
}
Event: 230.804 GC heap after
{Heap after GC invocations=58 (full 0):
 garbage-first heap   total 270336K, used 144554K [0x0000000080000000, 0x0000000100000000)
  region size 1024K, 5 young (5120K), 5 survivors (5120K)
 Metaspace       used 105259K, capacity 109205K, committed 109312K, reserved 1142784K
  class space    used 13725K, capacity 15273K, committed 15360K, reserved 1048576K
}

Deoptimization events (20 events):
Event: 231.221 Thread 0x000001653def8000 Uncommon trap: trap_request=0xffffffbe fr.pc=0x000001652b92d42c relative=0x00000000000004ac
Event: 231.221 Thread 0x000001653def8000 Uncommon trap: reason=profile_predicate action=maybe_recompile pc=0x000001652b92d42c method=jdk.internal.jrtfs.JrtPath.normalize(Ljava/lang/String;)Ljava/lang/String; @ 17 c2
Event: 231.221 Thread 0x000001653def8000 DEOPT PACKING pc=0x000001652b92d42c sp=0x000000250e7fae90
Event: 231.221 Thread 0x000001653def8000 DEOPT UNPACKING pc=0x00000165235a912f sp=0x000000250e7fae10 mode 2
Event: 231.249 Thread 0x000001653def8000 DEOPT PACKING pc=0x0000016525692095 sp=0x000000250e7fb040
Event: 231.249 Thread 0x000001653def8000 DEOPT UNPACKING pc=0x00000165235a964e sp=0x000000250e7fa4b8 mode 0
Event: 231.265 Thread 0x000001653def8000 DEOPT PACKING pc=0x0000016525692095 sp=0x000000250e7fb040
Event: 231.265 Thread 0x000001653def8000 DEOPT UNPACKING pc=0x00000165235a964e sp=0x000000250e7fa4b8 mode 0
Event: 231.985 Thread 0x000001653c832800 Uncommon trap: trap_request=0xffffffc6 fr.pc=0x000001652b44f604 relative=0x0000000000000204
Event: 231.985 Thread 0x000001653b70b800 Uncommon trap: trap_request=0xffffffc6 fr.pc=0x000001652b44f604 relative=0x0000000000000204
Event: 231.985 Thread 0x000001653c832000 Uncommon trap: trap_request=0xffffffc6 fr.pc=0x000001652b44f604 relative=0x0000000000000204
Event: 231.985 Thread 0x000001653c832800 Uncommon trap: reason=bimorphic_or_optimized_type_check action=maybe_recompile pc=0x000001652b44f604 method=java.util.stream.ReduceOps$ReduceOp.evaluateSequential(Ljava/util/stream/PipelineHelper;Ljava/util/Spliterator;)Ljava/lang/Object; @ 2 c2
Event: 231.985 Thread 0x000001653c832000 Uncommon trap: reason=bimorphic_or_optimized_type_check action=maybe_recompile pc=0x000001652b44f604 method=java.util.stream.ReduceOps$ReduceOp.evaluateSequential(Ljava/util/stream/PipelineHelper;Ljava/util/Spliterator;)Ljava/lang/Object; @ 2 c2
Event: 231.985 Thread 0x000001653b70b800 Uncommon trap: reason=bimorphic_or_optimized_type_check action=maybe_recompile pc=0x000001652b44f604 method=java.util.stream.ReduceOps$ReduceOp.evaluateSequential(Ljava/util/stream/PipelineHelper;Ljava/util/Spliterator;)Ljava/lang/Object; @ 2 c2
Event: 231.985 Thread 0x000001653c832800 DEOPT PACKING pc=0x000001652b44f604 sp=0x00000025161fa690
Event: 231.985 Thread 0x000001653c832000 DEOPT PACKING pc=0x000001652b44f604 sp=0x00000025160fa800
Event: 231.985 Thread 0x000001653b70b800 DEOPT PACKING pc=0x000001652b44f604 sp=0x000000250d9f7720
Event: 231.986 Thread 0x000001653c832800 DEOPT UNPACKING pc=0x00000165235a912f sp=0x00000025161fa610 mode 2
Event: 231.986 Thread 0x000001653b70b800 DEOPT UNPACKING pc=0x00000165235a912f sp=0x000000250d9f76a0 mode 2
Event: 231.986 Thread 0x000001653c832000 DEOPT UNPACKING pc=0x00000165235a912f sp=0x00000025160fa780 mode 2

Classes unloaded (20 events):
Event: 37.980 Thread 0x0000016539624800 Unloading class 0x00000008015aec10 '_BuildScript_$_run_closure1$_closure3'
Event: 37.980 Thread 0x0000016539624800 Unloading class 0x00000008015ae840 '_BuildScript_$_run_closure1'
Event: 37.980 Thread 0x0000016539624800 Unloading class 0x00000008015af040 '_BuildScript_'
Event: 156.019 Thread 0x0000016539624800 Unloading class 0x0000000801722040 'org/gradle/api/internal/artifacts/transform/DefaultTransformerInvocationFactory$2$$Lambda$807'
Event: 156.019 Thread 0x0000016539624800 Unloading class 0x0000000801721c40 'org/gradle/api/internal/artifacts/transform/ImmutableTransformationWorkspaceProvider$$Lambda$805'
Event: 156.019 Thread 0x0000016539624800 Unloading class 0x0000000801721840 'org/gradle/api/internal/artifacts/transform/ImmutableTransformationWorkspaceProvider$$Lambda$804'
Event: 156.019 Thread 0x0000016539624800 Unloading class 0x0000000801721040 'org/gradle/api/internal/artifacts/transform/AbstractCachingTransformationWorkspaceProvider$$Lambda$802'
Event: 156.019 Thread 0x0000016539624800 Unloading class 0x0000000801720c40 'org/gradle/api/internal/artifacts/transform/AbstractCachingTransformationWorkspaceProvider$$Lambda$800'
Event: 156.019 Thread 0x0000016539624800 Unloading class 0x0000000801720440 'org/gradle/api/internal/artifacts/transform/DefaultTransformerInvocationFactory$$Lambda$799'
Event: 156.019 Thread 0x0000016539624800 Unloading class 0x0000000801716c40 'org/gradle/api/internal/artifacts/transform/DefaultTransformerInvocationFactory$$Lambda$797'
Event: 156.019 Thread 0x0000016539624800 Unloading class 0x0000000801716840 'org/gradle/api/internal/artifacts/transform/DefaultTransformerInvocationFactory$$Lambda$796'
Event: 156.019 Thread 0x0000016539624800 Unloading class 0x0000000801717440 'org/gradle/api/internal/artifacts/transform/TransformationStep$$Lambda$793'
Event: 156.019 Thread 0x0000016539624800 Unloading class 0x0000000801717040 'org/gradle/api/internal/artifacts/transform/TransformationStep$$Lambda$795'
Event: 156.019 Thread 0x0000016539624800 Unloading class 0x0000000801717840 'org/gradle/api/internal/artifacts/transform/TransformationStep$$Lambda$794'
Event: 231.413 Thread 0x0000016539624800 Unloading class 0x0000000801925440 'jdk/internal/reflect/GeneratedConstructorAccessor163'
Event: 231.413 Thread 0x0000016539624800 Unloading class 0x0000000801926440 'jdk/internal/reflect/GeneratedMethodAccessor165'
Event: 231.414 Thread 0x0000016539624800 Unloading class 0x0000000801927440 'java/util/zip/ZipFile$$Lambda$1015'
Event: 231.414 Thread 0x0000016539624800 Unloading class 0x0000000801927040 'com/android/builder/dexing/r8/ClassFileProviderFactory$OrderedClassFileResourceProvider$$Lambda$1013'
Event: 231.414 Thread 0x0000016539624800 Unloading class 0x0000000801921840 'com/android/tools/r8/ArchiveClassFileProvider$$Lambda$1011'
Event: 231.414 Thread 0x0000016539624800 Unloading class 0x0000000801826c40 'org/gradle/api/internal/artifacts/transform/DefaultTransformerInvocationFactory$TransformerExecution$$Lambda$929'

Classes redefined (0 events):
No events

Internal exceptions (20 events):
Event: 225.843 Thread 0x000001653c832800 Exception <a 'sun/nio/fs/WindowsException'{0x000000008fea3890}> (0x000000008fea3890) 
thrown [./open/src/hotspot/share/prims/jni.cpp, line 599]
Event: 225.843 Thread 0x000001653c832000 Exception <a 'sun/nio/fs/WindowsException'{0x000000008fe40a08}> (0x000000008fe40a08) 
thrown [./open/src/hotspot/share/prims/jni.cpp, line 599]
Event: 225.843 Thread 0x000001653b70b800 Exception <a 'sun/nio/fs/WindowsException'{0x00000000901c8bb8}> (0x00000000901c8bb8) 
thrown [./open/src/hotspot/share/prims/jni.cpp, line 599]
Event: 226.797 Thread 0x000001653c832000 Exception <a 'java/lang/NoSuchMethodError'{0x000000008fbac328}: 'int java.lang.invoke.DirectMethodHandle$Holder.invokeVirtual(java.lang.Object, java.lang.Object, java.lang.Object)'> (0x000000008fbac328) 
thrown [./open/src/hotspot/share/interpreter/linkResolver.cpp, line 766]
Event: 226.797 Thread 0x000001653c832800 Exception <a 'java/lang/NoSuchMethodError'{0x000000008fa6ae30}: 'int java.lang.invoke.DirectMethodHandle$Holder.invokeVirtual(java.lang.Object, java.lang.Object, java.lang.Object)'> (0x000000008fa6ae30) 
thrown [./open/src/hotspot/share/interpreter/linkResolver.cpp, line 766]
Event: 227.822 Thread 0x000001653c832800 Exception <a 'java/lang/NoSuchMethodError'{0x000000008f654398}: 'java.lang.Object java.lang.invoke.DirectMethodHandle$Holder.invokeStatic(java.lang.Object, java.lang.Object, java.lang.Object, java.lang.Object, java.lang.Object, java.lang.Object, java.lang.Object, java.lang.Object, java.lang.Object, java.lang.Object, java.lang.Object, java.lang.Object, java.lang.Object, java.lang.Object, java.lang.Object, java.lang.Object, java.lang.Object, int, java.lang.Object)'> (0x000000008f654398) 
thrown [./open/src/h
Event: 227.823 Thread 0x000001653c832800 Exception <a 'java/lang/NoSuchMethodError'{0x000000008f6595a8}: 'java.lang.Object java.lang.invoke.DirectMethodHandle$Holder.invokeStaticInit(java.lang.Object, java.lang.Object, java.lang.Object, java.lang.Object, java.lang.Object, java.lang.Object, java.lang.Object, java.lang.Object, java.lang.Object, java.lang.Object, java.lang.Object, java.lang.Object, java.lang.Object, java.lang.Object, java.lang.Object, java.lang.Object, java.lang.Object, int, java.lang.Object)'> (0x000000008f6595a8) 
thrown [./open/s
Event: 230.690 Thread 0x000001653c832000 Exception <a 'java/lang/NoSuchMethodError'{0x000000008e42b658}: 'long java.lang.invoke.DirectMethodHandle$Holder.invokeStatic(java.lang.Object, java.lang.Object)'> (0x000000008e42b658) 
thrown [./open/src/hotspot/share/interpreter/linkResolver.cpp, line 766]
Event: 230.690 Thread 0x000001653b70b800 Exception <a 'java/lang/NoSuchMethodError'{0x000000008e4a0578}: 'long java.lang.invoke.DirectMethodHandle$Holder.invokeStatic(java.lang.Object, java.lang.Object)'> (0x000000008e4a0578) 
thrown [./open/src/hotspot/share/interpreter/linkResolver.cpp, line 766]
Event: 230.690 Thread 0x000001653c832800 Exception <a 'java/lang/NoSuchMethodError'{0x000000008e4ff428}: 'long java.lang.invoke.DirectMethodHandle$Holder.invokeStatic(java.lang.Object, java.lang.Object)'> (0x000000008e4ff428) 
thrown [./open/src/hotspot/share/interpreter/linkResolver.cpp, line 766]
Event: 230.693 Thread 0x000001653c832000 Exception <a 'java/lang/NoSuchMethodError'{0x000000008e438500}: 'void java.lang.invoke.DirectMethodHandle$Holder.invokeSpecial(java.lang.Object, java.lang.Object, int, java.lang.Object)'> (0x000000008e438500) 
thrown [./open/src/hotspot/share/interpreter/linkResolver.cpp, line 766]
Event: 230.693 Thread 0x000001653c832800 Exception <a 'java/lang/NoSuchMethodError'{0x000000008e30f100}: 'void java.lang.invoke.DirectMethodHandle$Holder.invokeSpecial(java.lang.Object, java.lang.Object, int, java.lang.Object)'> (0x000000008e30f100) 
thrown [./open/src/hotspot/share/interpreter/linkResolver.cpp, line 766]
Event: 230.693 Thread 0x000001653b70b800 Exception <a 'java/lang/NoSuchMethodError'{0x000000008e4abd68}: 'void java.lang.invoke.DirectMethodHandle$Holder.invokeSpecial(java.lang.Object, java.lang.Object, int, java.lang.Object)'> (0x000000008e4abd68) 
thrown [./open/src/hotspot/share/interpreter/linkResolver.cpp, line 766]
Event: 230.851 Thread 0x000001653def8000 Exception <a 'sun/nio/fs/WindowsException'{0x00000000900dd2d0}> (0x00000000900dd2d0) 
thrown [./open/src/hotspot/share/prims/jni.cpp, line 599]
Event: 231.005 Thread 0x000001653def8000 Exception <a 'java/lang/NoSuchMethodError'{0x000000008fdf43f8}: 'java.lang.Object java.lang.invoke.DirectMethodHandle$Holder.invokeStatic(java.lang.Object, java.lang.Object, int, int)'> (0x000000008fdf43f8) 
thrown [./open/src/hotspot/share/interpreter/linkResolver.cpp, line 766]
Event: 231.145 Thread 0x000001653def8000 Exception <a 'java/lang/NoSuchMethodError'{0x000000008fcac170}: 'java.lang.Object java.lang.invoke.DirectMethodHandle$Holder.invokeVirtual(java.lang.Object, java.lang.Object, int)'> (0x000000008fcac170) 
thrown [./open/src/hotspot/share/interpreter/linkResolver.cpp, line 766]
Event: 231.590 Thread 0x000001653b70b800 Exception <a 'java/lang/NoSuchMethodError'{0x000000008f559300}: 'java.lang.Object java.lang.invoke.DirectMethodHandle$Holder.invokeVirtual(java.lang.Object, java.lang.Object, int, java.lang.Object)'> (0x000000008f559300) 
thrown [./open/src/hotspot/share/interpreter/linkResolver.cpp, line 766]
Event: 231.592 Thread 0x000001653c832800 Exception <a 'java/lang/NoSuchMethodError'{0x000000008fa350d8}: 'java.lang.Object java.lang.invoke.DirectMethodHandle$Holder.invokeVirtual(java.lang.Object, java.lang.Object, int, java.lang.Object)'> (0x000000008fa350d8) 
thrown [./open/src/hotspot/share/interpreter/linkResolver.cpp, line 766]
Event: 231.819 Thread 0x000001653c832800 Exception <a 'java/lang/NoSuchMethodError'{0x000000008ed05ce8}: 'void java.lang.invoke.DirectMethodHandle$Holder.invokeVirtual(java.lang.Object, java.lang.Object, int, java.lang.Object)'> (0x000000008ed05ce8) 
thrown [./open/src/hotspot/share/interpreter/linkResolver.cpp, line 766]
Event: 231.819 Thread 0x000001653b70b800 Exception <a 'java/lang/NoSuchMethodError'{0x000000008ed22b18}: 'void java.lang.invoke.DirectMethodHandle$Holder.invokeVirtual(java.lang.Object, java.lang.Object, int, java.lang.Object)'> (0x000000008ed22b18) 
thrown [./open/src/hotspot/share/interpreter/linkResolver.cpp, line 766]

Events (20 events):
Event: 231.453 Executing VM operation: HandshakeOneThread
Event: 231.454 Executing VM operation: HandshakeOneThread done
Event: 231.454 Executing VM operation: HandshakeOneThread
Event: 231.454 Executing VM operation: HandshakeOneThread done
Event: 231.454 Executing VM operation: HandshakeOneThread
Event: 231.455 Executing VM operation: HandshakeOneThread done
Event: 231.455 Executing VM operation: HandshakeOneThread
Event: 231.455 Executing VM operation: HandshakeOneThread done
Event: 231.455 Executing VM operation: HandshakeOneThread
Event: 231.467 Executing VM operation: HandshakeOneThread done
Event: 231.467 Executing VM operation: HandshakeOneThread
Event: 231.467 Executing VM operation: HandshakeOneThread done
Event: 231.468 Executing VM operation: BulkRevokeBias
Event: 231.474 Executing VM operation: BulkRevokeBias done
Event: 231.591 Executing VM operation: HandshakeOneThread
Event: 231.591 Executing VM operation: HandshakeOneThread done
Event: 231.781 Executing VM operation: G1Concurrent
Event: 231.782 Executing VM operation: G1Concurrent done
Event: 231.972 loading class java/util/LinkedList$LLSpliterator
Event: 231.984 loading class java/util/LinkedList$LLSpliterator done


Dynamic libraries:
0x00007ff637f50000 - 0x00007ff637f5f000 	C:\Program Files\Java\jdk-14.0.1\bin\java.exe
0x00007fff82ca0000 - 0x00007fff82e90000 	C:\Windows\SYSTEM32\ntdll.dll
0x00007fff82010000 - 0x00007fff820c2000 	C:\Windows\System32\KERNEL32.DLL
0x00007fff805e0000 - 0x00007fff80884000 	C:\Windows\System32\KERNELBASE.dll
0x00007fff80c50000 - 0x00007fff80d4a000 	C:\Windows\System32\ucrtbase.dll
0x00007fff78d50000 - 0x00007fff78d68000 	C:\Program Files\Java\jdk-14.0.1\bin\jli.dll
0x00007fff6dc40000 - 0x00007fff6dc55000 	C:\Program Files\Java\jdk-14.0.1\bin\VCRUNTIME140.dll
0x00007fff81740000 - 0x00007fff817e3000 	C:\Windows\System32\ADVAPI32.dll
0x00007fff816a0000 - 0x00007fff8173e000 	C:\Windows\System32\msvcrt.dll
0x00007fff81c90000 - 0x00007fff81d27000 	C:\Windows\System32\sechost.dll
0x00007fff81a40000 - 0x00007fff81b60000 	C:\Windows\System32\RPCRT4.dll
0x00007fff818a0000 - 0x00007fff81a34000 	C:\Windows\System32\USER32.dll
0x00007fff7fc30000 - 0x00007fff7fc51000 	C:\Windows\System32\win32u.dll
0x00007fff81be0000 - 0x00007fff81c06000 	C:\Windows\System32\GDI32.dll
0x00007fff72850000 - 0x00007fff72ad4000 	C:\Windows\WinSxS\amd64_microsoft.windows.common-controls_6595b64144ccf1df_6.0.18362.900_none_e6beb9d913147d17\COMCTL32.dll
0x00007fff80d50000 - 0x00007fff81085000 	C:\Windows\System32\combase.dll
0x00007fff808b0000 - 0x00007fff80930000 	C:\Windows\System32\bcryptPrimitives.dll
0x00007fff80930000 - 0x00007fff80ac5000 	C:\Windows\System32\gdi32full.dll
0x00007fff80540000 - 0x00007fff805de000 	C:\Windows\System32\msvcp_win.dll
0x00007fff76820000 - 0x00007fff7682a000 	C:\Windows\SYSTEM32\VERSION.dll
0x00007fff82150000 - 0x00007fff8217e000 	C:\Windows\System32\IMM32.DLL
0x00007fff6a150000 - 0x00007fff6a1eb000 	C:\Program Files\Java\jdk-14.0.1\bin\msvcp140.dll
0x00007fff47c70000 - 0x00007fff4878e000 	C:\Program Files\Java\jdk-14.0.1\bin\server\jvm.dll
0x00007fff81c10000 - 0x00007fff81c18000 	C:\Windows\System32\PSAPI.DLL
0x00007fff72650000 - 0x00007fff72674000 	C:\Windows\SYSTEM32\WINMM.dll
0x00007fff7b2d0000 - 0x00007fff7b2d9000 	C:\Windows\SYSTEM32\WSOCK32.dll
0x00007fff72620000 - 0x00007fff7264d000 	C:\Windows\SYSTEM32\WINMMBASE.dll
0x00007fff82ab0000 - 0x00007fff82b1f000 	C:\Windows\System32\ws2_32.DLL
0x00007fff7fc60000 - 0x00007fff7fcaa000 	C:\Windows\System32\cfgmgr32.dll
0x00007fff7fb70000 - 0x00007fff7fb81000 	C:\Windows\System32\kernel.appcore.dll
0x00007fff78330000 - 0x00007fff7833a000 	C:\Program Files\Java\jdk-14.0.1\bin\jimage.dll
0x00007fff7e440000 - 0x00007fff7e634000 	C:\Windows\SYSTEM32\DBGHELP.DLL
0x00007fff79e00000 - 0x00007fff79e2a000 	C:\Windows\SYSTEM32\dbgcore.DLL
0x00007fff6c890000 - 0x00007fff6c8b5000 	C:\Program Files\Java\jdk-14.0.1\bin\java.dll
0x00007fff6d850000 - 0x00007fff6d866000 	C:\Program Files\Java\jdk-14.0.1\bin\zip.dll
0x00007fff821e0000 - 0x00007fff828c6000 	C:\Windows\System32\SHELL32.dll
0x00007fff81f60000 - 0x00007fff82009000 	C:\Windows\System32\shcore.dll
0x00007fff7fdc0000 - 0x00007fff80540000 	C:\Windows\System32\windows.storage.dll
0x00007fff7fb90000 - 0x00007fff7fbb3000 	C:\Windows\System32\profapi.dll
0x00007fff7fbc0000 - 0x00007fff7fc0a000 	C:\Windows\System32\powrprof.dll
0x00007fff7fb60000 - 0x00007fff7fb70000 	C:\Windows\System32\UMPDC.dll
0x00007fff82180000 - 0x00007fff821d2000 	C:\Windows\System32\shlwapi.dll
0x00007fff80890000 - 0x00007fff808a7000 	C:\Windows\System32\cryptsp.dll
0x00007fff6d610000 - 0x00007fff6d629000 	C:\Program Files\Java\jdk-14.0.1\bin\net.dll
0x00007fff79f20000 - 0x00007fff7a010000 	C:\Windows\SYSTEM32\WINHTTP.dll
0x00007fff7f320000 - 0x00007fff7f387000 	C:\Windows\system32\mswsock.dll
0x00007fff6cdc0000 - 0x00007fff6cdd2000 	C:\Program Files\Java\jdk-14.0.1\bin\nio.dll
0x00007fff6e320000 - 0x00007fff6e330000 	C:\Program Files\Java\jdk-14.0.1\bin\verify.dll
0x00007fff6a020000 - 0x00007fff6a047000 	C:\Users\Omid\.gradle\native\f6784746aeab05261644944871eae4fe03e0ef1612fff0a4a95f87b438bc6780\windows-amd64\native-platform.dll
0x00007fff6d930000 - 0x00007fff6d939000 	C:\Program Files\Java\jdk-14.0.1\bin\management.dll
0x00007fff6d3e0000 - 0x00007fff6d3eb000 	C:\Program Files\Java\jdk-14.0.1\bin\management_ext.dll
0x00007fff7eea0000 - 0x00007fff7eed3000 	C:\Windows\system32\rsaenh.dll
0x00007fff80ad0000 - 0x00007fff80af6000 	C:\Windows\System32\bcrypt.dll
0x00007fff7fa50000 - 0x00007fff7fa75000 	C:\Windows\SYSTEM32\USERENV.dll
0x00007fff7f4a0000 - 0x00007fff7f4ac000 	C:\Windows\SYSTEM32\CRYPTBASE.dll
0x00007fff7f040000 - 0x00007fff7f07a000 	C:\Windows\SYSTEM32\IPHLPAPI.DLL
0x00007fff81f50000 - 0x00007fff81f58000 	C:\Windows\System32\NSI.dll
0x00007fff79e30000 - 0x00007fff79e46000 	C:\Windows\SYSTEM32\dhcpcsvc6.DLL
0x00007fff79c40000 - 0x00007fff79c5c000 	C:\Windows\SYSTEM32\dhcpcsvc.DLL
0x00007fff7f080000 - 0x00007fff7f14b000 	C:\Windows\SYSTEM32\DNSAPI.dll
0x00007fff7a010000 - 0x00007fff7a01b000 	C:\Windows\SYSTEM32\WINNSI.DLL
0x00007fff6cae0000 - 0x00007fff6cae7000 	C:\Program Files\Java\jdk-14.0.1\bin\rmi.dll

dbghelp: loaded successfully - version: 4.0.5 - missing functions: none
symbol engine: initialized successfully - sym options: 0x614 - pdb path: .;C:\Program Files\Java\jdk-14.0.1\bin;C:\Windows\SYSTEM32;C:\Windows\WinSxS\amd64_microsoft.windows.common-controls_6595b64144ccf1df_6.0.18362.900_none_e6beb9d913147d17;C:\Program Files\Java\jdk-14.0.1\bin\server;C:\Users\Omid\.gradle\native\f6784746aeab05261644944871eae4fe03e0ef1612fff0a4a95f87b438bc6780\windows-amd64

VM Arguments:
jvm_args: --add-opens=java.base/java.util=ALL-UNNAMED --add-opens=java.base/java.lang=ALL-UNNAMED --add-opens=java.base/java.lang.invoke=ALL-UNNAMED --add-opens=java.prefs/java.util.prefs=ALL-UNNAMED -Xmx2048m -Dfile.encoding=windows-1252 -Duser.country=US -Duser.language=en -Duser.variant 
java_command: org.gradle.launcher.daemon.bootstrap.GradleDaemon 6.5
java_class_path (initial): C:\Users\Omid\.gradle\wrapper\dists\gradle-6.5-all\2oz4ud9k3tuxjg84bbf55q0tn\gradle-6.5\lib\gradle-launcher-6.5.jar
Launcher Type: SUN_STANDARD

[Global flags]
     intx CICompilerCount                          = 3                                         {product} {ergonomic}
     uint ConcGCThreads                            = 1                                         {product} {ergonomic}
     uint G1ConcRefinementThreads                  = 4                                         {product} {ergonomic}
   size_t G1HeapRegionSize                         = 1048576                                   {product} {ergonomic}
    uintx GCDrainStackTargetSize                   = 64                                        {product} {ergonomic}
   size_t InitialHeapSize                          = 100663296                                 {product} {ergonomic}
   size_t MarkStackSize                            = 4194304                                   {product} {ergonomic}
   size_t MaxHeapSize                              = 2147483648                                {product} {command line}
   size_t MaxNewSize                               = 1287651328                                {product} {ergonomic}
   size_t MinHeapDeltaBytes                        = 1048576                                   {product} {ergonomic}
   size_t MinHeapSize                              = 8388608                                   {product} {ergonomic}
    uintx NonNMethodCodeHeapSize                   = 5832780                                {pd product} {ergonomic}
    uintx NonProfiledCodeHeapSize                  = 122912730                              {pd product} {ergonomic}
    uintx ProfiledCodeHeapSize                     = 122912730                              {pd product} {ergonomic}
    uintx ReservedCodeCacheSize                    = 251658240                              {pd product} {ergonomic}
     bool SegmentedCodeCache                       = true                                      {product} {ergonomic}
   size_t SoftMaxHeapSize                          = 2147483648                             {manageable} {ergonomic}
     bool UseCompressedClassPointers               = true                                 {lp64_product} {ergonomic}
     bool UseCompressedOops                        = true                                 {lp64_product} {ergonomic}
     bool UseG1GC                                  = true                                      {product} {ergonomic}
     bool UseLargePagesIndividualAllocation        = false                                  {pd product} {ergonomic}

Logging:
Log output configuration:
 #0: stdout all=warning uptime,level,tags
 #1: stderr all=off uptime,level,tags

Environment Variables:
JAVA_HOME=C:\Program Files\Java\jdk-14.0.1
CLASSPATH=E:\Android_Stadio_Rep\Kotlin\Movotlin\\gradle\wrapper\gradle-wrapper.jar
PATH=C:\Program Files (x86)\Common Files\Oracle\Java\javapath;C:\Windows\system32;C:\Windows;C:\Windows\System32\Wbem;C:\Windows\System32\WindowsPowerShell\v1.0\;C:\Windows\System32\OpenSSH\;C:\Program Files\Java\jdk-14.0.1\bin;F:\Android\android-sdk\platform-tools;F:\Android\android-sdk\tools;C:\Program Files\Git\cmd;D:\FlutterSdk\flutter\bin;C:\Program Files\SourceGear\Common\DiffMerge\;C:\Program Files\Docker\Docker\resources\bin;C:\ProgramData\DockerDesktop\version-bin;C:\Users\Omid\AppData\Local\Microsoft\WindowsApps;
USERNAME=Omid
OS=Windows_NT
PROCESSOR_IDENTIFIER=Intel64 Family 6 Model 58 Stepping 9, GenuineIntel



---------------  S Y S T E M  ---------------

OS: Windows 10 , 64 bit Build 18362 (10.0.18362.900)
OS uptime: 4 days 12:56 hours
HyperV virtualization detected

CPU:total 4 (initial active 4) (2 cores per cpu, 2 threads per core) family 6 model 58 stepping 9, cmov, cx8, fxsr, mmx, sse, sse2, sse3, ssse3, sse4.1, sse4.2, popcnt, avx, aes, clmul, erms, ht, tsc, tscinvbit, tscinv

Memory: 4k page, system-wide physical 6029M (339M free)
TotalPageFile size 18485M (AvailPageFile size 1M)
current process WorkingSet (physical memory assigned to process): 560M, peak: 560M
current process commit charge ("private bytes"): 590M, peak: 590M

vm_info: Java HotSpot(TM) 64-Bit Server VM (14.0.1+7) for windows-amd64 JRE (14.0.1+7), built on Mar  5 2020 10:30:14 by "mach5one" with MS VC++ 15.9 (VS2017)

END.
