#
# There is insufficient memory for the Java Runtime Environment to continue.
# Native memory allocation (malloc) failed to allocate 1155696 bytes for Chunk::new
# Possible reasons:
#   The system is out of physical RAM or swap space
#   The process is running with CompressedOops enabled, and the Java Heap may be blocking the growth of the native heap
# Possible solutions:
#   Reduce memory load on the system
#   Increase physical memory or swap space
#   Check if swap backing store is full
#   Decrease Java heap size (-Xmx/-Xms)
#   Decrease number of Java threads
#   Decrease Java thread stack sizes (-Xss)
#   Set larger code cache with -XX:ReservedCodeCacheSize=
#   JVM is running with Unscaled Compressed Oops mode in which the Java heap is
#     placed in the first 4GB address space. The Java Heap base address is the
#     maximum limit for the native heap growth. Please use -XX:HeapBaseMinAddress
#     to set the Java Heap base and to place the Java Heap above 4GB virtual address.
# This output file may be truncated or incomplete.
#
#  Out of Memory Error (allocation.cpp:389), pid=12640, tid=0x0000000000003598
#
# JRE version: Java(TM) SE Runtime Environment (8.0_251-b08) (build 1.8.0_251-b08)
# Java VM: Java HotSpot(TM) 64-Bit Server VM (25.251-b08 mixed mode windows-amd64 compressed oops)
# Failed to write core dump. Minidumps are not enabled by default on client versions of Windows
#

---------------  T H R E A D  ---------------

Current thread (0x0000000017d81800):  JavaThread "C2 CompilerThread0" daemon [_thread_in_native, id=13720, stack(0x00000000193d0000,0x00000000194d0000)]

Stack: [0x00000000193d0000,0x00000000194d0000]
[error occurred during error reporting (printing stack bounds), id 0xc0000005]

Native frames: (J=compiled Java code, j=interpreted, Vv=VM code, C=native code)


Current CompileTask:
C2:37954675 56400 %     4       com.android.tools.r8.ir.optimize.Z::a @ 55 (425 bytes)


---------------  P R O C E S S  ---------------

Java Threads: ( => current thread )
  0x000000002e60e000 JavaThread "WorkerExecutor Queue Thread 9" [_thread_blocked, id=11148, stack(0x0000000022300000,0x0000000022400000)]
  0x000000002dfba000 JavaThread "WorkerExecutor Queue Thread 8" [_thread_in_native, id=7064, stack(0x000000001fbc0000,0x000000001fcc0000)]
  0x000000002dfba800 JavaThread "RMI RenewClean-[127.0.0.1:17733,org.jetbrains.kotlin.daemon.common.LoopbackNetworkInterface$ClientLoopbackSocketFactory@617f575f]" daemon [_thread_blocked, id=8264, stack(0x000000002e960000,0x000000002ea60000)]
  0x0000000028199800 JavaThread "WorkerExecutor Queue Thread 7" [_thread_in_native, id=12816, stack(0x000000002d670000,0x000000002d770000)]
  0x000000002818b000 JavaThread "RMI TCP Connection(idle)" daemon [_thread_blocked, id=13396, stack(0x000000002c170000,0x000000002c270000)]
  0x0000000028189800 JavaThread "RMI TCP Connection(idle)" daemon [_thread_blocked, id=10872, stack(0x0000000022a00000,0x0000000022b00000)]
  0x000000002818d800 JavaThread "RMI TCP Connection(idle)" daemon [_thread_blocked, id=7436, stack(0x0000000022500000,0x0000000022600000)]
  0x0000000028190800 JavaThread "RMI TCP Connection(idle)" daemon [_thread_blocked, id=12780, stack(0x0000000022400000,0x0000000022500000)]
  0x0000000028184000 JavaThread "RMI TCP Connection(408)-127.0.0.1" daemon [_thread_in_native, id=11304, stack(0x00000000254d0000,0x00000000255d0000)]
  0x0000000019de3800 JavaThread "WorkerExecutor Queue Thread 3" [_thread_blocked, id=7288, stack(0x00000000258d0000,0x00000000259d0000)]
  0x0000000019de7000 JavaThread "Cache worker for Java compile cache (E:\Android_Stadio_Rep\Kotlin\Movotlin\.gradle\6.5\javaCompile)" [_thread_blocked, id=5636, stack(0x0000000022d00000,0x0000000022e00000)]
  0x0000000019de4000 JavaThread "RMI TCP Connection(idle)" daemon [_thread_blocked, id=10172, stack(0x0000000022200000,0x0000000022300000)]
  0x0000000019ddd800 JavaThread "Cache worker for execution history cache (E:\Android_Stadio_Rep\Kotlin\Movotlin\.gradle\6.5\executionHistory)" [_thread_blocked, id=108, stack(0x0000000036d60000,0x0000000036e60000)]
  0x0000000019ddf000 JavaThread "Execution worker for ':' Thread 3" [_thread_in_Java, id=14628, stack(0x0000000036c60000,0x0000000036d60000)]
  0x000000001b9e2800 JavaThread "Execution worker for ':' Thread 2" [_thread_blocked, id=7340, stack(0x0000000036b60000,0x0000000036c60000)]
  0x000000001b9e9000 JavaThread "Execution worker for ':'" [_thread_in_native, id=7840, stack(0x0000000036a60000,0x0000000036b60000)]
  0x000000001b9e8800 JavaThread "Cache worker for file content cache (E:\Android_Stadio_Rep\Kotlin\Movotlin\.gradle\6.5\fileContent)" [_thread_blocked, id=15064, stack(0x000000001d5f0000,0x000000001d6f0000)]
  0x000000001b9e1800 JavaThread "Cache worker for Build Output Cleanup Cache (E:\Android_Stadio_Rep\Kotlin\Movotlin\.gradle\buildOutputCleanup)" [_thread_blocked, id=13168, stack(0x0000000036960000,0x0000000036a60000)]
  0x000000002947e000 JavaThread "Build operations Thread 4" [_thread_blocked, id=15356, stack(0x0000000022100000,0x0000000022200000)]
  0x000000002947e800 JavaThread "Build operations Thread 3" [_thread_blocked, id=8152, stack(0x0000000022000000,0x0000000022100000)]
  0x000000002947b800 JavaThread "Build operations Thread 2" [_thread_blocked, id=13596, stack(0x0000000021f00000,0x0000000022000000)]
  0x0000000029479800 JavaThread "Build operations" [_thread_blocked, id=15512, stack(0x0000000021e00000,0x0000000021f00000)]
  0x0000000029472000 JavaThread "Cache worker for cache directory md-rule (C:\Users\Omid\.gradle\caches\6.5\md-rule)" [_thread_blocked, id=16280, stack(0x000000001fac0000,0x000000001fbc0000)]
  0x0000000029478800 JavaThread "Cache worker for cache directory md-supplier (C:\Users\Omid\.gradle\caches\6.5\md-supplier)" [_thread_blocked, id=15580, stack(0x000000001f9c0000,0x000000001fac0000)]
  0x0000000029478000 JavaThread "Cache worker for checksums cache (E:\Android_Stadio_Rep\Kotlin\Movotlin\.gradle\checksums)" [_thread_blocked, id=15588, stack(0x000000001f1c0000,0x000000001f2c0000)]
  0x0000000029477000 JavaThread "Cache worker for file hash cache (E:\Android_Stadio_Rep\Kotlin\Movotlin\.gradle\6.5\fileHashes)" [_thread_blocked, id=8344, stack(0x000000001d7f0000,0x000000001d8f0000)]
  0x0000000029475800 JavaThread "Thread-3421" [_thread_blocked, id=13176, stack(0x000000001d6f0000,0x000000001d7f0000)]
  0x0000000029475000 JavaThread "Asynchronous log dispatcher for DefaultDaemonConnection: socket connection from /127.0.0.1:7123 to /127.0.0.1:1148" [_thread_blocked, id=9940, stack(0x000000001d4f0000,0x000000001d5f0000)]
  0x0000000029470800 JavaThread "Daemon worker Thread 22" [_thread_blocked, id=2684, stack(0x000000001d3f0000,0x000000001d4f0000)]
  0x0000000029474000 JavaThread "Cancel handler" [_thread_blocked, id=12080, stack(0x000000001d2f0000,0x000000001d3f0000)]
  0x0000000029476800 JavaThread "Handler for socket connection from /127.0.0.1:7123 to /127.0.0.1:1148" [_thread_in_native, id=10176, stack(0x000000001d1f0000,0x000000001d2f0000)]
  0x0000000029473800 JavaThread "Daemon Thread 22" [_thread_blocked, id=5368, stack(0x0000000001590000,0x0000000001690000)]
  0x000000002621b800 JavaThread "RMI Reaper" [_thread_blocked, id=14844, stack(0x000000001f4c0000,0x000000001f5c0000)]
  0x000000002621f000 JavaThread "GC Daemon" daemon [_thread_blocked, id=9072, stack(0x000000001f3c0000,0x000000001f4c0000)]
  0x000000001a420800 JavaThread "Cache worker for Java compile cache (C:\Users\Omid\.gradle\caches\6.5\javaCompile)" [_thread_blocked, id=13712, stack(0x0000000022700000,0x0000000022800000)]
  0x000000001a41c000 JavaThread "RMI TCP Accept-0" daemon [_thread_in_native, id=12260, stack(0x0000000021690000,0x0000000021790000)]
  0x000000001a41d800 JavaThread "RMI Scheduler(0)" daemon [_thread_blocked, id=7068, stack(0x000000001f2c0000,0x000000001f3c0000)]
  0x0000000019deb000 JavaThread "Memory manager" [_thread_blocked, id=11284, stack(0x00000000253d0000,0x00000000254d0000)]
  0x000000001b9de800 JavaThread "Cache worker for file content cache (C:\Users\Omid\.gradle\caches\6.5\fileContent)" [_thread_blocked, id=9084, stack(0x00000000205c0000,0x00000000206c0000)]
  0x000000001b9da000 JavaThread "Cache worker for execution history cache (C:\Users\Omid\.gradle\caches\6.5\executionHistory)" [_thread_blocked, id=16212, stack(0x000000001fec0000,0x000000001ffc0000)]
  0x000000001aa95800 JavaThread "Cache worker for file hash cache (C:\Users\Omid\.gradle\caches\6.5\fileHashes)" [_thread_blocked, id=16292, stack(0x000000001dcf0000,0x000000001ddf0000)]
  0x000000001aa98000 JavaThread "File lock request listener" [_thread_in_native, id=8028, stack(0x000000001dbf0000,0x000000001dcf0000)]
  0x000000001aa99800 JavaThread "Cache worker for journal cache (C:\Users\Omid\.gradle\caches\journal-1)" [_thread_blocked, id=9672, stack(0x000000001daf0000,0x000000001dbf0000)]
  0x000000001991c000 JavaThread "Daemon periodic checks" [_thread_blocked, id=11048, stack(0x000000001cef0000,0x000000001cff0000)]
  0x000000001aa89800 JavaThread "Incoming local TCP Connector on port 7123" [_thread_in_native, id=14300, stack(0x000000001ccb0000,0x000000001cdb0000)]
  0x0000000019d83000 JavaThread "Daemon health stats" [_thread_blocked, id=6880, stack(0x000000001c470000,0x000000001c570000)]
  0x0000000019709800 JavaThread "Service Thread" daemon [_thread_blocked, id=14152, stack(0x0000000019ad0000,0x0000000019bd0000)]
  0x0000000017d8b800 JavaThread "C1 CompilerThread2" daemon [_thread_blocked, id=10892, stack(0x00000000195d0000,0x00000000196d0000)]
  0x0000000017d84800 JavaThread "C2 CompilerThread1" daemon [_thread_blocked, id=7248, stack(0x00000000194d0000,0x00000000195d0000)]
=>0x0000000017d81800 JavaThread "C2 CompilerThread0" daemon [_thread_in_native, id=13720, stack(0x00000000193d0000,0x00000000194d0000)]
  0x0000000017d7f000 JavaThread "Attach Listener" daemon [_thread_blocked, id=6064, stack(0x00000000192d0000,0x00000000193d0000)]
  0x0000000017d7c000 JavaThread "Signal Dispatcher" daemon [_thread_blocked, id=7672, stack(0x00000000191d0000,0x00000000192d0000)]
  0x000000000315c000 JavaThread "Finalizer" daemon [_thread_blocked, id=8640, stack(0x0000000018fd0000,0x00000000190d0000)]
  0x0000000003153000 JavaThread "Reference Handler" daemon [_thread_blocked, id=14492, stack(0x0000000018ed0000,0x0000000018fd0000)]
  0x0000000002f5e000 JavaThread "main" [_thread_blocked, id=12840, stack(0x0000000002f60000,0x0000000003060000)]

Other Threads:
  0x0000000017d48000 VMThread [stack: 0x0000000018dd0000,0x0000000018ed0000] [id=7344]
  0x0000000017d9e800 WatcherThread [stack: 0x0000000019bd0000,0x0000000019cd0000] [id=14028]

VM state:not at safepoint (normal execution)

VM Mutex/Monitor currently owned by a thread: None

heap address: 0x0000000080000000, size: 2048 MB, Compressed Oops mode: 32-bit
Narrow klass base: 0x0000000000000000, Narrow klass shift: 3
Compressed class space size: 1073741824 Address: 0x0000000100000000

Heap:
 PSYoungGen      total 527872K, used 354072K [0x00000000d5580000, 0x00000000ff780000, 0x0000000100000000)
  eden space 472576K, 63% used [0x00000000d5580000,0x00000000e7952e88,0x00000000f2300000)
  from space 55296K, 99% used [0x00000000f2300000,0x00000000f58f32f8,0x00000000f5900000)
  to   space 108032K, 0% used [0x00000000f8e00000,0x00000000f8e00000,0x00000000ff780000)
 ParOldGen       total 620032K, used 308705K [0x0000000080000000, 0x00000000a5d80000, 0x00000000d5580000)
  object space 620032K, 49% used [0x0000000080000000,0x0000000092d786f8,0x00000000a5d80000)
 Metaspace       used 163231K, capacity 177688K, committed 177832K, reserved 1204224K
  class space    used 20944K, capacity 23622K, committed 23720K, reserved 1048576K

Card table byte_map: [0x0000000012520000,0x0000000012930000] byte_map_base: 0x0000000012120000

Marking Bits: (ParMarkBitMap*) 0x000000005db1af90
 Begin Bits: [0x0000000012fe0000, 0x0000000014fe0000)
 End Bits:   [0x0000000014fe0000, 0x0000000016fe0000)

Polling page: 0x0000000001100000

CodeCache: size=245760Kb used=131023Kb max_used=131023Kb free=114736Kb
 bounds [0x0000000003160000, 0x000000000b230000, 0x0000000012160000]
 total_blobs=35811 nmethods=35012 adapters=707
 compilation: enabled

Compilation events (10 events):
Event: 37953.866 Thread 0x0000000017d84800 56406       4       com.android.tools.r8.ir.regalloc.b::o (8 bytes)
Event: 37953.870 Thread 0x0000000017d84800 nmethod 56406 0x000000000b208490 code [0x000000000b208620, 0x000000000b208858]
Event: 37953.870 Thread 0x0000000017d84800 56403       4       com.android.tools.r8.ir.regalloc.a::g (106 bytes)
Event: 37953.958 Thread 0x0000000017d84800 nmethod 56403 0x000000000b2159d0 code [0x000000000b215ce0, 0x000000000b217860]
Event: 37953.959 Thread 0x0000000017d84800 56409       4       com.android.tools.r8.ir.regalloc.a::a (106 bytes)
Event: 37954.004 Thread 0x0000000017d84800 nmethod 56409 0x000000000b219bd0 code [0x000000000b219ec0, 0x000000000b21b300]
Event: 37954.004 Thread 0x0000000017d84800 56404       4       com.android.tools.r8.ir.optimize.Z::a (44 bytes)
Event: 37954.015 Thread 0x0000000017d84800 nmethod 56404 0x000000000b214850 code [0x000000000b214a20, 0x000000000b215098]
Event: 37954.034 Thread 0x0000000017d8b800 56410       3       com.android.tools.r8.ir.conversion.N::k (399 bytes)
Event: 37954.038 Thread 0x0000000017d8b800 nmethod 56410 0x000000000b21dad0 code [0x000000000b21dfa0, 0x000000000b220f58]

GC Heap History (10 events):
Event: 37443.174 GC heap before
{Heap before GC invocations=174 (full 22):
 PSYoungGen      total 543744K, used 543520K [0x00000000d5580000, 0x00000000ff900000, 0x0000000100000000)
  eden space 479744K, 100% used [0x00000000d5580000,0x00000000f2a00000,0x00000000f2a00000)
  from space 64000K, 99% used [0x00000000f2a00000,0x00000000f6848020,0x00000000f6880000)
  to   space 105984K, 0% used [0x00000000f9180000,0x00000000f9180000,0x00000000ff900000)
 ParOldGen       total 518656K, used 290294K [0x0000000080000000, 0x000000009fa80000, 0x00000000d5580000)
  object space 518656K, 55% used [0x0000000080000000,0x0000000091b7dba0,0x000000009fa80000)
 Metaspace       used 128419K, capacity 139572K, committed 160552K, reserved 1185792K
  class space    used 16246K, capacity 18304K, committed 23592K, reserved 1048576K
Event: 37444.851 GC heap after
Heap after GC invocations=174 (full 22):
 PSYoungGen      total 579584K, used 84672K [0x00000000d5580000, 0x0000000100000000, 0x0000000100000000)
  eden space 473600K, 0% used [0x00000000d5580000,0x00000000d5580000,0x00000000f2400000)
  from space 105984K, 79% used [0x00000000f9180000,0x00000000fe430020,0x00000000ff900000)
  to   space 112128K, 0% used [0x00000000f2400000,0x00000000f2400000,0x00000000f9180000)
 ParOldGen       total 518656K, used 351334K [0x0000000080000000, 0x000000009fa80000, 0x00000000d5580000)
  object space 518656K, 67% used [0x0000000080000000,0x0000000095719ae0,0x000000009fa80000)
 Metaspace       used 128419K, capacity 139572K, committed 160552K, reserved 1185792K
  class space    used 16246K, capacity 18304K, committed 23592K, reserved 1048576K
}
Event: 37702.065 GC heap before
{Heap before GC invocations=175 (full 22):
 PSYoungGen      total 579584K, used 558272K [0x00000000d5580000, 0x0000000100000000, 0x0000000100000000)
  eden space 473600K, 100% used [0x00000000d5580000,0x00000000f2400000,0x00000000f2400000)
  from space 105984K, 79% used [0x00000000f9180000,0x00000000fe430020,0x00000000ff900000)
  to   space 112128K, 0% used [0x00000000f2400000,0x00000000f2400000,0x00000000f9180000)
 ParOldGen       total 518656K, used 351334K [0x0000000080000000, 0x000000009fa80000, 0x00000000d5580000)
  object space 518656K, 67% used [0x0000000080000000,0x0000000095719ae0,0x000000009fa80000)
 Metaspace       used 132983K, capacity 144204K, committed 160552K, reserved 1185792K
  class space    used 16885K, capacity 18996K, committed 23592K, reserved 1048576K
Event: 37722.489 GC heap after
Heap after GC invocations=175 (full 22):
 PSYoungGen      total 585728K, used 28416K [0x00000000d5580000, 0x0000000100000000, 0x0000000100000000)
  eden space 473600K, 0% used [0x00000000d5580000,0x00000000d5580000,0x00000000f2400000)
  from space 112128K, 25% used [0x00000000f2400000,0x00000000f3fc0168,0x00000000f9180000)
  to   space 111616K, 0% used [0x00000000f9300000,0x00000000f9300000,0x0000000100000000)
 ParOldGen       total 518656K, used 429094K [0x0000000080000000, 0x000000009fa80000, 0x00000000d5580000)
  object space 518656K, 82% used [0x0000000080000000,0x000000009a309aa8,0x000000009fa80000)
 Metaspace       used 132983K, capacity 144204K, committed 160552K, reserved 1185792K
  class space    used 16885K, capacity 18996K, committed 23592K, reserved 1048576K
}
Event: 37722.560 GC heap before
{Heap before GC invocations=176 (full 23):
 PSYoungGen      total 585728K, used 28416K [0x00000000d5580000, 0x0000000100000000, 0x0000000100000000)
  eden space 473600K, 0% used [0x00000000d5580000,0x00000000d5580000,0x00000000f2400000)
  from space 112128K, 25% used [0x00000000f2400000,0x00000000f3fc0168,0x00000000f9180000)
  to   space 111616K, 0% used [0x00000000f9300000,0x00000000f9300000,0x0000000100000000)
 ParOldGen       total 518656K, used 429094K [0x0000000080000000, 0x000000009fa80000, 0x00000000d5580000)
  object space 518656K, 82% used [0x0000000080000000,0x000000009a309aa8,0x000000009fa80000)
 Metaspace       used 132983K, capacity 144204K, committed 160552K, reserved 1185792K
  class space    used 16885K, capacity 18996K, committed 23592K, reserved 1048576K
Event: 37750.748 GC heap after
Heap after GC invocations=176 (full 23):
 PSYoungGen      total 585728K, used 0K [0x00000000d5580000, 0x0000000100000000, 0x0000000100000000)
  eden space 473600K, 0% used [0x00000000d5580000,0x00000000d5580000,0x00000000f2400000)
  from space 112128K, 0% used [0x00000000f2400000,0x00000000f2400000,0x00000000f9180000)
  to   space 111616K, 0% used [0x00000000f9300000,0x00000000f9300000,0x0000000100000000)
 ParOldGen       total 620032K, used 260029K [0x0000000080000000, 0x00000000a5d80000, 0x00000000d5580000)
  object space 620032K, 41% used [0x0000000080000000,0x000000008fdef758,0x00000000a5d80000)
 Metaspace       used 128301K, capacity 139054K, committed 160552K, reserved 1185792K
  class space    used 16256K, capacity 18263K, committed 23592K, reserved 1048576K
}
Event: 37824.126 GC heap before
{Heap before GC invocations=177 (full 23):
 PSYoungGen      total 585728K, used 473600K [0x00000000d5580000, 0x0000000100000000, 0x0000000100000000)
  eden space 473600K, 100% used [0x00000000d5580000,0x00000000f2400000,0x00000000f2400000)
  from space 112128K, 0% used [0x00000000f2400000,0x00000000f2400000,0x00000000f9180000)
  to   space 111616K, 0% used [0x00000000f9300000,0x00000000f9300000,0x0000000100000000)
 ParOldGen       total 620032K, used 260029K [0x0000000080000000, 0x00000000a5d80000, 0x00000000d5580000)
  object space 620032K, 41% used [0x0000000080000000,0x000000008fdef758,0x00000000a5d80000)
 Metaspace       used 157740K, capacity 171724K, committed 172584K, reserved 1198080K
  class space    used 20227K, capacity 22814K, committed 23592K, reserved 1048576K
Event: 37826.225 GC heap after
Heap after GC invocations=177 (full 23):
 PSYoungGen      total 584192K, used 74060K [0x00000000d5580000, 0x0000000100000000, 0x0000000100000000)
  eden space 472576K, 0% used [0x00000000d5580000,0x00000000d5580000,0x00000000f2300000)
  from space 111616K, 66% used [0x00000000f9300000,0x00000000fdb53068,0x0000000100000000)
  to   space 113152K, 0% used [0x00000000f2300000,0x00000000f2300000,0x00000000f9180000)
 ParOldGen       total 620032K, used 260037K [0x0000000080000000, 0x00000000a5d80000, 0x00000000d5580000)
  object space 620032K, 41% used [0x0000000080000000,0x000000008fdf1758,0x00000000a5d80000)
 Metaspace       used 157740K, capacity 171724K, committed 172584K, reserved 1198080K
  class space    used 20227K, capacity 22814K, committed 23592K, reserved 1048576K
}
Event: 37931.114 GC heap before
{Heap before GC invocations=178 (full 23):
 PSYoungGen      total 584192K, used 546636K [0x00000000d5580000, 0x0000000100000000, 0x0000000100000000)
  eden space 472576K, 100% used [0x00000000d5580000,0x00000000f2300000,0x00000000f2300000)
  from space 111616K, 66% used [0x00000000f9300000,0x00000000fdb53068,0x0000000100000000)
  to   space 113152K, 0% used [0x00000000f2300000,0x00000000f2300000,0x00000000f9180000)
 ParOldGen       total 620032K, used 260037K [0x0000000080000000, 0x00000000a5d80000, 0x00000000d5580000)
  object space 620032K, 41% used [0x0000000080000000,0x000000008fdf1758,0x00000000a5d80000)
 Metaspace       used 161257K, capacity 175734K, committed 176296K, reserved 1202176K
  class space    used 20709K, capacity 23399K, committed 23720K, reserved 1048576K
Event: 37932.669 GC heap after
Heap after GC invocations=178 (full 23):
 PSYoungGen      total 527872K, used 55244K [0x00000000d5580000, 0x00000000ff780000, 0x0000000100000000)
  eden space 472576K, 0% used [0x00000000d5580000,0x00000000d5580000,0x00000000f2300000)
  from space 55296K, 99% used [0x00000000f2300000,0x00000000f58f32f8,0x00000000f5900000)
  to   space 108032K, 0% used [0x00000000f8e00000,0x00000000f8e00000,0x00000000ff780000)
 ParOldGen       total 620032K, used 308705K [0x0000000080000000, 0x00000000a5d80000, 0x00000000d5580000)
  object space 620032K, 49% used [0x0000000080000000,0x0000000092d786f8,0x00000000a5d80000)
 Metaspace       used 161257K, capacity 175734K, committed 176296K, reserved 1202176K
  class space    used 20709K, capacity 23399K, committed 23720K, reserved 1048576K
}

Deoptimization events (10 events):
Event: 37954.124 Thread 0x0000000019ddf000 Uncommon trap: reason=unstable_if action=reinterpret pc=0x00000000070131f8 method=com.android.tools.r8.ir.conversion.o.e(I)Lcom/android/tools/r8/graph/r; @ 4
Event: 37954.192 Thread 0x0000000019ddf000 Uncommon trap: reason=unstable_if action=reinterpret pc=0x0000000009923038 method=com.android.tools.r8.ir.conversion.o.a(Lcom/android/tools/r8/ir/conversion/N;IIZ)V @ 2
Event: 37954.221 Thread 0x0000000019ddf000 Uncommon trap: reason=unstable_if action=reinterpret pc=0x00000000073e7500 method=com.android.tools.r8.ir.conversion.o.a(Lcom/android/tools/r8/ir/conversion/N;IZ)V @ 151
Event: 37954.293 Thread 0x0000000019ddf000 Uncommon trap: reason=class_check action=maybe_recompile pc=0x0000000005b3ee84 method=com.android.tools.r8.u.b.t.size()I @ 42
Event: 37954.294 Thread 0x0000000019ddf000 Uncommon trap: reason=class_check action=maybe_recompile pc=0x0000000005b3ee84 method=com.android.tools.r8.u.b.t.size()I @ 42
Event: 37954.294 Thread 0x0000000019ddf000 Uncommon trap: reason=unstable_if action=reinterpret pc=0x000000000401c070 method=com.android.tools.r8.v.a.a.a.f.e0.isEmpty()Z @ 4
Event: 37954.357 Thread 0x0000000019ddf000 Uncommon trap: reason=unstable_if action=reinterpret pc=0x00000000082bbb24 method=com.android.tools.r8.ir.conversion.N.a(Lcom/android/tools/r8/graph/T;)Lcom/android/tools/r8/u/b/W; @ 490
Event: 37954.357 Thread 0x0000000019ddf000 Uncommon trap: reason=unstable_if action=reinterpret pc=0x0000000007225d24 method=com.android.tools.r8.ir.conversion.o.d(I)Lcom/android/tools/r8/u/b/S0; @ 3
Event: 37954.358 Thread 0x0000000019ddf000 Uncommon trap: reason=class_check action=maybe_recompile pc=0x00000000071b4014 method=com.android.tools.r8.u.b.t.size()I @ 42
Event: 37954.359 Thread 0x0000000019ddf000 Uncommon trap: reason=class_check action=maybe_recompile pc=0x00000000071b4014 method=com.android.tools.r8.u.b.t.size()I @ 42

Classes redefined (0 events):
No events

Internal exceptions (10 events):
Event: 37942.320 Thread 0x0000000019de3800 Exception <a 'sun/nio/fs/WindowsException'> (0x00000000da2eaff0) thrown at [C:\jenkins\workspace\8-2-build-windows-amd64-cygwin\jdk8u251\737\hotspot\src\share\vm\prims\jni.cpp, line 710]
Event: 37942.320 Thread 0x0000000019de3800 Exception <a 'sun/nio/fs/WindowsException'> (0x00000000da2eb970) thrown at [C:\jenkins\workspace\8-2-build-windows-amd64-cygwin\jdk8u251\737\hotspot\src\share\vm\prims\jni.cpp, line 710]
Event: 37942.562 Thread 0x000000002dfba000 Exception <a 'sun/nio/fs/WindowsException'> (0x00000000da435550) thrown at [C:\jenkins\workspace\8-2-build-windows-amd64-cygwin\jdk8u251\737\hotspot\src\share\vm\prims\jni.cpp, line 710]
Event: 37942.563 Thread 0x000000002dfba000 Exception <a 'sun/nio/fs/WindowsException'> (0x00000000da435d58) thrown at [C:\jenkins\workspace\8-2-build-windows-amd64-cygwin\jdk8u251\737\hotspot\src\share\vm\prims\jni.cpp, line 710]
Event: 37942.563 Thread 0x000000002dfba000 Exception <a 'sun/nio/fs/WindowsException'> (0x00000000da4366f0) thrown at [C:\jenkins\workspace\8-2-build-windows-amd64-cygwin\jdk8u251\737\hotspot\src\share\vm\prims\jni.cpp, line 710]
Event: 37950.546 Thread 0x000000001b9e9000 Exception <a 'sun/nio/fs/WindowsException'> (0x00000000e01831d0) thrown at [C:\jenkins\workspace\8-2-build-windows-amd64-cygwin\jdk8u251\737\hotspot\src\share\vm\prims\jni.cpp, line 710]
Event: 37950.548 Thread 0x0000000019ddf000 Exception <a 'sun/nio/fs/WindowsException'> (0x00000000e0254be8) thrown at [C:\jenkins\workspace\8-2-build-windows-amd64-cygwin\jdk8u251\737\hotspot\src\share\vm\prims\jni.cpp, line 710]
Event: 37951.423 Thread 0x000000001b9e9000 Exception <a 'sun/nio/fs/WindowsException'> (0x00000000e47bc778) thrown at [C:\jenkins\workspace\8-2-build-windows-amd64-cygwin\jdk8u251\737\hotspot\src\share\vm\prims\jni.cpp, line 710]
Event: 37951.445 Thread 0x0000000019ddf000 Exception <a 'sun/nio/fs/WindowsException'> (0x00000000e4b2df28) thrown at [C:\jenkins\workspace\8-2-build-windows-amd64-cygwin\jdk8u251\737\hotspot\src\share\vm\prims\jni.cpp, line 710]
Event: 37953.078 Thread 0x0000000019ddf000 Exception <a 'sun/nio/fs/WindowsException'> (0x00000000e5dee320) thrown at [C:\jenkins\workspace\8-2-build-windows-amd64-cygwin\jdk8u251\737\hotspot\src\share\vm\prims\jni.cpp, line 710]

Events (10 events):
Event: 37954.357 loading class com/android/tools/r8/r/n/z done
Event: 37954.358 loading class com/android/tools/r8/r/n/z
Event: 37954.358 loading class com/android/tools/r8/r/n/z done
Event: 37954.358 loading class com/android/tools/r8/r/n/z
Event: 37954.358 loading class com/android/tools/r8/r/n/z done
Event: 37954.358 Thread 0x0000000019ddf000 Uncommon trap: trap_request=0xffffffde fr.pc=0x00000000071b4014
Event: 37954.358 Thread 0x0000000019ddf000 DEOPT PACKING pc=0x00000000071b4014 sp=0x0000000036d5c110
Event: 37954.359 Thread 0x0000000019ddf000 DEOPT UNPACKING pc=0x00000000031a583b sp=0x0000000036d5bfb0 mode 2
Event: 37954.359 Thread 0x0000000019ddf000 Uncommon trap: trap_request=0xffffffde fr.pc=0x00000000071b4014
Event: 37954.359 Thread 0x0000000019ddf000 DEOPT PACKING pc=0x00000000071b4014 sp=0x0000000036d5c180


Dynamic libraries:
0x00007ff759120000 - 0x00007ff759157000 	C:\Program Files\Java\jdk1.8.0_251\bin\java.exe
0x00007fff01d40000 - 0x00007fff01f30000 	C:\Windows\SYSTEM32\ntdll.dll
0x00007fff00dc0000 - 0x00007fff00e72000 	C:\Windows\System32\KERNEL32.DLL
0x00007ffeffa10000 - 0x00007ffeffcb5000 	C:\Windows\System32\KERNELBASE.dll
0x00007fff00580000 - 0x00007fff00623000 	C:\Windows\System32\ADVAPI32.dll
0x00007fff00330000 - 0x00007fff003ce000 	C:\Windows\System32\msvcrt.dll
0x00007fff01890000 - 0x00007fff01927000 	C:\Windows\System32\sechost.dll
0x00007fff01be0000 - 0x00007fff01d00000 	C:\Windows\System32\RPCRT4.dll
0x00007fff00c20000 - 0x00007fff00db5000 	C:\Windows\System32\USER32.dll
0x00007ffeff750000 - 0x00007ffeff771000 	C:\Windows\System32\win32u.dll
0x00007fff00770000 - 0x00007fff00796000 	C:\Windows\System32\GDI32.dll
0x00007ffeff780000 - 0x00007ffeff916000 	C:\Windows\System32\gdi32full.dll
0x00007ffeff920000 - 0x00007ffeff9be000 	C:\Windows\System32\msvcp_win.dll
0x00007ffeff5a0000 - 0x00007ffeff69a000 	C:\Windows\System32\ucrtbase.dll
0x00007ffef21f0000 - 0x00007ffef2474000 	C:\Windows\WinSxS\amd64_microsoft.windows.common-controls_6595b64144ccf1df_6.0.18362.1082_none_9e8193e1e45b25c1\COMCTL32.dll
0x00007fff007a0000 - 0x00007fff00ad5000 	C:\Windows\System32\combase.dll
0x00007ffeffd20000 - 0x00007ffeffda0000 	C:\Windows\System32\bcryptPrimitives.dll
0x00007fff00630000 - 0x00007fff0065e000 	C:\Windows\System32\IMM32.DLL
0x000000005dba0000 - 0x000000005dc72000 	C:\Program Files\Java\jdk1.8.0_251\jre\bin\msvcr100.dll
0x000000005d2f0000 - 0x000000005db9b000 	C:\Program Files\Java\jdk1.8.0_251\jre\bin\server\jvm.dll
0x00007fff00e80000 - 0x00007fff00e88000 	C:\Windows\System32\PSAPI.DLL
0x00007ffef7e30000 - 0x00007ffef7e3a000 	C:\Windows\SYSTEM32\VERSION.dll
0x00007ffef1bc0000 - 0x00007ffef1be4000 	C:\Windows\SYSTEM32\WINMM.dll
0x00007ffefa660000 - 0x00007ffefa669000 	C:\Windows\SYSTEM32\WSOCK32.dll
0x00007fff01950000 - 0x00007fff019bf000 	C:\Windows\System32\WS2_32.dll
0x00007ffef1b90000 - 0x00007ffef1bbd000 	C:\Windows\SYSTEM32\winmmbase.dll
0x00007ffeffda0000 - 0x00007ffeffdea000 	C:\Windows\System32\cfgmgr32.dll
0x00007ffef7340000 - 0x00007ffef734f000 	C:\Program Files\Java\jdk1.8.0_251\jre\bin\verify.dll
0x00007ffee3b70000 - 0x00007ffee3b99000 	C:\Program Files\Java\jdk1.8.0_251\jre\bin\java.dll
0x00007ffeeea60000 - 0x00007ffeeea76000 	C:\Program Files\Java\jdk1.8.0_251\jre\bin\zip.dll
0x00007fff00e90000 - 0x00007fff01577000 	C:\Windows\System32\SHELL32.dll
0x00007fff01a40000 - 0x00007fff01ae9000 	C:\Windows\System32\shcore.dll
0x00007ffefee20000 - 0x00007ffeff5a0000 	C:\Windows\System32\windows.storage.dll
0x00007ffefeca0000 - 0x00007ffefecc3000 	C:\Windows\System32\profapi.dll
0x00007ffefec30000 - 0x00007ffefec7a000 	C:\Windows\System32\powrprof.dll
0x00007ffefec00000 - 0x00007ffefec10000 	C:\Windows\System32\UMPDC.dll
0x00007fff00710000 - 0x00007fff00762000 	C:\Windows\System32\shlwapi.dll
0x00007ffefec10000 - 0x00007ffefec21000 	C:\Windows\System32\kernel.appcore.dll
0x00007ffeff9f0000 - 0x00007ffeffa07000 	C:\Windows\System32\cryptsp.dll
0x00007ffeecec0000 - 0x00007ffeeceda000 	C:\Program Files\Java\jdk1.8.0_251\jre\bin\net.dll
0x00007ffefe3a0000 - 0x00007ffefe407000 	C:\Windows\system32\mswsock.dll
0x00007ffee7490000 - 0x00007ffee74a2000 	C:\Program Files\Java\jdk1.8.0_251\jre\bin\nio.dll
0x00007ffee4220000 - 0x00007ffee4247000 	C:\Users\Omid\.gradle\native\f6784746aeab05261644944871eae4fe03e0ef1612fff0a4a95f87b438bc6780\windows-amd64\native-platform.dll
0x00007ffef4ac0000 - 0x00007ffef4acd000 	C:\Program Files\Java\jdk1.8.0_251\jre\bin\management.dll
0x00007ffefdf20000 - 0x00007ffefdf53000 	C:\Windows\system32\rsaenh.dll
0x00007ffeff9c0000 - 0x00007ffeff9e6000 	C:\Windows\System32\bcrypt.dll
0x00007ffefeb20000 - 0x00007ffefeb45000 	C:\Windows\SYSTEM32\USERENV.dll
0x00007ffefe520000 - 0x00007ffefe52c000 	C:\Windows\SYSTEM32\CRYPTBASE.dll
0x00007ffefe0c0000 - 0x00007ffefe0fa000 	C:\Windows\SYSTEM32\IPHLPAPI.DLL
0x00007fff00bb0000 - 0x00007fff00bb8000 	C:\Windows\System32\NSI.dll
0x00007ffef9760000 - 0x00007ffef9776000 	C:\Windows\SYSTEM32\dhcpcsvc6.DLL
0x00007ffef9b60000 - 0x00007ffef9b7c000 	C:\Windows\SYSTEM32\dhcpcsvc.DLL
0x00007ffefe100000 - 0x00007ffefe1cb000 	C:\Windows\SYSTEM32\DNSAPI.dll
0x00007ffef9bf0000 - 0x00007ffef9bfb000 	C:\Windows\SYSTEM32\WINNSI.DLL
0x00007ffee48a0000 - 0x00007ffee48be000 	C:\Users\Omid\AppData\Local\Temp\native-platform1435369049015896645dir\native-platform.dll

VM Arguments:
jvm_args: -Xmx2048m -Dfile.encoding=windows-1252 -Duser.country=US -Duser.language=en -Duser.variant 
java_command: org.gradle.launcher.daemon.bootstrap.GradleDaemon 6.5
java_class_path (initial): C:\Users\Omid\.gradle\wrapper\dists\gradle-6.5-all\2oz4ud9k3tuxjg84bbf55q0tn\gradle-6.5\lib\gradle-launcher-6.5.jar
Launcher Type: SUN_STANDARD

Environment Variables:
JAVA_HOME=C:\Program Files\Java\jdk-14.0.1
PATH=C:\Program Files (x86)\Common Files\Oracle\Java\javapath;C:\Windows\system32;C:\Windows;C:\Windows\System32\Wbem;C:\Windows\System32\WindowsPowerShell\v1.0\;C:\Windows\System32\OpenSSH\;C:\Program Files\Java\jdk-14.0.1\bin;F:\Android\android-sdk\platform-tools;F:\Android\android-sdk\tools;C:\Program Files\Git\cmd;D:\FlutterSdk\flutter\bin;C:\Program Files\SourceGear\Common\DiffMerge\;C:\Program Files\Docker\Docker\resources\bin;C:\ProgramData\DockerDesktop\version-bin;C:\Users\Omid\AppData\Local\Microsoft\WindowsApps;
USERNAME=Omid
OS=Windows_NT
PROCESSOR_IDENTIFIER=Intel64 Family 6 Model 58 Stepping 9, GenuineIntel



---------------  S Y S T E M  ---------------

OS: Windows 10.0 , 64 bit Build 18362 (10.0.18362.1082)

CPU:total 4 (initial active 4) (2 cores per cpu, 2 threads per core) family 6 model 58 stepping 9, cmov, cx8, fxsr, mmx, sse, sse2, sse3, ssse3, sse4.1, sse4.2, popcnt, avx, aes, clmul, erms, ht, tsc, tscinvbit, tscinv

Memory: 4k page, physical 6174296k(364224k free), swap 18929492k(3828k free)

vm_info: Java HotSpot(TM) 64-Bit Server VM (25.251-b08) for windows-amd64 JRE (1.8.0_251-b08), built on Mar 12 2020 06:31:49 by "" with MS VC++ 10.0 (VS2010)

time: Mon Sep 14 00:04:54 2020
timezone: Iran Daylight Time
elapsed time: 37955 seconds (0d 10h 32m 35s)

