#
# There is insufficient memory for the Java Runtime Environment to continue.
# Native memory allocation (malloc) failed to allocate 1489680 bytes for Chunk::new
# Possible reasons:
#   The system is out of physical RAM or swap space
#   The process is running with CompressedOops enabled, and the Java Heap may be blocking the growth of the native heap
# Possible solutions:
#   Reduce memory load on the system
#   Increase physical memory or swap space
#   Check if swap backing store is full
#   Decrease Java heap size (-Xmx/-Xms)
#   Decrease number of Java threads
#   Decrease Java thread stack sizes (-Xss)
#   Set larger code cache with -XX:ReservedCodeCacheSize=
#   JVM is running with Unscaled Compressed Oops mode in which the Java heap is
#     placed in the first 4GB address space. The Java Heap base address is the
#     maximum limit for the native heap growth. Please use -XX:HeapBaseMinAddress
#     to set the Java Heap base and to place the Java Heap above 4GB virtual address.
# This output file may be truncated or incomplete.
#
#  Out of Memory Error (./open/src/hotspot/share/memory/arena.cpp:195), pid=13168, tid=3976
#
# JRE version: Java(TM) SE Runtime Environment (14.0.1+7) (build 14.0.1+7)
# Java VM: Java HotSpot(TM) 64-Bit Server VM (14.0.1+7, mixed mode, sharing, tiered, compressed oops, g1 gc, windows-amd64)
# No core dump will be written. Minidumps are not enabled by default on client versions of Windows
#

---------------  S U M M A R Y ------------

Command Line: --add-opens=java.base/java.util=ALL-UNNAMED --add-opens=java.base/java.lang=ALL-UNNAMED --add-opens=java.base/java.lang.invoke=ALL-UNNAMED --add-opens=java.prefs/java.util.prefs=ALL-UNNAMED -Xmx2048m -Dfile.encoding=windows-1252 -Duser.country=US -Duser.language=en -Duser.variant org.gradle.launcher.daemon.bootstrap.GradleDaemon 6.5

Host: Intel(R) Core(TM) i5-3337U CPU @ 1.80GHz, 4 cores, 5G,  Windows 10 , 64 bit Build 18362 (10.0.18362.900)
Time: Tue Jun 16 11:15:28 2020 Iran Daylight Time elapsed time: 104 seconds (0d 0h 1m 44s)

---------------  T H R E A D  ---------------

Current thread (0x0000021b7f2e4000):  JavaThread "C2 CompilerThread0" daemon [_thread_in_native, id=3976, stack(0x000000a82a400000,0x000000a82a500000)]


Current CompileTask:
C2: 104966 13304       4       org.codehaus.groovy.runtime.metaclass.MetaMethodIndex::isMatchingMethod (65 bytes)

Stack: [0x000000a82a400000,0x000000a82a500000]
Native frames: (J=compiled Java code, j=interpreted, Vv=VM code, C=native code)
V  [jvm.dll+0x5f840a]
V  [jvm.dll+0x741e4a]
V  [jvm.dll+0x7435ff]
V  [jvm.dll+0x743c43]
V  [jvm.dll+0x20d288]
V  [jvm.dll+0xabb07]
V  [jvm.dll+0xac1fc]
V  [jvm.dll+0x31c4c5]
V  [jvm.dll+0x18ce00]
V  [jvm.dll+0x1e5efa]
V  [jvm.dll+0x1e50b8]
V  [jvm.dll+0x1779cc]
V  [jvm.dll+0x1f4105]
V  [jvm.dll+0x1f22eb]
V  [jvm.dll+0x706a9d]
V  [jvm.dll+0x6ff8ba]
V  [jvm.dll+0x5f72c6]
C  [ucrtbase.dll+0x20e82]
C  [KERNEL32.DLL+0x17bd4]
C  [ntdll.dll+0x6ce51]


---------------  P R O C E S S  ---------------

Threads class SMR info:
_java_thread_list=0x0000021b0747b7c0, length=154, elements={
0x0000021b66a5c800, 0x0000021b7f2b7000, 0x0000021b7f2b8800, 0x0000021b7f2d6000,
0x0000021b7f2d9000, 0x0000021b7f2da000, 0x0000021b7f2e4000, 0x0000021b7f2ea800,
0x0000021b7f2f0000, 0x0000021b060fb800, 0x0000021b0613f000, 0x0000021b06716800,
0x0000021b06673000, 0x0000021b06297800, 0x0000021b07835000, 0x0000021b067c3800,
0x0000021b067c4000, 0x0000021b07891800, 0x0000021b06813000, 0x0000021b06814000,
0x0000021b078a8000, 0x0000021b078a9000, 0x0000021b078a9800, 0x0000021b078a5800,
0x0000021b078aa800, 0x0000021b078a6800, 0x0000021b078a5000, 0x0000021b078ab800,
0x0000021b078a7800, 0x0000021b06093800, 0x0000021b06097800, 0x0000021b06098000,
0x0000021b06099000, 0x0000021b0609a000, 0x0000021b06096800, 0x0000021b06094000,
0x0000021b0609a800, 0x0000021b06095000, 0x0000021b0609b800, 0x0000021b06096000,
0x0000021b0609d000, 0x0000021b0609f800, 0x0000021b0609e000, 0x0000021b0609f000,
0x0000021b060a0800, 0x0000021b0609c800, 0x0000021b060a1000, 0x0000021b09115000,
0x0000021b0911a000, 0x0000021b09116000, 0x0000021b0911b000, 0x0000021b0911c800,
0x0000021b0911b800, 0x0000021b09119800, 0x0000021b09117000, 0x0000021b09117800,
0x0000021b0911d800, 0x0000021b0911e000, 0x0000021b09118800, 0x0000021b09120000,
0x0000021b09120800, 0x0000021b09122800, 0x0000021b09121800, 0x0000021b09123000,
0x0000021b09124000, 0x0000021b09f90000, 0x0000021b09f8f800, 0x0000021b09f8e800,
0x0000021b09f96000, 0x0000021b09f96800, 0x0000021b09f91000, 0x0000021b09f92000,
0x0000021b09f8d800, 0x0000021b09f92800, 0x0000021b09f8d000, 0x0000021b09f97800,
0x0000021b09f98800, 0x0000021b09f99000, 0x0000021b09f93800, 0x0000021b09f9a000,
0x0000021b09f94800, 0x0000021b09f95000, 0x0000021b09f9b000, 0x0000021b09f9b800,
0x0000021b0911f000, 0x0000021b06092800, 0x0000021b0a2c3000, 0x0000021b0a2c0800,
0x0000021b0a2c2800, 0x0000021b0a2c0000, 0x0000021b0a2be800, 0x0000021b0a2c1800,
0x0000021b0a2c4000, 0x0000021b0a2c5000, 0x0000021b0a2bf000, 0x0000021b0a2c7800,
0x0000021b0a2c9800, 0x0000021b0a2cb800, 0x0000021b0a2c6800, 0x0000021b0a2ca800,
0x0000021b0a2c5800, 0x0000021b0a2cc000, 0x0000021b0a2cd000, 0x0000021b0a2c8000,
0x0000021b0a2c9000, 0x0000021b0a7b5800, 0x0000021b0a7b8000, 0x0000021b0a7b3800,
0x0000021b0a7b6800, 0x0000021b0a7b9000, 0x0000021b0a7b5000, 0x0000021b0a7b7800,
0x0000021b0a7ba000, 0x0000021b0a7b4000, 0x0000021b0a7bb800, 0x0000021b0a7c0800,
0x0000021b0a7bd000, 0x0000021b0a7bc800, 0x0000021b0a7be000, 0x0000021b0a7be800,
0x0000021b0a7bf800, 0x0000021b0a7ba800, 0x0000021b0a7c1000, 0x0000021b0a7c2000,
0x0000021b08265000, 0x0000021b08266800, 0x0000021b08267800, 0x0000021b08261800,
0x0000021b08266000, 0x0000021b08268800, 0x0000021b08262800, 0x0000021b08263800,
0x0000021b08269000, 0x0000021b0826a000, 0x0000021b08264000, 0x0000021b0826f800,
0x0000021b0826c800, 0x0000021b0826b800, 0x0000021b0826d000, 0x0000021b08270800,
0x0000021b0826e000, 0x0000021b0826f000, 0x0000021b0826a800, 0x0000021b07492000,
0x0000021b07493800, 0x0000021b07494800, 0x0000021b07497800, 0x0000021b07497000,
0x0000021b07496000, 0x0000021b07495000, 0x0000021b07498800, 0x0000021b07492800,
0x0000021b0749b800, 0x0000021b07499800
}

Java Threads: ( => current thread )
  0x0000021b66a5c800 JavaThread "main" [_thread_blocked, id=3312, stack(0x000000a829800000,0x000000a829900000)]
  0x0000021b7f2b7000 JavaThread "Reference Handler" daemon [_thread_blocked, id=15000, stack(0x000000a829f00000,0x000000a82a000000)]
  0x0000021b7f2b8800 JavaThread "Finalizer" daemon [_thread_blocked, id=3760, stack(0x000000a82a000000,0x000000a82a100000)]
  0x0000021b7f2d6000 JavaThread "Signal Dispatcher" daemon [_thread_blocked, id=11312, stack(0x000000a82a100000,0x000000a82a200000)]
  0x0000021b7f2d9000 JavaThread "Attach Listener" daemon [_thread_blocked, id=12648, stack(0x000000a82a200000,0x000000a82a300000)]
  0x0000021b7f2da000 JavaThread "Service Thread" daemon [_thread_blocked, id=14824, stack(0x000000a82a300000,0x000000a82a400000)]
=>0x0000021b7f2e4000 JavaThread "C2 CompilerThread0" daemon [_thread_in_native, id=3976, stack(0x000000a82a400000,0x000000a82a500000)]
  0x0000021b7f2ea800 JavaThread "C1 CompilerThread0" daemon [_thread_blocked, id=13144, stack(0x000000a82a500000,0x000000a82a600000)]
  0x0000021b7f2f0000 JavaThread "Sweeper thread" daemon [_thread_blocked, id=2868, stack(0x000000a82a600000,0x000000a82a700000)]
  0x0000021b060fb800 JavaThread "Common-Cleaner" daemon [_thread_blocked, id=948, stack(0x000000a82a700000,0x000000a82a800000)]
  0x0000021b0613f000 JavaThread "Notification Thread" daemon [_thread_blocked, id=12624, stack(0x000000a82a800000,0x000000a82a900000)]
  0x0000021b06716800 JavaThread "Daemon health stats" [_thread_blocked, id=1608, stack(0x000000a82ab00000,0x000000a82ac00000)]
  0x0000021b06673000 JavaThread "Incoming local TCP Connector on port 6246" [_thread_in_native, id=8728, stack(0x000000a82ae00000,0x000000a82af00000)]
  0x0000021b06297800 JavaThread "Daemon periodic checks" [_thread_blocked, id=11088, stack(0x000000a82af00000,0x000000a82b000000)]
  0x0000021b07835000 JavaThread "Daemon" [_thread_blocked, id=13944, stack(0x000000a82b000000,0x000000a82b100000)]
  0x0000021b067c3800 JavaThread "Handler for socket connection from /127.0.0.1:6246 to /127.0.0.1:6247" [_thread_in_native, id=14404, stack(0x000000a82b100000,0x000000a82b200000)]
  0x0000021b067c4000 JavaThread "Cancel handler" [_thread_blocked, id=8968, stack(0x000000a82b200000,0x000000a82b300000)]
  0x0000021b07891800 JavaThread "Daemon worker" [_thread_in_native, id=9220, stack(0x000000a82b300000,0x000000a82b400000)]
  0x0000021b06813000 JavaThread "Asynchronous log dispatcher for DefaultDaemonConnection: socket connection from /127.0.0.1:6246 to /127.0.0.1:6247" [_thread_blocked, id=13200, stack(0x000000a82b400000,0x000000a82b500000)]
  0x0000021b06814000 JavaThread "Stdin handler" [_thread_blocked, id=1464, stack(0x000000a82b500000,0x000000a82b600000)]
  0x0000021b078a8000 JavaThread "Thread-8" [_thread_blocked, id=12696, stack(0x000000a82b600000,0x000000a82b700000)]
  0x0000021b078a9000 JavaThread "Cache worker for journal cache (C:\Users\Omid\.gradle\caches\journal-1)" [_thread_blocked, id=5268, stack(0x000000a82b700000,0x000000a82b800000)]
  0x0000021b078a9800 JavaThread "File lock request listener" [_thread_in_native, id=1592, stack(0x000000a82b800000,0x000000a82b900000)]
  0x0000021b078a5800 JavaThread "Cache worker for file hash cache (C:\Users\Omid\.gradle\caches\6.5\fileHashes)" [_thread_blocked, id=8716, stack(0x000000a82b900000,0x000000a82ba00000)]
  0x0000021b078aa800 JavaThread "Cache worker for file hash cache (E:\Android_Stadio_Rep\Kotlin\Movotlin\.gradle\6.5\fileHashes)" [_thread_blocked, id=12100, stack(0x000000a82bc00000,0x000000a82bd00000)]
  0x0000021b078a6800 JavaThread "Cache worker for checksums cache (E:\Android_Stadio_Rep\Kotlin\Movotlin\.gradle\checksums)" [_thread_blocked, id=11112, stack(0x000000a82bd00000,0x000000a82be00000)]
  0x0000021b078a5000 JavaThread "Cache worker for cache directory md-supplier (C:\Users\Omid\.gradle\caches\6.5\md-supplier)" [_thread_blocked, id=9164, stack(0x000000a82be00000,0x000000a82bf00000)]
  0x0000021b078ab800 JavaThread "Cache worker for cache directory md-rule (C:\Users\Omid\.gradle\caches\6.5\md-rule)" [_thread_blocked, id=13360, stack(0x000000a82bf00000,0x000000a82c000000)]
  0x0000021b078a7800 JavaThread "Cache worker for execution history cache (C:\Users\Omid\.gradle\caches\6.5\executionHistory)" [_thread_blocked, id=15340, stack(0x000000a82c000000,0x000000a82c100000)]
  0x0000021b06093800 JavaThread "jar transforms" [_thread_blocked, id=10176, stack(0x000000a82c100000,0x000000a82c200000)]
  0x0000021b06097800 JavaThread "Cache worker for file content cache (C:\Users\Omid\.gradle\caches\6.5\fileContent)" [_thread_blocked, id=10248, stack(0x000000a82c200000,0x000000a82c300000)]
  0x0000021b06098000 JavaThread "Build operations" [_thread_blocked, id=10420, stack(0x000000a82c400000,0x000000a82c500000)]
  0x0000021b06099000 JavaThread "Build operations Thread 2" [_thread_blocked, id=8756, stack(0x000000a82c500000,0x000000a82c600000)]
  0x0000021b0609a000 JavaThread "Build operations Thread 3" [_thread_blocked, id=10632, stack(0x000000a82c600000,0x000000a82c700000)]
  0x0000021b06096800 JavaThread "Build operations Thread 4" [_thread_blocked, id=14880, stack(0x000000a82c700000,0x000000a82c800000)]
  0x0000021b06094000 JavaThread "jar transforms Thread 2" [_thread_blocked, id=4120, stack(0x000000a82c800000,0x000000a82c900000)]
  0x0000021b0609a800 JavaThread "jar transforms Thread 3" [_thread_blocked, id=10172, stack(0x000000a82c900000,0x000000a82ca00000)]
  0x0000021b06095000 JavaThread "jar transforms Thread 4" [_thread_blocked, id=3464, stack(0x000000a82ca00000,0x000000a82cb00000)]
  0x0000021b0609b800 JavaThread "jar transforms Thread 5" [_thread_blocked, id=9868, stack(0x000000a82cb00000,0x000000a82cc00000)]
  0x0000021b06096000 JavaThread "jar transforms Thread 6" [_thread_blocked, id=13112, stack(0x000000a82cc00000,0x000000a82cd00000)]
  0x0000021b0609d000 JavaThread "jar transforms Thread 7" [_thread_blocked, id=12108, stack(0x000000a82cd00000,0x000000a82ce00000)]
  0x0000021b0609f800 JavaThread "jar transforms Thread 8" [_thread_blocked, id=11952, stack(0x000000a82ce00000,0x000000a82cf00000)]
  0x0000021b0609e000 JavaThread "jar transforms Thread 9" [_thread_blocked, id=7480, stack(0x000000a82cf00000,0x000000a82d000000)]
  0x0000021b0609f000 JavaThread "jar transforms Thread 10" [_thread_blocked, id=8932, stack(0x000000a82d000000,0x000000a82d100000)]
  0x0000021b060a0800 JavaThread "jar transforms Thread 11" [_thread_blocked, id=4240, stack(0x000000a82d100000,0x000000a82d200000)]
  0x0000021b0609c800 JavaThread "jar transforms Thread 12" [_thread_blocked, id=7852, stack(0x000000a82d200000,0x000000a82d300000)]
  0x0000021b060a1000 JavaThread "jar transforms Thread 13" [_thread_blocked, id=12388, stack(0x000000a82d300000,0x000000a82d400000)]
  0x0000021b09115000 JavaThread "jar transforms Thread 14" [_thread_blocked, id=2616, stack(0x000000a82d400000,0x000000a82d500000)]
  0x0000021b0911a000 JavaThread "jar transforms Thread 15" [_thread_blocked, id=2180, stack(0x000000a82d500000,0x000000a82d600000)]
  0x0000021b09116000 JavaThread "jar transforms Thread 16" [_thread_blocked, id=13916, stack(0x000000a82d600000,0x000000a82d700000)]
  0x0000021b0911b000 JavaThread "jar transforms Thread 17" [_thread_blocked, id=6760, stack(0x000000a82d700000,0x000000a82d800000)]
  0x0000021b0911c800 JavaThread "jar transforms Thread 18" [_thread_blocked, id=3968, stack(0x000000a82d800000,0x000000a82d900000)]
  0x0000021b0911b800 JavaThread "jar transforms Thread 19" [_thread_blocked, id=14544, stack(0x000000a82d900000,0x000000a82da00000)]
  0x0000021b09119800 JavaThread "jar transforms Thread 20" [_thread_blocked, id=10904, stack(0x000000a82da00000,0x000000a82db00000)]
  0x0000021b09117000 JavaThread "jar transforms Thread 21" [_thread_blocked, id=8132, stack(0x000000a82db00000,0x000000a82dc00000)]
  0x0000021b09117800 JavaThread "jar transforms Thread 22" [_thread_blocked, id=7284, stack(0x000000a82dc00000,0x000000a82dd00000)]
  0x0000021b0911d800 JavaThread "jar transforms Thread 23" [_thread_blocked, id=14852, stack(0x000000a82dd00000,0x000000a82de00000)]
  0x0000021b0911e000 JavaThread "jar transforms Thread 24" [_thread_blocked, id=9560, stack(0x000000a82de00000,0x000000a82df00000)]
  0x0000021b09118800 JavaThread "jar transforms Thread 25" [_thread_blocked, id=5612, stack(0x000000a82df00000,0x000000a82e000000)]
  0x0000021b09120000 JavaThread "jar transforms Thread 26" [_thread_blocked, id=9252, stack(0x000000a82e000000,0x000000a82e100000)]
  0x0000021b09120800 JavaThread "jar transforms Thread 27" [_thread_blocked, id=12608, stack(0x000000a82e100000,0x000000a82e200000)]
  0x0000021b09122800 JavaThread "jar transforms Thread 28" [_thread_blocked, id=10020, stack(0x000000a82e200000,0x000000a82e300000)]
  0x0000021b09121800 JavaThread "jar transforms Thread 29" [_thread_blocked, id=9016, stack(0x000000a82e300000,0x000000a82e400000)]
  0x0000021b09123000 JavaThread "jar transforms Thread 30" [_thread_blocked, id=2400, stack(0x000000a82e400000,0x000000a82e500000)]
  0x0000021b09124000 JavaThread "Memory manager" [_thread_blocked, id=7964, stack(0x000000a82e500000,0x000000a82e600000)]
  0x0000021b09f90000 JavaThread "RMI Scheduler(0)" daemon [_thread_blocked, id=8424, stack(0x000000a829700000,0x000000a829800000)]
  0x0000021b09f8f800 JavaThread "RMI RenewClean-[127.0.0.1:17644,org.jetbrains.kotlin.daemon.common.LoopbackNetworkInterface$ClientLoopbackSocketFactory@32cabd1b]" daemon [_thread_blocked, id=11360, stack(0x000000a82eb00000,0x000000a82ec00000)]
  0x0000021b09f8e800 JavaThread "RMI GC Daemon" daemon [_thread_blocked, id=10016, stack(0x000000a82ec00000,0x000000a82ed00000)]
  0x0000021b09f96000 JavaThread "RMI TCP Accept-0" daemon [_thread_in_native, id=864, stack(0x000000a82ee00000,0x000000a82ef00000)]
  0x0000021b09f96800 JavaThread "RMI Reaper" [_thread_blocked, id=3600, stack(0x000000a82ef00000,0x000000a82f000000)]
  0x0000021b09f91000 JavaThread "RMI TCP Connection(idle)" daemon [_thread_blocked, id=9396, stack(0x000000a82f000000,0x000000a82f100000)]
  0x0000021b09f92000 JavaThread "jar transforms Thread 31" [_thread_blocked, id=10732, stack(0x000000a829500000,0x000000a829600000)]
  0x0000021b09f8d800 JavaThread "jar transforms Thread 32" [_thread_blocked, id=11924, stack(0x000000a829600000,0x000000a829700000)]
  0x0000021b09f92800 JavaThread "jar transforms Thread 33" [_thread_blocked, id=4288, stack(0x000000a82c300000,0x000000a82c400000)]
  0x0000021b09f8d000 JavaThread "jar transforms Thread 34" [_thread_blocked, id=860, stack(0x000000a82e600000,0x000000a82e700000)]
  0x0000021b09f97800 JavaThread "jar transforms Thread 35" [_thread_blocked, id=7328, stack(0x000000a82e700000,0x000000a82e800000)]
  0x0000021b09f98800 JavaThread "jar transforms Thread 36" [_thread_blocked, id=8548, stack(0x000000a82e800000,0x000000a82e900000)]
  0x0000021b09f99000 JavaThread "jar transforms Thread 37" [_thread_blocked, id=3196, stack(0x000000a82e900000,0x000000a82ea00000)]
  0x0000021b09f93800 JavaThread "jar transforms Thread 38" [_thread_blocked, id=13720, stack(0x000000a82ea00000,0x000000a82eb00000)]
  0x0000021b09f9a000 JavaThread "jar transforms Thread 39" [_thread_blocked, id=12616, stack(0x000000a82ed00000,0x000000a82ee00000)]
  0x0000021b09f94800 JavaThread "jar transforms Thread 40" [_thread_blocked, id=10988, stack(0x000000a82f100000,0x000000a82f200000)]
  0x0000021b09f95000 JavaThread "jar transforms Thread 41" [_thread_blocked, id=13692, stack(0x000000a82f200000,0x000000a82f300000)]
  0x0000021b09f9b000 JavaThread "jar transforms Thread 42" [_thread_blocked, id=1572, stack(0x000000a82f300000,0x000000a82f400000)]
  0x0000021b09f9b800 JavaThread "jar transforms Thread 43" [_thread_blocked, id=6928, stack(0x000000a82f400000,0x000000a82f500000)]
  0x0000021b0911f000 JavaThread "jar transforms Thread 44" [_thread_blocked, id=1184, stack(0x000000a82f500000,0x000000a82f600000)]
  0x0000021b06092800 JavaThread "jar transforms Thread 45" [_thread_blocked, id=10716, stack(0x000000a82f600000,0x000000a82f700000)]
  0x0000021b0a2c3000 JavaThread "jar transforms Thread 46" [_thread_blocked, id=7684, stack(0x000000a82f700000,0x000000a82f800000)]
  0x0000021b0a2c0800 JavaThread "jar transforms Thread 47" [_thread_blocked, id=11768, stack(0x000000a82f800000,0x000000a82f900000)]
  0x0000021b0a2c2800 JavaThread "jar transforms Thread 48" [_thread_blocked, id=904, stack(0x000000a82f900000,0x000000a82fa00000)]
  0x0000021b0a2c0000 JavaThread "jar transforms Thread 49" [_thread_blocked, id=12372, stack(0x000000a82fa00000,0x000000a82fb00000)]
  0x0000021b0a2be800 JavaThread "jar transforms Thread 50" [_thread_blocked, id=12464, stack(0x000000a82fb00000,0x000000a82fc00000)]
  0x0000021b0a2c1800 JavaThread "jar transforms Thread 51" [_thread_blocked, id=12180, stack(0x000000a82fc00000,0x000000a82fd00000)]
  0x0000021b0a2c4000 JavaThread "jar transforms Thread 52" [_thread_blocked, id=7928, stack(0x000000a82fd00000,0x000000a82fe00000)]
  0x0000021b0a2c5000 JavaThread "jar transforms Thread 53" [_thread_blocked, id=10216, stack(0x000000a82fe00000,0x000000a82ff00000)]
  0x0000021b0a2bf000 JavaThread "jar transforms Thread 54" [_thread_blocked, id=12104, stack(0x000000a82ff00000,0x000000a830000000)]
  0x0000021b0a2c7800 JavaThread "jar transforms Thread 55" [_thread_blocked, id=11128, stack(0x000000a830000000,0x000000a830100000)]
  0x0000021b0a2c9800 JavaThread "jar transforms Thread 56" [_thread_blocked, id=4996, stack(0x000000a830100000,0x000000a830200000)]
  0x0000021b0a2cb800 JavaThread "jar transforms Thread 57" [_thread_blocked, id=11416, stack(0x000000a830200000,0x000000a830300000)]
  0x0000021b0a2c6800 JavaThread "jar transforms Thread 58" [_thread_blocked, id=14468, stack(0x000000a830300000,0x000000a830400000)]
  0x0000021b0a2ca800 JavaThread "jar transforms Thread 59" [_thread_blocked, id=14672, stack(0x000000a830400000,0x000000a830500000)]
  0x0000021b0a2c5800 JavaThread "jar transforms Thread 60" [_thread_blocked, id=9128, stack(0x000000a830500000,0x000000a830600000)]
  0x0000021b0a2cc000 JavaThread "jar transforms Thread 61" [_thread_blocked, id=3824, stack(0x000000a830600000,0x000000a830700000)]
  0x0000021b0a2cd000 JavaThread "jar transforms Thread 62" [_thread_blocked, id=8832, stack(0x000000a830700000,0x000000a830800000)]
  0x0000021b0a2c8000 JavaThread "jar transforms Thread 63" [_thread_blocked, id=7872, stack(0x000000a830800000,0x000000a830900000)]
  0x0000021b0a2c9000 JavaThread "jar transforms Thread 64" [_thread_blocked, id=13440, stack(0x000000a830900000,0x000000a830a00000)]
  0x0000021b0a7b5800 JavaThread "jar transforms Thread 65" [_thread_blocked, id=5076, stack(0x000000a830a00000,0x000000a830b00000)]
  0x0000021b0a7b8000 JavaThread "jar transforms Thread 66" [_thread_blocked, id=11544, stack(0x000000a830b00000,0x000000a830c00000)]
  0x0000021b0a7b3800 JavaThread "jar transforms Thread 67" [_thread_blocked, id=1576, stack(0x000000a830c00000,0x000000a830d00000)]
  0x0000021b0a7b6800 JavaThread "jar transforms Thread 68" [_thread_blocked, id=7752, stack(0x000000a830d00000,0x000000a830e00000)]
  0x0000021b0a7b9000 JavaThread "jar transforms Thread 69" [_thread_blocked, id=3884, stack(0x000000a830e00000,0x000000a830f00000)]
  0x0000021b0a7b5000 JavaThread "jar transforms Thread 70" [_thread_blocked, id=7392, stack(0x000000a830f00000,0x000000a831000000)]
  0x0000021b0a7b7800 JavaThread "jar transforms Thread 71" [_thread_blocked, id=9528, stack(0x000000a831000000,0x000000a831100000)]
  0x0000021b0a7ba000 JavaThread "jar transforms Thread 72" [_thread_blocked, id=10796, stack(0x000000a831100000,0x000000a831200000)]
  0x0000021b0a7b4000 JavaThread "jar transforms Thread 73" [_thread_blocked, id=9736, stack(0x000000a831200000,0x000000a831300000)]
  0x0000021b0a7bb800 JavaThread "jar transforms Thread 74" [_thread_blocked, id=14580, stack(0x000000a831300000,0x000000a831400000)]
  0x0000021b0a7c0800 JavaThread "jar transforms Thread 75" [_thread_blocked, id=13316, stack(0x000000a831400000,0x000000a831500000)]
  0x0000021b0a7bd000 JavaThread "jar transforms Thread 76" [_thread_blocked, id=11976, stack(0x000000a831500000,0x000000a831600000)]
  0x0000021b0a7bc800 JavaThread "jar transforms Thread 77" [_thread_blocked, id=3388, stack(0x000000a831600000,0x000000a831700000)]
  0x0000021b0a7be000 JavaThread "jar transforms Thread 78" [_thread_blocked, id=14684, stack(0x000000a831700000,0x000000a831800000)]
  0x0000021b0a7be800 JavaThread "jar transforms Thread 79" [_thread_blocked, id=6656, stack(0x000000a831800000,0x000000a831900000)]
  0x0000021b0a7bf800 JavaThread "jar transforms Thread 80" [_thread_blocked, id=536, stack(0x000000a831900000,0x000000a831a00000)]
  0x0000021b0a7ba800 JavaThread "jar transforms Thread 81" [_thread_blocked, id=15028, stack(0x000000a831a00000,0x000000a831b00000)]
  0x0000021b0a7c1000 JavaThread "jar transforms Thread 82" [_thread_blocked, id=908, stack(0x000000a831b00000,0x000000a831c00000)]
  0x0000021b0a7c2000 JavaThread "jar transforms Thread 83" [_thread_blocked, id=3676, stack(0x000000a831c00000,0x000000a831d00000)]
  0x0000021b08265000 JavaThread "jar transforms Thread 84" [_thread_blocked, id=8136, stack(0x000000a831d00000,0x000000a831e00000)]
  0x0000021b08266800 JavaThread "jar transforms Thread 85" [_thread_blocked, id=7760, stack(0x000000a831e00000,0x000000a831f00000)]
  0x0000021b08267800 JavaThread "jar transforms Thread 86" [_thread_blocked, id=10168, stack(0x000000a831f00000,0x000000a832000000)]
  0x0000021b08261800 JavaThread "jar transforms Thread 87" [_thread_blocked, id=5068, stack(0x000000a832000000,0x000000a832100000)]
  0x0000021b08266000 JavaThread "jar transforms Thread 88" [_thread_blocked, id=11292, stack(0x000000a832100000,0x000000a832200000)]
  0x0000021b08268800 JavaThread "jar transforms Thread 89" [_thread_blocked, id=9336, stack(0x000000a832200000,0x000000a832300000)]
  0x0000021b08262800 JavaThread "jar transforms Thread 90" [_thread_blocked, id=8204, stack(0x000000a832300000,0x000000a832400000)]
  0x0000021b08263800 JavaThread "jar transforms Thread 91" [_thread_blocked, id=14160, stack(0x000000a832400000,0x000000a832500000)]
  0x0000021b08269000 JavaThread "jar transforms Thread 92" [_thread_blocked, id=7632, stack(0x000000a832500000,0x000000a832600000)]
  0x0000021b0826a000 JavaThread "jar transforms Thread 93" [_thread_blocked, id=8380, stack(0x000000a832600000,0x000000a832700000)]
  0x0000021b08264000 JavaThread "jar transforms Thread 94" [_thread_blocked, id=7080, stack(0x000000a832700000,0x000000a832800000)]
  0x0000021b0826f800 JavaThread "jar transforms Thread 95" [_thread_blocked, id=6844, stack(0x000000a832800000,0x000000a832900000)]
  0x0000021b0826c800 JavaThread "jar transforms Thread 96" [_thread_blocked, id=12252, stack(0x000000a832900000,0x000000a832a00000)]
  0x0000021b0826b800 JavaThread "jar transforms Thread 97" [_thread_blocked, id=6348, stack(0x000000a832a00000,0x000000a832b00000)]
  0x0000021b0826d000 JavaThread "jar transforms Thread 98" [_thread_blocked, id=10932, stack(0x000000a832b00000,0x000000a832c00000)]
  0x0000021b08270800 JavaThread "jar transforms Thread 99" [_thread_blocked, id=6932, stack(0x000000a832c00000,0x000000a832d00000)]
  0x0000021b0826e000 JavaThread "jar transforms Thread 100" [_thread_blocked, id=2592, stack(0x000000a832d00000,0x000000a832e00000)]
  0x0000021b0826f000 JavaThread "jar transforms Thread 101" [_thread_blocked, id=1968, stack(0x000000a832e00000,0x000000a832f00000)]
  0x0000021b0826a800 JavaThread "jar transforms Thread 102" [_thread_blocked, id=3972, stack(0x000000a832f00000,0x000000a833000000)]
  0x0000021b07492000 JavaThread "jar transforms Thread 103" [_thread_blocked, id=11688, stack(0x000000a833000000,0x000000a833100000)]
  0x0000021b07493800 JavaThread "jar transforms Thread 104" [_thread_blocked, id=1760, stack(0x000000a833100000,0x000000a833200000)]
  0x0000021b07494800 JavaThread "jar transforms Thread 105" [_thread_blocked, id=14692, stack(0x000000a833200000,0x000000a833300000)]
  0x0000021b07497800 JavaThread "jar transforms Thread 106" [_thread_blocked, id=15172, stack(0x000000a833300000,0x000000a833400000)]
  0x0000021b07497000 JavaThread "jar transforms Thread 107" [_thread_blocked, id=8668, stack(0x000000a833400000,0x000000a833500000)]
  0x0000021b07496000 JavaThread "jar transforms Thread 108" [_thread_blocked, id=8360, stack(0x000000a833500000,0x000000a833600000)]
  0x0000021b07495000 JavaThread "jar transforms Thread 109" [_thread_blocked, id=9988, stack(0x000000a833600000,0x000000a833700000)]
  0x0000021b07498800 JavaThread "jar transforms Thread 110" [_thread_blocked, id=8952, stack(0x000000a833700000,0x000000a833800000)]
  0x0000021b07492800 JavaThread "jar transforms Thread 111" [_thread_blocked, id=5280, stack(0x000000a833800000,0x000000a833900000)]
  0x0000021b0749b800 JavaThread "jar transforms Thread 112" [_thread_blocked, id=6352, stack(0x000000a833900000,0x000000a833a00000)]
  0x0000021b07499800 JavaThread "Cache worker for Build Output Cleanup Cache (E:\Android_Stadio_Rep\Kotlin\Movotlin\.gradle\buildOutputCleanup)" [_thread_blocked, id=11632, stack(0x000000a833a00000,0x000000a833b00000)]

Other Threads:
  0x0000021b7f2b4800 VMThread "VM Thread" [stack: 0x000000a829e00000,0x000000a829f00000] [id=4548]
  0x0000021b06141000 WatcherThread [stack: 0x000000a82a900000,0x000000a82aa00000] [id=14172]
  0x0000021b66a9f800 GCTaskThread "GC Thread#0" [stack: 0x000000a829900000,0x000000a829a00000] [id=580]
  0x0000021b0688f000 GCTaskThread "GC Thread#1" [stack: 0x000000a82aa00000,0x000000a82ab00000] [id=11488]
  0x0000021b07a36800 GCTaskThread "GC Thread#2" [stack: 0x000000a82ba00000,0x000000a82bb00000] [id=7972]
  0x0000021b07a37000 GCTaskThread "GC Thread#3" [stack: 0x000000a82bb00000,0x000000a82bc00000] [id=15024]
  0x0000021b66ab2000 ConcurrentGCThread "G1 Main Marker" [stack: 0x000000a829a00000,0x000000a829b00000] [id=10064]
  0x0000021b66ab5000 ConcurrentGCThread "G1 Conc#0" [stack: 0x000000a829b00000,0x000000a829c00000] [id=9352]
  0x0000021b66b2b000 ConcurrentGCThread "G1 Refine#0" [stack: 0x000000a829c00000,0x000000a829d00000] [id=13288]
  0x0000021b07bce800 ConcurrentGCThread "G1 Refine#1" [stack: 0x000000a833b00000,0x000000a833c00000] [id=4940]
  0x0000021b0b981000 ConcurrentGCThread "G1 Refine#2" [stack: 0x000000a833c00000,0x000000a833d00000] [id=6916]
  0x0000021b0b6bb800 ConcurrentGCThread "G1 Refine#3" [stack: 0x000000a833d00000,0x000000a833e00000] [id=15224]
  0x0000021b66b2c000 ConcurrentGCThread "G1 Young RemSet Sampling" [stack: 0x000000a829d00000,0x000000a829e00000] [id=10312]

Threads with active compile tasks:
C2 CompilerThread0   105616 13304       4       org.codehaus.groovy.runtime.metaclass.MetaMethodIndex::isMatchingMethod (65 bytes)

VM state:not at safepoint (normal execution)

VM Mutex/Monitor currently owned by a thread: None

Heap address: 0x0000000080000000, size: 2048 MB, Compressed Oops mode: 32-bit
Narrow klass base: 0x0000000800000000, Narrow klass shift: 3
Compressed class space size: 1073741824 Address: 0x0000000800b30000

Heap:
 garbage-first heap   total 211968K, used 137920K [0x0000000080000000, 0x0000000100000000)
  region size 1024K, 25 young (25600K), 2 survivors (2048K)
 Metaspace       used 121883K, capacity 124744K, committed 124928K, reserved 1157120K
  class space    used 15993K, capacity 17088K, committed 17152K, reserved 1048576K
Heap Regions: E=young(eden), S=young(survivor), O=old, HS=humongous(starts), HC=humongous(continues), CS=collection set, F=free, OA=open archive, CA=closed archive, TAMS=top-at-mark-start (previous, next)
|   0|0x0000000080000000, 0x0000000080100000, 0x0000000080100000|100%| O|  |TAMS 0x0000000080100000, 0x0000000080000000| Untracked 
|   1|0x0000000080100000, 0x0000000080200000, 0x0000000080200000|100%| O|  |TAMS 0x0000000080200000, 0x0000000080100000| Untracked 
|   2|0x0000000080200000, 0x0000000080300000, 0x0000000080300000|100%| O|  |TAMS 0x0000000080300000, 0x0000000080200000| Untracked 
|   3|0x0000000080300000, 0x0000000080400000, 0x0000000080400000|100%|HS|  |TAMS 0x0000000080400000, 0x0000000080300000| Complete 
|   4|0x0000000080400000, 0x0000000080500000, 0x0000000080500000|100%|HC|  |TAMS 0x0000000080500000, 0x0000000080400000| Complete 
|   5|0x0000000080500000, 0x0000000080600000, 0x0000000080600000|100%|HC|  |TAMS 0x0000000080600000, 0x0000000080500000| Complete 
|   6|0x0000000080600000, 0x0000000080700000, 0x0000000080700000|100%| O|  |TAMS 0x0000000080700000, 0x0000000080600000| Untracked 
|   7|0x0000000080700000, 0x0000000080800000, 0x0000000080800000|100%| O|  |TAMS 0x0000000080800000, 0x0000000080700000| Untracked 
|   8|0x0000000080800000, 0x0000000080900000, 0x0000000080900000|100%| O|  |TAMS 0x0000000080900000, 0x0000000080800000| Untracked 
|   9|0x0000000080900000, 0x0000000080a00000, 0x0000000080a00000|100%| O|  |TAMS 0x0000000080a00000, 0x0000000080900000| Untracked 
|  10|0x0000000080a00000, 0x0000000080b00000, 0x0000000080b00000|100%| O|  |TAMS 0x0000000080b00000, 0x0000000080a00000| Untracked 
|  11|0x0000000080b00000, 0x0000000080c00000, 0x0000000080c00000|100%| O|  |TAMS 0x0000000080c00000, 0x0000000080b00000| Untracked 
|  12|0x0000000080c00000, 0x0000000080d00000, 0x0000000080d00000|100%| O|  |TAMS 0x0000000080d00000, 0x0000000080c00000| Untracked 
|  13|0x0000000080d00000, 0x0000000080e00000, 0x0000000080e00000|100%| O|  |TAMS 0x0000000080e00000, 0x0000000080d00000| Untracked 
|  14|0x0000000080e00000, 0x0000000080f00000, 0x0000000080f00000|100%| O|  |TAMS 0x0000000080f00000, 0x0000000080e00000| Untracked 
|  15|0x0000000080f00000, 0x0000000080f00000, 0x0000000081000000|  0%| F|  |TAMS 0x0000000080f00000, 0x0000000080f00000| Untracked 
|  16|0x0000000081000000, 0x0000000081100000, 0x0000000081100000|100%| O|  |TAMS 0x0000000081100000, 0x0000000081000000| Untracked 
|  17|0x0000000081100000, 0x0000000081200000, 0x0000000081200000|100%| O|  |TAMS 0x0000000081200000, 0x0000000081100000| Untracked 
|  18|0x0000000081200000, 0x0000000081300000, 0x0000000081300000|100%| O|  |TAMS 0x0000000081300000, 0x0000000081200000| Untracked 
|  19|0x0000000081300000, 0x0000000081400000, 0x0000000081400000|100%| O|  |TAMS 0x0000000081400000, 0x0000000081300000| Untracked 
|  20|0x0000000081400000, 0x0000000081500000, 0x0000000081500000|100%| O|  |TAMS 0x0000000081500000, 0x0000000081400000| Untracked 
|  21|0x0000000081500000, 0x0000000081600000, 0x0000000081600000|100%| O|  |TAMS 0x0000000081600000, 0x0000000081500000| Untracked 
|  22|0x0000000081600000, 0x0000000081700000, 0x0000000081700000|100%|HS|  |TAMS 0x0000000081700000, 0x0000000081600000| Complete 
|  23|0x0000000081700000, 0x0000000081800000, 0x0000000081800000|100%|HC|  |TAMS 0x0000000081800000, 0x0000000081700000| Complete 
|  24|0x0000000081800000, 0x0000000081900000, 0x0000000081900000|100%|HC|  |TAMS 0x0000000081900000, 0x0000000081800000| Complete 
|  25|0x0000000081900000, 0x0000000081a00000, 0x0000000081a00000|100%| O|  |TAMS 0x0000000081a00000, 0x0000000081900000| Untracked 
|  26|0x0000000081a00000, 0x0000000081a00000, 0x0000000081b00000|  0%| F|  |TAMS 0x0000000081a00000, 0x0000000081a00000| Untracked 
|  27|0x0000000081b00000, 0x0000000081c00000, 0x0000000081c00000|100%| O|  |TAMS 0x0000000081c00000, 0x0000000081b00000| Untracked 
|  28|0x0000000081c00000, 0x0000000081d00000, 0x0000000081d00000|100%| O|  |TAMS 0x0000000081d00000, 0x0000000081c00000| Untracked 
|  29|0x0000000081d00000, 0x0000000081e00000, 0x0000000081e00000|100%| O|  |TAMS 0x0000000081e00000, 0x0000000081d00000| Untracked 
|  30|0x0000000081e00000, 0x0000000081f00000, 0x0000000081f00000|100%| O|  |TAMS 0x0000000081f00000, 0x0000000081e00000| Untracked 
|  31|0x0000000081f00000, 0x0000000082000000, 0x0000000082000000|100%| O|  |TAMS 0x0000000082000000, 0x0000000081f00000| Untracked 
|  32|0x0000000082000000, 0x0000000082100000, 0x0000000082100000|100%| O|  |TAMS 0x0000000082100000, 0x0000000082000000| Untracked 
|  33|0x0000000082100000, 0x0000000082200000, 0x0000000082200000|100%| O|  |TAMS 0x0000000082200000, 0x0000000082100000| Untracked 
|  34|0x0000000082200000, 0x0000000082200000, 0x0000000082300000|  0%| F|  |TAMS 0x0000000082200000, 0x0000000082200000| Untracked 
|  35|0x0000000082300000, 0x0000000082300000, 0x0000000082400000|  0%| F|  |TAMS 0x0000000082300000, 0x0000000082300000| Untracked 
|  36|0x0000000082400000, 0x0000000082500000, 0x0000000082500000|100%| O|  |TAMS 0x0000000082500000, 0x0000000082400000| Untracked 
|  37|0x0000000082500000, 0x0000000082600000, 0x0000000082600000|100%| O|  |TAMS 0x0000000082600000, 0x0000000082500000| Untracked 
|  38|0x0000000082600000, 0x0000000082700000, 0x0000000082700000|100%| O|  |TAMS 0x0000000082700000, 0x0000000082600000| Untracked 
|  39|0x0000000082700000, 0x0000000082800000, 0x0000000082800000|100%| O|  |TAMS 0x0000000082800000, 0x0000000082700000| Untracked 
|  40|0x0000000082800000, 0x0000000082900000, 0x0000000082900000|100%| O|  |TAMS 0x0000000082900000, 0x0000000082800000| Untracked 
|  41|0x0000000082900000, 0x0000000082a00000, 0x0000000082a00000|100%| O|  |TAMS 0x0000000082a00000, 0x0000000082900000| Untracked 
|  42|0x0000000082a00000, 0x0000000082b00000, 0x0000000082b00000|100%| O|  |TAMS 0x0000000082b00000, 0x0000000082a00000| Untracked 
|  43|0x0000000082b00000, 0x0000000082c00000, 0x0000000082c00000|100%| O|  |TAMS 0x0000000082c00000, 0x0000000082b00000| Untracked 
|  44|0x0000000082c00000, 0x0000000082d00000, 0x0000000082d00000|100%| O|  |TAMS 0x0000000082d00000, 0x0000000082c00000| Untracked 
|  45|0x0000000082d00000, 0x0000000082e00000, 0x0000000082e00000|100%| O|  |TAMS 0x0000000082e00000, 0x0000000082d00000| Untracked 
|  46|0x0000000082e00000, 0x0000000082f00000, 0x0000000082f00000|100%|HS|  |TAMS 0x0000000082f00000, 0x0000000082e00000| Complete 
|  47|0x0000000082f00000, 0x0000000083000000, 0x0000000083000000|100%|HC|  |TAMS 0x0000000083000000, 0x0000000082f00000| Complete 
|  48|0x0000000083000000, 0x0000000083100000, 0x0000000083100000|100%|HC|  |TAMS 0x0000000083100000, 0x0000000083000000| Complete 
|  49|0x0000000083100000, 0x0000000083200000, 0x0000000083200000|100%| O|  |TAMS 0x0000000083200000, 0x0000000083100000| Untracked 
|  50|0x0000000083200000, 0x0000000083300000, 0x0000000083300000|100%| O|  |TAMS 0x0000000083300000, 0x0000000083200000| Untracked 
|  51|0x0000000083300000, 0x0000000083400000, 0x0000000083400000|100%|HS|  |TAMS 0x0000000083400000, 0x0000000083300000| Complete 
|  52|0x0000000083400000, 0x0000000083500000, 0x0000000083500000|100%|HC|  |TAMS 0x0000000083500000, 0x0000000083400000| Complete 
|  53|0x0000000083500000, 0x0000000083600000, 0x0000000083600000|100%| O|  |TAMS 0x0000000083600000, 0x0000000083500000| Untracked 
|  54|0x0000000083600000, 0x0000000083700000, 0x0000000083700000|100%| O|  |TAMS 0x0000000083700000, 0x0000000083600000| Untracked 
|  55|0x0000000083700000, 0x0000000083800000, 0x0000000083800000|100%| O|  |TAMS 0x0000000083800000, 0x0000000083700000| Untracked 
|  56|0x0000000083800000, 0x0000000083900000, 0x0000000083900000|100%| O|  |TAMS 0x0000000083900000, 0x0000000083800000| Untracked 
|  57|0x0000000083900000, 0x0000000083a00000, 0x0000000083a00000|100%| O|  |TAMS 0x0000000083a00000, 0x0000000083900000| Untracked 
|  58|0x0000000083a00000, 0x0000000083b00000, 0x0000000083b00000|100%| O|  |TAMS 0x0000000083b00000, 0x0000000083a00000| Untracked 
|  59|0x0000000083b00000, 0x0000000083c00000, 0x0000000083c00000|100%| O|  |TAMS 0x0000000083c00000, 0x0000000083b00000| Untracked 
|  60|0x0000000083c00000, 0x0000000083d00000, 0x0000000083d00000|100%| O|  |TAMS 0x0000000083d00000, 0x0000000083c00000| Untracked 
|  61|0x0000000083d00000, 0x0000000083e00000, 0x0000000083e00000|100%| O|  |TAMS 0x0000000083e00000, 0x0000000083d00000| Untracked 
|  62|0x0000000083e00000, 0x0000000083f00000, 0x0000000083f00000|100%| O|  |TAMS 0x0000000083f00000, 0x0000000083e00000| Untracked 
|  63|0x0000000083f00000, 0x0000000084000000, 0x0000000084000000|100%| O|  |TAMS 0x0000000084000000, 0x0000000083f00000| Untracked 
|  64|0x0000000084000000, 0x0000000084100000, 0x0000000084100000|100%| O|  |TAMS 0x0000000084100000, 0x0000000084000000| Untracked 
|  65|0x0000000084100000, 0x0000000084200000, 0x0000000084200000|100%| O|  |TAMS 0x0000000084200000, 0x0000000084100000| Untracked 
|  66|0x0000000084200000, 0x0000000084300000, 0x0000000084300000|100%| O|  |TAMS 0x0000000084300000, 0x0000000084200000| Untracked 
|  67|0x0000000084300000, 0x0000000084400000, 0x0000000084400000|100%| O|  |TAMS 0x0000000084400000, 0x0000000084300000| Untracked 
|  68|0x0000000084400000, 0x0000000084500000, 0x0000000084500000|100%| O|  |TAMS 0x0000000084500000, 0x0000000084400000| Untracked 
|  69|0x0000000084500000, 0x0000000084600000, 0x0000000084600000|100%| O|  |TAMS 0x0000000084600000, 0x0000000084500000| Untracked 
|  70|0x0000000084600000, 0x0000000084700000, 0x0000000084700000|100%| O|  |TAMS 0x0000000084700000, 0x0000000084600000| Untracked 
|  71|0x0000000084700000, 0x0000000084700000, 0x0000000084800000|  0%| F|  |TAMS 0x0000000084700000, 0x0000000084700000| Untracked 
|  72|0x0000000084800000, 0x0000000084900000, 0x0000000084900000|100%| O|  |TAMS 0x0000000084900000, 0x0000000084800000| Untracked 
|  73|0x0000000084900000, 0x0000000084a00000, 0x0000000084a00000|100%| O|  |TAMS 0x0000000084a00000, 0x0000000084900000| Untracked 
|  74|0x0000000084a00000, 0x0000000084b00000, 0x0000000084b00000|100%| O|  |TAMS 0x0000000084b00000, 0x0000000084a00000| Untracked 
|  75|0x0000000084b00000, 0x0000000084c00000, 0x0000000084c00000|100%| O|  |TAMS 0x0000000084c00000, 0x0000000084b00000| Untracked 
|  76|0x0000000084c00000, 0x0000000084d00000, 0x0000000084d00000|100%| O|  |TAMS 0x0000000084d00000, 0x0000000084c00000| Untracked 
|  77|0x0000000084d00000, 0x0000000084e00000, 0x0000000084e00000|100%| O|  |TAMS 0x0000000084e00000, 0x0000000084d00000| Untracked 
|  78|0x0000000084e00000, 0x0000000084e00000, 0x0000000084f00000|  0%| F|  |TAMS 0x0000000084e00000, 0x0000000084e00000| Untracked 
|  79|0x0000000084f00000, 0x0000000085000000, 0x0000000085000000|100%| O|  |TAMS 0x0000000085000000, 0x0000000084f00000| Untracked 
|  80|0x0000000085000000, 0x0000000085100000, 0x0000000085100000|100%| O|  |TAMS 0x0000000085100000, 0x0000000085000000| Untracked 
|  81|0x0000000085100000, 0x0000000085200000, 0x0000000085200000|100%| O|  |TAMS 0x0000000085200000, 0x0000000085100000| Untracked 
|  82|0x0000000085200000, 0x0000000085300000, 0x0000000085300000|100%| O|  |TAMS 0x0000000085300000, 0x0000000085200000| Untracked 
|  83|0x0000000085300000, 0x0000000085300000, 0x0000000085400000|  0%| F|  |TAMS 0x0000000085300000, 0x0000000085300000| Untracked 
|  84|0x0000000085400000, 0x0000000085400000, 0x0000000085500000|  0%| F|  |TAMS 0x0000000085400000, 0x0000000085400000| Untracked 
|  85|0x0000000085500000, 0x0000000085500000, 0x0000000085600000|  0%| F|  |TAMS 0x0000000085500000, 0x0000000085500000| Untracked 
|  86|0x0000000085600000, 0x0000000085700000, 0x0000000085700000|100%| O|  |TAMS 0x0000000085700000, 0x0000000085600000| Untracked 
|  87|0x0000000085700000, 0x0000000085800000, 0x0000000085800000|100%| O|  |TAMS 0x0000000085800000, 0x0000000085700000| Untracked 
|  88|0x0000000085800000, 0x0000000085900000, 0x0000000085900000|100%| O|  |TAMS 0x0000000085900000, 0x0000000085800000| Untracked 
|  89|0x0000000085900000, 0x0000000085a00000, 0x0000000085a00000|100%| O|  |TAMS 0x0000000085a00000, 0x0000000085900000| Untracked 
|  90|0x0000000085a00000, 0x0000000085b00000, 0x0000000085b00000|100%| O|  |TAMS 0x0000000085a00000, 0x0000000085a00000| Untracked 
|  91|0x0000000085b00000, 0x0000000085c00000, 0x0000000085c00000|100%| O|  |TAMS 0x0000000085c00000, 0x0000000085b00000| Untracked 
|  92|0x0000000085c00000, 0x0000000085d00000, 0x0000000085d00000|100%| O|  |TAMS 0x0000000085cb8800, 0x0000000085c00000| Untracked 
|  93|0x0000000085d00000, 0x0000000085d00000, 0x0000000085e00000|  0%| F|  |TAMS 0x0000000085d00000, 0x0000000085d00000| Untracked 
|  94|0x0000000085e00000, 0x0000000085e00000, 0x0000000085f00000|  0%| F|  |TAMS 0x0000000085e00000, 0x0000000085e00000| Untracked 
|  95|0x0000000085f00000, 0x0000000085f00000, 0x0000000086000000|  0%| F|  |TAMS 0x0000000085f00000, 0x0000000085f00000| Untracked 
|  96|0x0000000086000000, 0x0000000086000000, 0x0000000086100000|  0%| F|  |TAMS 0x0000000086000000, 0x0000000086000000| Untracked 
|  97|0x0000000086100000, 0x0000000086200000, 0x0000000086200000|100%| O|  |TAMS 0x0000000086200000, 0x0000000086100000| Untracked 
|  98|0x0000000086200000, 0x0000000086200000, 0x0000000086300000|  0%| F|  |TAMS 0x0000000086200000, 0x0000000086200000| Untracked 
|  99|0x0000000086300000, 0x0000000086300000, 0x0000000086400000|  0%| F|  |TAMS 0x0000000086300000, 0x0000000086300000| Untracked 
| 100|0x0000000086400000, 0x0000000086400000, 0x0000000086500000|  0%| F|  |TAMS 0x0000000086400000, 0x0000000086400000| Untracked 
| 101|0x0000000086500000, 0x0000000086500000, 0x0000000086600000|  0%| F|  |TAMS 0x0000000086500000, 0x0000000086500000| Untracked 
| 102|0x0000000086600000, 0x0000000086600000, 0x0000000086700000|  0%| F|  |TAMS 0x0000000086600000, 0x0000000086600000| Untracked 
| 103|0x0000000086700000, 0x0000000086700000, 0x0000000086800000|  0%| F|  |TAMS 0x0000000086700000, 0x0000000086700000| Untracked 
| 104|0x0000000086800000, 0x0000000086800000, 0x0000000086900000|  0%| F|  |TAMS 0x0000000086800000, 0x0000000086800000| Untracked 
| 105|0x0000000086900000, 0x0000000086900000, 0x0000000086a00000|  0%| F|  |TAMS 0x0000000086900000, 0x0000000086900000| Untracked 
| 106|0x0000000086a00000, 0x0000000086b00000, 0x0000000086b00000|100%| O|  |TAMS 0x0000000086a00000, 0x0000000086a00000| Untracked 
| 107|0x0000000086b00000, 0x0000000086c00000, 0x0000000086c00000|100%| O|  |TAMS 0x0000000086b00000, 0x0000000086b00000| Untracked 
| 108|0x0000000086c00000, 0x0000000086d00000, 0x0000000086d00000|100%| O|  |TAMS 0x0000000086c00000, 0x0000000086c00000| Untracked 
| 109|0x0000000086d00000, 0x0000000086e00000, 0x0000000086e00000|100%| O|  |TAMS 0x0000000086d00000, 0x0000000086d00000| Untracked 
| 110|0x0000000086e00000, 0x0000000086f00000, 0x0000000086f00000|100%| O|  |TAMS 0x0000000086e00000, 0x0000000086e00000| Untracked 
| 111|0x0000000086f00000, 0x0000000087000000, 0x0000000087000000|100%| O|  |TAMS 0x0000000086f00000, 0x0000000086f00000| Untracked 
| 112|0x0000000087000000, 0x0000000087100000, 0x0000000087100000|100%| O|  |TAMS 0x0000000087000000, 0x0000000087000000| Untracked 
| 113|0x0000000087100000, 0x0000000087200000, 0x0000000087200000|100%| O|  |TAMS 0x0000000087100000, 0x0000000087100000| Untracked 
| 114|0x0000000087200000, 0x0000000087300000, 0x0000000087300000|100%| O|  |TAMS 0x0000000087200000, 0x0000000087200000| Untracked 
| 115|0x0000000087300000, 0x0000000087400000, 0x0000000087400000|100%| O|  |TAMS 0x0000000087300000, 0x0000000087300000| Untracked 
| 116|0x0000000087400000, 0x0000000087500000, 0x0000000087500000|100%| O|  |TAMS 0x0000000087400000, 0x0000000087400000| Untracked 
| 117|0x0000000087500000, 0x0000000087600000, 0x0000000087600000|100%| O|  |TAMS 0x0000000087500000, 0x0000000087500000| Untracked 
| 118|0x0000000087600000, 0x0000000087700000, 0x0000000087700000|100%| O|  |TAMS 0x0000000087600000, 0x0000000087600000| Untracked 
| 119|0x0000000087700000, 0x0000000087800000, 0x0000000087800000|100%| O|  |TAMS 0x0000000087700000, 0x0000000087700000| Untracked 
| 120|0x0000000087800000, 0x0000000087900000, 0x0000000087900000|100%| O|  |TAMS 0x0000000087800000, 0x0000000087800000| Untracked 
| 121|0x0000000087900000, 0x0000000087a00000, 0x0000000087a00000|100%| O|  |TAMS 0x0000000087900000, 0x0000000087900000| Untracked 
| 122|0x0000000087a00000, 0x0000000087b00000, 0x0000000087b00000|100%| O|  |TAMS 0x0000000087a00000, 0x0000000087a00000| Untracked 
| 123|0x0000000087b00000, 0x0000000087c00000, 0x0000000087c00000|100%| O|  |TAMS 0x0000000087b00000, 0x0000000087b00000| Untracked 
| 124|0x0000000087c00000, 0x0000000087d00000, 0x0000000087d00000|100%| O|  |TAMS 0x0000000087c00000, 0x0000000087c00000| Untracked 
| 125|0x0000000087d00000, 0x0000000087e00000, 0x0000000087e00000|100%| O|  |TAMS 0x0000000087d00000, 0x0000000087d00000| Untracked 
| 126|0x0000000087e00000, 0x0000000087f00000, 0x0000000087f00000|100%| O|  |TAMS 0x0000000087e00000, 0x0000000087e00000| Untracked 
| 127|0x0000000087f00000, 0x0000000088000000, 0x0000000088000000|100%| O|  |TAMS 0x0000000087f00000, 0x0000000087f00000| Untracked 
| 128|0x0000000088000000, 0x0000000088100000, 0x0000000088100000|100%| O|  |TAMS 0x0000000088000000, 0x0000000088000000| Untracked 
| 129|0x0000000088100000, 0x0000000088200000, 0x0000000088200000|100%| O|  |TAMS 0x0000000088100000, 0x0000000088100000| Untracked 
| 130|0x0000000088200000, 0x0000000088300000, 0x0000000088300000|100%| O|  |TAMS 0x0000000088200000, 0x0000000088200000| Untracked 
| 131|0x0000000088300000, 0x00000000883bbc00, 0x0000000088400000| 73%| O|  |TAMS 0x0000000088300000, 0x0000000088300000| Untracked 
| 132|0x0000000088400000, 0x0000000088400000, 0x0000000088500000|  0%| F|  |TAMS 0x0000000088400000, 0x0000000088400000| Untracked 
| 133|0x0000000088500000, 0x0000000088500000, 0x0000000088600000|  0%| F|  |TAMS 0x0000000088500000, 0x0000000088500000| Untracked 
| 134|0x0000000088600000, 0x0000000088600000, 0x0000000088700000|  0%| F|  |TAMS 0x0000000088600000, 0x0000000088600000| Untracked 
| 135|0x0000000088700000, 0x0000000088700000, 0x0000000088800000|  0%| F|  |TAMS 0x0000000088700000, 0x0000000088700000| Untracked 
| 136|0x0000000088800000, 0x0000000088800000, 0x0000000088900000|  0%| F|  |TAMS 0x0000000088800000, 0x0000000088800000| Untracked 
| 137|0x0000000088900000, 0x0000000088900000, 0x0000000088a00000|  0%| F|  |TAMS 0x0000000088900000, 0x0000000088900000| Untracked 
| 138|0x0000000088a00000, 0x0000000088a00000, 0x0000000088b00000|  0%| F|  |TAMS 0x0000000088a00000, 0x0000000088a00000| Untracked 
| 139|0x0000000088b00000, 0x0000000088b00000, 0x0000000088c00000|  0%| F|  |TAMS 0x0000000088b00000, 0x0000000088b00000| Untracked 
| 140|0x0000000088c00000, 0x0000000088c00000, 0x0000000088d00000|  0%| F|  |TAMS 0x0000000088c00000, 0x0000000088c00000| Untracked 
| 141|0x0000000088d00000, 0x0000000088d00000, 0x0000000088e00000|  0%| F|  |TAMS 0x0000000088d00000, 0x0000000088d00000| Untracked 
| 142|0x0000000088e00000, 0x0000000088e00000, 0x0000000088f00000|  0%| F|  |TAMS 0x0000000088e00000, 0x0000000088e00000| Untracked 
| 143|0x0000000088f00000, 0x0000000088f00000, 0x0000000089000000|  0%| F|  |TAMS 0x0000000088f00000, 0x0000000088f00000| Untracked 
| 144|0x0000000089000000, 0x0000000089000000, 0x0000000089100000|  0%| F|  |TAMS 0x0000000089000000, 0x0000000089000000| Untracked 
| 145|0x0000000089100000, 0x0000000089100000, 0x0000000089200000|  0%| F|  |TAMS 0x0000000089100000, 0x0000000089100000| Untracked 
| 146|0x0000000089200000, 0x0000000089200000, 0x0000000089300000|  0%| F|  |TAMS 0x0000000089200000, 0x0000000089200000| Untracked 
| 147|0x0000000089300000, 0x0000000089300000, 0x0000000089400000|  0%| F|  |TAMS 0x0000000089300000, 0x0000000089300000| Untracked 
| 148|0x0000000089400000, 0x0000000089400000, 0x0000000089500000|  0%| F|  |TAMS 0x0000000089400000, 0x0000000089400000| Untracked 
| 149|0x0000000089500000, 0x0000000089500000, 0x0000000089600000|  0%| F|  |TAMS 0x0000000089500000, 0x0000000089500000| Untracked 
| 150|0x0000000089600000, 0x0000000089600000, 0x0000000089700000|  0%| F|  |TAMS 0x0000000089600000, 0x0000000089600000| Untracked 
| 151|0x0000000089700000, 0x0000000089700000, 0x0000000089800000|  0%| F|  |TAMS 0x0000000089700000, 0x0000000089700000| Untracked 
| 152|0x0000000089800000, 0x0000000089800000, 0x0000000089900000|  0%| F|  |TAMS 0x0000000089800000, 0x0000000089800000| Untracked 
| 153|0x0000000089900000, 0x0000000089900000, 0x0000000089a00000|  0%| F|  |TAMS 0x0000000089900000, 0x0000000089900000| Untracked 
| 154|0x0000000089a00000, 0x0000000089a00000, 0x0000000089b00000|  0%| F|  |TAMS 0x0000000089a00000, 0x0000000089a00000| Untracked 
| 155|0x0000000089b00000, 0x0000000089b00000, 0x0000000089c00000|  0%| F|  |TAMS 0x0000000089b00000, 0x0000000089b00000| Untracked 
| 156|0x0000000089c00000, 0x0000000089c00000, 0x0000000089d00000|  0%| F|  |TAMS 0x0000000089c00000, 0x0000000089c00000| Untracked 
| 157|0x0000000089d00000, 0x0000000089d00000, 0x0000000089e00000|  0%| F|  |TAMS 0x0000000089d00000, 0x0000000089d00000| Untracked 
| 158|0x0000000089e00000, 0x0000000089e00000, 0x0000000089f00000|  0%| F|  |TAMS 0x0000000089e00000, 0x0000000089e00000| Untracked 
| 159|0x0000000089f00000, 0x0000000089f00000, 0x000000008a000000|  0%| F|  |TAMS 0x0000000089f00000, 0x0000000089f00000| Untracked 
| 160|0x000000008a000000, 0x000000008a000000, 0x000000008a100000|  0%| F|  |TAMS 0x000000008a000000, 0x000000008a000000| Untracked 
| 161|0x000000008a100000, 0x000000008a100000, 0x000000008a200000|  0%| F|  |TAMS 0x000000008a100000, 0x000000008a100000| Untracked 
| 162|0x000000008a200000, 0x000000008a200000, 0x000000008a300000|  0%| F|  |TAMS 0x000000008a200000, 0x000000008a200000| Untracked 
| 163|0x000000008a300000, 0x000000008a300000, 0x000000008a400000|  0%| F|  |TAMS 0x000000008a300000, 0x000000008a300000| Untracked 
| 164|0x000000008a400000, 0x000000008a400000, 0x000000008a500000|  0%| F|  |TAMS 0x000000008a400000, 0x000000008a400000| Untracked 
| 165|0x000000008a500000, 0x000000008a500000, 0x000000008a600000|  0%| F|  |TAMS 0x000000008a500000, 0x000000008a500000| Untracked 
| 166|0x000000008a600000, 0x000000008a600000, 0x000000008a700000|  0%| F|  |TAMS 0x000000008a600000, 0x000000008a600000| Untracked 
| 167|0x000000008a700000, 0x000000008a700000, 0x000000008a800000|  0%| F|  |TAMS 0x000000008a700000, 0x000000008a700000| Untracked 
| 168|0x000000008a800000, 0x000000008a800000, 0x000000008a900000|  0%| F|  |TAMS 0x000000008a800000, 0x000000008a800000| Untracked 
| 169|0x000000008a900000, 0x000000008a900000, 0x000000008aa00000|  0%| F|  |TAMS 0x000000008a900000, 0x000000008a900000| Untracked 
| 170|0x000000008aa00000, 0x000000008aa00000, 0x000000008ab00000|  0%| F|  |TAMS 0x000000008aa00000, 0x000000008aa00000| Untracked 
| 171|0x000000008ab00000, 0x000000008ab00000, 0x000000008ac00000|  0%| F|  |TAMS 0x000000008ab00000, 0x000000008ab00000| Untracked 
| 172|0x000000008ac00000, 0x000000008ac00000, 0x000000008ad00000|  0%| F|  |TAMS 0x000000008ac00000, 0x000000008ac00000| Untracked 
| 173|0x000000008ad00000, 0x000000008ad00000, 0x000000008ae00000|  0%| F|  |TAMS 0x000000008ad00000, 0x000000008ad00000| Untracked 
| 174|0x000000008ae00000, 0x000000008ae00000, 0x000000008af00000|  0%| F|  |TAMS 0x000000008ae00000, 0x000000008ae00000| Untracked 
| 175|0x000000008af00000, 0x000000008af00000, 0x000000008b000000|  0%| F|  |TAMS 0x000000008af00000, 0x000000008af00000| Untracked 
| 176|0x000000008b000000, 0x000000008b000000, 0x000000008b100000|  0%| F|  |TAMS 0x000000008b000000, 0x000000008b000000| Untracked 
| 177|0x000000008b100000, 0x000000008b100000, 0x000000008b200000|  0%| F|  |TAMS 0x000000008b100000, 0x000000008b100000| Untracked 
| 178|0x000000008b200000, 0x000000008b200000, 0x000000008b300000|  0%| F|  |TAMS 0x000000008b200000, 0x000000008b200000| Untracked 
| 179|0x000000008b300000, 0x000000008b300000, 0x000000008b400000|  0%| F|  |TAMS 0x000000008b300000, 0x000000008b300000| Untracked 
| 180|0x000000008b400000, 0x000000008b400000, 0x000000008b500000|  0%| F|  |TAMS 0x000000008b400000, 0x000000008b400000| Untracked 
| 181|0x000000008b500000, 0x000000008b500000, 0x000000008b600000|  0%| F|  |TAMS 0x000000008b500000, 0x000000008b500000| Untracked 
| 182|0x000000008b600000, 0x000000008b68a3d0, 0x000000008b700000| 53%| E|  |TAMS 0x000000008b600000, 0x000000008b600000| Complete 
| 183|0x000000008b700000, 0x000000008b800000, 0x000000008b800000|100%| E|CS|TAMS 0x000000008b700000, 0x000000008b700000| Complete 
| 184|0x000000008b800000, 0x000000008b900000, 0x000000008b900000|100%| E|CS|TAMS 0x000000008b800000, 0x000000008b800000| Complete 
| 185|0x000000008b900000, 0x000000008ba00000, 0x000000008ba00000|100%| E|CS|TAMS 0x000000008b900000, 0x000000008b900000| Complete 
| 186|0x000000008ba00000, 0x000000008bb00000, 0x000000008bb00000|100%| E|CS|TAMS 0x000000008ba00000, 0x000000008ba00000| Complete 
| 187|0x000000008bb00000, 0x000000008bc00000, 0x000000008bc00000|100%| E|CS|TAMS 0x000000008bb00000, 0x000000008bb00000| Complete 
| 188|0x000000008bc00000, 0x000000008bd00000, 0x000000008bd00000|100%| E|CS|TAMS 0x000000008bc00000, 0x000000008bc00000| Complete 
| 189|0x000000008bd00000, 0x000000008be00000, 0x000000008be00000|100%| E|CS|TAMS 0x000000008bd00000, 0x000000008bd00000| Complete 
| 190|0x000000008be00000, 0x000000008bf00000, 0x000000008bf00000|100%| E|CS|TAMS 0x000000008be00000, 0x000000008be00000| Complete 
| 191|0x000000008bf00000, 0x000000008c000000, 0x000000008c000000|100%| E|CS|TAMS 0x000000008bf00000, 0x000000008bf00000| Complete 
| 192|0x000000008c000000, 0x000000008c100000, 0x000000008c100000|100%| E|CS|TAMS 0x000000008c000000, 0x000000008c000000| Complete 
| 193|0x000000008c100000, 0x000000008c200000, 0x000000008c200000|100%| E|CS|TAMS 0x000000008c100000, 0x000000008c100000| Complete 
| 194|0x000000008c200000, 0x000000008c300000, 0x000000008c300000|100%| E|CS|TAMS 0x000000008c200000, 0x000000008c200000| Complete 
| 195|0x000000008c300000, 0x000000008c400000, 0x000000008c400000|100%| E|CS|TAMS 0x000000008c300000, 0x000000008c300000| Complete 
| 196|0x000000008c400000, 0x000000008c500000, 0x000000008c500000|100%| E|CS|TAMS 0x000000008c400000, 0x000000008c400000| Complete 
| 197|0x000000008c500000, 0x000000008c600000, 0x000000008c600000|100%| E|CS|TAMS 0x000000008c500000, 0x000000008c500000| Complete 
| 198|0x000000008c600000, 0x000000008c700000, 0x000000008c700000|100%| E|CS|TAMS 0x000000008c600000, 0x000000008c600000| Complete 
| 199|0x000000008c700000, 0x000000008c800000, 0x000000008c800000|100%| E|CS|TAMS 0x000000008c700000, 0x000000008c700000| Complete 
| 200|0x000000008c800000, 0x000000008c900000, 0x000000008c900000|100%| E|CS|TAMS 0x000000008c800000, 0x000000008c800000| Complete 
| 201|0x000000008c900000, 0x000000008ca00000, 0x000000008ca00000|100%| E|CS|TAMS 0x000000008c900000, 0x000000008c900000| Complete 
| 202|0x000000008ca00000, 0x000000008caf47d0, 0x000000008cb00000| 95%| S|CS|TAMS 0x000000008ca00000, 0x000000008ca00000| Complete 
| 203|0x000000008cb00000, 0x000000008cc00000, 0x000000008cc00000|100%| S|CS|TAMS 0x000000008cb00000, 0x000000008cb00000| Complete 
| 204|0x000000008cc00000, 0x000000008cd00000, 0x000000008cd00000|100%| E|CS|TAMS 0x000000008cc00000, 0x000000008cc00000| Complete 
| 205|0x000000008cd00000, 0x000000008ce00000, 0x000000008ce00000|100%| E|CS|TAMS 0x000000008cd00000, 0x000000008cd00000| Complete 
| 206|0x000000008ce00000, 0x000000008cf00000, 0x000000008cf00000|100%| E|CS|TAMS 0x000000008ce00000, 0x000000008ce00000| Complete 

Card table byte_map: [0x0000021b7e600000,0x0000021b7ea00000] _byte_map_base: 0x0000021b7e200000

Marking Bits (Prev, Next): (CMBitMap*) 0x0000021b66aa0778, (CMBitMap*) 0x0000021b66aa0738
 Prev Bits: [0x0000021b02000000, 0x0000021b04000000)
 Next Bits: [0x0000021b00000000, 0x0000021b02000000)

Polling page: 0x0000021b66230000

Metaspace:

Usage:
  Non-class:    105.13 MB capacity,   103.41 MB ( 98%) used,     1.46 MB (  1%) free+waste,   272.00 KB ( <1%) overhead. 
      Class:     16.69 MB capacity,    15.62 MB ( 94%) used,   966.29 KB (  6%) free+waste,   128.19 KB ( <1%) overhead. 
       Both:    121.82 MB capacity,   119.03 MB ( 98%) used,     2.40 MB (  2%) free+waste,   400.19 KB ( <1%) overhead. 

Virtual space:
  Non-class space:      106.00 MB reserved,     105.25 MB (>99%) committed 
      Class space:        1.00 GB reserved,      16.75 MB (  2%) committed 
             Both:        1.10 GB reserved,     122.00 MB ( 11%) committed 

Chunk freelists:
   Non-Class:  0 bytes
       Class:  0 bytes
        Both:  0 bytes

MaxMetaspaceSize: 17179869184.00 GB
CompressedClassSpaceSize: 1.00 GB

CodeHeap 'non-profiled nmethods': size=120000Kb used=6244Kb max_used=6244Kb free=113755Kb
 bounds [0x0000021b76cd0000, 0x0000021b772f0000, 0x0000021b7e200000]
CodeHeap 'profiled nmethods': size=120000Kb used=26280Kb max_used=26280Kb free=93720Kb
 bounds [0x0000021b6f7a0000, 0x0000021b71150000, 0x0000021b76cd0000]
CodeHeap 'non-nmethods': size=5760Kb used=2479Kb max_used=2540Kb free=3280Kb
 bounds [0x0000021b6f200000, 0x0000021b6f490000, 0x0000021b6f7a0000]
 total_blobs=17568 nmethods=12128 adapters=901
 compilation: enabled
              stopped_count=0, restarted_count=0
 full_count=0

Compilation events (20 events):
Event: 104.848 Thread 0x0000021b7f2ea800 13486       2       com.android.build.gradle.internal.CompileOptions_Decorated::getTargetCompatibility (39 bytes)
Event: 104.848 Thread 0x0000021b7f2ea800 nmethod 13486 0x0000021b71105210 code [0x0000021b711053e0, 0x0000021b71105748]
Event: 104.848 Thread 0x0000021b7f2ea800 13484       1       com.android.build.gradle.options.Option$DefaultImpls::getDefaultValue (2 bytes)
Event: 104.848 Thread 0x0000021b7f2ea800 nmethod 13484 0x0000021b772e4890 code [0x0000021b772e4a20, 0x0000021b772e4ab8]
Event: 104.852 Thread 0x0000021b7f2ea800 13487       2       com.android.build.gradle.internal.scope.VariantScopeImpl::getTaskName (8 bytes)
Event: 104.853 Thread 0x0000021b7f2ea800 nmethod 13487 0x0000021b71105910 code [0x0000021b71105ac0, 0x0000021b71105c38]
Event: 104.853 Thread 0x0000021b7f2ea800 13488       2       com.google.common.collect.Maps::capacity (34 bytes)
Event: 104.853 Thread 0x0000021b7f2ea800 nmethod 13488 0x0000021b71105d90 code [0x0000021b71105f60, 0x0000021b711060e8]
Event: 104.855 Thread 0x0000021b7f2ea800 13489       2       com.android.build.gradle.internal.scope.VariantScopeImpl::getName (15 bytes)
Event: 104.855 Thread 0x0000021b7f2ea800 nmethod 13489 0x0000021b71106190 code [0x0000021b71106340, 0x0000021b711064c8]
Event: 104.855 Thread 0x0000021b7f2ea800 13490       2       kotlin.collections.CollectionsKt___CollectionsKt::singleOrNull (29 bytes)
Event: 104.855 Thread 0x0000021b7f2ea800 nmethod 13490 0x0000021b71106590 code [0x0000021b71106740, 0x0000021b711068c8]
Event: 104.859 Thread 0x0000021b7f2ea800 13491       2       com.google.common.collect.ImmutableMap::of (4 bytes)
Event: 104.859 Thread 0x0000021b7f2ea800 nmethod 13491 0x0000021b71106990 code [0x0000021b71106b20, 0x0000021b71106bf8]
Event: 104.861 Thread 0x0000021b7f2ea800 13492       2       com.android.build.gradle.internal.pipeline.OriginalStream$Builder::addContentTypes (13 bytes)
Event: 104.861 Thread 0x0000021b7f2ea800 nmethod 13492 0x0000021b71106c90 code [0x0000021b71106e20, 0x0000021b71106f68]
Event: 104.862 Thread 0x0000021b7f2ea800 13493       1       com.android.build.gradle.BaseExtension::getAaptOptions (5 bytes)
Event: 104.862 Thread 0x0000021b7f2ea800 nmethod 13493 0x0000021b772e4b90 code [0x0000021b772e4d20, 0x0000021b772e4df8]
Event: 104.862 Thread 0x0000021b7f2ea800 13494       1       com.android.build.gradle.internal.dsl.AaptOptions::getNamespaced (5 bytes)
Event: 104.862 Thread 0x0000021b7f2ea800 nmethod 13494 0x0000021b772e4e90 code [0x0000021b772e5020, 0x0000021b772e50f8]

GC Heap History (20 events):
Event: 81.948 GC heap before
{Heap before GC invocations=55 (full 0):
 garbage-first heap   total 198656K, used 133783K [0x0000000080000000, 0x0000000100000000)
  region size 1024K, 39 young (39936K), 5 survivors (5120K)
 Metaspace       used 81234K, capacity 82891K, committed 83072K, reserved 1120256K
  class space    used 11149K, capacity 11794K, committed 11904K, reserved 1048576K
}
Event: 81.961 GC heap after
{Heap after GC invocations=56 (full 0):
 garbage-first heap   total 198656K, used 100174K [0x0000000080000000, 0x0000000100000000)
  region size 1024K, 5 young (5120K), 5 survivors (5120K)
 Metaspace       used 81234K, capacity 82891K, committed 83072K, reserved 1120256K
  class space    used 11149K, capacity 11794K, committed 11904K, reserved 1048576K
}
Event: 83.625 GC heap before
{Heap before GC invocations=56 (full 0):
 garbage-first heap   total 198656K, used 152398K [0x0000000080000000, 0x0000000100000000)
  region size 1024K, 56 young (57344K), 5 survivors (5120K)
 Metaspace       used 86496K, capacity 88216K, committed 88448K, reserved 1124352K
  class space    used 11922K, capacity 12609K, committed 12672K, reserved 1048576K
}
Event: 83.640 GC heap after
{Heap after GC invocations=57 (full 0):
 garbage-first heap   total 198656K, used 104108K [0x0000000080000000, 0x0000000100000000)
  region size 1024K, 6 young (6144K), 6 survivors (6144K)
 Metaspace       used 86496K, capacity 88216K, committed 88448K, reserved 1124352K
  class space    used 11922K, capacity 12609K, committed 12672K, reserved 1048576K
}
Event: 86.378 GC heap before
{Heap before GC invocations=58 (full 0):
 garbage-first heap   total 198656K, used 155308K [0x0000000080000000, 0x0000000100000000)
  region size 1024K, 56 young (57344K), 6 survivors (6144K)
 Metaspace       used 90308K, capacity 92027K, committed 92160K, reserved 1128448K
  class space    used 12330K, capacity 13003K, committed 13056K, reserved 1048576K
}
Event: 86.395 GC heap after
{Heap after GC invocations=59 (full 0):
 garbage-first heap   total 198656K, used 107899K [0x0000000080000000, 0x0000000100000000)
  region size 1024K, 4 young (4096K), 4 survivors (4096K)
 Metaspace       used 90308K, capacity 92027K, committed 92160K, reserved 1128448K
  class space    used 12330K, capacity 13003K, committed 13056K, reserved 1048576K
}
Event: 88.142 GC heap before
{Heap before GC invocations=59 (full 0):
 garbage-first heap   total 198656K, used 157051K [0x0000000080000000, 0x0000000100000000)
  region size 1024K, 53 young (54272K), 4 survivors (4096K)
 Metaspace       used 95917K, capacity 97657K, committed 97920K, reserved 1134592K
  class space    used 12901K, capacity 13579K, committed 13696K, reserved 1048576K
}
Event: 88.155 GC heap after
{Heap after GC invocations=60 (full 0):
 garbage-first heap   total 198656K, used 110093K [0x0000000080000000, 0x0000000100000000)
  region size 1024K, 6 young (6144K), 6 survivors (6144K)
 Metaspace       used 95917K, capacity 97657K, committed 97920K, reserved 1134592K
  class space    used 12901K, capacity 13579K, committed 13696K, reserved 1048576K
}
Event: 91.729 GC heap before
{Heap before GC invocations=61 (full 0):
 garbage-first heap   total 198656K, used 160269K [0x0000000080000000, 0x0000000100000000)
  region size 1024K, 55 young (56320K), 6 survivors (6144K)
 Metaspace       used 102092K, capacity 104032K, committed 104320K, reserved 1138688K
  class space    used 13592K, capacity 14346K, committed 14464K, reserved 1048576K
}
Event: 91.744 GC heap after
{Heap after GC invocations=62 (full 0):
 garbage-first heap   total 198656K, used 106877K [0x0000000080000000, 0x0000000100000000)
  region size 1024K, 5 young (5120K), 5 survivors (5120K)
 Metaspace       used 102092K, capacity 104032K, committed 104320K, reserved 1138688K
  class space    used 13592K, capacity 14346K, committed 14464K, reserved 1048576K
}
Event: 94.150 GC heap before
{Heap before GC invocations=62 (full 0):
 garbage-first heap   total 198656K, used 151933K [0x0000000080000000, 0x0000000100000000)
  region size 1024K, 51 young (52224K), 5 survivors (5120K)
 Metaspace       used 106982K, capacity 109007K, committed 109184K, reserved 1142784K
  class space    used 14180K, capacity 14937K, committed 14976K, reserved 1048576K
}
Event: 94.165 GC heap after
{Heap after GC invocations=63 (full 0):
 garbage-first heap   total 198656K, used 110846K [0x0000000080000000, 0x0000000100000000)
  region size 1024K, 6 young (6144K), 6 survivors (6144K)
 Metaspace       used 106982K, capacity 109007K, committed 109184K, reserved 1142784K
  class space    used 14180K, capacity 14937K, committed 14976K, reserved 1048576K
}
Event: 99.024 GC heap before
{Heap before GC invocations=64 (full 0):
 garbage-first heap   total 203776K, used 163070K [0x0000000080000000, 0x0000000100000000)
  region size 1024K, 57 young (58368K), 6 survivors (6144K)
 Metaspace       used 112587K, capacity 114710K, committed 114816K, reserved 1148928K
  class space    used 14906K, capacity 15732K, committed 15744K, reserved 1048576K
}
Event: 99.041 GC heap after
{Heap after GC invocations=65 (full 0):
 garbage-first heap   total 203776K, used 114889K [0x0000000080000000, 0x0000000100000000)
  region size 1024K, 8 young (8192K), 8 survivors (8192K)
 Metaspace       used 112587K, capacity 114710K, committed 114816K, reserved 1148928K
  class space    used 14906K, capacity 15732K, committed 15744K, reserved 1048576K
}
Event: 102.278 GC heap before
{Heap before GC invocations=65 (full 0):
 garbage-first heap   total 203776K, used 168137K [0x0000000080000000, 0x0000000100000000)
  region size 1024K, 60 young (61440K), 8 survivors (8192K)
 Metaspace       used 119551K, capacity 121888K, committed 122112K, reserved 1155072K
  class space    used 15770K, capacity 16620K, committed 16640K, reserved 1048576K
}
Event: 102.300 GC heap after
{Heap after GC invocations=66 (full 0):
 garbage-first heap   total 203776K, used 119244K [0x0000000080000000, 0x0000000100000000)
  region size 1024K, 5 young (5120K), 5 survivors (5120K)
 Metaspace       used 119551K, capacity 121888K, committed 122112K, reserved 1155072K
  class space    used 15770K, capacity 16620K, committed 16640K, reserved 1048576K
}
Event: 104.129 GC heap before
{Heap before GC invocations=67 (full 0):
 garbage-first heap   total 211968K, used 171468K [0x0000000080000000, 0x0000000100000000)
  region size 1024K, 53 young (54272K), 5 survivors (5120K)
 Metaspace       used 121348K, capacity 124050K, committed 124288K, reserved 1157120K
  class space    used 15950K, capacity 16944K, committed 17024K, reserved 1048576K
}
Event: 104.153 GC heap after
{Heap after GC invocations=68 (full 0):
 garbage-first heap   total 211968K, used 127076K [0x0000000080000000, 0x0000000100000000)
  region size 1024K, 7 young (7168K), 7 survivors (7168K)
 Metaspace       used 121348K, capacity 124050K, committed 124288K, reserved 1157120K
  class space    used 15950K, capacity 16944K, committed 17024K, reserved 1048576K
}
Event: 104.277 GC heap before
{Heap before GC invocations=68 (full 0):
 garbage-first heap   total 211968K, used 130148K [0x0000000080000000, 0x0000000100000000)
  region size 1024K, 10 young (10240K), 7 survivors (7168K)
 Metaspace       used 121390K, capacity 124056K, committed 124288K, reserved 1157120K
  class space    used 15951K, capacity 16945K, committed 17024K, reserved 1048576K
}
Event: 104.321 GC heap after
{Heap after GC invocations=69 (full 0):
 garbage-first heap   total 211968K, used 115392K [0x0000000080000000, 0x0000000100000000)
  region size 1024K, 2 young (2048K), 2 survivors (2048K)
 Metaspace       used 121390K, capacity 124056K, committed 124288K, reserved 1157120K
  class space    used 15951K, capacity 16945K, committed 17024K, reserved 1048576K
}

Deoptimization events (20 events):
Event: 103.649 Thread 0x0000021b07891800 DEOPT PACKING pc=0x0000021b70e47648 sp=0x000000a82b3fa610
Event: 103.649 Thread 0x0000021b07891800 DEOPT UNPACKING pc=0x0000021b6f24964e sp=0x000000a82b3f9b18 mode 0
Event: 103.809 Thread 0x0000021b07891800 DEOPT PACKING pc=0x0000021b70e47648 sp=0x000000a82b3f9720
Event: 103.809 Thread 0x0000021b07891800 DEOPT UNPACKING pc=0x0000021b6f24964e sp=0x000000a82b3f8c28 mode 0
Event: 103.847 Thread 0x0000021b07891800 DEOPT PACKING pc=0x0000021b70e66f9b sp=0x000000a82b3faaf0
Event: 103.847 Thread 0x0000021b07891800 DEOPT UNPACKING pc=0x0000021b6f24964e sp=0x000000a82b3fa030 mode 0
Event: 103.924 Thread 0x0000021b07891800 DEOPT PACKING pc=0x0000021b70e47648 sp=0x000000a82b3fa130
Event: 103.924 Thread 0x0000021b07891800 DEOPT UNPACKING pc=0x0000021b6f24964e sp=0x000000a82b3f9638 mode 0
Event: 104.099 Thread 0x0000021b07891800 DEOPT PACKING pc=0x0000021b70e47648 sp=0x000000a82b3fa030
Event: 104.099 Thread 0x0000021b07891800 DEOPT UNPACKING pc=0x0000021b6f24964e sp=0x000000a82b3f9538 mode 0
Event: 104.203 Thread 0x0000021b07891800 DEOPT PACKING pc=0x0000021b70ccd1a4 sp=0x000000a82b3f9bd0
Event: 104.203 Thread 0x0000021b07891800 DEOPT UNPACKING pc=0x0000021b6f24964e sp=0x000000a82b3f90f0 mode 0
Event: 104.229 Thread 0x0000021b07891800 DEOPT PACKING pc=0x0000021b70e47648 sp=0x000000a82b3f9390
Event: 104.229 Thread 0x0000021b07891800 DEOPT UNPACKING pc=0x0000021b6f24964e sp=0x000000a82b3f8898 mode 0
Event: 104.350 Thread 0x0000021b07891800 DEOPT PACKING pc=0x0000021b70e66f9b sp=0x000000a82b3fa180
Event: 104.350 Thread 0x0000021b07891800 DEOPT UNPACKING pc=0x0000021b6f24964e sp=0x000000a82b3f96c0 mode 0
Event: 104.386 Thread 0x0000021b07891800 DEOPT PACKING pc=0x0000021b70e47648 sp=0x000000a82b3fb0a0
Event: 104.386 Thread 0x0000021b07891800 DEOPT UNPACKING pc=0x0000021b6f24964e sp=0x000000a82b3fa5a8 mode 0
Event: 104.576 Thread 0x0000021b07891800 DEOPT PACKING pc=0x0000021b70e47648 sp=0x000000a82b3fa220
Event: 104.576 Thread 0x0000021b07891800 DEOPT UNPACKING pc=0x0000021b6f24964e sp=0x000000a82b3f9728 mode 0

Classes unloaded (14 events):
Event: 24.329 Thread 0x0000021b7f2b4800 Unloading class 0x000000080105ac40 'org/gradle/internal/resource/cached/AbstractCachedIndex$$Lambda$337'
Event: 24.329 Thread 0x0000021b7f2b4800 Unloading class 0x000000080105a840 'org/gradle/internal/resource/cached/AbstractCachedIndex$$Lambda$335'
Event: 24.329 Thread 0x0000021b7f2b4800 Unloading class 0x000000080105b040 'org/gradle/api/internal/artifacts/ivyservice/ivyresolve/ErrorHandlingModuleComponentRepository$ErrorHandlingModuleComponentRepositoryAccess$$Lambda$333'
Event: 24.329 Thread 0x0000021b7f2b4800 Unloading class 0x000000080105bc40 'org/gradle/api/internal/artifacts/ivyservice/ivyresolve/ErrorHandlingModuleComponentRepository$ErrorHandlingModuleComponentRepositoryAccess$$Lambda$332'
Event: 24.329 Thread 0x0000021b7f2b4800 Unloading class 0x000000080105c440 'org/gradle/api/internal/artifacts/ivyservice/ivyresolve/ErrorHandlingModuleComponentRepository$ErrorHandlingModuleComponentRepositoryAccess$$Lambda$331'
Event: 24.329 Thread 0x0000021b7f2b4800 Unloading class 0x000000080105cc40 'org/gradle/api/internal/artifacts/ivyservice/ivyresolve/ErrorHandlingModuleComponentRepository$ErrorHandlingModuleComponentRepositoryAccess$$Lambda$329'
Event: 24.329 Thread 0x0000021b7f2b4800 Unloading class 0x000000080105c840 'org/gradle/api/internal/artifacts/ivyservice/ivyresolve/ErrorHandlingModuleComponentRepository$ErrorHandlingModuleComponentRepositoryAccess$$Lambda$328'
Event: 24.329 Thread 0x0000021b7f2b4800 Unloading class 0x000000080105d040 'org/gradle/api/internal/artifacts/ivyservice/ivyresolve/ErrorHandlingModuleComponentRepository$ErrorHandlingModuleComponentRepositoryAccess$$Lambda$327'
Event: 64.481 Thread 0x0000021b7f2b4800 Unloading class 0x00000008011d1040 'org/gradle/execution/plan/DefaultPlanExecutor$ExecutorWorker$$Lambda$458'
Event: 64.481 Thread 0x0000021b7f2b4800 Unloading class 0x00000008011d1c40 'org/gradle/execution/plan/DefaultPlanExecutor$ExecutorWorker$$Lambda$457'
Event: 64.481 Thread 0x0000021b7f2b4800 Unloading class 0x00000008011d2440 'org/gradle/execution/plan/DefaultPlanExecutor$ExecutorWorker$$Lambda$456'
Event: 64.481 Thread 0x0000021b7f2b4800 Unloading class 0x00000008011d2040 'org/gradle/execution/plan/DefaultPlanExecutor$ExecutorWorker$$Lambda$454'
Event: 64.481 Thread 0x0000021b7f2b4800 Unloading class 0x00000008011d2c40 'org/gradle/execution/plan/DefaultPlanExecutor$ExecutorWorker$$Lambda$453'
Event: 64.481 Thread 0x0000021b7f2b4800 Unloading class 0x00000008011d2840 'org/gradle/execution/plan/DefaultPlanExecutor$ExecutorWorker$$Lambda$451'

Classes redefined (0 events):
No events

Internal exceptions (20 events):
Event: 103.833 Thread 0x0000021b07891800 Exception <a 'java/lang/ClassNotFoundException'{0x000000008a505a78}: build_4lt04oq5ccqywhvi7zsln3zn8$_run_closure1BeanInfo> (0x000000008a505a78) 
thrown [./open/src/hotspot/share/classfile/systemDictionary.cpp, line 226]
Event: 103.834 Thread 0x0000021b07891800 Exception <a 'java/lang/ClassNotFoundException'{0x000000008a516448}: build_4lt04oq5ccqywhvi7zsln3zn8$_run_closure1Customizer> (0x000000008a516448) 
thrown [./open/src/hotspot/share/classfile/systemDictionary.cpp, line 226]
Event: 104.066 Thread 0x0000021b07891800 Exception <a 'java/lang/ClassNotFoundException'{0x000000008a1c3978}: build_2hphw3pd1hzmjca2rkbuuwg6tBeanInfo> (0x000000008a1c3978) 
thrown [./open/src/hotspot/share/classfile/systemDictionary.cpp, line 226]
Event: 104.066 Thread 0x0000021b07891800 Exception <a 'java/lang/ClassNotFoundException'{0x000000008a1cc270}: build_2hphw3pd1hzmjca2rkbuuwg6tCustomizer> (0x000000008a1cc270) 
thrown [./open/src/hotspot/share/classfile/systemDictionary.cpp, line 226]
Event: 104.125 Thread 0x0000021b07891800 Exception <a 'java/lang/ClassNotFoundException'{0x0000000089faebd8}: build_2hphw3pd1hzmjca2rkbuuwg6t$_run_closure1$_closure4BeanInfo> (0x0000000089faebd8) 
thrown [./open/src/hotspot/share/classfile/systemDictionary.cpp, line 226]
Event: 104.125 Thread 0x0000021b07891800 Exception <a 'java/lang/ClassNotFoundException'{0x0000000089fbeb78}: build_2hphw3pd1hzmjca2rkbuuwg6t$_run_closure1$_closure4Customizer> (0x0000000089fbeb78) 
thrown [./open/src/hotspot/share/classfile/systemDictionary.cpp, line 226]
Event: 104.128 Thread 0x0000021b07891800 Exception <a 'java/lang/ClassNotFoundException'{0x0000000089fe6b20}: build_2hphw3pd1hzmjca2rkbuuwg6t$_run_closure1BeanInfo> (0x0000000089fe6b20) 
thrown [./open/src/hotspot/share/classfile/systemDictionary.cpp, line 226]
Event: 104.128 Thread 0x0000021b07891800 Exception <a 'java/lang/ClassNotFoundException'{0x0000000089ff74f0}: build_2hphw3pd1hzmjca2rkbuuwg6t$_run_closure1Customizer> (0x0000000089ff74f0) 
thrown [./open/src/hotspot/share/classfile/systemDictionary.cpp, line 226]
Event: 104.463 Thread 0x0000021b07891800 Exception <a 'java/lang/ClassNotFoundException'{0x000000008cdadb80}: build_5hh9zk6ezqug61k5wlt2yqpgkBeanInfo> (0x000000008cdadb80) 
thrown [./open/src/hotspot/share/classfile/systemDictionary.cpp, line 226]
Event: 104.463 Thread 0x0000021b07891800 Exception <a 'java/lang/ClassNotFoundException'{0x000000008cdb6478}: build_5hh9zk6ezqug61k5wlt2yqpgkCustomizer> (0x000000008cdb6478) 
thrown [./open/src/hotspot/share/classfile/systemDictionary.cpp, line 226]
Event: 104.519 Thread 0x0000021b07891800 Exception <a 'java/lang/ClassNotFoundException'{0x000000008c9b7300}: build_5hh9zk6ezqug61k5wlt2yqpgk$_run_closure1$_closure4BeanInfo> (0x000000008c9b7300) 
thrown [./open/src/hotspot/share/classfile/systemDictionary.cpp, line 226]
Event: 104.520 Thread 0x0000021b07891800 Exception <a 'java/lang/ClassNotFoundException'{0x000000008c9c72a0}: build_5hh9zk6ezqug61k5wlt2yqpgk$_run_closure1$_closure4Customizer> (0x000000008c9c72a0) 
thrown [./open/src/hotspot/share/classfile/systemDictionary.cpp, line 226]
Event: 104.525 Thread 0x0000021b07891800 Exception <a 'java/lang/ClassNotFoundException'{0x000000008c9ef248}: build_5hh9zk6ezqug61k5wlt2yqpgk$_run_closure1BeanInfo> (0x000000008c9ef248) 
thrown [./open/src/hotspot/share/classfile/systemDictionary.cpp, line 226]
Event: 104.525 Thread 0x0000021b07891800 Exception <a 'java/lang/ClassNotFoundException'{0x000000008c9ffc18}: build_5hh9zk6ezqug61k5wlt2yqpgk$_run_closure1Customizer> (0x000000008c9ffc18) 
thrown [./open/src/hotspot/share/classfile/systemDictionary.cpp, line 226]
Event: 104.781 Thread 0x0000021b07891800 Exception <a 'java/lang/ClassNotFoundException'{0x000000008c4a86e8}: build_ey8g12mj3lsl1spxs59c4tdt2BeanInfo> (0x000000008c4a86e8) 
thrown [./open/src/hotspot/share/classfile/systemDictionary.cpp, line 226]
Event: 104.782 Thread 0x0000021b07891800 Exception <a 'java/lang/ClassNotFoundException'{0x000000008c4b0fe0}: build_ey8g12mj3lsl1spxs59c4tdt2Customizer> (0x000000008c4b0fe0) 
thrown [./open/src/hotspot/share/classfile/systemDictionary.cpp, line 226]
Event: 104.828 Thread 0x0000021b07891800 Exception <a 'java/lang/ClassNotFoundException'{0x000000008c297d28}: build_ey8g12mj3lsl1spxs59c4tdt2$_run_closure1$_closure4BeanInfo> (0x000000008c297d28) 
thrown [./open/src/hotspot/share/classfile/systemDictionary.cpp, line 226]
Event: 104.829 Thread 0x0000021b07891800 Exception <a 'java/lang/ClassNotFoundException'{0x000000008c2a7cc8}: build_ey8g12mj3lsl1spxs59c4tdt2$_run_closure1$_closure4Customizer> (0x000000008c2a7cc8) 
thrown [./open/src/hotspot/share/classfile/systemDictionary.cpp, line 226]
Event: 104.832 Thread 0x0000021b07891800 Exception <a 'java/lang/ClassNotFoundException'{0x000000008c2cfc70}: build_ey8g12mj3lsl1spxs59c4tdt2$_run_closure1BeanInfo> (0x000000008c2cfc70) 
thrown [./open/src/hotspot/share/classfile/systemDictionary.cpp, line 226]
Event: 104.833 Thread 0x0000021b07891800 Exception <a 'java/lang/ClassNotFoundException'{0x000000008c2e0640}: build_ey8g12mj3lsl1spxs59c4tdt2$_run_closure1Customizer> (0x000000008c2e0640) 
thrown [./open/src/hotspot/share/classfile/systemDictionary.cpp, line 226]

Events (20 events):
Event: 102.506 loading class sun/reflect/MagicAccessorImpl
Event: 102.506 loading class sun/reflect/MagicAccessorImpl done
Event: 102.554 Executing VM operation: G1Concurrent
Event: 102.562 Executing VM operation: G1Concurrent done
Event: 102.723 Executing VM operation: G1Concurrent
Event: 102.724 Executing VM operation: G1Concurrent done
Event: 102.883 loading class java/util/AbstractCollectionBeanInfo
Event: 102.883 loading class java/util/AbstractCollectionBeanInfo done
Event: 102.884 loading class java/util/AbstractCollectionBeanInfo
Event: 102.884 loading class java/util/AbstractCollectionBeanInfo done
Event: 102.884 loading class java/util/AbstractCollectionCustomizer
Event: 102.884 loading class java/util/AbstractCollectionCustomizer done
Event: 102.884 loading class java/util/AbstractCollectionCustomizer
Event: 102.884 loading class java/util/AbstractCollectionCustomizer done
Event: 103.673 Executing VM operation: ICBufferFull
Event: 103.673 Executing VM operation: ICBufferFull done
Event: 104.129 Executing VM operation: G1CollectForAllocation
Event: 104.154 Executing VM operation: G1CollectForAllocation done
Event: 104.277 Executing VM operation: G1CollectForAllocation
Event: 104.321 Executing VM operation: G1CollectForAllocation done


Dynamic libraries:
0x00007ff637f50000 - 0x00007ff637f5f000 	C:\Program Files\Java\jdk-14.0.1\bin\java.exe
0x00007fff82ca0000 - 0x00007fff82e90000 	C:\Windows\SYSTEM32\ntdll.dll
0x00007fff82010000 - 0x00007fff820c2000 	C:\Windows\System32\KERNEL32.DLL
0x00007fff805e0000 - 0x00007fff80884000 	C:\Windows\System32\KERNELBASE.dll
0x00007fff80c50000 - 0x00007fff80d4a000 	C:\Windows\System32\ucrtbase.dll
0x00007fff6dc40000 - 0x00007fff6dc55000 	C:\Program Files\Java\jdk-14.0.1\bin\VCRUNTIME140.dll
0x00007fff78d50000 - 0x00007fff78d68000 	C:\Program Files\Java\jdk-14.0.1\bin\jli.dll
0x00007fff81740000 - 0x00007fff817e3000 	C:\Windows\System32\ADVAPI32.dll
0x00007fff816a0000 - 0x00007fff8173e000 	C:\Windows\System32\msvcrt.dll
0x00007fff81c90000 - 0x00007fff81d27000 	C:\Windows\System32\sechost.dll
0x00007fff81a40000 - 0x00007fff81b60000 	C:\Windows\System32\RPCRT4.dll
0x00007fff818a0000 - 0x00007fff81a34000 	C:\Windows\System32\USER32.dll
0x00007fff72850000 - 0x00007fff72ad4000 	C:\Windows\WinSxS\amd64_microsoft.windows.common-controls_6595b64144ccf1df_6.0.18362.900_none_e6beb9d913147d17\COMCTL32.dll
0x00007fff7fc30000 - 0x00007fff7fc51000 	C:\Windows\System32\win32u.dll
0x00007fff80d50000 - 0x00007fff81085000 	C:\Windows\System32\combase.dll
0x00007fff81be0000 - 0x00007fff81c06000 	C:\Windows\System32\GDI32.dll
0x00007fff808b0000 - 0x00007fff80930000 	C:\Windows\System32\bcryptPrimitives.dll
0x00007fff80930000 - 0x00007fff80ac5000 	C:\Windows\System32\gdi32full.dll
0x00007fff80540000 - 0x00007fff805de000 	C:\Windows\System32\msvcp_win.dll
0x00007fff76820000 - 0x00007fff7682a000 	C:\Windows\SYSTEM32\VERSION.dll
0x00007fff82150000 - 0x00007fff8217e000 	C:\Windows\System32\IMM32.DLL
0x00007fff6a150000 - 0x00007fff6a1eb000 	C:\Program Files\Java\jdk-14.0.1\bin\msvcp140.dll
0x00007fff47c70000 - 0x00007fff4878e000 	C:\Program Files\Java\jdk-14.0.1\bin\server\jvm.dll
0x00007fff81c10000 - 0x00007fff81c18000 	C:\Windows\System32\PSAPI.DLL
0x00007fff7b2d0000 - 0x00007fff7b2d9000 	C:\Windows\SYSTEM32\WSOCK32.dll
0x00007fff82ab0000 - 0x00007fff82b1f000 	C:\Windows\System32\WS2_32.dll
0x00007fff72650000 - 0x00007fff72674000 	C:\Windows\SYSTEM32\WINMM.dll
0x00007fff72620000 - 0x00007fff7264d000 	C:\Windows\SYSTEM32\WINMMBASE.dll
0x00007fff7fc60000 - 0x00007fff7fcaa000 	C:\Windows\System32\cfgmgr32.dll
0x00007fff7fb70000 - 0x00007fff7fb81000 	C:\Windows\System32\kernel.appcore.dll
0x00007fff78330000 - 0x00007fff7833a000 	C:\Program Files\Java\jdk-14.0.1\bin\jimage.dll
0x00007fff7e440000 - 0x00007fff7e634000 	C:\Windows\SYSTEM32\DBGHELP.DLL
0x00007fff79e00000 - 0x00007fff79e2a000 	C:\Windows\SYSTEM32\dbgcore.DLL
0x00007fff6c890000 - 0x00007fff6c8b5000 	C:\Program Files\Java\jdk-14.0.1\bin\java.dll
0x00007fff6d850000 - 0x00007fff6d866000 	C:\Program Files\Java\jdk-14.0.1\bin\zip.dll
0x00007fff821e0000 - 0x00007fff828c6000 	C:\Windows\System32\SHELL32.dll
0x00007fff81f60000 - 0x00007fff82009000 	C:\Windows\System32\shcore.dll
0x00007fff7fdc0000 - 0x00007fff80540000 	C:\Windows\System32\windows.storage.dll
0x00007fff7fb90000 - 0x00007fff7fbb3000 	C:\Windows\System32\profapi.dll
0x00007fff7fbc0000 - 0x00007fff7fc0a000 	C:\Windows\System32\powrprof.dll
0x00007fff7fb60000 - 0x00007fff7fb70000 	C:\Windows\System32\UMPDC.dll
0x00007fff82180000 - 0x00007fff821d2000 	C:\Windows\System32\shlwapi.dll
0x00007fff80890000 - 0x00007fff808a7000 	C:\Windows\System32\cryptsp.dll
0x00007fff6d610000 - 0x00007fff6d629000 	C:\Program Files\Java\jdk-14.0.1\bin\net.dll
0x00007fff79f20000 - 0x00007fff7a010000 	C:\Windows\SYSTEM32\WINHTTP.dll
0x00007fff7f320000 - 0x00007fff7f387000 	C:\Windows\system32\mswsock.dll
0x00007fff6cdc0000 - 0x00007fff6cdd2000 	C:\Program Files\Java\jdk-14.0.1\bin\nio.dll
0x00007fff6e320000 - 0x00007fff6e330000 	C:\Program Files\Java\jdk-14.0.1\bin\verify.dll
0x00007fff6a020000 - 0x00007fff6a047000 	C:\Users\Omid\.gradle\native\f6784746aeab05261644944871eae4fe03e0ef1612fff0a4a95f87b438bc6780\windows-amd64\native-platform.dll
0x00007fff6d930000 - 0x00007fff6d939000 	C:\Program Files\Java\jdk-14.0.1\bin\management.dll
0x00007fff6d3e0000 - 0x00007fff6d3eb000 	C:\Program Files\Java\jdk-14.0.1\bin\management_ext.dll
0x00007fff7eea0000 - 0x00007fff7eed3000 	C:\Windows\system32\rsaenh.dll
0x00007fff80ad0000 - 0x00007fff80af6000 	C:\Windows\System32\bcrypt.dll
0x00007fff7fa50000 - 0x00007fff7fa75000 	C:\Windows\SYSTEM32\USERENV.dll
0x00007fff7f4a0000 - 0x00007fff7f4ac000 	C:\Windows\SYSTEM32\CRYPTBASE.dll
0x00007fff7f040000 - 0x00007fff7f07a000 	C:\Windows\SYSTEM32\IPHLPAPI.DLL
0x00007fff81f50000 - 0x00007fff81f58000 	C:\Windows\System32\NSI.dll
0x00007fff79e30000 - 0x00007fff79e46000 	C:\Windows\SYSTEM32\dhcpcsvc6.DLL
0x00007fff79c40000 - 0x00007fff79c5c000 	C:\Windows\SYSTEM32\dhcpcsvc.DLL
0x00007fff7f080000 - 0x00007fff7f14b000 	C:\Windows\SYSTEM32\DNSAPI.dll
0x00007fff7a010000 - 0x00007fff7a01b000 	C:\Windows\SYSTEM32\WINNSI.DLL
0x00007fff6c8f0000 - 0x00007fff6c90e000 	C:\Users\Omid\AppData\Local\Temp\native-platform3524485473586231138dir\native-platform.dll
0x00007fff6cae0000 - 0x00007fff6cae7000 	C:\Program Files\Java\jdk-14.0.1\bin\rmi.dll

dbghelp: loaded successfully - version: 4.0.5 - missing functions: none
symbol engine: initialized successfully - sym options: 0x614 - pdb path: .;C:\Program Files\Java\jdk-14.0.1\bin;C:\Windows\SYSTEM32;C:\Windows\WinSxS\amd64_microsoft.windows.common-controls_6595b64144ccf1df_6.0.18362.900_none_e6beb9d913147d17;C:\Program Files\Java\jdk-14.0.1\bin\server;C:\Users\Omid\.gradle\native\f6784746aeab05261644944871eae4fe03e0ef1612fff0a4a95f87b438bc6780\windows-amd64;C:\Users\Omid\AppData\Local\Temp\native-platform3524485473586231138dir

VM Arguments:
jvm_args: --add-opens=java.base/java.util=ALL-UNNAMED --add-opens=java.base/java.lang=ALL-UNNAMED --add-opens=java.base/java.lang.invoke=ALL-UNNAMED --add-opens=java.prefs/java.util.prefs=ALL-UNNAMED -Xmx2048m -Dfile.encoding=windows-1252 -Duser.country=US -Duser.language=en -Duser.variant 
java_command: org.gradle.launcher.daemon.bootstrap.GradleDaemon 6.5
java_class_path (initial): C:\Users\Omid\.gradle\wrapper\dists\gradle-6.5-all\2oz4ud9k3tuxjg84bbf55q0tn\gradle-6.5\lib\gradle-launcher-6.5.jar
Launcher Type: SUN_STANDARD

[Global flags]
     intx CICompilerCount                          = 3                                         {product} {ergonomic}
     uint ConcGCThreads                            = 1                                         {product} {ergonomic}
     uint G1ConcRefinementThreads                  = 4                                         {product} {ergonomic}
   size_t G1HeapRegionSize                         = 1048576                                   {product} {ergonomic}
    uintx GCDrainStackTargetSize                   = 64                                        {product} {ergonomic}
   size_t InitialHeapSize                          = 100663296                                 {product} {ergonomic}
   size_t MarkStackSize                            = 4194304                                   {product} {ergonomic}
   size_t MaxHeapSize                              = 2147483648                                {product} {command line}
   size_t MaxNewSize                               = 1287651328                                {product} {ergonomic}
   size_t MinHeapDeltaBytes                        = 1048576                                   {product} {ergonomic}
   size_t MinHeapSize                              = 8388608                                   {product} {ergonomic}
    uintx NonNMethodCodeHeapSize                   = 5832780                                {pd product} {ergonomic}
    uintx NonProfiledCodeHeapSize                  = 122912730                              {pd product} {ergonomic}
    uintx ProfiledCodeHeapSize                     = 122912730                              {pd product} {ergonomic}
    uintx ReservedCodeCacheSize                    = 251658240                              {pd product} {ergonomic}
     bool SegmentedCodeCache                       = true                                      {product} {ergonomic}
   size_t SoftMaxHeapSize                          = 2147483648                             {manageable} {ergonomic}
     bool UseCompressedClassPointers               = true                                 {lp64_product} {ergonomic}
     bool UseCompressedOops                        = true                                 {lp64_product} {ergonomic}
     bool UseG1GC                                  = true                                      {product} {ergonomic}
     bool UseLargePagesIndividualAllocation        = false                                  {pd product} {ergonomic}

Logging:
Log output configuration:
 #0: stdout all=warning uptime,level,tags
 #1: stderr all=off uptime,level,tags

Environment Variables:
JAVA_HOME=C:\Program Files\Java\jdk-14.0.1
CLASSPATH=E:\Android_Stadio_Rep\Kotlin\Movotlin\\gradle\wrapper\gradle-wrapper.jar
PATH=C:\Program Files (x86)\Common Files\Oracle\Java\javapath;C:\Windows\system32;C:\Windows;C:\Windows\System32\Wbem;C:\Windows\System32\WindowsPowerShell\v1.0\;C:\Windows\System32\OpenSSH\;C:\Program Files\Java\jdk-14.0.1\bin;F:\Android\android-sdk\platform-tools;F:\Android\android-sdk\tools;C:\Program Files\Git\cmd;D:\FlutterSdk\flutter\bin;C:\Program Files\SourceGear\Common\DiffMerge\;C:\Program Files\Docker\Docker\resources\bin;C:\ProgramData\DockerDesktop\version-bin;C:\Users\Omid\AppData\Local\Microsoft\WindowsApps;
USERNAME=Omid
OS=Windows_NT
PROCESSOR_IDENTIFIER=Intel64 Family 6 Model 58 Stepping 9, GenuineIntel



---------------  S Y S T E M  ---------------

OS: Windows 10 , 64 bit Build 18362 (10.0.18362.900)
OS uptime: 4 days 12:50 hours
HyperV virtualization detected

CPU:total 4 (initial active 4) (2 cores per cpu, 2 threads per core) family 6 model 58 stepping 9, cmov, cx8, fxsr, mmx, sse, sse2, sse3, ssse3, sse4.1, sse4.2, popcnt, avx, aes, clmul, erms, ht, tsc, tscinvbit, tscinv

Memory: 4k page, system-wide physical 6029M (339M free)
TotalPageFile size 18485M (AvailPageFile size 7M)
current process WorkingSet (physical memory assigned to process): 464M, peak: 466M
current process commit charge ("private bytes"): 556M, peak: 557M

vm_info: Java HotSpot(TM) 64-Bit Server VM (14.0.1+7) for windows-amd64 JRE (14.0.1+7), built on Mar  5 2020 10:30:14 by "mach5one" with MS VC++ 15.9 (VS2017)

END.
