JvmtiExport can_access_local_variables 0
JvmtiExport can_hotswap_or_post_breakpoint 0
JvmtiExport can_post_on_exceptions 0
# 159 ciObject found
ciMethod java/lang/Object <init> ()V 4097 1 409183 0 0
ciMethod java/lang/String length ()I 4097 1 193980 0 0
ciMethod java/lang/String charAt (I)C 4097 1 1264210 0 128
ciMethod java/lang/String equals (Ljava/lang/Object;)Z 2049 12537 2486 0 -1
ciMethod java/lang/String hashCode ()I 2753 32769 1688 0 288
ciMethod java/lang/System arraycopy (Ljava/lang/Object;ILjava/lang/Object;II)V 5121 1 640 0 -1
ciMethodData java/lang/Object <init> ()V 2 409183 orig 264 168 227 100 92 0 0 0 0 128 4 117 22 0 0 0 0 32 1 0 0 0 0 0 0 0 0 0 0 0 0 0 0 0 0 0 0 0 0 0 0 0 0 0 0 0 0 0 0 0 0 0 0 0 0 0 0 0 0 0 0 0 0 0 0 0 0 0 0 0 0 0 0 0 0 0 0 0 0 0 0 77 68 79 32 101 120 116 114 97 32 100 97 116 97 32 108 111 99 107 0 0 0 0 0 0 0 0 0 0 0 0 0 0 0 0 0 0 0 0 0 0 0 0 0 0 0 0 0 0 0 0 0 0 0 0 0 0 0 0 0 0 0 0 0 0 0 0 0 0 0 0 0 0 0 0 0 0 0 0 0 0 0 0 0 0 0 0 0 0 0 0 0 0 0 0 0 0 0 0 0 0 0 0 0 1 0 0 0 0 0 0 0 1 0 0 0 0 0 0 0 1 0 0 0 0 0 0 0 0 0 0 0 0 0 0 0 0 2 0 0 249 226 49 0 1 0 0 0 0 0 0 0 0 0 0 0 2 0 0 0 0 0 3 0 1 0 0 0 0 0 0 0 255 255 255 255 0 0 0 0 0 0 0 0 data 0 oops 0
ciMethodData java/lang/String charAt (I)C 2 1264210 orig 264 168 227 100 92 0 0 0 0 104 61 117 22 0 0 0 0 120 1 0 0 32 0 0 0 0 0 0 0 0 0 0 0 0 0 0 0 0 0 0 0 0 0 0 0 0 0 0 0 0 0 0 0 0 0 0 0 0 0 0 0 0 0 0 0 0 0 0 0 0 0 0 0 0 0 0 0 0 0 0 0 77 68 79 32 101 120 116 114 97 32 100 97 116 97 32 108 111 99 107 0 0 0 0 0 0 0 0 0 0 0 0 0 0 0 0 0 0 0 0 0 0 0 0 0 0 0 0 0 0 0 0 0 0 0 0 0 0 0 0 0 0 0 0 0 0 0 0 0 0 0 0 0 0 0 0 0 0 0 0 0 0 0 0 1 0 0 0 0 0 0 0 0 0 0 0 0 0 0 0 0 0 0 0 0 25 0 0 0 0 0 0 0 0 0 0 0 0 0 0 0 1 0 0 0 0 0 0 0 0 0 0 0 0 0 0 0 0 2 0 0 145 66 154 0 1 0 0 0 0 0 0 0 0 0 0 0 2 0 0 0 0 0 8 0 2 0 0 0 80 0 0 0 255 255 255 255 7 0 1 0 0 0 0 0 data 10 0x10007 0x0 0x40 0x134851 0xa0007 0x134850 0x30 0x0 0x120002 0x0 oops 0
ciMethodData java/lang/String hashCode ()I 2 21085 orig 264 168 227 100 92 0 0 0 0 184 79 117 22 0 0 0 0 152 1 0 0 32 0 0 0 0 0 0 0 0 0 0 0 0 0 0 0 0 0 0 0 0 0 0 0 0 0 0 0 0 0 0 0 0 0 0 0 0 0 0 0 0 0 0 0 0 0 0 0 0 0 0 0 0 0 0 0 0 0 0 0 77 68 79 32 101 120 116 114 97 32 100 97 116 97 32 108 111 99 107 0 0 0 0 0 0 0 0 0 0 0 0 0 0 0 0 0 0 0 0 0 0 0 0 0 0 0 0 0 0 0 0 0 0 0 0 0 0 0 0 0 0 0 0 0 0 0 0 0 0 0 0 0 0 0 0 0 0 0 0 0 0 0 0 0 0 0 0 0 0 0 0 0 0 0 0 0 0 0 0 0 0 0 0 0 1 0 0 0 0 0 0 0 0 0 0 0 0 0 0 0 1 0 0 0 0 0 0 0 0 0 0 0 0 0 0 0 0 16 0 0 1 42 0 0 233 18 2 0 0 0 0 0 0 0 0 0 2 0 0 0 1 0 11 0 2 0 0 0 120 0 0 0 255 255 255 255 7 0 6 0 0 0 0 0 data 15 0x60007 0x30b 0x78 0x235 0xe0007 0x5 0x58 0x230 0x1e0007 0x230 0x38 0x423c 0x2d0003 0x423c 0xffffffffffffffe0 oops 0
ciMethodData java/lang/String length ()I 2 193980 orig 264 168 227 100 92 0 0 0 0 24 60 117 22 0 0 0 0 32 1 0 0 0 0 0 0 0 0 0 0 0 0 0 0 0 0 0 0 0 0 0 0 0 0 0 0 0 0 0 0 0 0 0 0 0 0 0 0 0 0 0 0 0 0 0 0 0 0 0 0 0 0 0 0 0 0 0 0 0 0 0 0 77 68 79 32 101 120 116 114 97 32 100 97 116 97 32 108 111 99 107 0 0 0 0 0 0 0 0 0 0 0 0 0 0 0 0 0 0 0 0 0 0 0 0 0 0 0 0 0 0 0 0 0 0 0 0 0 0 0 0 0 0 0 0 0 0 0 0 0 0 0 0 0 0 0 0 0 0 0 0 0 0 0 0 0 0 0 0 0 0 0 0 0 0 0 0 0 0 0 0 0 0 0 0 0 1 0 0 0 0 0 0 0 0 0 0 0 0 0 0 0 1 0 0 0 0 0 0 0 0 0 0 0 0 0 0 0 0 2 0 0 225 157 23 0 1 0 0 0 0 0 0 0 0 0 0 0 2 0 0 0 0 0 3 0 1 0 0 0 0 0 0 0 255 255 255 255 0 0 0 0 0 0 0 0 data 0 oops 0
ciMethodData org/objectweb/asm/SymbolTable addConstantMemberReference (ILjava/lang/String;Ljava/lang/String;Ljava/lang/String;)Lorg/objectweb/asm/SymbolTable$Entry; 2 6571 orig 264 168 227 100 92 0 0 0 0 176 24 119 30 0 0 0 0 160 3 0 0 16 0 0 0 0 0 0 0 0 0 0 0 0 0 0 0 0 0 0 0 0 0 0 0 0 0 0 0 0 0 0 0 0 0 0 0 0 0 0 0 0 0 0 0 0 0 0 0 0 0 0 0 0 0 0 0 0 0 0 0 77 68 79 32 101 120 116 114 97 32 100 97 116 97 32 108 111 99 107 0 0 0 0 0 0 0 0 0 0 0 0 0 0 0 0 0 0 0 0 0 0 0 0 0 0 0 0 0 0 0 0 0 0 0 0 0 0 0 0 0 0 0 0 0 0 0 0 0 0 0 0 0 0 0 0 0 0 0 0 0 0 0 0 0 0 0 0 0 0 0 0 0 0 0 0 0 0 0 0 0 0 0 0 0 0 0 0 0 0 0 0 0 0 0 0 0 0 0 0 0 0 0 0 0 0 0 0 0 0 0 0 0 0 0 0 0 171 1 0 0 1 192 0 0 89 72 0 0 0 0 0 0 0 0 0 0 2 0 0 0 1 0 17 0 2 0 0 0 56 2 0 0 255 255 255 255 2 0 5 0 0 0 0 0 data 71 0x50002 0x17ff 0xd0002 0x17ff 0x140007 0xc1e 0x168 0x14ec 0x1d0007 0x795 0x130 0xd57 0x270007 0x176 0x110 0xbe1 0x300005 0xa 0x23da830 0xbd7 0x0 0x0 0x330007 0x0 0xc0 0xbe1 0x3c0005 0xa 0x23da830 0xbd7 0x0 0x0 0x3f0007 0x0 0x70 0xbe1 0x490005 0xa 0x23da830 0xbd7 0x0 0x0 0x4c0007 0x0 0x20 0xbe1 0x590003 0x90b 0xfffffffffffffeb0 0x630005 0xa 0x1db30980 0xc14 0x0 0x0 0x6d0005 0xa 0x1db30980 0xc14 0x0 0x0 0x700005 0xa 0x1db31070 0xc14 0x0 0x0 0x8c0002 0xc1e 0x8f0002 0xc1e oops 6 18 java/lang/String 28 java/lang/String 38 java/lang/String 51 org/objectweb/asm/SymbolTable 57 org/objectweb/asm/SymbolTable 63 org/objectweb/asm/ByteVector
ciMethodData org/objectweb/asm/SymbolTable hash (ILjava/lang/String;Ljava/lang/String;Ljava/lang/String;)I 2 6574 orig 264 168 227 100 92 0 0 0 0 24 64 119 30 0 0 0 0 240 1 0 0 0 0 0 0 0 0 0 0 0 0 0 0 0 0 0 0 0 0 0 0 0 0 0 0 0 0 0 0 0 0 0 0 0 0 0 0 0 0 0 0 0 0 0 0 0 0 0 0 0 0 0 0 0 0 0 0 0 0 0 0 77 68 79 32 101 120 116 114 97 32 100 97 116 97 32 108 111 99 107 0 0 0 0 0 0 0 0 0 0 0 0 0 0 0 0 0 0 0 0 0 0 0 0 0 0 0 0 0 0 0 0 0 0 0 0 0 0 0 0 0 0 0 0 0 0 0 0 0 0 0 0 0 0 0 0 0 0 0 0 0 0 0 0 0 0 0 0 0 0 0 0 0 0 0 0 0 0 0 0 0 0 0 0 0 0 0 0 0 0 0 0 0 0 0 0 0 0 0 0 0 0 0 0 0 0 0 0 0 0 0 0 0 0 0 0 0 171 1 0 0 25 192 0 0 1 0 0 0 0 0 0 0 0 0 0 0 2 0 0 0 0 0 0 0 0 0 0 0 144 0 0 0 255 255 255 255 5 0 4 0 0 0 0 0 data 18 0x40005 0x14 0x23da830 0x17ef 0x0 0x0 0x80005 0x14 0x23da830 0x17ef 0x0 0x0 0xd0005 0x14 0x23da830 0x17ef 0x0 0x0 oops 3 2 java/lang/String 8 java/lang/String 14 java/lang/String
ciMethodData org/objectweb/asm/SymbolTable addConstantClass (Ljava/lang/String;)Lorg/objectweb/asm/Symbol; 2 6681 orig 264 168 227 100 92 0 0 0 0 104 21 119 30 0 0 0 0 56 1 0 0 0 0 0 0 0 0 0 0 0 0 0 0 0 0 0 0 0 0 0 0 0 0 0 0 0 0 0 0 0 0 0 0 0 0 0 0 0 0 0 0 0 0 0 0 0 0 0 0 0 0 0 0 0 0 0 0 0 0 0 0 77 68 79 32 101 120 116 114 97 32 100 97 116 97 32 108 111 99 107 0 0 0 0 0 0 0 0 0 0 0 0 0 0 0 0 0 0 0 0 0 0 0 0 0 0 0 0 0 0 0 0 0 0 0 0 0 0 0 0 0 0 0 0 0 0 0 0 0 0 0 0 0 0 0 0 0 0 0 0 0 0 0 0 0 0 0 0 0 0 0 0 0 0 0 0 0 0 0 0 0 0 0 0 0 0 0 0 0 0 0 0 0 0 0 0 0 0 0 0 0 0 0 0 0 0 0 0 0 0 0 0 0 0 0 0 0 170 1 0 0 121 195 0 0 1 0 0 0 0 0 0 0 0 0 0 0 2 0 0 0 0 0 3 0 2 0 0 0 16 0 0 0 255 255 255 255 2 0 4 0 0 0 0 0 data 2 0x40002 0x186f oops 0
ciMethodData org/objectweb/asm/SymbolTable addConstantUtf8Reference (ILjava/lang/String;)Lorg/objectweb/asm/Symbol; 2 6673 orig 264 168 227 100 92 0 0 0 0 96 48 119 30 0 0 0 0 192 2 0 0 16 0 0 0 0 0 0 0 0 0 0 0 0 0 0 0 0 0 0 0 0 0 0 0 0 0 0 0 0 0 0 0 0 0 0 0 0 0 0 0 0 0 0 0 0 0 0 0 0 0 0 0 0 0 0 0 0 0 0 0 77 68 79 32 101 120 116 114 97 32 100 97 116 97 32 108 111 99 107 0 0 0 0 0 0 0 0 0 0 0 0 0 0 0 0 0 0 0 0 0 0 0 0 0 0 0 0 0 0 0 0 0 0 0 0 0 0 0 0 0 0 0 0 0 0 0 0 0 0 0 0 0 0 0 0 0 0 0 0 0 0 0 0 0 0 0 0 0 0 0 0 0 0 0 0 0 0 0 0 0 0 0 0 0 0 0 0 0 0 0 0 0 0 0 0 0 0 0 0 0 0 0 0 0 0 0 0 0 0 0 0 0 0 0 0 0 205 1 0 0 33 194 0 0 33 55 0 0 0 0 0 0 0 0 0 0 2 0 0 0 1 0 13 0 2 0 0 0 104 1 0 0 255 255 255 255 2 0 2 0 0 0 0 0 data 45 0x20002 0x1844 0x80002 0x1844 0xf0007 0x84d 0xc8 0x16db 0x180007 0x5e4 0x90 0x10f7 0x210007 0x100 0x70 0xff7 0x2a0005 0x6f 0x23da830 0xf88 0x0 0x0 0x2d0007 0x0 0x20 0xff7 0x3a0003 0x6e4 0xffffffffffffff50 0x440005 0x3e 0x1db30980 0x80f 0x0 0x0 0x470005 0x3e 0x1db31070 0x80f 0x0 0x0 0x5e0002 0x84d 0x610002 0x84d oops 3 18 java/lang/String 31 org/objectweb/asm/SymbolTable 37 org/objectweb/asm/ByteVector
ciMethodData org/objectweb/asm/SymbolTable addConstantNameAndType (Ljava/lang/String;Ljava/lang/String;)I 2 3321 orig 264 168 227 100 92 0 0 0 0 208 34 119 30 0 0 0 0 64 3 0 0 16 0 0 0 0 0 0 0 0 0 0 0 0 0 0 0 0 0 0 0 0 0 0 0 0 0 0 0 0 0 0 0 0 0 0 0 0 0 0 0 0 0 0 0 0 0 0 0 0 0 0 0 0 0 0 0 0 0 0 0 77 68 79 32 101 120 116 114 97 32 100 97 116 97 32 108 111 99 107 0 0 0 0 0 0 0 0 0 0 0 0 0 0 0 0 0 0 0 0 0 0 0 0 0 0 0 0 0 0 0 0 0 0 0 0 0 0 0 0 0 0 0 0 0 0 0 0 0 0 0 0 0 0 0 0 0 0 0 0 0 0 0 0 0 0 0 0 0 0 0 0 0 0 0 0 0 0 0 0 0 0 0 0 0 0 0 0 0 0 0 0 0 0 0 0 0 0 0 0 0 0 0 0 0 0 0 0 0 0 0 0 0 0 0 0 0 196 0 0 0 169 97 0 0 209 39 0 0 0 0 0 0 0 0 0 0 2 0 0 0 1 0 15 0 2 0 0 0 232 1 0 0 255 255 255 255 2 0 7 0 0 0 0 0 data 61 0x70002 0xc35 0xf0002 0xc35 0x160007 0xb93 0x118 0x59c 0x200007 0x3fb 0xe0 0x1a1 0x2a0007 0xff 0xc0 0xa2 0x330005 0x11 0x23da830 0x91 0x0 0x0 0x360007 0x0 0x70 0xa2 0x3f0005 0x11 0x23da830 0x91 0x0 0x0 0x420007 0x0 0x20 0xa2 0x520003 0x4fa 0xffffffffffffff00 0x5d0005 0x11e 0x1db30980 0xa75 0x0 0x0 0x620005 0x11e 0x1db30980 0xa75 0x0 0x0 0x650005 0x11e 0x1db31070 0xa75 0x0 0x0 0x7f0002 0xb93 0x820002 0xb93 oops 5 18 java/lang/String 28 java/lang/String 41 org/objectweb/asm/SymbolTable 47 org/objectweb/asm/SymbolTable 53 org/objectweb/asm/ByteVector
ciMethodData org/objectweb/asm/ByteVector put122 (III)Lorg/objectweb/asm/ByteVector; 2 5608 orig 264 168 227 100 92 0 0 0 0 152 109 119 30 0 0 0 0 112 1 0 0 0 0 0 0 0 0 0 0 0 0 0 0 0 0 0 0 0 0 0 0 0 0 0 0 0 0 0 0 0 0 0 0 0 0 0 0 0 0 0 0 0 0 0 0 0 0 0 0 0 0 0 0 0 0 0 0 0 0 0 0 77 68 79 32 101 120 116 114 97 32 100 97 116 97 32 108 111 99 107 0 0 0 0 0 0 0 0 0 0 0 0 0 0 0 0 0 0 0 0 0 0 0 0 0 0 0 0 0 0 0 0 0 0 0 0 0 0 0 0 0 0 0 0 0 0 0 0 0 0 0 0 0 0 0 0 0 0 0 0 0 0 0 0 0 0 0 0 0 0 0 0 0 0 0 0 0 0 0 0 0 0 0 0 0 0 0 0 0 0 0 0 0 0 0 0 0 0 0 0 0 0 0 0 0 0 0 0 0 0 0 0 0 0 0 0 0 127 1 0 0 73 163 0 0 1 0 0 0 0 0 0 0 0 0 0 0 2 0 0 0 0 0 6 0 2 0 0 0 48 0 0 0 255 255 255 255 7 0 15 0 0 0 0 0 data 6 0xf0007 0x145a 0x30 0xf 0x140002 0xf oops 0
ciMethodData org/objectweb/asm/SymbolTable$Entry <init> (IILjava/lang/String;Ljava/lang/String;Ljava/lang/String;JI)V 2 3332 orig 264 168 227 100 92 0 0 0 0 232 74 119 30 0 0 0 0 112 1 0 0 0 0 0 0 0 0 0 0 0 0 0 0 0 0 0 0 0 0 0 0 0 0 0 0 0 0 0 0 0 0 0 0 0 0 0 0 0 0 0 0 0 0 0 0 0 0 0 0 0 0 0 0 0 0 0 0 0 0 0 0 77 68 79 32 101 120 116 114 97 32 100 97 116 97 32 108 111 99 107 0 0 0 0 0 0 0 0 0 0 0 0 0 0 0 0 0 0 0 0 0 0 0 0 0 0 0 0 0 0 0 0 0 0 0 0 0 0 0 0 0 0 0 0 0 0 0 0 0 0 0 0 0 0 0 0 0 0 0 0 0 0 0 0 0 0 0 0 0 0 0 0 0 0 0 0 0 0 0 0 0 0 0 0 0 0 0 0 0 0 0 0 0 0 0 0 0 0 0 0 0 0 0 0 0 0 0 0 0 0 0 0 0 0 0 0 0 197 0 0 0 249 97 0 0 1 0 0 0 0 0 0 0 0 0 0 0 2 0 0 0 0 0 0 0 0 0 0 0 16 0 0 0 255 255 255 255 2 0 10 0 0 0 0 0 data 2 0xa0002 0xc3f oops 0
ciMethodData org/objectweb/asm/SymbolTable hash (ILjava/lang/String;Ljava/lang/String;)I 2 3321 orig 264 168 227 100 92 0 0 0 0 104 62 119 30 0 0 0 0 184 1 0 0 0 0 0 0 0 0 0 0 0 0 0 0 0 0 0 0 0 0 0 0 0 0 0 0 0 0 0 0 0 0 0 0 0 0 0 0 0 0 0 0 0 0 0 0 0 0 0 0 0 0 0 0 0 0 0 0 0 0 0 0 77 68 79 32 101 120 116 114 97 32 100 97 116 97 32 108 111 99 107 0 0 0 0 0 0 0 0 0 0 0 0 0 0 0 0 0 0 0 0 0 0 0 0 0 0 0 0 0 0 0 0 0 0 0 0 0 0 0 0 0 0 0 0 0 0 0 0 0 0 0 0 0 0 0 0 0 0 0 0 0 0 0 0 0 0 0 0 0 0 0 0 0 0 0 0 0 0 0 0 0 0 0 0 0 0 0 0 0 0 0 0 0 0 0 0 0 0 0 0 0 0 0 0 0 0 0 0 0 0 0 0 0 0 0 0 0 129 1 0 0 193 91 0 0 1 0 0 0 0 0 0 0 0 0 0 0 2 0 0 0 0 0 3 0 2 0 0 0 96 0 0 0 255 255 255 255 5 0 4 0 0 0 0 0 data 12 0x40005 0x3 0x23da830 0xb75 0x0 0x0 0x80005 0x3 0x23da830 0xb75 0x0 0x0 oops 2 2 java/lang/String 8 java/lang/String
ciMethodData org/objectweb/asm/SymbolTable$Entry <init> (IILjava/lang/String;Ljava/lang/String;I)V 2 3155 orig 264 168 227 100 92 0 0 0 0 168 77 119 30 0 0 0 0 88 1 0 0 0 0 0 0 0 0 0 0 0 0 0 0 0 0 0 0 0 0 0 0 0 0 0 0 0 0 0 0 0 0 0 0 0 0 0 0 0 0 0 0 0 0 0 0 0 0 0 0 0 0 0 0 0 0 0 0 0 0 0 0 77 68 79 32 101 120 116 114 97 32 100 97 116 97 32 108 111 99 107 0 0 0 0 0 0 0 0 0 0 0 0 0 0 0 0 0 0 0 0 0 0 0 0 0 0 0 0 0 0 0 0 0 0 0 0 0 0 0 0 0 0 0 0 0 0 0 0 0 0 0 0 0 0 0 0 0 0 0 0 0 0 0 0 0 0 0 0 0 0 0 0 0 0 0 0 0 0 0 0 0 0 0 0 0 0 0 0 0 0 0 0 0 0 0 0 0 0 0 0 0 0 0 0 0 0 0 0 0 0 0 0 0 0 0 0 0 130 1 0 0 137 86 0 0 1 0 0 0 0 0 0 0 0 0 0 0 2 0 0 0 0 0 3 0 2 0 0 0 16 0 0 0 255 255 255 255 2 0 8 0 0 0 0 0 data 2 0x80002 0xad1 oops 0
ciMethod org/objectweb/asm/SymbolTable get (I)Lorg/objectweb/asm/SymbolTable$Entry; 2049 1 29983 0 0
ciMethod org/objectweb/asm/SymbolTable put (Lorg/objectweb/asm/SymbolTable$Entry;)Lorg/objectweb/asm/SymbolTable$Entry; 3129 3593 6638 0 864
ciMethod org/objectweb/asm/SymbolTable addConstantClass (Ljava/lang/String;)Lorg/objectweb/asm/Symbol; 3409 1 6654 0 0
ciMethod org/objectweb/asm/SymbolTable addConstantMemberReference (ILjava/lang/String;Ljava/lang/String;Ljava/lang/String;)Lorg/objectweb/asm/SymbolTable$Entry; 3417 1217 6571 0 -1
ciMethod org/objectweb/asm/SymbolTable addConstantNameAndType (Ljava/lang/String;Ljava/lang/String;)I 1569 553 3298 0 0
ciMethod org/objectweb/asm/SymbolTable addConstantUtf8 (Ljava/lang/String;)I 4097 1033 9254 0 0
ciMethod org/objectweb/asm/SymbolTable addConstantUtf8Reference (ILjava/lang/String;)Lorg/objectweb/asm/Symbol; 3689 929 6673 0 2272
ciMethod org/objectweb/asm/SymbolTable hash (ILjava/lang/String;)I 2049 1 21457 0 0
ciMethod org/objectweb/asm/SymbolTable hash (ILjava/lang/String;Ljava/lang/String;)I 3081 1 3320 0 0
ciMethod org/objectweb/asm/SymbolTable hash (ILjava/lang/String;Ljava/lang/String;Ljava/lang/String;)I 3417 1 6571 0 0
ciMethod org/objectweb/asm/Symbol <init> (IILjava/lang/String;Ljava/lang/String;Ljava/lang/String;J)V 2873 1 6636 0 96
ciMethod org/objectweb/asm/SymbolTable$Entry <init> (IILjava/lang/String;Ljava/lang/String;Ljava/lang/String;JI)V 1577 1 3302 0 0
ciMethod org/objectweb/asm/SymbolTable$Entry <init> (IILjava/lang/String;I)V 4097 1 7459 0 0
ciMethod org/objectweb/asm/SymbolTable$Entry <init> (IILjava/lang/String;Ljava/lang/String;I)V 3089 1 3147 0 0
ciMethod org/objectweb/asm/ByteVector putByte (I)Lorg/objectweb/asm/ByteVector; 2817 1 5511 0 224
ciMethod org/objectweb/asm/ByteVector put12 (II)Lorg/objectweb/asm/ByteVector; 4097 1 5702 0 -1
ciMethod org/objectweb/asm/ByteVector put122 (III)Lorg/objectweb/asm/ByteVector; 3065 1 5608 0 384
ciMethod org/objectweb/asm/ByteVector putUTF8 (Ljava/lang/String;)Lorg/objectweb/asm/ByteVector; 905 26649 1289 0 0
ciMethod org/objectweb/asm/ByteVector encodeUtf8 (Ljava/lang/String;II)Lorg/objectweb/asm/ByteVector; 1 1 2 0 0
ciMethod org/objectweb/asm/ByteVector enlarge (I)V 49 1 509 0 0
ciMethodData org/objectweb/asm/SymbolTable get (I)Lorg/objectweb/asm/SymbolTable$Entry; 2 30069 orig 264 168 227 100 92 0 0 0 0 144 15 119 30 0 0 0 0 40 1 0 0 0 0 0 0 0 0 0 0 0 0 0 0 0 0 0 0 0 0 0 0 0 0 0 0 0 0 0 0 0 0 0 0 0 0 0 0 0 0 0 0 0 0 0 0 0 0 0 0 0 0 0 0 0 0 0 0 0 0 0 0 77 68 79 32 101 120 116 114 97 32 100 97 116 97 32 108 111 99 107 0 0 0 0 0 0 0 0 0 0 0 0 0 0 0 0 0 0 0 0 0 0 0 0 0 0 0 0 0 0 0 0 0 0 0 0 0 0 0 0 0 0 0 0 0 0 0 0 0 0 0 0 0 0 0 0 0 0 0 0 0 0 0 0 0 0 0 0 0 0 0 0 0 0 0 0 0 0 0 0 0 0 0 0 0 1 0 0 0 0 0 0 0 0 0 0 0 0 0 0 0 1 0 0 0 0 0 0 0 0 0 0 0 0 0 0 0 0 1 0 0 169 163 3 0 1 0 0 0 0 0 0 0 0 0 0 0 2 0 0 0 0 0 3 0 1 0 0 0 0 0 0 0 255 255 255 255 0 0 0 0 0 0 0 0 data 0 oops 0
ciMethodData org/objectweb/asm/SymbolTable hash (ILjava/lang/String;)I 2 21486 orig 264 168 227 100 92 0 0 0 0 224 60 119 30 0 0 0 0 128 1 0 0 0 0 0 0 0 0 0 0 0 0 0 0 0 0 0 0 0 0 0 0 0 0 0 0 0 0 0 0 0 0 0 0 0 0 0 0 0 0 0 0 0 0 0 0 0 0 0 0 0 0 0 0 0 0 0 0 0 0 0 0 77 68 79 32 101 120 116 114 97 32 100 97 116 97 32 108 111 99 107 0 0 0 0 0 0 0 0 0 0 0 0 0 0 0 0 0 0 0 0 0 0 0 0 0 0 0 0 0 0 0 0 0 0 0 0 0 0 0 0 0 0 0 0 0 0 0 0 0 0 0 0 0 0 0 0 0 0 0 0 0 0 0 0 0 0 0 0 0 0 0 0 0 0 0 0 0 0 0 0 0 0 0 0 0 1 0 0 0 0 0 0 0 0 0 0 0 0 0 0 0 2 0 0 0 0 0 0 0 0 0 0 0 0 0 0 0 0 1 0 0 113 151 2 0 1 0 0 0 0 0 0 0 0 0 0 0 2 0 0 0 0 0 3 0 2 0 0 0 48 0 0 0 255 255 255 255 5 0 4 0 0 0 0 0 data 6 0x40005 0x0 0x23da830 0x52ee 0x0 0x0 oops 1 2 java/lang/String
ciMethodData org/objectweb/asm/ByteVector enlarge (I)V 1 509 orig 264 168 227 100 92 0 0 0 0 40 117 119 30 0 0 0 0 152 1 0 0 32 0 0 0 0 0 0 0 0 0 0 0 0 0 0 0 0 0 0 0 0 0 0 0 0 0 0 0 0 0 0 0 0 0 0 0 0 0 0 0 0 0 0 0 0 0 0 0 0 0 0 0 0 0 0 0 0 0 0 0 77 68 79 32 101 120 116 114 97 32 100 97 116 97 32 108 111 99 107 0 0 0 0 0 0 0 0 0 0 0 0 0 0 0 0 0 0 0 0 0 0 0 0 0 0 0 0 0 0 0 0 0 0 0 0 0 0 0 0 0 0 0 0 0 0 0 0 0 0 0 0 0 0 0 0 0 0 0 0 0 0 0 0 0 0 0 0 0 0 0 0 0 0 0 0 0 0 0 0 0 0 0 0 0 25 0 0 0 0 0 0 0 0 0 0 0 0 0 0 0 1 0 0 0 0 0 0 0 0 0 0 0 0 0 0 0 6 0 0 0 185 15 0 0 1 0 0 0 0 0 0 0 0 0 0 0 2 0 0 0 0 0 6 0 2 0 0 0 72 0 0 0 255 255 255 255 7 0 17 0 0 0 0 0 data 9 0x110007 0x5 0x38 0x1f2 0x150003 0x1f2 0x18 0x290002 0x1f7 oops 0
ciMethodData org/objectweb/asm/ByteVector putUTF8 (Ljava/lang/String;)Lorg/objectweb/asm/ByteVector; 2 36449 orig 264 168 227 100 92 0 0 0 0 144 112 119 30 0 0 0 0 208 2 0 0 224 0 0 0 0 0 0 0 0 0 0 0 0 0 0 0 0 0 0 0 0 0 0 0 0 0 0 0 0 0 0 0 0 0 0 0 0 0 0 0 0 0 0 0 0 0 0 0 0 0 0 0 0 0 0 0 0 0 0 0 77 68 79 32 101 120 116 114 97 32 100 97 116 97 32 108 111 99 107 0 0 0 0 0 0 0 0 0 0 0 0 0 0 0 0 0 0 0 0 0 0 0 0 0 0 0 0 0 0 0 0 0 0 0 0 0 0 0 0 0 0 0 0 0 1 0 0 0 0 0 0 0 0 0 0 0 0 0 0 0 0 0 0 0 0 0 0 0 0 0 0 0 0 0 0 0 0 0 0 2 0 0 0 0 25 0 0 0 0 0 0 0 0 0 0 0 0 0 0 0 0 0 0 0 0 0 0 0 1 0 0 0 0 0 0 0 3 13 0 0 193 36 0 0 241 10 4 0 118 2 0 0 13 73 0 0 2 0 0 0 1 0 23 0 2 0 0 0 128 1 0 0 255 255 255 255 5 0 1 0 0 0 0 0 data 48 0x10005 0x85 0x23da830 0x413 0x0 0x0 0x80007 0x498 0x30 0x0 0x110002 0x0 0x240007 0x463 0x30 0x35 0x2b0002 0x35 0x4f0007 0x498 0xf0 0x815e 0x550005 0xe7a 0x23da830 0x72e4 0x0 0x0 0x5de007 0x2 0x58 0x815e 0x640007 0x0 0x38 0x815e 0x710003 0x815e 0x48 0x7f0005 0x2 0x0 0x0 0x0 0x0 0x860003 0x815e 0xffffffffffffff28 oops 2 2 java/lang/String 24 java/lang/String
ciMethodData org/objectweb/asm/ByteVector encodeUtf8 (Ljava/lang/String;II)Lorg/objectweb/asm/ByteVector; 1 441 orig 264 168 227 100 92 0 0 0 0 40 115 119 30 0 0 0 0 0 4 0 0 152 1 0 0 0 0 0 0 0 0 0 0 0 0 0 0 0 0 0 0 0 0 0 0 0 0 0 0 0 0 0 0 0 0 0 0 0 0 0 0 0 0 0 0 0 0 0 0 0 0 0 0 0 0 0 0 0 0 0 0 77 68 79 32 101 120 116 114 97 32 100 97 116 97 32 108 111 99 107 0 0 0 0 0 0 0 0 0 0 0 0 0 0 0 0 0 0 0 0 0 0 0 0 0 0 0 0 0 0 0 0 0 0 0 0 0 0 0 0 0 0 0 0 0 0 0 0 0 0 0 0 0 0 0 0 0 0 0 0 0 0 0 0 0 0 0 0 0 0 0 0 0 0 0 0 0 0 0 0 0 0 0 0 0 0 0 0 0 0 0 0 0 0 0 0 0 0 0 0 0 0 0 0 0 0 0 0 0 0 0 0 0 0 0 0 0 0 0 0 0 17 0 0 0 201 13 0 0 0 0 0 0 0 0 0 0 2 0 0 0 0 0 0 0 0 0 0 0 160 2 0 0 255 255 255 255 5 0 1 0 0 0 0 0 data 84 0x10005 0x2 0x0 0x0 0x0 0x0 0x100007 0x2 0xf8 0xdd 0x160005 0xdd 0x0 0x0 0x0 0x0 0x1e0007 0x9 0x58 0xd4 0x250007 0x9 0x38 0xcb 0x2b0003 0xcb 0x50 0x330007 0x0 0x38 0x12 0x390003 0x12 0x18 0x420003 0xdd 0xffffffffffffff20 0x480007 0x2 0x30 0x0 0x510002 0x0 0x610007 0x0 0x20 0x2 0x8b0007 0x0 0x30 0x2 0x930002 0x2 0xa30007 0x2 0xf8 0xdd 0xa90005 0xdd 0x0 0x0 0x0 0x0 0xb10007 0x9 0x58 0xd4 0xb80007 0x9 0x38 0xcb 0xc80003 0xcb 0x50 0xd00007 0x0 0x38 0x12 0xfe0003 0x12 0x18 0x1460003 0xdd 0xffffffffffffff20 oops 0
ciMethodData org/objectweb/asm/ByteVector putByte (I)Lorg/objectweb/asm/ByteVector; 2 5511 orig 264 168 227 100 92 0 0 0 0 240 102 119 30 0 0 0 0 88 1 0 0 0 0 0 0 0 0 0 0 0 0 0 0 0 0 0 0 0 0 0 0 0 0 0 0 0 0 0 0 0 0 0 0 0 0 0 0 0 0 0 0 0 0 0 0 0 0 0 0 0 0 0 0 0 0 0 0 0 0 0 0 77 68 79 32 101 120 116 114 97 32 100 97 116 97 32 108 111 99 107 0 0 0 0 0 0 0 0 0 0 0 0 0 0 0 0 0 0 0 0 0 0 0 0 0 0 0 0 0 0 0 0 0 0 0 0 0 0 0 0 0 0 0 0 0 0 0 0 0 0 0 0 0 0 0 0 0 0 0 0 0 0 0 0 0 0 0 0 0 0 0 0 0 0 0 0 0 0 0 0 0 0 0 0 0 0 0 0 0 0 0 0 0 0 0 0 0 0 0 0 0 0 0 0 0 0 0 0 0 0 0 0 0 0 0 0 0 96 1 0 0 57 161 0 0 1 0 0 0 0 0 0 0 0 0 0 0 2 0 0 0 0 0 6 0 2 0 0 0 48 0 0 0 255 255 255 255 7 0 13 0 0 0 0 0 data 6 0xd0007 0x1421 0x30 0x6 0x120002 0x6 oops 0
ciMethodData org/objectweb/asm/Symbol <init> (IILjava/lang/String;Ljava/lang/String;Ljava/lang/String;J)V 2 6636 orig 264 168 227 100 92 0 0 0 0 40 71 119 30 0 0 0 0 104 1 0 0 0 0 0 0 0 0 0 0 0 0 0 0 0 0 0 0 0 0 0 0 0 0 0 0 0 0 0 0 0 0 0 0 0 0 0 0 0 0 0 0 0 0 0 0 0 0 0 0 0 0 0 0 0 0 0 0 0 0 0 0 77 68 79 32 101 120 116 114 97 32 100 97 116 97 32 108 111 99 107 0 0 0 0 0 0 0 0 0 0 0 0 0 0 0 0 0 0 0 0 0 0 0 0 0 0 0 0 0 0 0 0 0 0 0 0 0 0 0 0 0 0 0 0 0 0 0 0 0 0 0 0 0 0 0 0 0 0 0 0 0 0 0 0 0 0 0 0 0 0 0 0 0 0 0 0 0 0 0 0 0 0 0 0 0 1 0 0 0 0 0 0 0 0 0 0 0 0 0 0 0 1 0 0 0 0 0 0 0 0 0 0 0 0 0 0 0 103 1 0 0 41 196 0 0 1 0 0 0 0 0 0 0 0 0 0 0 2 0 0 0 0 0 3 0 2 0 0 0 16 0 0 0 255 255 255 255 2 0 1 0 0 0 0 0 data 2 0x10002 0x1885 oops 0
ciMethodData org/objectweb/asm/SymbolTable put (Lorg/objectweb/asm/SymbolTable$Entry;)Lorg/objectweb/asm/SymbolTable$Entry; 2 13470 orig 264 168 227 100 92 0 0 0 0 136 17 119 30 0 0 0 0 64 2 0 0 0 0 0 0 0 0 0 0 0 0 0 0 0 0 0 0 0 0 0 0 0 0 0 0 0 0 0 0 0 0 0 0 0 0 0 0 0 0 0 0 0 0 0 0 0 0 0 0 0 0 0 0 0 0 0 0 0 0 0 0 77 68 79 32 101 120 116 114 97 32 100 97 116 97 32 108 111 99 107 0 0 0 0 0 0 0 0 0 0 0 0 0 0 0 0 0 0 0 0 0 0 0 0 0 0 0 0 0 0 0 0 0 0 0 0 0 0 0 0 0 0 0 0 0 0 0 0 0 0 0 0 0 0 0 0 0 0 0 0 0 0 0 0 0 0 0 0 0 0 0 0 0 0 0 0 0 0 0 0 0 0 0 0 0 25 0 0 0 0 0 0 0 0 0 0 0 0 0 0 0 1 0 0 0 0 0 0 0 2 0 0 0 0 0 0 0 193 1 0 0 57 195 0 0 233 150 1 0 0 0 0 0 0 0 0 0 2 0 0 0 2 0 12 0 2 0 0 0 240 0 0 0 255 255 255 255 7 0 13 0 0 0 0 0 data 30 0xd0007 0x1850 0xc0 0x17 0x290007 0x17 0xa0 0x1d06 0x370007 0x1d06 0x68 0x15d7 0x5a0004 0x0 0x1db30bb0 0x15d7 0x0 0x0 0x5f0003 0x15d7 0xffffffffffffffb0 0x650003 0x1d06 0xffffffffffffff78 0x940004 0x0 0x1db30bb0 0x1867 0x0 0x0 oops 2 14 org/objectweb/asm/SymbolTable$Entry 26 org/objectweb/asm/SymbolTable$Entry
ciMethodData org/objectweb/asm/SymbolTable addConstantUtf8 (Ljava/lang/String;)I 2 9283 orig 264 168 227 100 92 0 0 0 0 240 36 119 30 0 0 0 0 184 2 0 0 24 1 0 0 0 0 0 0 0 0 0 0 0 0 0 0 0 0 0 0 0 0 0 0 0 0 0 0 0 0 0 0 0 0 0 0 0 0 0 0 0 0 0 0 0 0 0 0 0 0 0 0 0 0 0 0 0 0 0 0 77 68 79 32 101 120 116 114 97 32 100 97 116 97 32 108 111 99 107 0 0 0 0 0 0 0 0 0 0 0 0 0 0 0 0 0 0 0 0 0 0 0 0 0 0 0 0 0 0 0 0 0 0 0 0 0 0 0 0 0 0 0 0 0 1 0 0 0 0 0 0 0 0 0 0 0 0 0 0 0 0 0 0 0 0 0 0 0 0 0 0 0 0 0 0 0 0 0 0 0 0 0 0 0 25 0 0 0 0 0 0 0 0 0 0 0 0 0 0 0 1 0 0 0 0 0 0 0 0 0 0 0 0 0 0 0 0 2 0 0 25 18 1 0 9 53 0 0 203 28 0 0 118 5 0 0 2 0 0 0 1 0 13 0 2 0 0 0 104 1 0 0 255 255 255 255 2 0 2 0 0 0 0 0 data 45 0x20002 0x2243 0x80002 0x2243 0xd0007 0xef3 0xc8 0x19f0 0x150007 0x2fd 0x90 0x16f3 0x1d0007 0x3a3 0x70 0x1350 0x250005 0x1ad 0x23da830 0x11a3 0x0 0x0 0x280007 0x0 0x20 0x1350 0x350003 0x6a0 0xffffffffffffff50 0x3d0005 0x0 0x1db31070 0xef2 0x0 0x0 0x410005 0x0 0x1db31070 0xef2 0x0 0x0 0x580002 0xef3 0x5b0002 0xef3 oops 3 18 java/lang/String 31 org/objectweb/asm/ByteVector 37 org/objectweb/asm/ByteVector
ciMethodData org/objectweb/asm/SymbolTable$Entry <init> (IILjava/lang/String;I)V 2 7467 orig 264 168 227 100 92 0 0 0 0 200 75 119 30 0 0 0 0 80 1 0 0 0 0 0 0 0 0 0 0 0 0 0 0 0 0 0 0 0 0 0 0 0 0 0 0 0 0 0 0 0 0 0 0 0 0 0 0 0 0 0 0 0 0 0 0 0 0 0 0 0 0 0 0 0 0 0 0 0 0 0 0 77 68 79 32 101 120 116 114 97 32 100 97 116 97 32 108 111 99 107 0 0 0 0 0 0 0 0 0 0 0 0 0 0 0 0 0 0 0 0 0 0 0 0 0 0 0 0 0 0 0 0 0 0 0 0 0 0 0 0 0 0 0 0 0 0 0 0 0 0 0 0 0 0 0 0 0 0 0 0 0 0 0 0 0 0 0 0 0 0 0 0 0 0 0 0 0 0 0 0 0 0 0 0 0 1 0 0 0 0 0 0 0 0 0 0 0 0 0 0 0 1 0 0 0 0 0 0 0 0 0 0 0 0 0 0 0 0 2 0 0 89 217 0 0 1 0 0 0 0 0 0 0 0 0 0 0 2 0 0 0 0 0 3 0 2 0 0 0 16 0 0 0 255 255 255 255 2 0 7 0 0 0 0 0 data 2 0x70002 0x1b2b oops 0
instanceKlass org/gradle/api/internal/AbstractTask$15
instanceKlass org/gradle/api/java/archives/internal/DefaultAttributes
instanceKlass org/gradle/api/java/archives/Attributes
instanceKlass org/gradle/api/java/archives/internal/DefaultManifest
instanceKlass org/gradle/internal/instantiation/generator/ManagedObjectFactory$ManagedPropertyName
instanceKlass org/gradle/api/tasks/bundling/AbstractArchiveTask$$Lambda$315
instanceKlass org/gradle/api/tasks/AbstractCopyTask$$Lambda$314
instanceKlass org/gradle/api/tasks/AbstractCopyTask$$Lambda$313
instanceKlass org/gradle/api/tasks/AbstractCopyTask$$Lambda$312
instanceKlass org/gradle/api/tasks/AbstractCopyTask$$Lambda$311
instanceKlass org/gradle/api/tasks/AbstractCopyTask$$Lambda$310
instanceKlass org/gradle/api/tasks/AbstractCopyTask$$Lambda$309
instanceKlass org/gradle/api/internal/tasks/DefaultTaskInputPropertyRegistration
instanceKlass org/gradle/api/internal/tasks/TaskInputPropertyRegistration
instanceKlass org/gradle/api/tasks/TaskInputPropertyBuilder
instanceKlass org/gradle/api/internal/tasks/DefaultTaskInputs$4
instanceKlass org/gradle/api/tasks/AbstractCopyTask$$Lambda$308
instanceKlass org/gradle/api/internal/tasks/properties/FileParameterUtils$2
instanceKlass org/gradle/api/internal/tasks/properties/FileParameterUtils
instanceKlass org/gradle/api/internal/tasks/TaskPropertyUtils
instanceKlass org/gradle/api/internal/tasks/properties/ValidationAction
instanceKlass org/gradle/api/internal/tasks/AbstractTaskFilePropertyRegistration
instanceKlass org/gradle/api/internal/tasks/TaskInputFilePropertyRegistration
instanceKlass org/gradle/api/internal/tasks/TaskPropertyRegistration
instanceKlass org/gradle/api/internal/tasks/StaticValue
instanceKlass org/gradle/api/internal/tasks/TaskInputFilePropertyBuilderInternal
instanceKlass org/gradle/api/internal/tasks/TaskFilePropertyBuilderInternal
instanceKlass org/gradle/api/internal/tasks/DefaultTaskInputs$1
instanceKlass org/gradle/api/tasks/AbstractCopyTask$$Lambda$307
instanceKlass org/gradle/api/internal/file/copy/DefaultCopySpec$$Lambda$306
instanceKlass org/gradle/api/internal/file/copy/DefaultCopySpec$DefaultCopySpecAddress
instanceKlass org/gradle/api/internal/file/copy/DefaultCopySpec$$Lambda$305
instanceKlass java/lang/invoke/LambdaForm$DMH
instanceKlass org/gradle/api/internal/file/copy/DefaultCopySpec$DefaultCopySpecResolver
instanceKlass org/gradle/api/internal/tasks/execution/SelfDescribingSpec
instanceKlass org/gradle/api/internal/tasks/DefaultTaskOutputs$4
instanceKlass org/gradle/api/tasks/AbstractCopyTask$$Lambda$304
instanceKlass org/gradle/api/tasks/AbstractCopyTask$$Lambda$303
instanceKlass org/gradle/api/internal/file/copy/PathNotationConverter
instanceKlass org/gradle/api/file/FileCopyDetails
instanceKlass org/gradle/api/internal/file/copy/CopySpecInternal$CopySpecListener
instanceKlass org/gradle/api/internal/file/copy/CopySpecInternal$CopySpecVisitor
instanceKlass org/gradle/api/internal/file/copy/DefaultCopySpec
instanceKlass org/gradle/api/internal/file/copy/CopySpecInternal$CopySpecAddress
instanceKlass org/gradle/api/internal/file/copy/CopySpecResolver
instanceKlass org/gradle/api/internal/file/copy/CopyActionExecuter
instanceKlass org/gradle/api/java/archives/internal/ManifestInternal
instanceKlass org/gradle/api/internal/file/copy/ZipCompressor
instanceKlass org/gradle/api/internal/file/archive/compression/ArchiveOutputStreamFactory
instanceKlass org/gradle/api/internal/AbstractTask$10
instanceKlass org/gradle/api/internal/project/taskfactory/TaskClassInfo
instanceKlass org/gradle/api/tasks/TaskAction
instanceKlass org/gradle/api/internal/tasks/DefaultTaskLocalState
instanceKlass org/gradle/api/internal/tasks/DefaultTaskDestroyables
instanceKlass org/gradle/api/internal/tasks/TaskDestroyablesInternal
instanceKlass org/gradle/api/internal/tasks/DefaultTaskOutputs
instanceKlass org/gradle/api/internal/tasks/TaskInputsDeprecationSupport
instanceKlass org/gradle/api/internal/FilePropertyContainer
instanceKlass org/gradle/api/tasks/TaskInputFilePropertyBuilder
instanceKlass org/gradle/api/tasks/TaskFilePropertyBuilder
instanceKlass org/gradle/api/tasks/TaskPropertyBuilder
instanceKlass org/gradle/api/internal/tasks/DefaultTaskInputs
instanceKlass org/gradle/internal/logging/slf4j/DefaultContextAwareTaskLogger
instanceKlass org/gradle/internal/logging/slf4j/ContextAwareTaskLogger
instanceKlass org/gradle/api/internal/AbstractTask$8
instanceKlass org/gradle/api/services/BuildService
instanceKlass org/gradle/internal/reflect/MethodSet$1
instanceKlass org/gradle/api/internal/tasks/TaskStateInternal
instanceKlass org/gradle/api/specs/CompositeSpec
instanceKlass org/gradle/api/internal/tasks/TaskMutator
instanceKlass org/gradle/api/internal/AbstractTask$TaskInfo
instanceKlass org/gradle/api/internal/project/taskfactory/TaskFactory$1
instanceKlass org/gradle/api/internal/tasks/DefaultTaskContainer$TaskCreatingProvider$1
instanceKlass org/jetbrains/kotlin/gradle/plugin/KotlinPluginKt$configureDefaultVersionsResolutionStrategy$1$2
instanceKlass org/jetbrains/kotlin/gradle/plugin/KotlinPluginKt$configureDefaultVersionsResolutionStrategy$1
instanceKlass org/gradle/api/plugins/MavenPlugin
instanceKlass org/jetbrains/kotlin/gradle/plugin/AbstractKotlinPlugin$rewriteMppDependenciesInPom$3
instanceKlass org/jetbrains/kotlin/gradle/plugin/AbstractKotlinPlugin$rewriteMppDependenciesInPom$2
instanceKlass org/jetbrains/kotlin/gradle/plugin/mpp/KotlinMultiplatformPluginKt
instanceKlass org/jetbrains/kotlin/gradle/plugin/ProjectLocalConfigurationsKt
instanceKlass org/jetbrains/kotlin/gradle/plugin/mpp/KotlinCompilationsKt
instanceKlass org/jetbrains/kotlin/gradle/plugin/AbstractKotlinTargetConfigurator$Companion
instanceKlass org/jetbrains/kotlin/gradle/plugin/AbstractKotlinTargetConfigurator
instanceKlass org/jetbrains/kotlin/gradle/plugin/KotlinTargetConfigurator
instanceKlass org/jetbrains/kotlin/gradle/plugin/AbstractKotlinPlugin$Companion$configureAttributes$1
instanceKlass org/gradle/api/internal/artifacts/configurations/DefaultConfiguration$ConfigurationResolvableDependencies$ConfigurationArtifactView
instanceKlass org/jetbrains/kotlin/gradle/scripting/internal/ScriptingGradleSubpluginKt$discoverScriptExtensionsFiles$1$1
instanceKlass org/jetbrains/kotlin/gradle/scripting/internal/ScriptingGradleSubpluginKt$discoverScriptExtensionsFiles$1
instanceKlass org/jetbrains/kotlin/gradle/scripting/internal/ScriptingGradleSubpluginKt$registerDiscoverScriptExtensionsTransform$1$2
instanceKlass org/gradle/api/internal/artifacts/transform/TransformationStep
instanceKlass org/gradle/api/internal/artifacts/transform/DefaultTransformationRegistrationFactory$DefaultArtifactTransformRegistration
instanceKlass org/gradle/internal/classloader/ImplementationHashAware
instanceKlass org/gradle/api/internal/artifacts/transform/AbstractTransformer
instanceKlass org/gradle/api/artifacts/transform/ArtifactTransform
instanceKlass org/jetbrains/kotlin/gradle/scripting/internal/ScriptingGradleSubpluginKt$registerDiscoverScriptExtensionsTransform$1$1
instanceKlass org/jetbrains/kotlin/gradle/scripting/internal/ScriptingGradleSubpluginKt
instanceKlass org/jetbrains/kotlin/gradle/scripting/internal/ScriptingGradleSubplugin$Companion
instanceKlass org/jetbrains/kotlin/gradle/scripting/internal/ScriptingGradleSubplugin
instanceKlass org/jetbrains/kotlin/gradle/plugin/KotlinPluginKt$ifKaptEnabled$3
instanceKlass org/jetbrains/kotlin/gradle/internal/Kapt3GradleSubplugin$Companion
instanceKlass org/jetbrains/kotlin/gradle/internal/Kapt3GradleSubplugin
instanceKlass org/jetbrains/kotlin/gradle/plugin/KotlinPluginKt$ifKaptEnabled$2
instanceKlass kotlin/jvm/internal/Ref$BooleanRef
instanceKlass org/jetbrains/kotlin/gradle/plugin/KotlinSourceSetProcessor$addKotlinDirectoriesToJavaSourceSet$kotlinSrcDirsToAdd$1
instanceKlass org/jetbrains/kotlin/gradle/plugin/KotlinPluginKt$addClassesDir$1
instanceKlass org/jetbrains/kotlin/gradle/plugin/mpp/KotlinWithJavaCompilationOutput
instanceKlass org/jetbrains/kotlin/gradle/plugin/KotlinCompilationOutput
instanceKlass org/jetbrains/kotlin/gradle/plugin/RunOnceAfterEvaluatedKt$runOnceAfterEvaluated$2
instanceKlass org/jetbrains/kotlin/gradle/plugin/RunOnceAfterEvaluatedKt$runOnceAfterEvaluated$1
instanceKlass org/jetbrains/kotlin/gradle/plugin/RunOnceAfterEvaluated
instanceKlass org/jetbrains/kotlin/gradle/plugin/RunOnceAfterEvaluatedKt
instanceKlass org/jetbrains/kotlin/gradle/tasks/TasksProviderKt$sam$i$org_gradle_api_Action$0
instanceKlass kotlin/jvm/internal/CollectionToArray
instanceKlass org/jetbrains/kotlin/gradle/tasks/TasksProviderKt
instanceKlass org/jetbrains/kotlin/gradle/internal/tasks/TaskWithLocalState
instanceKlass org/jetbrains/kotlin/gradle/internal/CompilerArgumentAwareWithInput
instanceKlass org/jetbrains/kotlin/gradle/internal/CompilerArgumentAware
instanceKlass org/jetbrains/kotlin/gradle/dsl/KotlinJvmCompile
instanceKlass org/jetbrains/kotlin/gradle/dsl/KotlinCompile
instanceKlass org/jetbrains/kotlin/gradle/plugin/KotlinSourceSetProcessor$registerKotlinCompileTask$$inlined$apply$lambda$1
instanceKlass org/jetbrains/kotlin/gradle/tasks/KotlinCompileTaskData$buildHistoryFile$2
instanceKlass org/jetbrains/kotlin/gradle/tasks/KotlinCompileTaskData$taskBuildDirectory$2
instanceKlass org/jetbrains/kotlin/gradle/tasks/KotlinCompileTaskData$Companion$register$$inlined$apply$lambda$1
instanceKlass kotlin/jvm/internal/TypeIntrinsics
instanceKlass org/jetbrains/kotlin/gradle/tasks/KotlinCompileTaskData$Companion
instanceKlass org/jetbrains/kotlin/gradle/tasks/KotlinCompileTaskData
instanceKlass org/jetbrains/kotlin/gradle/plugin/KotlinTarget$DefaultImpls
instanceKlass org/jetbrains/kotlin/gradle/plugin/KotlinCompilationProcessor
instanceKlass org/jetbrains/kotlin/gradle/plugin/AbstractKotlinPlugin$Companion$configureSourceSetDefaults$1
instanceKlass kotlin/collections/MapWithDefault
instanceKlass org/jetbrains/kotlin/gradle/plugin/mpp/internal/KotlinCompilationsModuleGroups$Companion
instanceKlass org/jetbrains/kotlin/gradle/plugin/mpp/internal/KotlinCompilationsModuleGroups
instanceKlass org/jetbrains/kotlin/gradle/plugin/AbstractKotlinPlugin$Companion$setUpJavaSourceSets$2
instanceKlass org/jetbrains/kotlin/gradle/plugin/KotlinMultiplatformPluginKt$whenEvaluated$1
instanceKlass org/jetbrains/kotlin/gradle/plugin/KotlinMultiplatformPluginKt
instanceKlass org/jetbrains/kotlin/gradle/plugin/KotlinTargetConfiguratorKt
instanceKlass org/gradle/internal/snapshot/impl/EnumValueSnapshot
instanceKlass kotlin/collections/EmptyIterator
instanceKlass kotlin/collections/EmptyList
instanceKlass org/jetbrains/kotlin/gradle/utils/StringUtilsKt
instanceKlass org/jetbrains/kotlin/gradle/plugin/HasKotlinDependencies$DefaultImpls
instanceKlass org/jetbrains/kotlin/gradle/plugin/KotlinSourceSet$DefaultImpls
instanceKlass kotlin/InitializedLazyImpl
instanceKlass org/jetbrains/kotlin/gradle/plugin/sources/DefaultLanguageSettingsBuilder
instanceKlass org/jetbrains/kotlin/gradle/plugin/LanguageSettingsBuilder
instanceKlass kotlin/text/MatchGroup
instanceKlass kotlin/collections/IntIterator
instanceKlass kotlin/sequences/TransformingSequence$iterator$1
instanceKlass kotlin/sequences/TransformingSequence
instanceKlass kotlin/sequences/SequencesKt__SequenceBuilderKt
instanceKlass kotlin/collections/CollectionsKt___CollectionsKt$asSequence$$inlined$Sequence$1
instanceKlass kotlin/sequences/Sequence
instanceKlass kotlin/internal/ProgressionUtilKt
instanceKlass kotlin/ranges/IntRange$Companion
instanceKlass kotlin/ranges/IntProgression$Companion
instanceKlass kotlin/ranges/IntProgression
instanceKlass kotlin/ranges/ClosedRange
instanceKlass kotlin/collections/AbstractCollection
instanceKlass kotlin/text/MatchNamedGroupCollection
instanceKlass kotlin/text/MatchGroupCollection
instanceKlass kotlin/jvm/internal/markers/KMappedMarker
instanceKlass kotlin/text/MatcherMatchResult
instanceKlass kotlin/text/MatchResult
instanceKlass kotlin/text/RegexKt
instanceKlass org/jetbrains/kotlin/gradle/utils/ParsedGradleVersion$Companion
instanceKlass org/jetbrains/kotlin/gradle/utils/ParsedGradleVersion
instanceKlass org/jetbrains/kotlin/gradle/utils/ParsedGradleVersionKt
instanceKlass org/jetbrains/kotlin/gradle/plugin/sources/DefaultKotlinSourceSetKt
instanceKlass org/jetbrains/kotlin/gradle/plugin/sources/DefaultKotlinSourceSet
instanceKlass org/jetbrains/kotlin/gradle/plugin/KotlinCompilation$DefaultImpls
instanceKlass org/jetbrains/kotlin/gradle/plugin/AbstractKotlinPlugin$Companion$setUpJavaSourceSets$1
instanceKlass org/jetbrains/kotlin/gradle/plugin/KotlinPluginKt
instanceKlass org/jetbrains/kotlin/gradle/plugin/AbstractKotlinPlugin$Companion$WhenMappings
instanceKlass org/jetbrains/kotlin/gradle/plugin/mpp/KotlinWithJavaCompilationFactory
instanceKlass org/jetbrains/kotlin/gradle/plugin/mpp/KotlinCompilationFactory
instanceKlass org/jetbrains/kotlin/gradle/plugin/mpp/AbstractKotlinCompilation
instanceKlass org/jetbrains/kotlin/gradle/plugin/KotlinCompilationToRunnableFiles
instanceKlass org/jetbrains/kotlin/gradle/plugin/KotlinCompilationWithResources
instanceKlass org/jetbrains/kotlin/gradle/plugin/KotlinCompilation
instanceKlass org/jetbrains/kotlin/gradle/plugin/mpp/HierarchyAttributeContainer
instanceKlass org/jetbrains/kotlin/gradle/plugin/ProjectLocalConfigurations$ProjectLocalDisambiguation
instanceKlass org/jetbrains/kotlin/gradle/plugin/ProjectLocalConfigurations$ProjectLocalCompatibility
instanceKlass org/jetbrains/kotlin/gradle/plugin/ProjectLocalConfigurations$setupAttributesMatchingStrategy$1$1
instanceKlass org/jetbrains/kotlin/gradle/plugin/ProjectLocalConfigurations
instanceKlass org/jetbrains/kotlin/gradle/targets/metadata/KotlinMetadataTargetConfiguratorKt
instanceKlass org/jetbrains/kotlin/gradle/plugin/mpp/KotlinUsages$KotlinUsagesDisambiguation
instanceKlass org/jetbrains/kotlin/gradle/plugin/mpp/KotlinUsages$KotlinJavaRuntimeJarsCompatibility
instanceKlass org/jetbrains/kotlin/gradle/plugin/mpp/KotlinUsages$setupAttributesMatchingStrategy$1
instanceKlass org/jetbrains/kotlin/gradle/plugin/mpp/KotlinUsages
instanceKlass org/jetbrains/kotlin/gradle/plugin/KotlinPlatformType$DisambiguationRule
instanceKlass org/jetbrains/kotlin/gradle/plugin/KotlinPlatformType$CompatibilityRule
instanceKlass org/jetbrains/kotlin/gradle/plugin/KotlinPlatformType$Companion
instanceKlass org/jetbrains/kotlin/gradle/tasks/KotlinTasksProvider
instanceKlass org/jetbrains/kotlin/gradle/plugin/KotlinPlugin$Companion
instanceKlass org/jetbrains/kotlin/gradle/plugin/AbstractKotlinPlugin$Companion
instanceKlass org/jetbrains/kotlin/gradle/plugin/AbstractKotlinPlugin
instanceKlass org/jetbrains/kotlin/gradle/testing/internal/KotlinTestsRegistry$Companion
instanceKlass org/gradle/api/reflect/TypeOf$3
instanceKlass org/jetbrains/kotlin/gradle/plugin/sources/KotlinSourceSetFactory
instanceKlass kotlin/annotation/MustBeDocumented
instanceKlass org/jetbrains/kotlin/gradle/dsl/KotlinJvmOptions
instanceKlass org/jetbrains/kotlin/gradle/dsl/KotlinCommonOptions
instanceKlass org/jetbrains/kotlin/gradle/dsl/KotlinCommonToolOptions
instanceKlass org/jetbrains/kotlin/gradle/plugin/KotlinSourceSet
instanceKlass org/jetbrains/kotlin/gradle/plugin/HasKotlinDependencies
instanceKlass org/jetbrains/kotlin/gradle/dsl/ExperimentalExtension
instanceKlass org/jetbrains/kotlin/gradle/plugin/mpp/AbstractKotlinTarget
instanceKlass org/jetbrains/kotlin/gradle/plugin/KotlinTarget
instanceKlass org/jetbrains/kotlin/gradle/dsl/KotlinProjectExtensionKt
instanceKlass org/jetbrains/kotlin/gradle/dsl/KotlinProjectExtension
instanceKlass org/jetbrains/kotlin/gradle/plugin/KotlinSourceSetContainer
instanceKlass org/gradle/execution/taskgraph/DefaultTaskExecutionGraph$$Lambda$302
instanceKlass java/lang/invoke/LambdaForm$DMH
instanceKlass org/jetbrains/kotlin/gradle/plugin/KotlinGradleBuildServices$detectKotlinPluginLoadedInMultipleProjects$1
instanceKlass org/gradle/execution/plan/FailureCollector
instanceKlass org/gradle/execution/plan/DefaultExecutionPlan
instanceKlass org/gradle/execution/plan/ExecutionPlan
instanceKlass org/gradle/execution/taskgraph/DefaultTaskExecutionGraph
instanceKlass org/gradle/internal/graph/CachingDirectedGraphWalker$GraphWithEmptyEdges
instanceKlass org/gradle/api/internal/tasks/CachingTaskDependencyResolveContext$TaskGraphImpl
instanceKlass org/gradle/internal/graph/CachingDirectedGraphWalker
instanceKlass org/gradle/api/internal/tasks/AbstractTaskDependencyResolveContext
instanceKlass org/gradle/execution/plan/DefaultPlanExecutor
instanceKlass org/gradle/api/internal/tasks/TaskExecutionContext
instanceKlass org/jetbrains/kotlin/gradle/plugin/PropertiesProvider$Companion
instanceKlass org/jetbrains/kotlin/gradle/plugin/PropertiesProvider
instanceKlass org/jetbrains/kotlin/gradle/report/KotlinBuildReporterKt
instanceKlass org/jetbrains/kotlin/gradle/plugin/internal/state/TaskExecutionResults
instanceKlass org/jetbrains/kotlin/gradle/plugin/internal/state/TaskLoggers
instanceKlass org/jetbrains/kotlin/gradle/plugin/KotlinGradleBuildServices$Companion
instanceKlass org/jetbrains/kotlin/cli/common/PropertiesKt
instanceKlass org/gradle/api/internal/artifacts/configurations/DefaultConfiguration$$Lambda$301
instanceKlass org/jetbrains/kotlin/gradle/plugin/KotlinBasePluginWrapper$apply$1
instanceKlass org/jetbrains/kotlin/gradle/utils/CompatibiltiyKt
instanceKlass org/jetbrains/kotlin/statistics/AnonymizerUtilsKt
instanceKlass org/jetbrains/kotlin/statistics/metrics/OverrideMetricContainer
instanceKlass org/jetbrains/kotlin/statistics/metrics/IMetricContainer
instanceKlass org/jetbrains/kotlin/statistics/fileloggers/MetricsContainer$MetricDescriptor
instanceKlass org/jetbrains/kotlin/statistics/metrics/IStatisticsValuesConsumer$DefaultImpls
instanceKlass java/lang/reflect/Proxy$KeyX
instanceKlass org/gradle/configuration/internal/DefaultListenerBuildOperationDecorator$BuildOperationEmittingInvocationHandler
instanceKlass org/apache/commons/lang/ClassUtils
instanceKlass kotlin/ranges/RangesKt__RangesKt
instanceKlass org/jetbrains/kotlin/statistics/ValueAnonymizer
instanceKlass org/jetbrains/kotlin/statistics/metrics/IMetricContainerFactory
instanceKlass kotlin/text/Charsets
instanceKlass org/jetbrains/kotlin/statistics/fileloggers/MetricsContainer$Companion
instanceKlass org/jetbrains/kotlin/statistics/fileloggers/MetricsContainer
instanceKlass java/time/format/DateTimeFormatterBuilder$WeekBasedFieldPrinterParser
instanceKlass java/time/format/DateTimeFormatter$$Lambda$300
instanceKlass java/time/format/DateTimeFormatter$$Lambda$299
instanceKlass java/time/format/DateTimeFormatterBuilder$TextPrinterParser
instanceKlass java/time/format/DateTimeTextProvider$1
instanceKlass java/time/format/DateTimeTextProvider
instanceKlass java/time/format/DateTimeTextProvider$LocaleStore
instanceKlass java/time/format/DateTimeFormatterBuilder$InstantPrinterParser
instanceKlass java/time/format/DateTimeFormatterBuilder$StringLiteralPrinterParser
instanceKlass java/time/format/DateTimeFormatterBuilder$ZoneIdPrinterParser
instanceKlass java/time/format/DateTimeFormatterBuilder$FractionPrinterParser
instanceKlass java/time/format/DateTimeFormatterBuilder$OffsetIdPrinterParser
instanceKlass java/time/format/DecimalStyle
instanceKlass java/time/format/DateTimeFormatterBuilder$CompositePrinterParser
instanceKlass java/time/chrono/AbstractChronology$$Lambda$298
instanceKlass java/time/chrono/AbstractChronology$$Lambda$297
instanceKlass java/time/chrono/AbstractChronology$$Lambda$296
instanceKlass java/time/chrono/AbstractChronology
instanceKlass java/time/format/DateTimeFormatterBuilder$CharLiteralPrinterParser
instanceKlass java/time/format/DateTimeFormatterBuilder$NumberPrinterParser
instanceKlass java/time/format/DateTimeFormatterBuilder$DateTimePrinterParser
instanceKlass java/time/format/DateTimeFormatterBuilder$2
instanceKlass java/time/temporal/IsoFields
instanceKlass java/time/format/DateTimeFormatterBuilder$$Lambda$295
instanceKlass java/time/format/DateTimeFormatterBuilder
instanceKlass org/jetbrains/kotlin/statistics/BuildSessionLogger$Companion
instanceKlass org/jetbrains/kotlin/statistics/BuildSessionLogger
instanceKlass org/jetbrains/kotlin/gradle/plugin/statistics/KotlinBuildStatsMXBean
instanceKlass sun/management/Flag$1
instanceKlass sun/management/Flag
instanceKlass sun/management/ExtendedPlatformComponent
instanceKlass sun/management/DiagnosticCommandImpl$Wrapper
instanceKlass sun/management/DiagnosticCommandArgumentInfo
instanceKlass sun/management/DiagnosticCommandInfo
instanceKlass sun/management/DiagnosticCommandImpl$OperationInfoComparator
instanceKlass java/lang/management/ManagementFactory$3
instanceKlass com/sun/management/DiagnosticCommandMBean
instanceKlass com/sun/management/VMOption
instanceKlass sun/management/HotSpotDiagnostic
instanceKlass com/sun/management/HotSpotDiagnosticMXBean
instanceKlass com/sun/management/UnixOperatingSystemMXBean
instanceKlass sun/nio/ch/FileChannelImpl$1
instanceKlass sun/management/ManagementFactoryHelper$1
instanceKlass java/nio/Bits$1$1
instanceKlass sun/misc/JavaNioAccess$BufferPool
instanceKlass java/lang/management/BufferPoolMXBean
instanceKlass javax/management/MBeanInfo$ArrayGettersSafeAction
instanceKlass javax/management/openmbean/OpenMBeanOperationInfo
instanceKlass sun/management/ManagementFactoryHelper$PlatformLoggingImpl
instanceKlass sun/management/ManagementFactoryHelper$LoggingMXBean
instanceKlass java/util/logging/LoggingMXBean
instanceKlass org/gradle/launcher/daemon/server/DaemonRegistryUnavailableExpirationStrategy$1
instanceKlass java/lang/management/PlatformLoggingMXBean
instanceKlass org/gradle/cache/internal/SimpleStateCache$1
instanceKlass org/gradle/launcher/daemon/registry/PersistentDaemonRegistry$1
instanceKlass org/gradle/launcher/daemon/server/CompatibleDaemonExpirationStrategy$1
instanceKlass org/gradle/launcher/daemon/server/health/DaemonMemoryStatus$2
instanceKlass org/gradle/launcher/daemon/server/health/DaemonMemoryStatus$1
instanceKlass java/lang/management/LockInfo
instanceKlass org/gradle/launcher/daemon/server/health/DaemonMemoryStatus$3
instanceKlass java/lang/management/ThreadInfo
instanceKlass org/gradle/launcher/daemon/server/health/gc/GarbageCollectionStats
instanceKlass sun/management/ThreadImpl
instanceKlass com/sun/management/ThreadMXBean
instanceKlass java/util/concurrent/LinkedBlockingDeque$AbstractItr
instanceKlass java/lang/management/ThreadMXBean
instanceKlass sun/management/RuntimeImpl
instanceKlass java/lang/management/RuntimeMXBean
instanceKlass sun/management/BaseOperatingSystemImpl
instanceKlass com/sun/management/OperatingSystemMXBean
instanceKlass java/lang/management/OperatingSystemMXBean
instanceKlass javax/management/DescriptorKey
instanceKlass com/sun/management/GcInfo
instanceKlass javax/management/openmbean/CompositeDataView
instanceKlass jdk/Exported
instanceKlass com/sun/jmx/mbeanserver/PerInterface$MethodAndSig
instanceKlass sun/management/CompilationImpl
instanceKlass sun/management/VMManagementImpl$1
instanceKlass java/lang/management/CompilationMXBean
instanceKlass com/sun/jmx/mbeanserver/WeakIdentityHashMap
instanceKlass com/sun/jmx/mbeanserver/MXBeanLookup
instanceKlass com/sun/jmx/mbeanserver/PerInterface$InitMaps
instanceKlass com/sun/jmx/mbeanserver/PerInterface
instanceKlass javax/management/openmbean/OpenMBeanAttributeInfo
instanceKlass javax/management/openmbean/OpenMBeanParameterInfo
instanceKlass com/sun/jmx/mbeanserver/MBeanIntrospector$MBeanInfoMaker
instanceKlass com/sun/jmx/mbeanserver/MBeanAnalyzer$MBeanVisitor
instanceKlass com/sun/jmx/mbeanserver/MBeanAnalyzer$AttrMethods
instanceKlass com/sun/jmx/mbeanserver/MXBeanMapping
instanceKlass javax/management/openmbean/TabularData
instanceKlass javax/management/openmbean/CompositeData
instanceKlass javax/management/openmbean/OpenType
instanceKlass com/sun/jmx/mbeanserver/MXBeanMappingFactory
instanceKlass com/sun/jmx/mbeanserver/ConvertingMethod
instanceKlass com/sun/jmx/mbeanserver/MBeanAnalyzer$MethodOrder
instanceKlass com/sun/jmx/mbeanserver/MBeanAnalyzer
instanceKlass com/sun/jmx/mbeanserver/MBeanIntrospector
instanceKlass javax/management/MXBean
instanceKlass com/sun/jmx/mbeanserver/MBeanSupport
instanceKlass com/sun/jmx/mbeanserver/DescriptorCache
instanceKlass javax/management/JMX
instanceKlass javax/management/StandardMBean
instanceKlass java/lang/management/ManagementFactory$2
instanceKlass sun/management/Util
instanceKlass sun/management/ClassLoadingImpl
instanceKlass java/lang/management/ClassLoadingMXBean
instanceKlass java/lang/management/PlatformComponent$15
instanceKlass java/lang/management/PlatformComponent$14
instanceKlass java/lang/management/PlatformComponent$13
instanceKlass java/lang/management/PlatformComponent$12
instanceKlass java/lang/management/PlatformComponent$11
instanceKlass java/lang/management/PlatformComponent$10
instanceKlass java/lang/management/PlatformComponent$9
instanceKlass java/lang/management/PlatformComponent$8
instanceKlass java/lang/management/PlatformComponent$7
instanceKlass java/lang/management/PlatformComponent$6
instanceKlass java/lang/management/PlatformComponent$5
instanceKlass java/lang/management/PlatformComponent$4
instanceKlass java/lang/management/PlatformComponent$3
instanceKlass java/lang/management/PlatformComponent$2
instanceKlass java/lang/management/PlatformComponent$1
instanceKlass java/lang/management/PlatformComponent$MXBeanFetcher
instanceKlass com/sun/jmx/mbeanserver/JmxMBeanServer$3
instanceKlass javax/management/ObjectInstance
instanceKlass java/util/concurrent/CopyOnWriteArrayList$COWIterator
instanceKlass com/sun/jmx/mbeanserver/NamedObject
instanceKlass com/sun/jmx/interceptor/DefaultMBeanServerInterceptor$ResourceContext$1
instanceKlass com/sun/jmx/interceptor/DefaultMBeanServerInterceptor$ResourceContext
instanceKlass com/sun/jmx/mbeanserver/Repository$RegistrationContext
instanceKlass com/sun/jmx/mbeanserver/DynamicMBean2
instanceKlass com/sun/jmx/defaults/JmxProperties
instanceKlass com/sun/jmx/mbeanserver/Introspector
instanceKlass com/sun/jmx/mbeanserver/JmxMBeanServer$2
instanceKlass com/sun/jmx/interceptor/DefaultMBeanServerInterceptor
instanceKlass com/sun/jmx/interceptor/MBeanServerInterceptor
instanceKlass com/sun/jmx/mbeanserver/Repository
instanceKlass com/sun/jmx/mbeanserver/JmxMBeanServer$1
instanceKlass com/sun/jmx/mbeanserver/SecureClassLoaderRepository
instanceKlass com/sun/jmx/mbeanserver/MBeanInstantiator
instanceKlass com/sun/jmx/mbeanserver/ClassLoaderRepositorySupport$LoaderEntry
instanceKlass com/sun/jmx/mbeanserver/ClassLoaderRepositorySupport
instanceKlass com/sun/jmx/mbeanserver/ModifiableClassLoaderRepository
instanceKlass javax/management/loading/ClassLoaderRepository
instanceKlass javax/management/ImmutableDescriptor
instanceKlass javax/management/Descriptor
instanceKlass com/sun/jmx/remote/util/ClassLogger
instanceKlass javax/management/NotificationBroadcasterSupport$1
instanceKlass javax/management/NotificationBroadcasterSupport
instanceKlass javax/management/MBeanInfo
instanceKlass javax/management/MBeanFeatureInfo
instanceKlass javax/management/DescriptorRead
instanceKlass javax/management/MBeanServerDelegate
instanceKlass javax/management/MBeanServerDelegateMBean
instanceKlass javax/management/MBeanRegistration
instanceKlass javax/management/DynamicMBean
instanceKlass com/sun/jmx/mbeanserver/JmxMBeanServer
instanceKlass com/sun/jmx/mbeanserver/SunJmxMBeanServer
instanceKlass javax/management/MBeanServer
instanceKlass javax/management/MBeanServerConnection
instanceKlass javax/management/MBeanServerBuilder
instanceKlass javax/management/MBeanServerFactory
instanceKlass com/sun/jmx/mbeanserver/Util
instanceKlass javax/management/ObjectName$Property
instanceKlass com/sun/jmx/mbeanserver/GetPropertyAction
instanceKlass javax/management/ObjectName
instanceKlass javax/management/QueryExp
instanceKlass org/gradle/api/internal/artifacts/dsl/DefaultArtifactHandler$DynamicMethods
instanceKlass org/gradle/api/internal/artifacts/dsl/DefaultArtifactHandler
instanceKlass org/gradle/api/internal/file/copy/CopySpecInternal
instanceKlass org/gradle/api/internal/file/copy/CopyAction
instanceKlass org/gradle/api/internal/file/copy/FileCopier
instanceKlass org/gradle/api/internal/resources/DefaultResourceHandler
instanceKlass org/gradle/api/internal/resources/DefaultTextResourceFactory
instanceKlass org/gradle/api/internal/resources/DefaultResourceResolver
instanceKlass org/gradle/api/internal/resources/ResourceResolver
instanceKlass org/gradle/api/resources/TextResourceFactory
instanceKlass org/gradle/api/internal/resources/DefaultResourceHandler$Factory$FactoryImpl
instanceKlass org/gradle/internal/service/scopes/ProjectScopeServices$$Lambda$294
instanceKlass org/gradle/internal/service/scopes/ProjectScopeServices$$Lambda$293
instanceKlass org/gradle/internal/extensibility/ExtensibleDynamicObject$InheritedDynamicObject
instanceKlass org/gradle/normalization/internal/DefaultInputNormalizationHandler
instanceKlass org/gradle/normalization/internal/DefaultRuntimeClasspathNormalization
instanceKlass org/gradle/api/internal/file/ant/BaseDirSelector
instanceKlass org/apache/tools/ant/types/selectors/FileSelector
instanceKlass org/apache/tools/ant/types/resources/selectors/ResourceSelector
instanceKlass groovy/util/AntBuilderLocator
instanceKlass org/apache/tools/ant/helper/AntXMLContext
instanceKlass org/apache/tools/ant/ComponentHelper$$Lambda$292
instanceKlass org/apache/tools/ant/DefaultDefinitions
instanceKlass org/apache/tools/ant/TypeAdapter
instanceKlass org/apache/tools/ant/AntTypeDefinition
instanceKlass org/apache/tools/ant/property/ParseProperties$$Lambda$291
instanceKlass org/apache/tools/ant/property/ParseProperties$$Lambda$290
instanceKlass org/apache/tools/ant/property/ParseProperties
instanceKlass org/apache/tools/ant/ComponentHelper
instanceKlass java/text/CharacterIterator
instanceKlass org/apache/tools/ant/launch/Locator
instanceKlass org/apache/tools/ant/Main$$Lambda$289
instanceKlass org/apache/tools/ant/Main
instanceKlass org/apache/tools/ant/launch/AntMain
instanceKlass org/apache/tools/ant/PropertyHelper$PropertySetter
instanceKlass org/apache/tools/ant/PropertyHelper$2
instanceKlass org/apache/tools/ant/PropertyHelper$$Lambda$288
instanceKlass org/apache/tools/ant/PropertyHelper$$Lambda$287
instanceKlass org/apache/tools/ant/property/PropertyExpander
instanceKlass org/apache/tools/ant/property/ParseNextProperty
instanceKlass java/text/ParsePosition
instanceKlass org/apache/tools/ant/PropertyHelper$1
instanceKlass org/apache/tools/ant/PropertyHelper$PropertyEvaluator
instanceKlass org/apache/tools/ant/PropertyHelper$Delegate
instanceKlass org/apache/tools/ant/PropertyHelper
instanceKlass org/apache/tools/ant/property/GetProperty
instanceKlass org/apache/tools/ant/util/DeweyDecimal
instanceKlass org/apache/tools/ant/util/JavaEnvUtils
instanceKlass org/apache/tools/ant/util/StringUtils
instanceKlass org/apache/tools/ant/DefaultLogger
instanceKlass org/apache/tools/ant/Target
instanceKlass org/apache/tools/ant/TaskContainer
instanceKlass java/util/stream/StreamSpliterators$WrappingSpliterator$$Lambda$286
instanceKlass java/util/stream/StreamSpliterators$WrappingSpliterator$$Lambda$285
instanceKlass java/lang/invoke/LambdaForm$DMH
instanceKlass java/util/stream/AbstractSpinedBuffer
instanceKlass java/util/Spliterators$1Adapter
instanceKlass java/util/stream/StreamSpliterators$AbstractWrappingSpliterator
instanceKlass java/util/stream/AbstractPipeline$$Lambda$284
instanceKlass org/apache/tools/ant/ProjectHelperRepository$$Lambda$283
instanceKlass org/apache/tools/ant/ProjectHelperRepository$$Lambda$282
instanceKlass org/apache/tools/ant/ProjectHelperRepository$$Lambda$281
instanceKlass java/util/stream/Streams$AbstractStreamBuilderImpl
instanceKlass org/xml/sax/DTDHandler
instanceKlass org/xml/sax/ErrorHandler
instanceKlass org/xml/sax/EntityResolver
instanceKlass org/xml/sax/ContentHandler
instanceKlass org/apache/tools/ant/helper/ProjectHelper2$AntHandler
instanceKlass java/util/Collections$EmptyEnumeration
instanceKlass org/apache/tools/ant/util/LoaderUtils
instanceKlass org/apache/tools/ant/ProjectHelperRepository
instanceKlass org/apache/tools/ant/ProjectHelper$$Lambda$280
instanceKlass org/apache/tools/ant/ProjectHelper$$Lambda$279
instanceKlass org/apache/tools/ant/ProjectHelper
instanceKlass org/apache/tools/ant/input/DefaultInputHandler
instanceKlass org/apache/tools/ant/Project$$Lambda$278
instanceKlass org/apache/tools/ant/types/FilterSetCollection
instanceKlass org/apache/tools/ant/types/EnumeratedAttribute
instanceKlass org/apache/tools/ant/Location
instanceKlass org/apache/tools/ant/input/InputHandler
instanceKlass org/apache/tools/ant/Project
instanceKlass org/gradle/api/internal/project/ant/AntLoggingAdapter
instanceKlass org/gradle/api/internal/project/ant/DefaultAntLoggingAdapterFactory
instanceKlass org/gradle/api/internal/project/DefaultAntBuilderFactory
instanceKlass org/apache/tools/ant/BuildLogger
instanceKlass org/apache/tools/ant/BuildListener
instanceKlass org/xml/sax/Attributes
instanceKlass org/xml/sax/Locator
instanceKlass sun/reflect/generics/tree/BooleanSignature
instanceKlass org/gradle/internal/deprecation/DeprecationMessageBuilder$WithDocumentation
instanceKlass org/gradle/internal/deprecation/DeprecationTimeline
instanceKlass org/gradle/internal/deprecation/Documentation
instanceKlass org/gradle/internal/deprecation/DeprecationMessageBuilder$WithDeprecationTimeline
instanceKlass org/gradle/api/internal/file/DefaultFilePropertyFactory$ToFileTransformer
instanceKlass org/gradle/api/internal/project/DefaultProject$5
instanceKlass org/jetbrains/kotlin/gradle/plugin/statistics/KotlinBuildStatsService$Companion
instanceKlass org/jetbrains/kotlin/statistics/metrics/IStatisticsValuesConsumer
instanceKlass org/jetbrains/kotlin/gradle/utils/ResourceUtilsKt
instanceKlass org/jetbrains/kotlin/gradle/logging/GradleLoggingUtilsKt
instanceKlass org/jetbrains/kotlin/gradle/plugin/KotlinPluginWrapperKt
instanceKlass org/jetbrains/kotlin/gradle/testing/internal/KotlinTestsRegistry
instanceKlass org/jetbrains/kotlin/gradle/plugin/KotlinBasePluginWrapper
instanceKlass org/gradle/kotlin/dsl/plugins/embedded/EmbeddedKotlinPlugin
instanceKlass org/gradle/kotlin/dsl/plugins/base/KotlinDslBasePlugin$$special$$inlined$apply$1
instanceKlass org/gradle/kotlin/dsl/plugins/base/KotlinDslBasePlugin
instanceKlass org/gradle/kotlin/dsl/plugins/dsl/KotlinDslPlugin$$special$$inlined$apply$2
instanceKlass org/gradle/plugin/devel/plugins/JavaGradlePluginPlugin$$Lambda$277
instanceKlass org/gradle/plugin/devel/plugins/JavaGradlePluginPlugin$$Lambda$276
instanceKlass org/gradle/plugin/devel/plugins/JavaGradlePluginPlugin$$Lambda$275
instanceKlass org/gradle/plugin/devel/plugins/JavaGradlePluginPlugin$$Lambda$274
instanceKlass org/gradle/plugin/devel/plugins/JavaGradlePluginPlugin$$Lambda$273
instanceKlass org/gradle/plugin/devel/plugins/JavaGradlePluginPlugin$$Lambda$272
instanceKlass org/gradle/plugin/devel/plugins/JavaGradlePluginPlugin$$Lambda$271
instanceKlass org/gradle/plugin/devel/plugins/JavaGradlePluginPlugin$$Lambda$270
instanceKlass org/gradle/plugin/devel/plugins/JavaGradlePluginPlugin$$Lambda$269
instanceKlass org/gradle/api/publish/ivy/plugins/IvyPublishPlugin$IvyPublicationFactory
instanceKlass org/gradle/api/publish/ivy/plugins/IvyPublishPlugin
instanceKlass org/gradle/plugin/devel/plugins/JavaGradlePluginPlugin$$Lambda$268
instanceKlass org/gradle/api/publish/maven/plugins/MavenPublishPlugin$MavenPublicationFactory
instanceKlass org/gradle/api/publish/maven/plugins/MavenPublishPlugin
instanceKlass org/gradle/api/internal/plugins/DefaultPluginManager$3
instanceKlass org/gradle/plugin/devel/plugins/JavaGradlePluginPlugin$$Lambda$267
instanceKlass org/gradle/configuration/internal/DefaultListenerBuildOperationDecorator$BuildOperationEmittingAction
instanceKlass org/gradle/plugin/devel/plugins/JavaGradlePluginPlugin$$Lambda$266
instanceKlass org/gradle/plugin/devel/plugins/JavaGradlePluginPlugin$$Lambda$265
instanceKlass org/gradle/api/internal/ReflectiveNamedDomainObjectFactory
