#
# There is insufficient memory for the Java Runtime Environment to continue.
# Native memory allocation (malloc) failed to allocate 233616 bytes for Chunk::new
# Possible reasons:
#   The system is out of physical RAM or swap space
#   The process is running with CompressedOops enabled, and the Java Heap may be blocking the growth of the native heap
# Possible solutions:
#   Reduce memory load on the system
#   Increase physical memory or swap space
#   Check if swap backing store is full
#   Decrease Java heap size (-Xmx/-Xms)
#   Decrease number of Java threads
#   Decrease Java thread stack sizes (-Xss)
#   Set larger code cache with -XX:ReservedCodeCacheSize=
#   JVM is running with Unscaled Compressed Oops mode in which the Java heap is
#     placed in the first 4GB address space. The Java Heap base address is the
#     maximum limit for the native heap growth. Please use -XX:HeapBaseMinAddress
#     to set the Java Heap base and to place the Java Heap above 4GB virtual address.
# This output file may be truncated or incomplete.
#
#  Out of Memory Error (allocation.cpp:389), pid=8076, tid=0x0000000000002604
#
# JRE version: Java(TM) SE Runtime Environment (8.0_251-b08) (build 1.8.0_251-b08)
# Java VM: Java HotSpot(TM) 64-Bit Server VM (25.251-b08 mixed mode windows-amd64 compressed oops)
# Failed to write core dump. Minidumps are not enabled by default on client versions of Windows
#

---------------  T H R E A D  ---------------

Current thread (0x0000000014c89800):  JavaThread "C2 CompilerThread1" daemon [_thread_in_native, id=9732, stack(0x00000000154a0000,0x00000000155a0000)]

Stack: [0x00000000154a0000,0x00000000155a0000]
[error occurred during error reporting (printing stack bounds), id 0xc0000005]

Native frames: (J=compiled Java code, j=interpreted, Vv=VM code, C=native code)


Current CompileTask:
C2:   1054  601  s!   4       sun.misc.URLClassPath::getLoader (243 bytes)


---------------  P R O C E S S  ---------------

Java Threads: ( => current thread )
  0x0000000014d10000 JavaThread "Service Thread" daemon [_thread_blocked, id=6968, stack(0x00000000156a0000,0x00000000157a0000)]
  0x0000000014c8e000 JavaThread "C1 CompilerThread2" daemon [_thread_blocked, id=9624, stack(0x00000000155a0000,0x00000000156a0000)]
=>0x0000000014c89800 JavaThread "C2 CompilerThread1" daemon [_thread_in_native, id=9732, stack(0x00000000154a0000,0x00000000155a0000)]
  0x0000000014c83800 JavaThread "C2 CompilerThread0" daemon [_thread_in_native, id=11600, stack(0x00000000153a0000,0x00000000154a0000)]
  0x0000000014c81800 JavaThread "Attach Listener" daemon [_thread_blocked, id=3132, stack(0x00000000152a0000,0x00000000153a0000)]
  0x0000000014c80800 JavaThread "Signal Dispatcher" daemon [_thread_blocked, id=6348, stack(0x00000000151a0000,0x00000000152a0000)]
  0x00000000023db800 JavaThread "Finalizer" daemon [_thread_blocked, id=6948, stack(0x0000000014a60000,0x0000000014b60000)]
  0x00000000023d2800 JavaThread "Reference Handler" daemon [_thread_blocked, id=10332, stack(0x0000000014960000,0x0000000014a60000)]
  0x0000000000b2e000 JavaThread "main" [_thread_in_native, id=9884, stack(0x00000000009b0000,0x0000000000ab0000)]

Other Threads:
  0x00000000137c7000 VMThread [stack: 0x0000000014860000,0x0000000014960000] [id=12224]
  0x0000000014d78000 WatcherThread [stack: 0x00000000157a0000,0x00000000158a0000] [id=13884]

VM state:not at safepoint (normal execution)

VM Mutex/Monitor currently owned by a thread: None

heap address: 0x00000000e0000000, size: 512 MB, Compressed Oops mode: 32-bit
Narrow klass base: 0x0000000000000000, Narrow klass shift: 3
Compressed class space size: 1073741824 Address: 0x0000000100000000

Heap:
 PSYoungGen      total 28672K, used 14852K [0x00000000f5580000, 0x00000000f7580000, 0x0000000100000000)
  eden space 24576K, 60% used [0x00000000f5580000,0x00000000f6401090,0x00000000f6d80000)
  from space 4096K, 0% used [0x00000000f7180000,0x00000000f7180000,0x00000000f7580000)
  to   space 4096K, 0% used [0x00000000f6d80000,0x00000000f6d80000,0x00000000f7180000)
 ParOldGen       total 65536K, used 0K [0x00000000e0000000, 0x00000000e4000000, 0x00000000f5580000)
  object space 65536K, 0% used [0x00000000e0000000,0x00000000e0000000,0x00000000e4000000)
 Metaspace       used 7425K, capacity 7660K, committed 7808K, reserved 1056768K
  class space    used 918K, capacity 1036K, committed 1152K, reserved 1048576K

Card table byte_map: [0x00000000117a0000,0x00000000118b0000] byte_map_base: 0x00000000110a0000

Marking Bits: (ParMarkBitMap*) 0x0000000073f0af90
 Begin Bits: [0x0000000011d60000, 0x0000000012560000)
 End Bits:   [0x0000000012560000, 0x0000000012d60000)

Polling page: 0x00000000001e0000

CodeCache: size=245760Kb used=2623Kb max_used=2623Kb free=243136Kb
 bounds [0x00000000023e0000, 0x0000000002680000, 0x00000000113e0000]
 total_blobs=930 nmethods=616 adapters=226
 compilation: disabled (not enough contiguous free space left)

Compilation events (10 events):
Event: 1.021 Thread 0x0000000014c8e000  616       3       java.security.CodeSource::matchCerts (254 bytes)
Event: 1.023 Thread 0x0000000014c8e000 nmethod 616 0x000000000266c550 code [0x000000000266c760, 0x000000000266d2d8]
Event: 1.023 Thread 0x0000000014c8e000  617       3       java.security.CodeSource::equals (60 bytes)
Event: 1.023 Thread 0x0000000014c8e000 nmethod 617 0x000000000266d810 code [0x000000000266d9c0, 0x000000000266e198]
Event: 1.023 Thread 0x0000000014c8e000  618       3       sun.net.www.protocol.file.Handler::hostsEqual (69 bytes)
Event: 1.024 Thread 0x0000000014c8e000 nmethod 618 0x000000000266e350 code [0x000000000266e500, 0x000000000266ec68]
Event: 1.024 Thread 0x0000000014c8e000  619       3       java.net.URLStreamHandler::hostsEqual (75 bytes)
Event: 1.025 Thread 0x0000000014c8e000 nmethod 619 0x000000000266ee10 code [0x000000000266efc0, 0x000000000266f938]
Event: 1.026 Thread 0x0000000014c8e000  620       3       worker.org.gradle.internal.classloader.FilteringClassLoader::classAllowed (80 bytes)
Event: 1.028 Thread 0x0000000014c8e000 


GC Heap History (0 events):
No events

Deoptimization events (4 events):
Event: 0.335 Thread 0x0000000000b2e000 Uncommon trap: reason=unstable_if action=reinterpret pc=0x0000000002502d7c method=java.lang.String.equalsIgnoreCase(Ljava/lang/String;)Z @ 10
Event: 0.661 Thread 0x0000000000b2e000 Uncommon trap: reason=null_check action=make_not_entrant pc=0x00000000024fd968 method=java.lang.String.equals(Ljava/lang/Object;)Z @ 8
Event: 0.714 Thread 0x0000000000b2e000 Uncommon trap: reason=unstable_if action=reinterpret pc=0x000000000252db30 method=java.lang.String.regionMatches(ZILjava/lang/String;II)Z @ 41
Event: 0.810 Thread 0x0000000000b2e000 Uncommon trap: reason=unstable_if action=reinterpret pc=0x0000000002532e48 method=java.lang.String.startsWith(Ljava/lang/String;I)Z @ 25

Classes redefined (0 events):
No events

Internal exceptions (10 events):
Event: 0.732 Thread 0x0000000000b2e000 Exception <a 'java/security/PrivilegedActionException'> (0x00000000f5f70dc8) thrown at [C:\jenkins\workspace\8-2-build-windows-amd64-cygwin\jdk8u251\737\hotspot\src\share\vm\prims\jvm.cpp, line 1502]
Event: 0.732 Thread 0x0000000000b2e000 Exception <a 'java/security/PrivilegedActionException'> (0x00000000f5f711c0) thrown at [C:\jenkins\workspace\8-2-build-windows-amd64-cygwin\jdk8u251\737\hotspot\src\share\vm\prims\jvm.cpp, line 1502]
Event: 0.732 Thread 0x0000000000b2e000 Exception <a 'java/security/PrivilegedActionException'> (0x00000000f5f728a8) thrown at [C:\jenkins\workspace\8-2-build-windows-amd64-cygwin\jdk8u251\737\hotspot\src\share\vm\prims\jvm.cpp, line 1502]
Event: 0.732 Thread 0x0000000000b2e000 Exception <a 'java/security/PrivilegedActionException'> (0x00000000f5f72ca0) thrown at [C:\jenkins\workspace\8-2-build-windows-amd64-cygwin\jdk8u251\737\hotspot\src\share\vm\prims\jvm.cpp, line 1502]
Event: 0.732 Thread 0x0000000000b2e000 Exception <a 'java/security/PrivilegedActionException'> (0x00000000f5f74440) thrown at [C:\jenkins\workspace\8-2-build-windows-amd64-cygwin\jdk8u251\737\hotspot\src\share\vm\prims\jvm.cpp, line 1502]
Event: 0.732 Thread 0x0000000000b2e000 Exception <a 'java/security/PrivilegedActionException'> (0x00000000f5f74838) thrown at [C:\jenkins\workspace\8-2-build-windows-amd64-cygwin\jdk8u251\737\hotspot\src\share\vm\prims\jvm.cpp, line 1502]
Event: 0.733 Thread 0x0000000000b2e000 Exception <a 'java/security/PrivilegedActionException'> (0x00000000f5f75ea8) thrown at [C:\jenkins\workspace\8-2-build-windows-amd64-cygwin\jdk8u251\737\hotspot\src\share\vm\prims\jvm.cpp, line 1502]
Event: 0.733 Thread 0x0000000000b2e000 Exception <a 'java/security/PrivilegedActionException'> (0x00000000f5f762a0) thrown at [C:\jenkins\workspace\8-2-build-windows-amd64-cygwin\jdk8u251\737\hotspot\src\share\vm\prims\jvm.cpp, line 1502]
Event: 0.997 Thread 0x0000000000b2e000 Exception <a 'java/security/PrivilegedActionException'> (0x00000000f62290d8) thrown at [C:\jenkins\workspace\8-2-build-windows-amd64-cygwin\jdk8u251\737\hotspot\src\share\vm\prims\jvm.cpp, line 1502]
Event: 0.997 Thread 0x0000000000b2e000 Exception <a 'java/security/PrivilegedActionException'> (0x00000000f62294d0) thrown at [C:\jenkins\workspace\8-2-build-windows-amd64-cygwin\jdk8u251\737\hotspot\src\share\vm\prims\jvm.cpp, line 1502]

Events (10 events):
Event: 1.039 loading class org/gradle/internal/serialize/BaseSerializerFactory
Event: 1.039 loading class org/gradle/internal/serialize/BaseSerializerFactory done
Event: 1.040 loading class org/gradle/internal/serialize/BaseSerializerFactory$StringSerializer
Event: 1.040 loading class org/gradle/internal/serialize/BaseSerializerFactory$StringSerializer done
Event: 1.040 loading class org/gradle/internal/serialize/AbstractSerializer
Event: 1.040 loading class org/gradle/internal/serialize/AbstractSerializer done
Event: 1.041 loading class org/gradle/internal/serialize/BaseSerializerFactory$BooleanSerializer
Event: 1.041 loading class org/gradle/internal/serialize/BaseSerializerFactory$BooleanSerializer done
Event: 1.042 loading class org/gradle/internal/serialize/BaseSerializerFactory$ByteSerializer
Event: 1.042 loading class org/gradle/internal/serialize/BaseSerializerFactory$ByteSerializer done


Dynamic libraries:
0x00007ff744550000 - 0x00007ff744587000 	C:\Program Files\Java\jdk1.8.0_251\bin\java.exe
0x00007ffa77720000 - 0x00007ffa77910000 	C:\Windows\SYSTEM32\ntdll.dll
0x00007ffa76750000 - 0x00007ffa76802000 	C:\Windows\System32\KERNEL32.DLL
0x00007ffa74a70000 - 0x00007ffa74d14000 	C:\Windows\System32\KERNELBASE.dll
0x00007ffa773a0000 - 0x00007ffa77443000 	C:\Windows\System32\ADVAPI32.dll
0x00007ffa766a0000 - 0x00007ffa7673e000 	C:\Windows\System32\msvcrt.dll
0x00007ffa75930000 - 0x00007ffa759c7000 	C:\Windows\System32\sechost.dll
0x00007ffa76990000 - 0x00007ffa76ab0000 	C:\Windows\System32\RPCRT4.dll
0x00007ffa76b20000 - 0x00007ffa76cb5000 	C:\Windows\System32\USER32.dll
0x00007ffa74a20000 - 0x00007ffa74a41000 	C:\Windows\System32\win32u.dll
0x00007ffa768d0000 - 0x00007ffa768f6000 	C:\Windows\System32\GDI32.dll
0x00007ffa74880000 - 0x00007ffa74a16000 	C:\Windows\System32\gdi32full.dll
0x00007ffa74e70000 - 0x00007ffa74f0e000 	C:\Windows\System32\msvcp_win.dll
0x00007ffa74780000 - 0x00007ffa7487a000 	C:\Windows\System32\ucrtbase.dll
0x00007ffa6ad60000 - 0x00007ffa6afe4000 	C:\Windows\WinSxS\amd64_microsoft.windows.common-controls_6595b64144ccf1df_6.0.18362.1016_none_9e7a36bbe461dae4\COMCTL32.dll
0x00007ffa76fa0000 - 0x00007ffa772d5000 	C:\Windows\System32\combase.dll
0x00007ffa75750000 - 0x00007ffa757d0000 	C:\Windows\System32\bcryptPrimitives.dll
0x00007ffa761e0000 - 0x00007ffa7620e000 	C:\Windows\System32\IMM32.DLL
0x0000000073f90000 - 0x0000000074062000 	C:\Program Files\Java\jdk1.8.0_251\jre\bin\msvcr100.dll
0x00000000736e0000 - 0x0000000073f8b000 	C:\Program Files\Java\jdk1.8.0_251\jre\bin\server\jvm.dll
0x00007ffa76740000 - 0x00007ffa76748000 	C:\Windows\System32\PSAPI.DLL
0x00007ffa6f4a0000 - 0x00007ffa6f4aa000 	C:\Windows\SYSTEM32\VERSION.dll
0x00007ffa72190000 - 0x00007ffa721b4000 	C:\Windows\SYSTEM32\WINMM.dll
0x00007ffa70b80000 - 0x00007ffa70b89000 	C:\Windows\SYSTEM32\WSOCK32.dll
0x00007ffa76ab0000 - 0x00007ffa76b1f000 	C:\Windows\System32\WS2_32.dll
0x00007ffa72140000 - 0x00007ffa7216d000 	C:\Windows\SYSTEM32\WINMMBASE.dll
0x00007ffa74700000 - 0x00007ffa7474a000 	C:\Windows\System32\cfgmgr32.dll
0x00007ffa6c7d0000 - 0x00007ffa6c7df000 	C:\Program Files\Java\jdk1.8.0_251\jre\bin\verify.dll
0x00007ffa66330000 - 0x00007ffa66359000 	C:\Program Files\Java\jdk1.8.0_251\jre\bin\java.dll
0x00007ffa664a0000 - 0x00007ffa664b6000 	C:\Program Files\Java\jdk1.8.0_251\jre\bin\zip.dll
0x00007ffa759d0000 - 0x00007ffa760b7000 	C:\Windows\System32\SHELL32.dll
0x00007ffa772f0000 - 0x00007ffa77399000 	C:\Windows\System32\shcore.dll
0x00007ffa74fc0000 - 0x00007ffa75742000 	C:\Windows\System32\windows.storage.dll
0x00007ffa74670000 - 0x00007ffa74693000 	C:\Windows\System32\profapi.dll
0x00007ffa74620000 - 0x00007ffa7466a000 	C:\Windows\System32\powrprof.dll
0x00007ffa745d0000 - 0x00007ffa745e0000 	C:\Windows\System32\UMPDC.dll
0x00007ffa76870000 - 0x00007ffa768c2000 	C:\Windows\System32\shlwapi.dll
0x00007ffa74600000 - 0x00007ffa74611000 	C:\Windows\System32\kernel.appcore.dll
0x00007ffa74a50000 - 0x00007ffa74a67000 	C:\Windows\System32\cryptsp.dll
0x00007ffa66100000 - 0x00007ffa6611a000 	C:\Program Files\Java\jdk1.8.0_251\jre\bin\net.dll
0x00007ffa73d80000 - 0x00007ffa73de7000 	C:\Windows\system32\mswsock.dll
0x00007ffa64180000 - 0x00007ffa64192000 	C:\Program Files\Java\jdk1.8.0_251\jre\bin\nio.dll

VM Arguments:
jvm_args: -Djava.awt.headless=true -Djava.security.manager=worker.org.gradle.process.internal.worker.child.BootstrapSecurityManager -Dorg.gradle.native=false -Xmx512m -Dfile.encoding=windows-1252 -Duser.country=US -Duser.language=en -Duser.variant -ea 
java_command: worker.org.gradle.process.internal.worker.GradleWorkerMain 'Gradle Test Executor 14'
java_class_path (initial): C:\Users\Omid\.gradle\caches\6.5\workerMain\gradle-worker.jar
Launcher Type: SUN_STANDARD

Environment Variables:
JAVA_HOME=C:\Program Files\Java\jdk-14.0.1
PATH=C:\Program Files (x86)\Common Files\Oracle\Java\javapath;C:\Windows\system32;C:\Windows;C:\Windows\System32\Wbem;C:\Windows\System32\WindowsPowerShell\v1.0\;C:\Windows\System32\OpenSSH\;C:\Program Files\Java\jdk-14.0.1\bin;F:\Android\android-sdk\platform-tools;F:\Android\android-sdk\tools;C:\Program Files\Git\cmd;D:\FlutterSdk\flutter\bin;C:\Program Files\SourceGear\Common\DiffMerge\;C:\Program Files\Docker\Docker\resources\bin;C:\ProgramData\DockerDesktop\version-bin;C:\Users\Omid\AppData\Local\Microsoft\WindowsApps;
USERNAME=Omid
OS=Windows_NT
PROCESSOR_IDENTIFIER=Intel64 Family 6 Model 58 Stepping 9, GenuineIntel



---------------  S Y S T E M  ---------------

OS: Windows 10.0 , 64 bit Build 18362 (10.0.18362.959)

CPU:total 4 (initial active 4) (2 cores per cpu, 2 threads per core) family 6 model 58 stepping 9, cmov, cx8, fxsr, mmx, sse, sse2, sse3, ssse3, sse4.1, sse4.2, popcnt, avx, aes, clmul, erms, ht, tsc, tscinvbit, tscinv

Memory: 4k page, physical 6174296k(553124k free), swap 18929492k(5136k free)

vm_info: Java HotSpot(TM) 64-Bit Server VM (25.251-b08) for windows-amd64 JRE (1.8.0_251-b08), built on Mar 12 2020 06:31:49 by "" with MS VC++ 10.0 (VS2010)

time: Fri Sep 04 00:11:03 2020
timezone: Iran Daylight Time
elapsed time: 1 seconds (0d 0h 0m 1s)

