#
# There is insufficient memory for the Java Runtime Environment to continue.
# Native memory allocation (malloc) failed to allocate 944976 bytes for Chunk::new
# Possible reasons:
#   The system is out of physical RAM or swap space
#   The process is running with CompressedOops enabled, and the Java Heap may be blocking the growth of the native heap
# Possible solutions:
#   Reduce memory load on the system
#   Increase physical memory or swap space
#   Check if swap backing store is full
#   Decrease Java heap size (-Xmx/-Xms)
#   Decrease number of Java threads
#   Decrease Java thread stack sizes (-Xss)
#   Set larger code cache with -XX:ReservedCodeCacheSize=
#   JVM is running with Unscaled Compressed Oops mode in which the Java heap is
#     placed in the first 4GB address space. The Java Heap base address is the
#     maximum limit for the native heap growth. Please use -XX:HeapBaseMinAddress
#     to set the Java Heap base and to place the Java Heap above 4GB virtual address.
# This output file may be truncated or incomplete.
#
#  Out of Memory Error (allocation.cpp:389), pid=7548, tid=0x00000000000032c0
#
# JRE version: Java(TM) SE Runtime Environment (8.0_251-b08) (build 1.8.0_251-b08)
# Java VM: Java HotSpot(TM) 64-Bit Server VM (25.251-b08 mixed mode windows-amd64 compressed oops)
# Failed to write core dump. Minidumps are not enabled by default on client versions of Windows
#

---------------  T H R E A D  ---------------

Current thread (0x000000001670f000):  JavaThread "C2 CompilerThread0" daemon [_thread_in_native, id=12992, stack(0x0000000018240000,0x0000000018340000)]

Stack: [0x0000000018240000,0x0000000018340000]
[error occurred during error reporting (printing stack bounds), id 0xc0000005]

Native frames: (J=compiled Java code, j=interpreted, Vv=VM code, C=native code)


Current CompileTask:
C2:  34868 3356       4       org.objectweb.asm.Frame::execute (2318 bytes)


---------------  P R O C E S S  ---------------

Java Threads: ( => current thread )
  0x000000001a2cf800 JavaThread "SDK 16 Main Thread" [_thread_in_native, id=11180, stack(0x000000001b220000,0x000000001b320000)]
  0x000000001673e800 JavaThread "Service Thread" daemon [_thread_blocked, id=10772, stack(0x0000000018540000,0x0000000018640000)]
  0x0000000016714000 JavaThread "C1 CompilerThread2" daemon [_thread_blocked, id=13752, stack(0x0000000018440000,0x0000000018540000)]
  0x0000000016712800 JavaThread "C2 CompilerThread1" daemon [_thread_in_native, id=11920, stack(0x0000000018340000,0x0000000018440000)]
=>0x000000001670f000 JavaThread "C2 CompilerThread0" daemon [_thread_in_native, id=12992, stack(0x0000000018240000,0x0000000018340000)]
  0x000000001670c800 JavaThread "Monitor Ctrl-Break" daemon [_thread_in_native, id=14128, stack(0x0000000018140000,0x0000000018240000)]
  0x00000000166e5800 JavaThread "Attach Listener" daemon [_thread_blocked, id=8564, stack(0x0000000017c40000,0x0000000017d40000)]
  0x00000000166e4000 JavaThread "Signal Dispatcher" daemon [_thread_blocked, id=9936, stack(0x0000000017b40000,0x0000000017c40000)]
  0x0000000002e5b000 JavaThread "Finalizer" daemon [_thread_blocked, id=13920, stack(0x0000000017940000,0x0000000017a40000)]
  0x0000000002e52000 JavaThread "Reference Handler" daemon [_thread_blocked, id=10544, stack(0x0000000017840000,0x0000000017940000)]
  0x0000000002a4e800 JavaThread "main" [_thread_blocked, id=5228, stack(0x0000000002b20000,0x0000000002c20000)]

Other Threads:
  0x00000000166a7800 VMThread [stack: 0x0000000017740000,0x0000000017840000] [id=11500]
  0x0000000017e04000 WatcherThread [stack: 0x0000000018640000,0x0000000018740000] [id=2856]

VM state:not at safepoint (normal execution)

VM Mutex/Monitor currently owned by a thread: None

heap address: 0x00000000a1c00000, size: 1508 MB, Compressed Oops mode: 32-bit
Narrow klass base: 0x0000000000000000, Narrow klass shift: 3
Compressed class space size: 1073741824 Address: 0x0000000100000000

Heap:
 PSYoungGen      total 104960K, used 52678K [0x00000000e0980000, 0x00000000e7a80000, 0x0000000100000000)
  eden space 96256K, 45% used [0x00000000e0980000,0x00000000e3474828,0x00000000e6780000)
  from space 8704K, 99% used [0x00000000e6780000,0x00000000e6ffd018,0x00000000e7000000)
  to   space 6656K, 0% used [0x00000000e7000000,0x00000000e7000000,0x00000000e7680000)
 ParOldGen       total 65536K, used 31813K [0x00000000a1c00000, 0x00000000a5c00000, 0x00000000e0980000)
  object space 65536K, 48% used [0x00000000a1c00000,0x00000000a3b11620,0x00000000a5c00000)
 Metaspace       used 18922K, capacity 19627K, committed 19712K, reserved 1067008K
  class space    used 2045K, capacity 2288K, committed 2304K, reserved 1048576K

Card table byte_map: [0x0000000012220000,0x0000000012520000] byte_map_base: 0x0000000011d12000

Marking Bits: (ParMarkBitMap*) 0x000000007728af90
 Begin Bits: [0x0000000012b20000, 0x00000000142b0000)
 End Bits:   [0x00000000142b0000, 0x0000000015a40000)

Polling page: 0x0000000000c40000

CodeCache: size=245760Kb used=11508Kb max_used=11508Kb free=234251Kb
 bounds [0x0000000002e60000, 0x00000000039b0000, 0x0000000011e60000]
 total_blobs=3515 nmethods=3106 adapters=320
 compilation: enabled

Compilation events (10 events):
Event: 34.803 Thread 0x0000000016714000 3383       3       java.lang.invoke.MethodHandle::setVarargs (38 bytes)
Event: 34.804 Thread 0x0000000016714000 nmethod 3383 0x0000000003223a90 code [0x0000000003223c80, 0x0000000003224728]
Event: 34.804 Thread 0x0000000016714000 3384       3       java.lang.invoke.MemberName::isVarargs (23 bytes)
Event: 34.804 Thread 0x0000000016714000 nmethod 3384 0x0000000003226990 code [0x0000000003226b20, 0x0000000003227090]
Event: 34.808 Thread 0x0000000016714000 3386       3       org.robolectric.internal.bytecode.ClassNodeProvider::getClassNode (38 bytes)
Event: 34.809 Thread 0x0000000016714000 nmethod 3386 0x00000000039a3890 code [0x00000000039a3aa0, 0x00000000039a4568]
Event: 34.809 Thread 0x0000000016714000 3387       3       org.objectweb.asm.MethodVisitor::visitIincInsn (17 bytes)
Event: 34.809 Thread 0x0000000016714000 nmethod 3387 0x0000000003226490 code [0x0000000003226600, 0x0000000003226868]
Event: 34.809 Thread 0x0000000016714000 3388       3       org.objectweb.asm.MethodWriter::visitIincInsn (135 bytes)
Event: 34.810 Thread 0x0000000016714000 nmethod 3388 0x0000000003222fd0 code [0x00000000032231a0, 0x0000000003223858]

GC Heap History (10 events):
Event: 27.125 GC heap before
{Heap before GC invocations=5 (full 0):
 PSYoungGen      total 53248K, used 52221K [0x00000000e0980000, 0x00000000e4180000, 0x0000000100000000)
  eden space 49152K, 100% used [0x00000000e0980000,0x00000000e3980000,0x00000000e3980000)
  from space 4096K, 74% used [0x00000000e3d80000,0x00000000e407f430,0x00000000e4180000)
  to   space 4096K, 0% used [0x00000000e3980000,0x00000000e3980000,0x00000000e3d80000)
 ParOldGen       total 65536K, used 24K [0x00000000a1c00000, 0x00000000a5c00000, 0x00000000e0980000)
  object space 65536K, 0% used [0x00000000a1c00000,0x00000000a1c06000,0x00000000a5c00000)
 Metaspace       used 11925K, capacity 12342K, committed 12544K, reserved 1060864K
  class space    used 1369K, capacity 1479K, committed 1536K, reserved 1048576K
Event: 27.135 GC heap after
Heap after GC invocations=5 (full 0):
 PSYoungGen      total 53248K, used 4073K [0x00000000e0980000, 0x00000000e7680000, 0x0000000100000000)
  eden space 49152K, 0% used [0x00000000e0980000,0x00000000e0980000,0x00000000e3980000)
  from space 4096K, 99% used [0x00000000e3980000,0x00000000e3d7a580,0x00000000e3d80000)
  to   space 6656K, 0% used [0x00000000e7000000,0x00000000e7000000,0x00000000e7680000)
 ParOldGen       total 65536K, used 2664K [0x00000000a1c00000, 0x00000000a5c00000, 0x00000000e0980000)
  object space 65536K, 4% used [0x00000000a1c00000,0x00000000a1e9a2d8,0x00000000a5c00000)
 Metaspace       used 11925K, capacity 12342K, committed 12544K, reserved 1060864K
  class space    used 1369K, capacity 1479K, committed 1536K, reserved 1048576K
}
Event: 28.468 GC heap before
{Heap before GC invocations=6 (full 0):
 PSYoungGen      total 53248K, used 53120K [0x00000000e0980000, 0x00000000e7680000, 0x0000000100000000)
  eden space 49152K, 99% used [0x00000000e0980000,0x00000000e3965a88,0x00000000e3980000)
  from space 4096K, 99% used [0x00000000e3980000,0x00000000e3d7a580,0x00000000e3d80000)
  to   space 6656K, 0% used [0x00000000e7000000,0x00000000e7000000,0x00000000e7680000)
 ParOldGen       total 65536K, used 2664K [0x00000000a1c00000, 0x00000000a5c00000, 0x00000000e0980000)
  object space 65536K, 4% used [0x00000000a1c00000,0x00000000a1e9a2d8,0x00000000a5c00000)
 Metaspace       used 13456K, capacity 13978K, committed 14080K, reserved 1060864K
  class space    used 1583K, capacity 1761K, committed 1792K, reserved 1048576K
Event: 28.489 GC heap after
Heap after GC invocations=6 (full 0):
 PSYoungGen      total 102912K, used 6654K [0x00000000e0980000, 0x00000000e7a80000, 0x0000000100000000)
  eden space 96256K, 0% used [0x00000000e0980000,0x00000000e0980000,0x00000000e6780000)
  from space 6656K, 99% used [0x00000000e7000000,0x00000000e767fb30,0x00000000e7680000)
  to   space 8704K, 0% used [0x00000000e6780000,0x00000000e6780000,0x00000000e7000000)
 ParOldGen       total 65536K, used 4144K [0x00000000a1c00000, 0x00000000a5c00000, 0x00000000e0980000)
  object space 65536K, 6% used [0x00000000a1c00000,0x00000000a200c0d0,0x00000000a5c00000)
 Metaspace       used 13456K, capacity 13978K, committed 14080K, reserved 1060864K
  class space    used 1583K, capacity 1761K, committed 1792K, reserved 1048576K
}
Event: 30.621 GC heap before
{Heap before GC invocations=7 (full 0):
 PSYoungGen      total 102912K, used 102910K [0x00000000e0980000, 0x00000000e7a80000, 0x0000000100000000)
  eden space 96256K, 100% used [0x00000000e0980000,0x00000000e6780000,0x00000000e6780000)
  from space 6656K, 99% used [0x00000000e7000000,0x00000000e767fb30,0x00000000e7680000)
  to   space 8704K, 0% used [0x00000000e6780000,0x00000000e6780000,0x00000000e7000000)
 ParOldGen       total 65536K, used 4144K [0x00000000a1c00000, 0x00000000a5c00000, 0x00000000e0980000)
  object space 65536K, 6% used [0x00000000a1c00000,0x00000000a200c0d0,0x00000000a5c00000)
 Metaspace       used 16819K, capacity 17478K, committed 17792K, reserved 1064960K
  class space    used 1893K, capacity 2101K, committed 2176K, reserved 1048576K
Event: 30.645 GC heap after
Heap after GC invocations=7 (full 0):
 PSYoungGen      total 104960K, used 8703K [0x00000000e0980000, 0x00000000e7a80000, 0x0000000100000000)
  eden space 96256K, 0% used [0x00000000e0980000,0x00000000e0980000,0x00000000e6780000)
  from space 8704K, 99% used [0x00000000e6780000,0x00000000e6fffd50,0x00000000e7000000)
  to   space 6656K, 0% used [0x00000000e7000000,0x00000000e7000000,0x00000000e7680000)
 ParOldGen       total 65536K, used 12363K [0x00000000a1c00000, 0x00000000a5c00000, 0x00000000e0980000)
  object space 65536K, 18% used [0x00000000a1c00000,0x00000000a2812e00,0x00000000a5c00000)
 Metaspace       used 16819K, capacity 17478K, committed 17792K, reserved 1064960K
  class space    used 1893K, capacity 2101K, committed 2176K, reserved 1048576K
}
Event: 32.405 GC heap before
{Heap before GC invocations=8 (full 0):
 PSYoungGen      total 104960K, used 104959K [0x00000000e0980000, 0x00000000e7a80000, 0x0000000100000000)
  eden space 96256K, 100% used [0x00000000e0980000,0x00000000e6780000,0x00000000e6780000)
  from space 8704K, 99% used [0x00000000e6780000,0x00000000e6fffd50,0x00000000e7000000)
  to   space 6656K, 0% used [0x00000000e7000000,0x00000000e7000000,0x00000000e7680000)
 ParOldGen       total 65536K, used 12363K [0x00000000a1c00000, 0x00000000a5c00000, 0x00000000e0980000)
  object space 65536K, 18% used [0x00000000a1c00000,0x00000000a2812e00,0x00000000a5c00000)
 Metaspace       used 17055K, capacity 17746K, committed 18048K, reserved 1064960K
  class space    used 1895K, capacity 2101K, committed 2176K, reserved 1048576K
Event: 32.429 GC heap after
Heap after GC invocations=8 (full 0):
 PSYoungGen      total 102912K, used 6629K [0x00000000e0980000, 0x00000000e7a80000, 0x0000000100000000)
  eden space 96256K, 0% used [0x00000000e0980000,0x00000000e0980000,0x00000000e6780000)
  from space 6656K, 99% used [0x00000000e7000000,0x00000000e7679590,0x00000000e7680000)
  to   space 8704K, 0% used [0x00000000e6780000,0x00000000e6780000,0x00000000e7000000)
 ParOldGen       total 65536K, used 25757K [0x00000000a1c00000, 0x00000000a5c00000, 0x00000000e0980000)
  object space 65536K, 39% used [0x00000000a1c00000,0x00000000a3527620,0x00000000a5c00000)
 Metaspace       used 17055K, capacity 17746K, committed 18048K, reserved 1064960K
  class space    used 1895K, capacity 2101K, committed 2176K, reserved 1048576K
}
Event: 34.230 GC heap before
{Heap before GC invocations=9 (full 0):
 PSYoungGen      total 102912K, used 102885K [0x00000000e0980000, 0x00000000e7a80000, 0x0000000100000000)
  eden space 96256K, 100% used [0x00000000e0980000,0x00000000e6780000,0x00000000e6780000)
  from space 6656K, 99% used [0x00000000e7000000,0x00000000e7679590,0x00000000e7680000)
  to   space 8704K, 0% used [0x00000000e6780000,0x00000000e6780000,0x00000000e7000000)
 ParOldGen       total 65536K, used 25757K [0x00000000a1c00000, 0x00000000a5c00000, 0x00000000e0980000)
  object space 65536K, 39% used [0x00000000a1c00000,0x00000000a3527620,0x00000000a5c00000)
 Metaspace       used 17811K, capacity 18496K, committed 18560K, reserved 1064960K
  class space    used 1957K, capacity 2160K, committed 2176K, reserved 1048576K
Event: 34.252 GC heap after
Heap after GC invocations=9 (full 0):
 PSYoungGen      total 104960K, used 8692K [0x00000000e0980000, 0x00000000e7a80000, 0x0000000100000000)
  eden space 96256K, 0% used [0x00000000e0980000,0x00000000e0980000,0x00000000e6780000)
  from space 8704K, 99% used [0x00000000e6780000,0x00000000e6ffd018,0x00000000e7000000)
  to   space 6656K, 0% used [0x00000000e7000000,0x00000000e7000000,0x00000000e7680000)
 ParOldGen       total 65536K, used 31813K [0x00000000a1c00000, 0x00000000a5c00000, 0x00000000e0980000)
  object space 65536K, 48% used [0x00000000a1c00000,0x00000000a3b11620,0x00000000a5c00000)
 Metaspace       used 17811K, capacity 18496K, committed 18560K, reserved 1064960K
  class space    used 1957K, capacity 2160K, committed 2176K, reserved 1048576K
}

Deoptimization events (10 events):
Event: 33.657 Thread 0x000000001a2cf800 Uncommon trap: reason=unstable_if action=reinterpret pc=0x00000000034e5368 method=org.objectweb.asm.Frame.merge(Lorg/objectweb/asm/SymbolTable;I[II)Z @ 164
Event: 33.938 Thread 0x000000001a2cf800 Uncommon trap: reason=unstable_if action=reinterpret pc=0x00000000038faf84 method=java.lang.reflect.Field.getFieldAccessor(Z)Lsun/reflect/FieldAccessor; @ 1
Event: 33.938 Thread 0x000000001a2cf800 Uncommon trap: reason=unstable_if action=reinterpret pc=0x00000000039085c4 method=sun.reflect.UnsafeFieldAccessorFactory.newFieldAccessor(Ljava/lang/reflect/Field;Z)Lsun/reflect/FieldAccessor; @ 69
Event: 33.960 Thread 0x000000001a2cf800 Uncommon trap: reason=unstable_if action=reinterpret pc=0x00000000038fb8ac method=sun.reflect.UnsafeFieldAccessorImpl.<init>(Ljava/lang/reflect/Field;)V @ 16
Event: 33.960 Thread 0x000000001a2cf800 Uncommon trap: reason=unstable_if action=reinterpret pc=0x00000000038c6538 method=java.lang.reflect.Field.setFieldAccessor(Lsun/reflect/FieldAccessor;Z)V @ 1
Event: 34.439 Thread 0x000000001a2cf800 Uncommon trap: reason=unstable_if action=reinterpret pc=0x00000000031166bc method=java.util.HashMap.hash(Ljava/lang/Object;)I @ 1
Event: 34.440 Thread 0x000000001a2cf800 Uncommon trap: reason=unstable_if action=reinterpret pc=0x0000000002f844d8 method=java.util.HashMap.hash(Ljava/lang/Object;)I @ 1
Event: 34.560 Thread 0x000000001a2cf800 Uncommon trap: reason=unstable_if action=reinterpret pc=0x0000000003949358 method=org.robolectric.internal.bytecode.InstrumentationConfiguration.shouldIntercept(Lorg/objectweb/asm/tree/MethodInsnNode;)Z @ 63
Event: 34.586 Thread 0x000000001a2cf800 Uncommon trap: reason=unstable_if action=reinterpret pc=0x000000000353a418 method=org.objectweb.asm.Frame.getAbstractTypeFromDescriptor(Lorg/objectweb/asm/SymbolTable;Ljava/lang/String;I)I @ 174
Event: 34.589 Thread 0x000000001a2cf800 Uncommon trap: reason=unstable_if action=reinterpret pc=0x0000000003986314 method=org.objectweb.asm.Frame.execute(IILorg/objectweb/asm/Symbol;Lorg/objectweb/asm/SymbolTable;)V @ 2191

Classes redefined (0 events):
No events

Internal exceptions (10 events):
Event: 26.145 Thread 0x000000001a2cf800 Exception <a 'java/security/PrivilegedActionException'> (0x00000000e2ed0238) thrown at [C:\jenkins\workspace\8-2-build-windows-amd64-cygwin\jdk8u251\737\hotspot\src\share\vm\prims\jvm.cpp, line 1502]
Event: 26.145 Thread 0x000000001a2cf800 Exception <a 'java/security/PrivilegedActionException'> (0x00000000e2ed0630) thrown at [C:\jenkins\workspace\8-2-build-windows-amd64-cygwin\jdk8u251\737\hotspot\src\share\vm\prims\jvm.cpp, line 1502]
Event: 26.145 Thread 0x000000001a2cf800 Exception <a 'java/security/PrivilegedActionException'> (0x00000000e2ed1c30) thrown at [C:\jenkins\workspace\8-2-build-windows-amd64-cygwin\jdk8u251\737\hotspot\src\share\vm\prims\jvm.cpp, line 1502]
Event: 26.145 Thread 0x000000001a2cf800 Exception <a 'java/security/PrivilegedActionException'> (0x00000000e2ed2028) thrown at [C:\jenkins\workspace\8-2-build-windows-amd64-cygwin\jdk8u251\737\hotspot\src\share\vm\prims\jvm.cpp, line 1502]
Event: 33.241 Thread 0x000000001a2cf800 Exception <a 'sun/nio/fs/WindowsException'> (0x00000000e4a15dc0) thrown at [C:\jenkins\workspace\8-2-build-windows-amd64-cygwin\jdk8u251\737\hotspot\src\share\vm\prims\jni.cpp, line 710]
Event: 33.242 Thread 0x000000001a2cf800 Exception <a 'sun/nio/fs/WindowsException'> (0x00000000e4a162f0) thrown at [C:\jenkins\workspace\8-2-build-windows-amd64-cygwin\jdk8u251\737\hotspot\src\share\vm\prims\jni.cpp, line 710]
Event: 33.596 Thread 0x000000001a2cf800 Exception <a 'sun/nio/fs/WindowsException'> (0x00000000e519c168) thrown at [C:\jenkins\workspace\8-2-build-windows-amd64-cygwin\jdk8u251\737\hotspot\src\share\vm\prims\jni.cpp, line 710]
Event: 33.596 Thread 0x000000001a2cf800 Exception <a 'sun/nio/fs/WindowsException'> (0x00000000e519c738) thrown at [C:\jenkins\workspace\8-2-build-windows-amd64-cygwin\jdk8u251\737\hotspot\src\share\vm\prims\jni.cpp, line 710]
Event: 34.439 Thread 0x000000001a2cf800 Implicit null exception at 0x00000000031164d5 to 0x00000000031166ad
Event: 34.440 Thread 0x000000001a2cf800 Implicit null exception at 0x0000000002f8401b to 0x0000000002f844c5

Events (10 events):
Event: 34.803 loading class android/util/LongSparseArray
Event: 34.803 loading class android/util/LongSparseArray done
Event: 34.804 loading class android/content/res/Configuration
Event: 34.804 loading class android/content/res/Configuration done
Event: 34.804 loading class android/content/res/Configuration
Event: 34.804 loading class android/content/res/Configuration done
Event: 34.805 loading class android/app/ApplicationPackageManager
Event: 34.805 loading class android/app/ApplicationPackageManager done
Event: 34.815 loading class org/robolectric/shadows/ShadowApplicationPackageManager
Event: 34.815 loading class org/robolectric/shadows/ShadowApplicationPackageManager done


Dynamic libraries:
0x00007ff6d3490000 - 0x00007ff6d34c7000 	C:\Program Files\Java\jdk1.8.0_251\bin\java.exe
0x00007ff8a82a0000 - 0x00007ff8a8490000 	C:\Windows\SYSTEM32\ntdll.dll
0x00007ff8a7b50000 - 0x00007ff8a7c02000 	C:\Windows\System32\KERNEL32.DLL
0x00007ff8a5330000 - 0x00007ff8a55d4000 	C:\Windows\System32\KERNELBASE.dll
0x00007ff8a6350000 - 0x00007ff8a63f3000 	C:\Windows\System32\ADVAPI32.dll
0x00007ff8a72f0000 - 0x00007ff8a738e000 	C:\Windows\System32\msvcrt.dll
0x00007ff8a6580000 - 0x00007ff8a6617000 	C:\Windows\System32\sechost.dll
0x00007ff8a66f0000 - 0x00007ff8a6810000 	C:\Windows\System32\RPCRT4.dll
0x00007ff8a6810000 - 0x00007ff8a69a4000 	C:\Windows\System32\USER32.dll
0x00007ff8a6320000 - 0x00007ff8a6341000 	C:\Windows\System32\win32u.dll
0x00007ff8a6550000 - 0x00007ff8a6576000 	C:\Windows\System32\GDI32.dll
0x00007ff8a5fb0000 - 0x00007ff8a6145000 	C:\Windows\System32\gdi32full.dll
0x00007ff8a5eb0000 - 0x00007ff8a5f4e000 	C:\Windows\System32\msvcp_win.dll
0x00007ff8a5630000 - 0x00007ff8a572a000 	C:\Windows\System32\ucrtbase.dll
0x00007ff891130000 - 0x00007ff8913b4000 	C:\Windows\WinSxS\amd64_microsoft.windows.common-controls_6595b64144ccf1df_6.0.18362.900_none_e6beb9d913147d17\COMCTL32.dll
0x00007ff8a7f20000 - 0x00007ff8a8255000 	C:\Windows\System32\combase.dll
0x00007ff8a6150000 - 0x00007ff8a61d0000 	C:\Windows\System32\bcryptPrimitives.dll
0x00007ff8a6470000 - 0x00007ff8a649e000 	C:\Windows\System32\IMM32.DLL
0x0000000077750000 - 0x0000000077822000 	C:\Program Files\Java\jdk1.8.0_251\jre\bin\msvcr100.dll
0x0000000076a60000 - 0x000000007730b000 	C:\Program Files\Java\jdk1.8.0_251\jre\bin\server\jvm.dll
0x00007ff8a6d30000 - 0x00007ff8a6d38000 	C:\Windows\System32\PSAPI.DLL
0x00007ff89d2d0000 - 0x00007ff89d2da000 	C:\Windows\SYSTEM32\VERSION.dll
0x00007ff8a2f40000 - 0x00007ff8a2f64000 	C:\Windows\SYSTEM32\WINMM.dll
0x00007ff8a1650000 - 0x00007ff8a1659000 	C:\Windows\SYSTEM32\WSOCK32.dll
0x00007ff8a6ca0000 - 0x00007ff8a6d0f000 	C:\Windows\System32\WS2_32.dll
0x00007ff8a2ef0000 - 0x00007ff8a2f1d000 	C:\Windows\SYSTEM32\WINMMBASE.dll
0x00007ff8a5230000 - 0x00007ff8a527a000 	C:\Windows\System32\cfgmgr32.dll
0x00007ff89daa0000 - 0x00007ff89daaf000 	C:\Program Files\Java\jdk1.8.0_251\jre\bin\verify.dll
0x00007ff88cc00000 - 0x00007ff88cc29000 	C:\Program Files\Java\jdk1.8.0_251\jre\bin\java.dll
0x00007ff89d980000 - 0x00007ff89d9a3000 	C:\Program Files\Java\jdk1.8.0_251\jre\bin\instrument.dll
0x00007ff88bf70000 - 0x00007ff88bf86000 	C:\Program Files\Java\jdk1.8.0_251\jre\bin\zip.dll
0x00007ff8a7460000 - 0x00007ff8a7b46000 	C:\Windows\System32\SHELL32.dll
0x00007ff8a6b70000 - 0x00007ff8a6c19000 	C:\Windows\System32\shcore.dll
0x00007ff8a5730000 - 0x00007ff8a5eb0000 	C:\Windows\System32\windows.storage.dll
0x00007ff8a51e0000 - 0x00007ff8a5203000 	C:\Windows\System32\profapi.dll
0x00007ff8a5190000 - 0x00007ff8a51da000 	C:\Windows\System32\powrprof.dll
0x00007ff8a5160000 - 0x00007ff8a5170000 	C:\Windows\System32\UMPDC.dll
0x00007ff8a6b10000 - 0x00007ff8a6b62000 	C:\Windows\System32\shlwapi.dll
0x00007ff8a5170000 - 0x00007ff8a5181000 	C:\Windows\System32\kernel.appcore.dll
0x00007ff8a55e0000 - 0x00007ff8a55f7000 	C:\Windows\System32\cryptsp.dll
0x00007ff8a1710000 - 0x00007ff8a172a000 	D:\Program Files\Android\Android Studio\bin\breakgen64.dll
0x00007ff88bdf0000 - 0x00007ff88be0a000 	C:\Program Files\Java\jdk1.8.0_251\jre\bin\net.dll
0x00007ff8a4920000 - 0x00007ff8a4987000 	C:\Windows\system32\mswsock.dll
0x00007ff88bcd0000 - 0x00007ff88bce2000 	C:\Program Files\Java\jdk1.8.0_251\jre\bin\nio.dll
0x00007ff8a44a0000 - 0x00007ff8a44d3000 	C:\Windows\system32\rsaenh.dll
0x00007ff8a5600000 - 0x00007ff8a5626000 	C:\Windows\System32\bcrypt.dll
0x00007ff8a5080000 - 0x00007ff8a50a5000 	C:\Windows\SYSTEM32\USERENV.dll
0x00007ff8a4aa0000 - 0x00007ff8a4aac000 	C:\Windows\SYSTEM32\CRYPTBASE.dll
0x00007ff8a4640000 - 0x00007ff8a467a000 	C:\Windows\SYSTEM32\IPHLPAPI.DLL
0x00007ff8a6460000 - 0x00007ff8a6468000 	C:\Windows\System32\NSI.dll
0x00007ff89ec00000 - 0x00007ff89ec16000 	C:\Windows\SYSTEM32\dhcpcsvc6.DLL
0x00007ff89f980000 - 0x00007ff89f99c000 	C:\Windows\SYSTEM32\dhcpcsvc.DLL
0x00007ff8a46d0000 - 0x00007ff8a479b000 	C:\Windows\SYSTEM32\DNSAPI.dll
0x00007ff89d930000 - 0x00007ff89d954000 	C:\Program Files\Java\jdk1.8.0_251\jre\bin\sunec.dll
0x00007ff8a1330000 - 0x00007ff8a133c000 	C:\Program Files\Java\jdk1.8.0_251\jre\bin\sunmscapi.dll
0x00007ff8a61d0000 - 0x00007ff8a6319000 	C:\Windows\System32\CRYPT32.dll
0x00007ff8a5210000 - 0x00007ff8a5222000 	C:\Windows\System32\MSASN1.dll
0x00007ff8a4ba0000 - 0x00007ff8a4bc6000 	C:\Windows\SYSTEM32\ncrypt.dll
0x00007ff8a4b60000 - 0x00007ff8a4b9b000 	C:\Windows\SYSTEM32\NTASN1.dll

VM Arguments:
jvm_args: -ea -Didea.test.cyclic.buffer.size=1048576 -javaagent:D:\Program Files\Android\Android Studio\lib\idea_rt.jar=5278:D:\Program Files\Android\Android Studio\bin -Dfile.encoding=UTF-8 
java_command: com.intellij.rt.junit.JUnitStarter -ideVersion5 -junit4 ir.omidtaheri.mainpage.viewmodelTest.DetailViewModelTest
java_class_path (initial): C:\Users\Omid\AppData\Local\Temp\classpath793140910.jar;D:\Program Files\Android\Android Studio\lib\idea_rt.jar
Launcher Type: SUN_STANDARD

Environment Variables:
JAVA_HOME=C:\Program Files\Java\jdk-14.0.1
PATH=C:\Program Files (x86)\Common Files\Oracle\Java\javapath;C:\Windows\system32;C:\Windows;C:\Windows\System32\Wbem;C:\Windows\System32\WindowsPowerShell\v1.0\;C:\Windows\System32\OpenSSH\;C:\Program Files\Java\jdk-14.0.1\bin;F:\Android\android-sdk\platform-tools;F:\Android\android-sdk\tools;C:\Program Files\Git\cmd;D:\FlutterSdk\flutter\bin;C:\Program Files\SourceGear\Common\DiffMerge\;C:\Program Files\Docker\Docker\resources\bin;C:\ProgramData\DockerDesktop\version-bin;C:\Users\Omid\AppData\Local\Microsoft\WindowsApps;
USERNAME=Omid
OS=Windows_NT
PROCESSOR_IDENTIFIER=Intel64 Family 6 Model 58 Stepping 9, GenuineIntel



---------------  S Y S T E M  ---------------

OS: Windows 10.0 , 64 bit Build 18362 (10.0.18362.900)

CPU:total 4 (initial active 4) (2 cores per cpu, 2 threads per core) family 6 model 58 stepping 9, cmov, cx8, fxsr, mmx, sse, sse2, sse3, ssse3, sse4.1, sse4.2, popcnt, avx, aes, clmul, erms, ht, tsc, tscinvbit, tscinv

Memory: 4k page, physical 6174296k(324076k free), swap 18929492k(4828k free)

vm_info: Java HotSpot(TM) 64-Bit Server VM (25.251-b08) for windows-amd64 JRE (1.8.0_251-b08), built on Mar 12 2020 06:31:49 by "" with MS VC++ 10.0 (VS2010)

time: Tue Aug 25 21:57:09 2020
timezone: Iran Daylight Time
elapsed time: 34 seconds (0d 0h 0m 34s)

