#
# There is insufficient memory for the Java Runtime Environment to continue.
# Native memory allocation (malloc) failed to allocate 648496 bytes for Chunk::new
# Possible reasons:
#   The system is out of physical RAM or swap space
#   The process is running with CompressedOops enabled, and the Java Heap may be blocking the growth of the native heap
# Possible solutions:
#   Reduce memory load on the system
#   Increase physical memory or swap space
#   Check if swap backing store is full
#   Decrease Java heap size (-Xmx/-Xms)
#   Decrease number of Java threads
#   Decrease Java thread stack sizes (-Xss)
#   Set larger code cache with -XX:ReservedCodeCacheSize=
#   JVM is running with Unscaled Compressed Oops mode in which the Java heap is
#     placed in the first 4GB address space. The Java Heap base address is the
#     maximum limit for the native heap growth. Please use -XX:HeapBaseMinAddress
#     to set the Java Heap base and to place the Java Heap above 4GB virtual address.
# This output file may be truncated or incomplete.
#
#  Out of Memory Error (allocation.cpp:389), pid=6140, tid=0x0000000000002728
#
# JRE version: Java(TM) SE Runtime Environment (8.0_251-b08) (build 1.8.0_251-b08)
# Java VM: Java HotSpot(TM) 64-Bit Server VM (25.251-b08 mixed mode windows-amd64 compressed oops)
# Failed to write core dump. Minidumps are not enabled by default on client versions of Windows
#

---------------  T H R E A D  ---------------

Current thread (0x00000000165c9000):  JavaThread "C2 CompilerThread1" daemon [_thread_in_native, id=10024, stack(0x00000000181f0000,0x00000000182f0000)]

Stack: [0x00000000181f0000,0x00000000182f0000]
[error occurred during error reporting (printing stack bounds), id 0xc0000005]

Native frames: (J=compiled Java code, j=interpreted, Vv=VM code, C=native code)


Current CompileTask:
C2:  25417 3352       4       org.objectweb.asm.ClassReader::readMethod (1047 bytes)


---------------  P R O C E S S  ---------------

Java Threads: ( => current thread )
  0x0000000018faf800 JavaThread "SDK 16 Main Thread" [_thread_in_native, id=3852, stack(0x000000001b0d0000,0x000000001b1d0000)]
  0x0000000017c86800 JavaThread "Service Thread" daemon [_thread_blocked, id=12352, stack(0x00000000183f0000,0x00000000184f0000)]
  0x00000000165d3000 JavaThread "C1 CompilerThread2" daemon [_thread_blocked, id=7304, stack(0x00000000182f0000,0x00000000183f0000)]
=>0x00000000165c9000 JavaThread "C2 CompilerThread1" daemon [_thread_in_native, id=10024, stack(0x00000000181f0000,0x00000000182f0000)]
  0x00000000165c5800 JavaThread "C2 CompilerThread0" daemon [_thread_in_native, id=12372, stack(0x00000000180f0000,0x00000000181f0000)]
  0x00000000165c3000 JavaThread "Monitor Ctrl-Break" daemon [_thread_in_native, id=9748, stack(0x0000000017ff0000,0x00000000180f0000)]
  0x0000000016595800 JavaThread "Attach Listener" daemon [_thread_blocked, id=8132, stack(0x0000000017af0000,0x0000000017bf0000)]
  0x0000000016594000 JavaThread "Signal Dispatcher" daemon [_thread_blocked, id=8760, stack(0x00000000179f0000,0x0000000017af0000)]
  0x0000000002d0b000 JavaThread "Finalizer" daemon [_thread_blocked, id=12824, stack(0x00000000177f0000,0x00000000178f0000)]
  0x0000000002d02000 JavaThread "Reference Handler" daemon [_thread_blocked, id=9348, stack(0x00000000176f0000,0x00000000177f0000)]
  0x0000000002b0e800 JavaThread "main" [_thread_blocked, id=14232, stack(0x0000000002920000,0x0000000002a20000)]

Other Threads:
  0x0000000016557800 VMThread [stack: 0x00000000175f0000,0x00000000176f0000] [id=10188]
  0x0000000017cba000 WatcherThread [stack: 0x00000000184f0000,0x00000000185f0000] [id=6788]

VM state:not at safepoint (normal execution)

VM Mutex/Monitor currently owned by a thread: None

heap address: 0x00000000a1c00000, size: 1508 MB, Compressed Oops mode: 32-bit
Narrow klass base: 0x0000000000000000, Narrow klass shift: 3
Compressed class space size: 1073741824 Address: 0x0000000100000000

Heap:
 PSYoungGen      total 103424K, used 10453K [0x00000000e0980000, 0x00000000e7800000, 0x0000000100000000)
  eden space 93696K, 5% used [0x00000000e0980000,0x00000000e0ef0550,0x00000000e6500000)
  from space 9728K, 50% used [0x00000000e6500000,0x00000000e69c50c8,0x00000000e6e80000)
  to   space 9728K, 0% used [0x00000000e6e80000,0x00000000e6e80000,0x00000000e7800000)
 ParOldGen       total 65536K, used 35933K [0x00000000a1c00000, 0x00000000a5c00000, 0x00000000e0980000)
  object space 65536K, 54% used [0x00000000a1c00000,0x00000000a3f177b8,0x00000000a5c00000)
 Metaspace       used 19001K, capacity 19691K, committed 19712K, reserved 1067008K
  class space    used 2045K, capacity 2288K, committed 2304K, reserved 1048576K

Card table byte_map: [0x00000000120d0000,0x00000000123d0000] byte_map_base: 0x0000000011bc2000

Marking Bits: (ParMarkBitMap*) 0x000000007728af90
 Begin Bits: [0x00000000129d0000, 0x0000000014160000)
 End Bits:   [0x0000000014160000, 0x00000000158f0000)

Polling page: 0x00000000009f0000

CodeCache: size=245760Kb used=11352Kb max_used=11378Kb free=234407Kb
 bounds [0x0000000002d10000, 0x0000000003840000, 0x0000000011d10000]
 total_blobs=3526 nmethods=3117 adapters=320
 compilation: enabled

Compilation events (10 events):
Event: 25.297 Thread 0x00000000165d3000 3356       3       java.lang.invoke.Invokers::maybeCustomize (28 bytes)
Event: 25.297 Thread 0x00000000165d3000 nmethod 3356 0x000000000380ea90 code [0x000000000380ec00, 0x000000000380ee48]
Event: 25.322 Thread 0x00000000165d3000 3360   !   3       java.lang.invoke.LambdaForm::fixDebugName (236 bytes)
Event: 25.323 Thread 0x00000000165d3000 nmethod 3360 0x000000000380e750 code [0x000000000380e8a0, 0x000000000380e9f0]
Event: 25.324 Thread 0x00000000165d3000 3361       3       java.lang.invoke.MethodType::changeReturnType (20 bytes)
Event: 25.324 Thread 0x00000000165d3000 nmethod 3361 0x000000000381a590 code [0x000000000381a700, 0x000000000381a988]
Event: 25.326 Thread 0x00000000165d3000 3362       1       java.lang.invoke.BoundMethodHandle$SpeciesData::getterFunctions (5 bytes)
Event: 25.326 Thread 0x00000000165d3000 nmethod 3362 0x00000000037ff510 code [0x00000000037ff660, 0x00000000037ff770]
Event: 25.328 Thread 0x00000000165d3000 3363       3       java.lang.invoke.MethodHandle::setVarargs (38 bytes)
Event: 25.329 Thread 0x00000000165d3000 nmethod 3363 0x0000000003819550 code [0x0000000003819740, 0x000000000381a1e8]

GC Heap History (10 events):
Event: 19.851 GC heap after
Heap after GC invocations=10 (full 0):
 PSYoungGen      total 44032K, used 1081K [0x00000000e0980000, 0x00000000e3c00000, 0x0000000100000000)
  eden space 36352K, 0% used [0x00000000e0980000,0x00000000e0980000,0x00000000e2d00000)
  from space 7680K, 14% used [0x00000000e3480000,0x00000000e358e700,0x00000000e3c00000)
  to   space 7680K, 0% used [0x00000000e2d00000,0x00000000e2d00000,0x00000000e3480000)
 ParOldGen       total 65536K, used 9394K [0x00000000a1c00000, 0x00000000a5c00000, 0x00000000e0980000)
  object space 65536K, 14% used [0x00000000a1c00000,0x00000000a252c970,0x00000000a5c00000)
 Metaspace       used 14375K, capacity 14842K, committed 14976K, reserved 1062912K
  class space    used 1626K, capacity 1793K, committed 1920K, reserved 1048576K
}
Event: 21.472 GC heap before
{Heap before GC invocations=11 (full 0):
 PSYoungGen      total 44032K, used 37433K [0x00000000e0980000, 0x00000000e3c00000, 0x0000000100000000)
  eden space 36352K, 100% used [0x00000000e0980000,0x00000000e2d00000,0x00000000e2d00000)
  from space 7680K, 14% used [0x00000000e3480000,0x00000000e358e700,0x00000000e3c00000)
  to   space 7680K, 0% used [0x00000000e2d00000,0x00000000e2d00000,0x00000000e3480000)
 ParOldGen       total 65536K, used 9394K [0x00000000a1c00000, 0x00000000a5c00000, 0x00000000e0980000)
  object space 65536K, 14% used [0x00000000a1c00000,0x00000000a252c970,0x00000000a5c00000)
 Metaspace       used 16773K, capacity 17414K, committed 17792K, reserved 1064960K
  class space    used 1892K, capacity 2101K, committed 2176K, reserved 1048576K
Event: 21.493 GC heap after
Heap after GC invocations=11 (full 0):
 PSYoungGen      total 44032K, used 7652K [0x00000000e0980000, 0x00000000e5580000, 0x0000000100000000)
  eden space 36352K, 0% used [0x00000000e0980000,0x00000000e0980000,0x00000000e2d00000)
  from space 7680K, 99% used [0x00000000e2d00000,0x00000000e3479008,0x00000000e3480000)
  to   space 9728K, 0% used [0x00000000e4c00000,0x00000000e4c00000,0x00000000e5580000)
 ParOldGen       total 65536K, used 11502K [0x00000000a1c00000, 0x00000000a5c00000, 0x00000000e0980000)
  object space 65536K, 17% used [0x00000000a1c00000,0x00000000a273baa8,0x00000000a5c00000)
 Metaspace       used 16773K, capacity 17414K, committed 17792K, reserved 1064960K
  class space    used 1892K, capacity 2101K, committed 2176K, reserved 1048576K
}
Event: 22.289 GC heap before
{Heap before GC invocations=12 (full 0):
 PSYoungGen      total 44032K, used 44004K [0x00000000e0980000, 0x00000000e5580000, 0x0000000100000000)
  eden space 36352K, 100% used [0x00000000e0980000,0x00000000e2d00000,0x00000000e2d00000)
  from space 7680K, 99% used [0x00000000e2d00000,0x00000000e3479008,0x00000000e3480000)
  to   space 9728K, 0% used [0x00000000e4c00000,0x00000000e4c00000,0x00000000e5580000)
 ParOldGen       total 65536K, used 11502K [0x00000000a1c00000, 0x00000000a5c00000, 0x00000000e0980000)
  object space 65536K, 17% used [0x00000000a1c00000,0x00000000a273baa8,0x00000000a5c00000)
 Metaspace       used 16901K, capacity 17542K, committed 17792K, reserved 1064960K
  class space    used 1894K, capacity 2101K, committed 2176K, reserved 1048576K
Event: 22.310 GC heap after
Heap after GC invocations=12 (full 0):
 PSYoungGen      total 67072K, used 5216K [0x00000000e0980000, 0x00000000e5480000, 0x0000000100000000)
  eden space 58368K, 0% used [0x00000000e0980000,0x00000000e0980000,0x00000000e4280000)
  from space 8704K, 59% used [0x00000000e4c00000,0x00000000e5118020,0x00000000e5480000)
  to   space 9216K, 0% used [0x00000000e4280000,0x00000000e4280000,0x00000000e4b80000)
 ParOldGen       total 65536K, used 18989K [0x00000000a1c00000, 0x00000000a5c00000, 0x00000000e0980000)
  object space 65536K, 28% used [0x00000000a1c00000,0x00000000a2e8b758,0x00000000a5c00000)
 Metaspace       used 16901K, capacity 17542K, committed 17792K, reserved 1064960K
  class space    used 1894K, capacity 2101K, committed 2176K, reserved 1048576K
}
Event: 23.034 GC heap before
{Heap before GC invocations=13 (full 0):
 PSYoungGen      total 67072K, used 63584K [0x00000000e0980000, 0x00000000e5480000, 0x0000000100000000)
  eden space 58368K, 100% used [0x00000000e0980000,0x00000000e4280000,0x00000000e4280000)
  from space 8704K, 59% used [0x00000000e4c00000,0x00000000e5118020,0x00000000e5480000)
  to   space 9216K, 0% used [0x00000000e4280000,0x00000000e4280000,0x00000000e4b80000)
 ParOldGen       total 65536K, used 18989K [0x00000000a1c00000, 0x00000000a5c00000, 0x00000000e0980000)
  object space 65536K, 28% used [0x00000000a1c00000,0x00000000a2e8b758,0x00000000a5c00000)
 Metaspace       used 17010K, capacity 17606K, committed 17792K, reserved 1064960K
  class space    used 1894K, capacity 2101K, committed 2176K, reserved 1048576K
Event: 23.056 GC heap after
Heap after GC invocations=13 (full 0):
 PSYoungGen      total 67584K, used 6368K [0x00000000e0980000, 0x00000000e7800000, 0x0000000100000000)
  eden space 58368K, 0% used [0x00000000e0980000,0x00000000e0980000,0x00000000e4280000)
  from space 9216K, 69% used [0x00000000e4280000,0x00000000e48b8000,0x00000000e4b80000)
  to   space 9728K, 0% used [0x00000000e6e80000,0x00000000e6e80000,0x00000000e7800000)
 ParOldGen       total 65536K, used 24005K [0x00000000a1c00000, 0x00000000a5c00000, 0x00000000e0980000)
  object space 65536K, 36% used [0x00000000a1c00000,0x00000000a3371798,0x00000000a5c00000)
 Metaspace       used 17010K, capacity 17606K, committed 17792K, reserved 1064960K
  class space    used 1894K, capacity 2101K, committed 2176K, reserved 1048576K
}
Event: 24.204 GC heap before
{Heap before GC invocations=14 (full 0):
 PSYoungGen      total 67584K, used 64736K [0x00000000e0980000, 0x00000000e7800000, 0x0000000100000000)
  eden space 58368K, 100% used [0x00000000e0980000,0x00000000e4280000,0x00000000e4280000)
  from space 9216K, 69% used [0x00000000e4280000,0x00000000e48b8000,0x00000000e4b80000)
  to   space 9728K, 0% used [0x00000000e6e80000,0x00000000e6e80000,0x00000000e7800000)
 ParOldGen       total 65536K, used 24005K [0x00000000a1c00000, 0x00000000a5c00000, 0x00000000e0980000)
  object space 65536K, 36% used [0x00000000a1c00000,0x00000000a3371798,0x00000000a5c00000)
 Metaspace       used 17130K, capacity 17752K, committed 18048K, reserved 1064960K
  class space    used 1898K, capacity 2102K, committed 2176K, reserved 1048576K
Event: 24.217 GC heap after
Heap after GC invocations=14 (full 0):
 PSYoungGen      total 103424K, used 5696K [0x00000000e0980000, 0x00000000e7800000, 0x0000000100000000)
  eden space 93696K, 0% used [0x00000000e0980000,0x00000000e0980000,0x00000000e6500000)
  from space 9728K, 58% used [0x00000000e6e80000,0x00000000e7410000,0x00000000e7800000)
  to   space 9728K, 0% used [0x00000000e6500000,0x00000000e6500000,0x00000000e6e80000)
 ParOldGen       total 65536K, used 30253K [0x00000000a1c00000, 0x00000000a5c00000, 0x00000000e0980000)
  object space 65536K, 46% used [0x00000000a1c00000,0x00000000a398b798,0x00000000a5c00000)
 Metaspace       used 17130K, capacity 17752K, committed 18048K, reserved 1064960K
  class space    used 1898K, capacity 2102K, committed 2176K, reserved 1048576K
}
Event: 25.333 GC heap before
{Heap before GC invocations=15 (full 0):
 PSYoungGen      total 103424K, used 99392K [0x00000000e0980000, 0x00000000e7800000, 0x0000000100000000)
  eden space 93696K, 100% used [0x00000000e0980000,0x00000000e6500000,0x00000000e6500000)
  from space 9728K, 58% used [0x00000000e6e80000,0x00000000e7410000,0x00000000e7800000)
  to   space 9728K, 0% used [0x00000000e6500000,0x00000000e6500000,0x00000000e6e80000)
 ParOldGen       total 65536K, used 30253K [0x00000000a1c00000, 0x00000000a5c00000, 0x00000000e0980000)
  object space 65536K, 46% used [0x00000000a1c00000,0x00000000a398b798,0x00000000a5c00000)
 Metaspace       used 18856K, capacity 19563K, committed 19712K, reserved 1067008K
  class space    used 2044K, capacity 2288K, committed 2304K, reserved 1048576K

Deoptimization events (10 events):
Event: 24.629 Thread 0x0000000018faf800 Uncommon trap: reason=range_check action=make_not_entrant pc=0x000000000343c128 method=java.lang.String.charAt(I)C @ 27
Event: 24.734 Thread 0x0000000018faf800 Uncommon trap: reason=unstable_if action=reinterpret pc=0x0000000003791084 method=java.lang.reflect.Field.getFieldAccessor(Z)Lsun/reflect/FieldAccessor; @ 1
Event: 24.735 Thread 0x0000000018faf800 Uncommon trap: reason=unstable_if action=reinterpret pc=0x0000000003782188 method=sun.reflect.UnsafeFieldAccessorFactory.newFieldAccessor(Ljava/lang/reflect/Field;Z)Lsun/reflect/FieldAccessor; @ 69
Event: 24.749 Thread 0x0000000018faf800 Uncommon trap: reason=unstable_if action=reinterpret pc=0x00000000034823f8 method=java.lang.reflect.Field.setFieldAccessor(Lsun/reflect/FieldAccessor;Z)V @ 1
Event: 24.821 Thread 0x0000000018faf800 Uncommon trap: reason=unstable_if action=reinterpret pc=0x0000000003487398 method=org.objectweb.asm.ClassReader.readField(Lorg/objectweb/asm/ClassVisitor;Lorg/objectweb/asm/Context;I)I @ 471
Event: 24.966 Thread 0x0000000018faf800 Uncommon trap: reason=unstable_if action=reinterpret pc=0x0000000002fb56e0 method=java.util.HashMap.hash(Ljava/lang/Object;)I @ 1
Event: 24.966 Thread 0x0000000018faf800 Uncommon trap: reason=unstable_if action=reinterpret pc=0x0000000003017898 method=java.util.HashMap.hash(Ljava/lang/Object;)I @ 1
Event: 24.985 Thread 0x0000000018faf800 Uncommon trap: reason=unstable_if action=reinterpret pc=0x00000000033877a4 method=org.objectweb.asm.commons.JSRInlinerAdapter$Instantiation.findOwner(I)Lorg/objectweb/asm/commons/JSRInlinerAdapter$Instantiation; @ 24
Event: 24.990 Thread 0x0000000018faf800 Uncommon trap: reason=unstable_if action=reinterpret pc=0x00000000033ebd34 method=org.robolectric.internal.bytecode.InstrumentationConfiguration.shouldIntercept(Lorg/objectweb/asm/tree/MethodInsnNode;)Z @ 63
Event: 25.019 Thread 0x0000000018faf800 Uncommon trap: reason=unstable_if action=reinterpret pc=0x00000000033a433c method=org.objectweb.asm.Frame.getAbstractTypeFromDescriptor(Lorg/objectweb/asm/SymbolTable;Ljava/lang/String;I)I @ 174

Classes redefined (0 events):
No events

Internal exceptions (10 events):
Event: 15.880 Thread 0x0000000018faf800 Exception <a 'java/security/PrivilegedActionException'> (0x00000000e16b1ca8) thrown at [C:\jenkins\workspace\8-2-build-windows-amd64-cygwin\jdk8u251\737\hotspot\src\share\vm\prims\jvm.cpp, line 1502]
Event: 15.880 Thread 0x0000000018faf800 Exception <a 'java/security/PrivilegedActionException'> (0x00000000e16b20a0) thrown at [C:\jenkins\workspace\8-2-build-windows-amd64-cygwin\jdk8u251\737\hotspot\src\share\vm\prims\jvm.cpp, line 1502]
Event: 15.880 Thread 0x0000000018faf800 Exception <a 'java/security/PrivilegedActionException'> (0x00000000e16b36a0) thrown at [C:\jenkins\workspace\8-2-build-windows-amd64-cygwin\jdk8u251\737\hotspot\src\share\vm\prims\jvm.cpp, line 1502]
Event: 15.880 Thread 0x0000000018faf800 Exception <a 'java/security/PrivilegedActionException'> (0x00000000e16b3a98) thrown at [C:\jenkins\workspace\8-2-build-windows-amd64-cygwin\jdk8u251\737\hotspot\src\share\vm\prims\jvm.cpp, line 1502]
Event: 24.409 Thread 0x0000000018faf800 Exception <a 'sun/nio/fs/WindowsException'> (0x00000000e206b710) thrown at [C:\jenkins\workspace\8-2-build-windows-amd64-cygwin\jdk8u251\737\hotspot\src\share\vm\prims\jni.cpp, line 710]
Event: 24.409 Thread 0x0000000018faf800 Exception <a 'sun/nio/fs/WindowsException'> (0x00000000e206bc40) thrown at [C:\jenkins\workspace\8-2-build-windows-amd64-cygwin\jdk8u251\737\hotspot\src\share\vm\prims\jni.cpp, line 710]
Event: 24.589 Thread 0x0000000018faf800 Exception <a 'sun/nio/fs/WindowsException'> (0x00000000e27f19a8) thrown at [C:\jenkins\workspace\8-2-build-windows-amd64-cygwin\jdk8u251\737\hotspot\src\share\vm\prims\jni.cpp, line 710]
Event: 24.590 Thread 0x0000000018faf800 Exception <a 'sun/nio/fs/WindowsException'> (0x00000000e27f1f78) thrown at [C:\jenkins\workspace\8-2-build-windows-amd64-cygwin\jdk8u251\737\hotspot\src\share\vm\prims\jni.cpp, line 710]
Event: 24.966 Thread 0x0000000018faf800 Implicit null exception at 0x0000000002fb54d5 to 0x0000000002fb56d1
Event: 24.966 Thread 0x0000000018faf800 Implicit null exception at 0x00000000030173db to 0x0000000003017885

Events (10 events):
Event: 25.299 loading class com/android/internal/util/ArrayUtils done
Event: 25.330 loading class android/util/LongSparseArray
Event: 25.330 loading class android/util/LongSparseArray done
Event: 25.330 loading class android/content/res/Configuration
Event: 25.330 loading class android/content/res/Configuration done
Event: 25.331 loading class android/content/res/Configuration
Event: 25.331 loading class android/content/res/Configuration done
Event: 25.331 loading class android/app/ApplicationPackageManager
Event: 25.331 loading class android/app/ApplicationPackageManager done
Event: 25.333 Executing VM operation: ParallelGCFailedAllocation


Dynamic libraries:
0x00007ff6d3490000 - 0x00007ff6d34c7000 	C:\Program Files\Java\jdk1.8.0_251\bin\java.exe
0x00007ff8a82a0000 - 0x00007ff8a8490000 	C:\Windows\SYSTEM32\ntdll.dll
0x00007ff8a7b50000 - 0x00007ff8a7c02000 	C:\Windows\System32\KERNEL32.DLL
0x00007ff8a5330000 - 0x00007ff8a55d4000 	C:\Windows\System32\KERNELBASE.dll
0x00007ff8a6350000 - 0x00007ff8a63f3000 	C:\Windows\System32\ADVAPI32.dll
0x00007ff8a72f0000 - 0x00007ff8a738e000 	C:\Windows\System32\msvcrt.dll
0x00007ff8a6580000 - 0x00007ff8a6617000 	C:\Windows\System32\sechost.dll
0x00007ff8a66f0000 - 0x00007ff8a6810000 	C:\Windows\System32\RPCRT4.dll
0x00007ff8a6810000 - 0x00007ff8a69a4000 	C:\Windows\System32\USER32.dll
0x00007ff8a6320000 - 0x00007ff8a6341000 	C:\Windows\System32\win32u.dll
0x00007ff8a6550000 - 0x00007ff8a6576000 	C:\Windows\System32\GDI32.dll
0x00007ff8a5fb0000 - 0x00007ff8a6145000 	C:\Windows\System32\gdi32full.dll
0x00007ff8a5eb0000 - 0x00007ff8a5f4e000 	C:\Windows\System32\msvcp_win.dll
0x00007ff8a5630000 - 0x00007ff8a572a000 	C:\Windows\System32\ucrtbase.dll
0x00007ff891130000 - 0x00007ff8913b4000 	C:\Windows\WinSxS\amd64_microsoft.windows.common-controls_6595b64144ccf1df_6.0.18362.900_none_e6beb9d913147d17\COMCTL32.dll
0x00007ff8a7f20000 - 0x00007ff8a8255000 	C:\Windows\System32\combase.dll
0x00007ff8a6150000 - 0x00007ff8a61d0000 	C:\Windows\System32\bcryptPrimitives.dll
0x00007ff8a6470000 - 0x00007ff8a649e000 	C:\Windows\System32\IMM32.DLL
0x0000000077750000 - 0x0000000077822000 	C:\Program Files\Java\jdk1.8.0_251\jre\bin\msvcr100.dll
0x0000000076a60000 - 0x000000007730b000 	C:\Program Files\Java\jdk1.8.0_251\jre\bin\server\jvm.dll
0x00007ff8a6d30000 - 0x00007ff8a6d38000 	C:\Windows\System32\PSAPI.DLL
0x00007ff8a1650000 - 0x00007ff8a1659000 	C:\Windows\SYSTEM32\WSOCK32.dll
0x00007ff8a2f40000 - 0x00007ff8a2f64000 	C:\Windows\SYSTEM32\WINMM.dll
0x00007ff8a6ca0000 - 0x00007ff8a6d0f000 	C:\Windows\System32\WS2_32.dll
0x00007ff89d2d0000 - 0x00007ff89d2da000 	C:\Windows\SYSTEM32\VERSION.dll
0x00007ff8a2ef0000 - 0x00007ff8a2f1d000 	C:\Windows\SYSTEM32\WINMMBASE.dll
0x00007ff8a5230000 - 0x00007ff8a527a000 	C:\Windows\System32\cfgmgr32.dll
0x00007ff89daa0000 - 0x00007ff89daaf000 	C:\Program Files\Java\jdk1.8.0_251\jre\bin\verify.dll
0x00007ff88cc00000 - 0x00007ff88cc29000 	C:\Program Files\Java\jdk1.8.0_251\jre\bin\java.dll
0x00007ff89d930000 - 0x00007ff89d953000 	C:\Program Files\Java\jdk1.8.0_251\jre\bin\instrument.dll
0x00007ff88bf70000 - 0x00007ff88bf86000 	C:\Program Files\Java\jdk1.8.0_251\jre\bin\zip.dll
0x00007ff8a7460000 - 0x00007ff8a7b46000 	C:\Windows\System32\SHELL32.dll
0x00007ff8a6b70000 - 0x00007ff8a6c19000 	C:\Windows\System32\shcore.dll
0x00007ff8a5730000 - 0x00007ff8a5eb0000 	C:\Windows\System32\windows.storage.dll
0x00007ff8a51e0000 - 0x00007ff8a5203000 	C:\Windows\System32\profapi.dll
0x00007ff8a5190000 - 0x00007ff8a51da000 	C:\Windows\System32\powrprof.dll
0x00007ff8a5160000 - 0x00007ff8a5170000 	C:\Windows\System32\UMPDC.dll
0x00007ff8a6b10000 - 0x00007ff8a6b62000 	C:\Windows\System32\shlwapi.dll
0x00007ff8a5170000 - 0x00007ff8a5181000 	C:\Windows\System32\kernel.appcore.dll
0x00007ff8a55e0000 - 0x00007ff8a55f7000 	C:\Windows\System32\cryptsp.dll
0x00007ff8a1320000 - 0x00007ff8a133a000 	D:\Program Files\Android\Android Studio\bin\breakgen64.dll
0x00007ff88bdf0000 - 0x00007ff88be0a000 	C:\Program Files\Java\jdk1.8.0_251\jre\bin\net.dll
0x00007ff8a4920000 - 0x00007ff8a4987000 	C:\Windows\system32\mswsock.dll
0x00007ff88bcd0000 - 0x00007ff88bce2000 	C:\Program Files\Java\jdk1.8.0_251\jre\bin\nio.dll
0x00007ff8a44a0000 - 0x00007ff8a44d3000 	C:\Windows\system32\rsaenh.dll
0x00007ff8a5600000 - 0x00007ff8a5626000 	C:\Windows\System32\bcrypt.dll
0x00007ff8a5080000 - 0x00007ff8a50a5000 	C:\Windows\SYSTEM32\USERENV.dll
0x00007ff8a4aa0000 - 0x00007ff8a4aac000 	C:\Windows\SYSTEM32\CRYPTBASE.dll
0x00007ff8a4640000 - 0x00007ff8a467a000 	C:\Windows\SYSTEM32\IPHLPAPI.DLL
0x00007ff8a6460000 - 0x00007ff8a6468000 	C:\Windows\System32\NSI.dll
0x00007ff89ec00000 - 0x00007ff89ec16000 	C:\Windows\SYSTEM32\dhcpcsvc6.DLL
0x00007ff89f980000 - 0x00007ff89f99c000 	C:\Windows\SYSTEM32\dhcpcsvc.DLL
0x00007ff8a46d0000 - 0x00007ff8a479b000 	C:\Windows\SYSTEM32\DNSAPI.dll
0x00007ff89d900000 - 0x00007ff89d924000 	C:\Program Files\Java\jdk1.8.0_251\jre\bin\sunec.dll
0x00007ff89f760000 - 0x00007ff89f76c000 	C:\Program Files\Java\jdk1.8.0_251\jre\bin\sunmscapi.dll
0x00007ff8a61d0000 - 0x00007ff8a6319000 	C:\Windows\System32\CRYPT32.dll
0x00007ff8a5210000 - 0x00007ff8a5222000 	C:\Windows\System32\MSASN1.dll
0x00007ff8a4ba0000 - 0x00007ff8a4bc6000 	C:\Windows\SYSTEM32\ncrypt.dll
0x00007ff8a4b60000 - 0x00007ff8a4b9b000 	C:\Windows\SYSTEM32\NTASN1.dll

VM Arguments:
jvm_args: -ea -Didea.test.cyclic.buffer.size=1048576 -javaagent:D:\Program Files\Android\Android Studio\lib\idea_rt.jar=5292:D:\Program Files\Android\Android Studio\bin -Dfile.encoding=UTF-8 
java_command: com.intellij.rt.junit.JUnitStarter -ideVersion5 -junit4 ir.omidtaheri.mainpage.viewmodelTest.DetailViewModelTest
java_class_path (initial): C:\Users\Omid\AppData\Local\Temp\classpath917252512.jar;D:\Program Files\Android\Android Studio\lib\idea_rt.jar
Launcher Type: SUN_STANDARD

Environment Variables:
JAVA_HOME=C:\Program Files\Java\jdk-14.0.1
PATH=C:\Program Files (x86)\Common Files\Oracle\Java\javapath;C:\Windows\system32;C:\Windows;C:\Windows\System32\Wbem;C:\Windows\System32\WindowsPowerShell\v1.0\;C:\Windows\System32\OpenSSH\;C:\Program Files\Java\jdk-14.0.1\bin;F:\Android\android-sdk\platform-tools;F:\Android\android-sdk\tools;C:\Program Files\Git\cmd;D:\FlutterSdk\flutter\bin;C:\Program Files\SourceGear\Common\DiffMerge\;C:\Program Files\Docker\Docker\resources\bin;C:\ProgramData\DockerDesktop\version-bin;C:\Users\Omid\AppData\Local\Microsoft\WindowsApps;
USERNAME=Omid
OS=Windows_NT
PROCESSOR_IDENTIFIER=Intel64 Family 6 Model 58 Stepping 9, GenuineIntel



---------------  S Y S T E M  ---------------

OS: Windows 10.0 , 64 bit Build 18362 (10.0.18362.900)

CPU:total 4 (initial active 4) (2 cores per cpu, 2 threads per core) family 6 model 58 stepping 9, cmov, cx8, fxsr, mmx, sse, sse2, sse3, ssse3, sse4.1, sse4.2, popcnt, avx, aes, clmul, erms, ht, tsc, tscinvbit, tscinv

Memory: 4k page, physical 6174296k(301784k free), swap 18929492k(3316k free)

vm_info: Java HotSpot(TM) 64-Bit Server VM (25.251-b08) for windows-amd64 JRE (1.8.0_251-b08), built on Mar 12 2020 06:31:49 by "" with MS VC++ 10.0 (VS2010)

time: Tue Aug 25 21:59:26 2020
timezone: Iran Daylight Time
elapsed time: 25 seconds (0d 0h 0m 25s)

