#
# There is insufficient memory for the Java Runtime Environment to continue.
# Native memory allocation (malloc) failed to allocate 1048576 bytes for AllocateHeap
# Possible reasons:
#   The system is out of physical RAM or swap space
#   The process is running with CompressedOops enabled, and the Java Heap may be blocking the growth of the native heap
# Possible solutions:
#   Reduce memory load on the system
#   Increase physical memory or swap space
#   Check if swap backing store is full
#   Decrease Java heap size (-Xmx/-Xms)
#   Decrease number of Java threads
#   Decrease Java thread stack sizes (-Xss)
#   Set larger code cache with -XX:ReservedCodeCacheSize=
#   JVM is running with Unscaled Compressed Oops mode in which the Java heap is
#     placed in the first 4GB address space. The Java Heap base address is the
#     maximum limit for the native heap growth. Please use -XX:HeapBaseMinAddress
#     to set the Java Heap base and to place the Java Heap above 4GB virtual address.
# This output file may be truncated or incomplete.
#
#  Out of Memory Error (memory/allocation.inline.hpp:61), pid=10836, tid=0x00000000000010ac
#
# JRE version:  (8.0_251-b08) (build )
# Java VM: Java HotSpot(TM) 64-Bit Server VM (25.251-b08 mixed mode windows-amd64 compressed oops)
# Failed to write core dump. Minidumps are not enabled by default on client versions of Windows
#

---------------  T H R E A D  ---------------

Current thread (0x000000000222e800):  JavaThread "Unknown thread" [_thread_in_vm, id=4268, stack(0x0000000002270000,0x0000000002370000)]

Stack: [0x0000000002270000,0x0000000002370000]
[error occurred during error reporting (printing stack bounds), id 0xc0000005]

Native frames: (J=compiled Java code, j=interpreted, Vv=VM code, C=native code)


---------------  P R O C E S S  ---------------

Java Threads: ( => current thread )

Other Threads:

=>0x000000000222e800 (exited) JavaThread "Unknown thread" [_thread_in_vm, id=4268, stack(0x0000000002270000,0x0000000002370000)]

VM state:not at safepoint (normal execution)

VM Mutex/Monitor currently owned by a thread: None

heap address: 0x00000000a1c00000, size: 1508 MB, Compressed Oops mode: 32-bit
Narrow klass base: 0x0000000000000000, Narrow klass shift: 3
Compressed class space size: 1073741824 Address: 0x0000000100000000

Heap:
 PSYoungGen      total 28672K, used 491K [0x00000000e0980000, 0x00000000e2980000, 0x0000000100000000)
  eden space 24576K, 2% used [0x00000000e0980000,0x00000000e09fae20,0x00000000e2180000)
  from space 4096K, 0% used [0x00000000e2580000,0x00000000e2580000,0x00000000e2980000)
  to   space 4096K, 0% used [0x00000000e2180000,0x00000000e2180000,0x00000000e2580000)
 ParOldGen       total 65536K, used 0K [0x00000000a1c00000, 0x00000000a5c00000, 0x00000000e0980000)
  object space 65536K, 0% used [0x00000000a1c00000,0x00000000a1c00000,0x00000000a5c00000)
 Metaspace       used 776K, capacity 4480K, committed 4480K, reserved 1056768K
  class space    used 76K, capacity 384K, committed 384K, reserved 1048576K

Card table byte_map: [0x0000000011830000,0x0000000011b30000] byte_map_base: 0x0000000011322000

Marking Bits: (ParMarkBitMap*) 0x0000000053abaf90
 Begin Bits: [0x0000000012130000, 0x00000000138c0000)
 End Bits:   [0x00000000138c0000, 0x0000000015050000)

Polling page: 0x0000000002150000

CodeCache: size=245760Kb used=328Kb max_used=328Kb free=245431Kb
 bounds [0x0000000002470000, 0x00000000026e0000, 0x0000000011470000]
 total_blobs=58 nmethods=0 adapters=38
 compilation: enabled

Compilation events (0 events):
No events

GC Heap History (0 events):
No events

Deoptimization events (0 events):
No events

Classes redefined (0 events):
No events

Internal exceptions (0 events):
No events

Events (10 events):
Event: 0.332 loading class java/lang/Short
Event: 0.332 loading class java/lang/Short done
Event: 0.332 loading class java/lang/Integer
Event: 0.333 loading class java/lang/Integer done
Event: 0.333 loading class java/lang/Long
Event: 0.333 loading class java/lang/Long done
Event: 0.334 loading class java/lang/NullPointerException
Event: 0.334 loading class java/lang/NullPointerException done
Event: 0.334 loading class java/lang/ArithmeticException
Event: 0.334 loading class java/lang/ArithmeticException done


Dynamic libraries:
0x00007ff6a2ec0000 - 0x00007ff6a2ef7000 	C:\Program Files\Java\jdk1.8.0_251\bin\java.exe
0x00007fff7d0a0000 - 0x00007fff7d290000 	C:\Windows\SYSTEM32\ntdll.dll
0x00007fff7cc60000 - 0x00007fff7cd12000 	C:\Windows\System32\KERNEL32.DLL
0x00007fff7a290000 - 0x00007fff7a534000 	C:\Windows\System32\KERNELBASE.dll
0x00007fff7c070000 - 0x00007fff7c113000 	C:\Windows\System32\ADVAPI32.dll
0x00007fff7bcf0000 - 0x00007fff7bd8e000 	C:\Windows\System32\msvcrt.dll
0x00007fff7bfd0000 - 0x00007fff7c067000 	C:\Windows\System32\sechost.dll
0x00007fff7cf40000 - 0x00007fff7d060000 	C:\Windows\System32\RPCRT4.dll
0x00007fff7cd20000 - 0x00007fff7ceb4000 	C:\Windows\System32\USER32.dll
0x00007fff7a260000 - 0x00007fff7a281000 	C:\Windows\System32\win32u.dll
0x00007fff7bfa0000 - 0x00007fff7bfc6000 	C:\Windows\System32\GDI32.dll
0x00007fff7afb0000 - 0x00007fff7b146000 	C:\Windows\System32\gdi32full.dll
0x00007fff7a020000 - 0x00007fff7a0be000 	C:\Windows\System32\msvcp_win.dll
0x00007fff7aeb0000 - 0x00007fff7afaa000 	C:\Windows\System32\ucrtbase.dll
0x00007fff6cd10000 - 0x00007fff6cf94000 	C:\Windows\WinSxS\amd64_microsoft.windows.common-controls_6595b64144ccf1df_6.0.18362.959_none_e6c7bbbf130c62bb\COMCTL32.dll
0x00007fff7c120000 - 0x00007fff7c455000 	C:\Windows\System32\combase.dll
0x00007fff7a0c0000 - 0x00007fff7a140000 	C:\Windows\System32\bcryptPrimitives.dll
0x00007fff7c670000 - 0x00007fff7c69e000 	C:\Windows\System32\IMM32.DLL
0x0000000053b40000 - 0x0000000053c12000 	C:\Program Files\Java\jdk1.8.0_251\jre\bin\msvcr100.dll
0x0000000053290000 - 0x0000000053b3b000 	C:\Program Files\Java\jdk1.8.0_251\jre\bin\server\jvm.dll
0x00007fff7b840000 - 0x00007fff7b848000 	C:\Windows\System32\PSAPI.DLL
0x00007fff6c9a0000 - 0x00007fff6c9c4000 	C:\Windows\SYSTEM32\WINMM.dll
0x00007fff75bc0000 - 0x00007fff75bc9000 	C:\Windows\SYSTEM32\WSOCK32.dll
0x00007fff71f60000 - 0x00007fff71f6a000 	C:\Windows\SYSTEM32\VERSION.dll
0x00007fff7c6a0000 - 0x00007fff7c70f000 	C:\Windows\System32\WS2_32.dll
0x00007fff6c890000 - 0x00007fff6c8bd000 	C:\Windows\SYSTEM32\WINMMBASE.dll
0x00007fff7a140000 - 0x00007fff7a18a000 	C:\Windows\System32\cfgmgr32.dll
0x00007fff75890000 - 0x00007fff7589f000 	C:\Program Files\Java\jdk1.8.0_251\jre\bin\verify.dll
0x00007fff432a0000 - 0x00007fff432c9000 	C:\Program Files\Java\jdk1.8.0_251\jre\bin\java.dll
0x00007fff50240000 - 0x00007fff50256000 	C:\Program Files\Java\jdk1.8.0_251\jre\bin\zip.dll

VM Arguments:
jvm_args: -Dfile.encoding=windows-1252 -Duser.country=US -Duser.language=en -Duser.variant 
java_command: com.pinterest.ktlint.Main @E:\Android_Stadio_Rep\Kotlin\Movotlin\AndroidBase\build\ktlint\ktlintMainSourceSetCheck.args
java_class_path (initial): C:\Users\Omid\.gradle\caches\modules-2\files-2.1\com.pinterest\ktlint\0.36.0\fcd52ae468801e55d11ede892e95c5adfa2512ea\ktlint-0.36.0.jar;C:\Users\Omid\.gradle\caches\modules-2\files-2.1\com.pinterest.ktlint\ktlint-reporter-checkstyle\0.36.0\effc25bda3cca9bf72c5acf7ed88d93dad6c16c1\ktlint-reporter-checkstyle-0.36.0.jar;C:\Users\Omid\.gradle\caches\modules-2\files-2.1\com.pinterest.ktlint\ktlint-reporter-json\0.36.0\487b1464f4806825c317dbd58a6e209e0b1c0dc2\ktlint-reporter-json-0.36.0.jar;C:\Users\Omid\.gradle\caches\modules-2\files-2.1\com.pinterest.ktlint\ktlint-reporter-html\0.36.0\e50f3824f42e7ef6a2bf87c8ce0c0abc0ac385b3\ktlint-reporter-html-0.36.0.jar;C:\Users\Omid\.gradle\caches\modules-2\files-2.1\com.pinterest.ktlint\ktlint-reporter-plain\0.36.0\2164835cdd1706c9945d58cb0063be9478b3e57e\ktlint-reporter-plain-0.36.0.jar;C:\Users\Omid\.gradle\caches\modules-2\files-2.1\com.pinterest.ktlint\ktlint-ruleset-experimental\0.36.0\5ae5fd09174823ea9dd9ce44113fbc721508ab69\ktlint-ruleset-experimental-0.36.0.jar;C:\Users\Omid\.gradle\caches\modules-2\files-2.1\com.pinterest.ktlint\ktlint-ruleset-standard\0.36.0\4ed46fa29a001332b27607c93e51d2968298d6d3\ktlint-ruleset-standard-0.36.0.jar;C:\Users\Omid\.gradle\caches\modules-2\files-2.1\com.pinterest.ktlint\ktlint-test\0.36.0\52bf510382e358df4113adc03f8da269cb39d072\ktlint-test-0.36.0.jar;C:\Users\Omid\.gradle\caches\modules-2\files-2.1\com.pinterest.ktlint\ktlint-core\0.36.0\f22ff52c35fdb0f232081ea5c71832a726356413\ktlint-core-0.36.0.jar;C:\Users\Omid\.gradle\caches\modules-2\files-2.1\org.jetbrains.kotlin\kotlin-compiler-embeddable\1.3.60\311cbfb1c09cae8e88fac9d0efde12a791a9f134\kotlin-compiler-embeddable-1.3.60.jar;C:\Users\Omid\.gradle\caches\modules-2\files-2.1\org.jetbrains.kotlin\kotlin-reflect\1.3.60\56dc1da0b87932ae08941153c917bd19947e08bc\kotlin-reflect-1.3.60.jar;C:\Users\Omid\.gradle\caches\modules-2\files-2.1\org.jetbrains.kotlin\kotlin-stdlib\1.3.60\984644b61450add3bcef8cf20f948fec458b
Launcher Type: SUN_STANDARD

Environment Variables:
JAVA_HOME=C:\Program Files\Java\jdk-14.0.1
PATH=C:\Program Files (x86)\Common Files\Oracle\Java\javapath;C:\Windows\system32;C:\Windows;C:\Windows\System32\Wbem;C:\Windows\System32\WindowsPowerShell\v1.0\;C:\Windows\System32\OpenSSH\;C:\Program Files\Java\jdk-14.0.1\bin;F:\Android\android-sdk\platform-tools;F:\Android\android-sdk\tools;C:\Program Files\Git\cmd;D:\FlutterSdk\flutter\bin;C:\Program Files\SourceGear\Common\DiffMerge\;C:\Program Files\Docker\Docker\resources\bin;C:\ProgramData\DockerDesktop\version-bin;C:\Users\Omid\AppData\Local\Microsoft\WindowsApps;
USERNAME=Omid
OS=Windows_NT
PROCESSOR_IDENTIFIER=Intel64 Family 6 Model 58 Stepping 9, GenuineIntel



---------------  S Y S T E M  ---------------

OS: Windows 10.0 , 64 bit Build 18362 (10.0.18362.959)

CPU:total 4 (initial active 4) (2 cores per cpu, 2 threads per core) family 6 model 58 stepping 9, cmov, cx8, fxsr, mmx, sse, sse2, sse3, ssse3, sse4.1, sse4.2, popcnt, avx, aes, clmul, erms, ht, tsc, tscinvbit, tscinv

Memory: 4k page, physical 6174296k(265700k free), swap 18929492k(4120k free)

vm_info: Java HotSpot(TM) 64-Bit Server VM (25.251-b08) for windows-amd64 JRE (1.8.0_251-b08), built on Mar 12 2020 06:31:49 by "" with MS VC++ 10.0 (VS2010)

time: Mon Aug 31 19:14:12 2020
timezone: Iran Daylight Time
elapsed time: 0 seconds (0d 0h 0m 0s)

